TCP Ping trying to connect to server seti.dibris.unige.it (130.251.61.30) on port 1491
 ... connected to Pong server: asking for 501 repetitions of 12288 bytes TCP messages
 ... Pong server agreed :-)
tcp_ping received 12288 bytes back
Round trip time was 63.9891 milliseconds in repetition 1
tcp_ping received 12288 bytes back
Round trip time was 39.4283 milliseconds in repetition 2
tcp_ping received 12288 bytes back
Round trip time was 43.2033 milliseconds in repetition 3
tcp_ping received 12288 bytes back
Round trip time was 33.4626 milliseconds in repetition 4
tcp_ping received 12288 bytes back
Round trip time was 41.8659 milliseconds in repetition 5
tcp_ping received 12288 bytes back
Round trip time was 35.0014 milliseconds in repetition 6
tcp_ping received 12288 bytes back
Round trip time was 37.2605 milliseconds in repetition 7
tcp_ping received 12288 bytes back
Round trip time was 36.5406 milliseconds in repetition 8
tcp_ping received 12288 bytes back
Round trip time was 35.0304 milliseconds in repetition 9
tcp_ping received 12288 bytes back
Round trip time was 37.3336 milliseconds in repetition 10
tcp_ping received 12288 bytes back
Round trip time was 81.1244 milliseconds in repetition 11
tcp_ping received 12288 bytes back
Round trip time was 32.4526 milliseconds in repetition 12
tcp_ping received 12288 bytes back
Round trip time was 40.6121 milliseconds in repetition 13
tcp_ping received 12288 bytes back
Round trip time was 31.4918 milliseconds in repetition 14
tcp_ping received 12288 bytes back
Round trip time was 31.4122 milliseconds in repetition 15
tcp_ping received 12288 bytes back
Round trip time was 39.818 milliseconds in repetition 16
tcp_ping received 12288 bytes back
Round trip time was 78.7485 milliseconds in repetition 17
tcp_ping received 12288 bytes back
Round trip time was 51.0573 milliseconds in repetition 18
tcp_ping received 12288 bytes back
Round trip time was 38.8887 milliseconds in repetition 19
tcp_ping received 12288 bytes back
Round trip time was 54.8957 milliseconds in repetition 20
tcp_ping received 12288 bytes back
Round trip time was 31.2706 milliseconds in repetition 21
tcp_ping received 12288 bytes back
Round trip time was 35.7792 milliseconds in repetition 22
tcp_ping received 12288 bytes back
Round trip time was 33.6554 milliseconds in repetition 23
tcp_ping received 12288 bytes back
Round trip time was 35.2496 milliseconds in repetition 24
tcp_ping received 12288 bytes back
Round trip time was 34.2907 milliseconds in repetition 25
tcp_ping received 12288 bytes back
Round trip time was 41.5275 milliseconds in repetition 26
tcp_ping received 12288 bytes back
Round trip time was 37.2508 milliseconds in repetition 27
tcp_ping received 12288 bytes back
Round trip time was 48.7296 milliseconds in repetition 28
tcp_ping received 12288 bytes back
Round trip time was 32.057 milliseconds in repetition 29
tcp_ping received 12288 bytes back
Round trip time was 38.757 milliseconds in repetition 30
tcp_ping received 12288 bytes back
Round trip time was 35.5747 milliseconds in repetition 31
tcp_ping received 12288 bytes back
Round trip time was 35.8486 milliseconds in repetition 32
tcp_ping received 12288 bytes back
Round trip time was 31.8641 milliseconds in repetition 33
tcp_ping received 12288 bytes back
Round trip time was 35.5281 milliseconds in repetition 34
tcp_ping received 12288 bytes back
Round trip time was 58.643 milliseconds in repetition 35
tcp_ping received 12288 bytes back
Round trip time was 34.3943 milliseconds in repetition 36
tcp_ping received 12288 bytes back
Round trip time was 35.3127 milliseconds in repetition 37
tcp_ping received 12288 bytes back
Round trip time was 32.6921 milliseconds in repetition 38
tcp_ping received 12288 bytes back
Round trip time was 41.7843 milliseconds in repetition 39
tcp_ping received 12288 bytes back
Round trip time was 35.1899 milliseconds in repetition 40
tcp_ping received 12288 bytes back
Round trip time was 38.0045 milliseconds in repetition 41
tcp_ping received 12288 bytes back
Round trip time was 40.5163 milliseconds in repetition 42
tcp_ping received 12288 bytes back
Round trip time was 36.4182 milliseconds in repetition 43
tcp_ping received 12288 bytes back
Round trip time was 37.8493 milliseconds in repetition 44
tcp_ping received 12288 bytes back
Round trip time was 39.9102 milliseconds in repetition 45
tcp_ping received 12288 bytes back
Round trip time was 43.0944 milliseconds in repetition 46
tcp_ping received 12288 bytes back
Round trip time was 34.5222 milliseconds in repetition 47
tcp_ping received 12288 bytes back
Round trip time was 37.5325 milliseconds in repetition 48
tcp_ping received 12288 bytes back
Round trip time was 32.2117 milliseconds in repetition 49
tcp_ping received 12288 bytes back
Round trip time was 33.719 milliseconds in repetition 50
tcp_ping received 12288 bytes back
Round trip time was 33.4504 milliseconds in repetition 51
tcp_ping received 12288 bytes back
Round trip time was 32.7454 milliseconds in repetition 52
tcp_ping received 12288 bytes back
Round trip time was 35.1474 milliseconds in repetition 53
tcp_ping received 12288 bytes back
Round trip time was 31.4172 milliseconds in repetition 54
tcp_ping received 12288 bytes back
Round trip time was 35.0683 milliseconds in repetition 55
tcp_ping received 12288 bytes back
Round trip time was 36.1478 milliseconds in repetition 56
tcp_ping received 12288 bytes back
Round trip time was 39.6344 milliseconds in repetition 57
tcp_ping received 12288 bytes back
Round trip time was 34.2848 milliseconds in repetition 58
tcp_ping received 12288 bytes back
Round trip time was 38.4334 milliseconds in repetition 59
tcp_ping received 12288 bytes back
Round trip time was 43.0021 milliseconds in repetition 60
tcp_ping received 12288 bytes back
Round trip time was 34.8968 milliseconds in repetition 61
tcp_ping received 12288 bytes back
Round trip time was 36.1646 milliseconds in repetition 62
tcp_ping received 12288 bytes back
Round trip time was 42.6626 milliseconds in repetition 63
tcp_ping received 12288 bytes back
Round trip time was 46.9618 milliseconds in repetition 64
tcp_ping received 12288 bytes back
Round trip time was 35.9967 milliseconds in repetition 65
tcp_ping received 12288 bytes back
Round trip time was 33.8216 milliseconds in repetition 66
tcp_ping received 12288 bytes back
Round trip time was 33.3127 milliseconds in repetition 67
tcp_ping received 12288 bytes back
Round trip time was 39.2625 milliseconds in repetition 68
tcp_ping received 12288 bytes back
Round trip time was 39.2562 milliseconds in repetition 69
tcp_ping received 12288 bytes back
Round trip time was 31.716 milliseconds in repetition 70
tcp_ping received 12288 bytes back
Round trip time was 33.0465 milliseconds in repetition 71
tcp_ping received 12288 bytes back
Round trip time was 38.355 milliseconds in repetition 72
tcp_ping received 12288 bytes back
Round trip time was 36.553 milliseconds in repetition 73
tcp_ping received 12288 bytes back
Round trip time was 37.7181 milliseconds in repetition 74
tcp_ping received 12288 bytes back
Round trip time was 34.1678 milliseconds in repetition 75
tcp_ping received 12288 bytes back
Round trip time was 34.4564 milliseconds in repetition 76
tcp_ping received 12288 bytes back
Round trip time was 32.0394 milliseconds in repetition 77
tcp_ping received 12288 bytes back
Round trip time was 59.0071 milliseconds in repetition 78
tcp_ping received 12288 bytes back
Round trip time was 33.3573 milliseconds in repetition 79
tcp_ping received 12288 bytes back
Round trip time was 39.9342 milliseconds in repetition 80
tcp_ping received 12288 bytes back
Round trip time was 33.6711 milliseconds in repetition 81
tcp_ping received 12288 bytes back
Round trip time was 34.5126 milliseconds in repetition 82
tcp_ping received 12288 bytes back
Round trip time was 41.8063 milliseconds in repetition 83
tcp_ping received 12288 bytes back
Round trip time was 36.471 milliseconds in repetition 84
tcp_ping received 12288 bytes back
Round trip time was 34.0491 milliseconds in repetition 85
tcp_ping received 12288 bytes back
Round trip time was 31.3414 milliseconds in repetition 86
tcp_ping received 12288 bytes back
Round trip time was 42.9319 milliseconds in repetition 87
tcp_ping received 12288 bytes back
Round trip time was 38.1017 milliseconds in repetition 88
tcp_ping received 12288 bytes back
Round trip time was 41.4911 milliseconds in repetition 89
tcp_ping received 12288 bytes back
Round trip time was 38.1653 milliseconds in repetition 90
tcp_ping received 12288 bytes back
Round trip time was 35.3293 milliseconds in repetition 91
tcp_ping received 12288 bytes back
Round trip time was 36.0672 milliseconds in repetition 92
tcp_ping received 12288 bytes back
Round trip time was 35.6869 milliseconds in repetition 93
tcp_ping received 12288 bytes back
Round trip time was 36.8809 milliseconds in repetition 94
tcp_ping received 12288 bytes back
Round trip time was 34.3155 milliseconds in repetition 95
tcp_ping received 12288 bytes back
Round trip time was 51.6571 milliseconds in repetition 96
tcp_ping received 12288 bytes back
Round trip time was 34.1945 milliseconds in repetition 97
tcp_ping received 12288 bytes back
Round trip time was 34.9554 milliseconds in repetition 98
tcp_ping received 12288 bytes back
Round trip time was 40.9211 milliseconds in repetition 99
tcp_ping received 12288 bytes back
Round trip time was 33.5577 milliseconds in repetition 100
tcp_ping received 12288 bytes back
Round trip time was 62.159 milliseconds in repetition 101
tcp_ping received 12288 bytes back
Round trip time was 69.6698 milliseconds in repetition 102
tcp_ping received 12288 bytes back
Round trip time was 39.3924 milliseconds in repetition 103
tcp_ping received 12288 bytes back
Round trip time was 32.9495 milliseconds in repetition 104
tcp_ping received 12288 bytes back
Round trip time was 34.9524 milliseconds in repetition 105
tcp_ping received 12288 bytes back
Round trip time was 33.2274 milliseconds in repetition 106
tcp_ping received 12288 bytes back
Round trip time was 33.5965 milliseconds in repetition 107
tcp_ping received 12288 bytes back
Round trip time was 33.1732 milliseconds in repetition 108
tcp_ping received 12288 bytes back
Round trip time was 44.9687 milliseconds in repetition 109
tcp_ping received 12288 bytes back
Round trip time was 31.6452 milliseconds in repetition 110
tcp_ping received 12288 bytes back
Round trip time was 31.8543 milliseconds in repetition 111
tcp_ping received 12288 bytes back
Round trip time was 39.2498 milliseconds in repetition 112
tcp_ping received 12288 bytes back
Round trip time was 35.9845 milliseconds in repetition 113
tcp_ping received 12288 bytes back
Round trip time was 45.0449 milliseconds in repetition 114
tcp_ping received 12288 bytes back
Round trip time was 36.3795 milliseconds in repetition 115
tcp_ping received 12288 bytes back
Round trip time was 31.5961 milliseconds in repetition 116
tcp_ping received 12288 bytes back
Round trip time was 39.0749 milliseconds in repetition 117
tcp_ping received 12288 bytes back
Round trip time was 34.1294 milliseconds in repetition 118
tcp_ping received 12288 bytes back
Round trip time was 38.8594 milliseconds in repetition 119
tcp_ping received 12288 bytes back
Round trip time was 35.4865 milliseconds in repetition 120
tcp_ping received 12288 bytes back
Round trip time was 55.5203 milliseconds in repetition 121
tcp_ping received 12288 bytes back
Round trip time was 41.0881 milliseconds in repetition 122
tcp_ping received 12288 bytes back
Round trip time was 34.525 milliseconds in repetition 123
tcp_ping received 12288 bytes back
Round trip time was 37.444 milliseconds in repetition 124
tcp_ping received 12288 bytes back
Round trip time was 39.9528 milliseconds in repetition 125
tcp_ping received 12288 bytes back
Round trip time was 37.3395 milliseconds in repetition 126
tcp_ping received 12288 bytes back
Round trip time was 31.6256 milliseconds in repetition 127
tcp_ping received 12288 bytes back
Round trip time was 31.5144 milliseconds in repetition 128
tcp_ping received 12288 bytes back
Round trip time was 32.6707 milliseconds in repetition 129
tcp_ping received 12288 bytes back
Round trip time was 32.9249 milliseconds in repetition 130
tcp_ping received 12288 bytes back
Round trip time was 34.5952 milliseconds in repetition 131
tcp_ping received 12288 bytes back
Round trip time was 32.8606 milliseconds in repetition 132
tcp_ping received 12288 bytes back
Round trip time was 39.214 milliseconds in repetition 133
tcp_ping received 12288 bytes back
Round trip time was 32.1701 milliseconds in repetition 134
tcp_ping received 12288 bytes back
Round trip time was 33.5447 milliseconds in repetition 135
tcp_ping received 12288 bytes back
Round trip time was 31.6511 milliseconds in repetition 136
tcp_ping received 12288 bytes back
Round trip time was 39.5822 milliseconds in repetition 137
tcp_ping received 12288 bytes back
Round trip time was 62.3792 milliseconds in repetition 138
tcp_ping received 12288 bytes back
Round trip time was 37.0072 milliseconds in repetition 139
tcp_ping received 12288 bytes back
Round trip time was 34.5329 milliseconds in repetition 140
tcp_ping received 12288 bytes back
Round trip time was 36.0816 milliseconds in repetition 141
tcp_ping received 12288 bytes back
Round trip time was 33.1902 milliseconds in repetition 142
tcp_ping received 12288 bytes back
Round trip time was 33.4723 milliseconds in repetition 143
tcp_ping received 12288 bytes back
Round trip time was 31.2733 milliseconds in repetition 144
tcp_ping received 12288 bytes back
Round trip time was 34.8082 milliseconds in repetition 145
tcp_ping received 12288 bytes back
Round trip time was 35.2449 milliseconds in repetition 146
tcp_ping received 12288 bytes back
Round trip time was 31.6522 milliseconds in repetition 147
tcp_ping received 12288 bytes back
Round trip time was 52.904 milliseconds in repetition 148
tcp_ping received 12288 bytes back
Round trip time was 35.1708 milliseconds in repetition 149
tcp_ping received 12288 bytes back
Round trip time was 31.5366 milliseconds in repetition 150
tcp_ping received 12288 bytes back
Round trip time was 31.5445 milliseconds in repetition 151
tcp_ping received 12288 bytes back
Round trip time was 32.8346 milliseconds in repetition 152
tcp_ping received 12288 bytes back
Round trip time was 36.5057 milliseconds in repetition 153
tcp_ping received 12288 bytes back
Round trip time was 38.2271 milliseconds in repetition 154
tcp_ping received 12288 bytes back
Round trip time was 33.8331 milliseconds in repetition 155
tcp_ping received 12288 bytes back
Round trip time was 32.6192 milliseconds in repetition 156
tcp_ping received 12288 bytes back
Round trip time was 37.1448 milliseconds in repetition 157
tcp_ping received 12288 bytes back
Round trip time was 33.3476 milliseconds in repetition 158
tcp_ping received 12288 bytes back
Round trip time was 37.579 milliseconds in repetition 159
tcp_ping received 12288 bytes back
Round trip time was 35.1601 milliseconds in repetition 160
tcp_ping received 12288 bytes back
Round trip time was 31.8135 milliseconds in repetition 161
tcp_ping received 12288 bytes back
Round trip time was 35.2283 milliseconds in repetition 162
tcp_ping received 12288 bytes back
Round trip time was 34.0439 milliseconds in repetition 163
tcp_ping received 12288 bytes back
Round trip time was 32.8173 milliseconds in repetition 164
tcp_ping received 12288 bytes back
Round trip time was 40.9941 milliseconds in repetition 165
tcp_ping received 12288 bytes back
Round trip time was 38.2067 milliseconds in repetition 166
tcp_ping received 12288 bytes back
Round trip time was 64.6496 milliseconds in repetition 167
tcp_ping received 12288 bytes back
Round trip time was 34.1099 milliseconds in repetition 168
tcp_ping received 12288 bytes back
Round trip time was 44.6195 milliseconds in repetition 169
tcp_ping received 12288 bytes back
Round trip time was 35.4529 milliseconds in repetition 170
tcp_ping received 12288 bytes back
Round trip time was 44.3359 milliseconds in repetition 171
tcp_ping received 12288 bytes back
Round trip time was 68.8933 milliseconds in repetition 172
tcp_ping received 12288 bytes back
Round trip time was 34.841 milliseconds in repetition 173
tcp_ping received 12288 bytes back
Round trip time was 33.6751 milliseconds in repetition 174
tcp_ping received 12288 bytes back
Round trip time was 43.6962 milliseconds in repetition 175
tcp_ping received 12288 bytes back
Round trip time was 38.9053 milliseconds in repetition 176
tcp_ping received 12288 bytes back
Round trip time was 42.8822 milliseconds in repetition 177
tcp_ping received 12288 bytes back
Round trip time was 33.3472 milliseconds in repetition 178
tcp_ping received 12288 bytes back
Round trip time was 33.7993 milliseconds in repetition 179
tcp_ping received 12288 bytes back
Round trip time was 31.2203 milliseconds in repetition 180
tcp_ping received 12288 bytes back
Round trip time was 31.6566 milliseconds in repetition 181
tcp_ping received 12288 bytes back
Round trip time was 31.6257 milliseconds in repetition 182
tcp_ping received 12288 bytes back
Round trip time was 36.6135 milliseconds in repetition 183
tcp_ping received 12288 bytes back
Round trip time was 45.021 milliseconds in repetition 184
tcp_ping received 12288 bytes back
Round trip time was 37.9587 milliseconds in repetition 185
tcp_ping received 12288 bytes back
Round trip time was 31.7112 milliseconds in repetition 186
tcp_ping received 12288 bytes back
Round trip time was 32.1221 milliseconds in repetition 187
tcp_ping received 12288 bytes back
Round trip time was 38.4323 milliseconds in repetition 188
tcp_ping received 12288 bytes back
Round trip time was 33.0478 milliseconds in repetition 189
tcp_ping received 12288 bytes back
Round trip time was 41.5343 milliseconds in repetition 190
tcp_ping received 12288 bytes back
Round trip time was 34.7672 milliseconds in repetition 191
tcp_ping received 12288 bytes back
Round trip time was 53.0237 milliseconds in repetition 192
tcp_ping received 12288 bytes back
Round trip time was 42.0708 milliseconds in repetition 193
tcp_ping received 12288 bytes back
Round trip time was 84.2556 milliseconds in repetition 194
tcp_ping received 12288 bytes back
Round trip time was 38.8164 milliseconds in repetition 195
tcp_ping received 12288 bytes back
Round trip time was 33.8124 milliseconds in repetition 196
tcp_ping received 12288 bytes back
Round trip time was 70.8259 milliseconds in repetition 197
tcp_ping received 12288 bytes back
Round trip time was 37.317 milliseconds in repetition 198
tcp_ping received 12288 bytes back
Round trip time was 36.9882 milliseconds in repetition 199
tcp_ping received 12288 bytes back
Round trip time was 34.7087 milliseconds in repetition 200
tcp_ping received 12288 bytes back
Round trip time was 34.8403 milliseconds in repetition 201
tcp_ping received 12288 bytes back
Round trip time was 41.1575 milliseconds in repetition 202
tcp_ping received 12288 bytes back
Round trip time was 33.0378 milliseconds in repetition 203
tcp_ping received 12288 bytes back
Round trip time was 33.5685 milliseconds in repetition 204
tcp_ping received 12288 bytes back
Round trip time was 38.5424 milliseconds in repetition 205
tcp_ping received 12288 bytes back
Round trip time was 31.7541 milliseconds in repetition 206
tcp_ping received 12288 bytes back
Round trip time was 33.5986 milliseconds in repetition 207
tcp_ping received 12288 bytes back
Round trip time was 36.7991 milliseconds in repetition 208
tcp_ping received 12288 bytes back
Round trip time was 31.3751 milliseconds in repetition 209
tcp_ping received 12288 bytes back
Round trip time was 36.2364 milliseconds in repetition 210
tcp_ping received 12288 bytes back
Round trip time was 74.2521 milliseconds in repetition 211
tcp_ping received 12288 bytes back
Round trip time was 38.559 milliseconds in repetition 212
tcp_ping received 12288 bytes back
Round trip time was 44.2702 milliseconds in repetition 213
tcp_ping received 12288 bytes back
Round trip time was 33.599 milliseconds in repetition 214
tcp_ping received 12288 bytes back
Round trip time was 36.2475 milliseconds in repetition 215
tcp_ping received 12288 bytes back
Round trip time was 32.003 milliseconds in repetition 216
tcp_ping received 12288 bytes back
Round trip time was 33.2236 milliseconds in repetition 217
tcp_ping received 12288 bytes back
Round trip time was 69.533 milliseconds in repetition 218
tcp_ping received 12288 bytes back
Round trip time was 35.5821 milliseconds in repetition 219
tcp_ping received 12288 bytes back
Round trip time was 35.2781 milliseconds in repetition 220
tcp_ping received 12288 bytes back
Round trip time was 36.7781 milliseconds in repetition 221
tcp_ping received 12288 bytes back
Round trip time was 32.2921 milliseconds in repetition 222
tcp_ping received 12288 bytes back
Round trip time was 38.3132 milliseconds in repetition 223
tcp_ping received 12288 bytes back
Round trip time was 31.1612 milliseconds in repetition 224
tcp_ping received 12288 bytes back
Round trip time was 34.0724 milliseconds in repetition 225
tcp_ping received 12288 bytes back
Round trip time was 32.3851 milliseconds in repetition 226
tcp_ping received 12288 bytes back
Round trip time was 34.4827 milliseconds in repetition 227
tcp_ping received 12288 bytes back
Round trip time was 32.7056 milliseconds in repetition 228
tcp_ping received 12288 bytes back
Round trip time was 35.4667 milliseconds in repetition 229
tcp_ping received 12288 bytes back
Round trip time was 32.6398 milliseconds in repetition 230
tcp_ping received 12288 bytes back
Round trip time was 31.1028 milliseconds in repetition 231
tcp_ping received 12288 bytes back
Round trip time was 34.3355 milliseconds in repetition 232
tcp_ping received 12288 bytes back
Round trip time was 31.2428 milliseconds in repetition 233
tcp_ping received 12288 bytes back
Round trip time was 33.5092 milliseconds in repetition 234
tcp_ping received 12288 bytes back
Round trip time was 34.1307 milliseconds in repetition 235
tcp_ping received 12288 bytes back
Round trip time was 32.2015 milliseconds in repetition 236
tcp_ping received 12288 bytes back
Round trip time was 34.2389 milliseconds in repetition 237
tcp_ping received 12288 bytes back
Round trip time was 36.9736 milliseconds in repetition 238
tcp_ping received 12288 bytes back
Round trip time was 35.668 milliseconds in repetition 239
tcp_ping received 12288 bytes back
Round trip time was 45.7149 milliseconds in repetition 240
tcp_ping received 12288 bytes back
Round trip time was 32.7147 milliseconds in repetition 241
tcp_ping received 12288 bytes back
Round trip time was 31.0082 milliseconds in repetition 242
tcp_ping received 12288 bytes back
Round trip time was 33.3776 milliseconds in repetition 243
tcp_ping received 12288 bytes back
Round trip time was 60.3754 milliseconds in repetition 244
tcp_ping received 12288 bytes back
Round trip time was 30.7001 milliseconds in repetition 245
tcp_ping received 12288 bytes back
Round trip time was 55.4917 milliseconds in repetition 246
tcp_ping received 12288 bytes back
Round trip time was 32.328 milliseconds in repetition 247
tcp_ping received 12288 bytes back
Round trip time was 42.7591 milliseconds in repetition 248
tcp_ping received 12288 bytes back
Round trip time was 33.2247 milliseconds in repetition 249
tcp_ping received 12288 bytes back
Round trip time was 34.1865 milliseconds in repetition 250
tcp_ping received 12288 bytes back
Round trip time was 38.2951 milliseconds in repetition 251
tcp_ping received 12288 bytes back
Round trip time was 37.0177 milliseconds in repetition 252
tcp_ping received 12288 bytes back
Round trip time was 32.1216 milliseconds in repetition 253
tcp_ping received 12288 bytes back
Round trip time was 33.0477 milliseconds in repetition 254
tcp_ping received 12288 bytes back
Round trip time was 39.252 milliseconds in repetition 255
tcp_ping received 12288 bytes back
Round trip time was 43.0007 milliseconds in repetition 256
tcp_ping received 12288 bytes back
Round trip time was 40.2875 milliseconds in repetition 257
tcp_ping received 12288 bytes back
Round trip time was 35.2935 milliseconds in repetition 258
tcp_ping received 12288 bytes back
Round trip time was 33.5941 milliseconds in repetition 259
tcp_ping received 12288 bytes back
Round trip time was 34.2862 milliseconds in repetition 260
tcp_ping received 12288 bytes back
Round trip time was 46.4287 milliseconds in repetition 261
tcp_ping received 12288 bytes back
Round trip time was 33.1602 milliseconds in repetition 262
tcp_ping received 12288 bytes back
Round trip time was 39.4614 milliseconds in repetition 263
tcp_ping received 12288 bytes back
Round trip time was 32.7633 milliseconds in repetition 264
tcp_ping received 12288 bytes back
Round trip time was 33.566 milliseconds in repetition 265
tcp_ping received 12288 bytes back
Round trip time was 34.7845 milliseconds in repetition 266
tcp_ping received 12288 bytes back
Round trip time was 45.2099 milliseconds in repetition 267
tcp_ping received 12288 bytes back
Round trip time was 32.046 milliseconds in repetition 268
tcp_ping received 12288 bytes back
Round trip time was 35.3151 milliseconds in repetition 269
tcp_ping received 12288 bytes back
Round trip time was 37.5876 milliseconds in repetition 270
tcp_ping received 12288 bytes back
Round trip time was 34.5027 milliseconds in repetition 271
tcp_ping received 12288 bytes back
Round trip time was 53.156 milliseconds in repetition 272
tcp_ping received 12288 bytes back
Round trip time was 38.748 milliseconds in repetition 273
tcp_ping received 12288 bytes back
Round trip time was 35.786 milliseconds in repetition 274
tcp_ping received 12288 bytes back
Round trip time was 39.4861 milliseconds in repetition 275
tcp_ping received 12288 bytes back
Round trip time was 41.233 milliseconds in repetition 276
tcp_ping received 12288 bytes back
Round trip time was 36.0148 milliseconds in repetition 277
tcp_ping received 12288 bytes back
Round trip time was 34.0941 milliseconds in repetition 278
tcp_ping received 12288 bytes back
Round trip time was 43.6734 milliseconds in repetition 279
tcp_ping received 12288 bytes back
Round trip time was 33.1617 milliseconds in repetition 280
tcp_ping received 12288 bytes back
Round trip time was 39.3396 milliseconds in repetition 281
tcp_ping received 12288 bytes back
Round trip time was 38.6968 milliseconds in repetition 282
tcp_ping received 12288 bytes back
Round trip time was 36.2441 milliseconds in repetition 283
tcp_ping received 12288 bytes back
Round trip time was 31.8512 milliseconds in repetition 284
tcp_ping received 12288 bytes back
Round trip time was 59.341 milliseconds in repetition 285
tcp_ping received 12288 bytes back
Round trip time was 36.1324 milliseconds in repetition 286
tcp_ping received 12288 bytes back
Round trip time was 39.5797 milliseconds in repetition 287
tcp_ping received 12288 bytes back
Round trip time was 32.3691 milliseconds in repetition 288
tcp_ping received 12288 bytes back
Round trip time was 41.6871 milliseconds in repetition 289
tcp_ping received 12288 bytes back
Round trip time was 36.5683 milliseconds in repetition 290
tcp_ping received 12288 bytes back
Round trip time was 38.106 milliseconds in repetition 291
tcp_ping received 12288 bytes back
Round trip time was 40.4303 milliseconds in repetition 292
tcp_ping received 12288 bytes back
Round trip time was 44.2042 milliseconds in repetition 293
tcp_ping received 12288 bytes back
Round trip time was 36.384 milliseconds in repetition 294
tcp_ping received 12288 bytes back
Round trip time was 47.5648 milliseconds in repetition 295
tcp_ping received 12288 bytes back
Round trip time was 36.8193 milliseconds in repetition 296
tcp_ping received 12288 bytes back
Round trip time was 34.7964 milliseconds in repetition 297
tcp_ping received 12288 bytes back
Round trip time was 34.6101 milliseconds in repetition 298
tcp_ping received 12288 bytes back
Round trip time was 32.7971 milliseconds in repetition 299
tcp_ping received 12288 bytes back
Round trip time was 53.0335 milliseconds in repetition 300
tcp_ping received 12288 bytes back
Round trip time was 31.8295 milliseconds in repetition 301
tcp_ping received 12288 bytes back
Round trip time was 34.6144 milliseconds in repetition 302
tcp_ping received 12288 bytes back
Round trip time was 36.4438 milliseconds in repetition 303
tcp_ping received 12288 bytes back
Round trip time was 31.5122 milliseconds in repetition 304
tcp_ping received 12288 bytes back
Round trip time was 61.3155 milliseconds in repetition 305
tcp_ping received 12288 bytes back
Round trip time was 40.3812 milliseconds in repetition 306
tcp_ping received 12288 bytes back
Round trip time was 35.0885 milliseconds in repetition 307
tcp_ping received 12288 bytes back
Round trip time was 36.8067 milliseconds in repetition 308
tcp_ping received 12288 bytes back
Round trip time was 36.7909 milliseconds in repetition 309
tcp_ping received 12288 bytes back
Round trip time was 35.3251 milliseconds in repetition 310
tcp_ping received 12288 bytes back
Round trip time was 34.4761 milliseconds in repetition 311
tcp_ping received 12288 bytes back
Round trip time was 35.373 milliseconds in repetition 312
tcp_ping received 12288 bytes back
Round trip time was 37.2026 milliseconds in repetition 313
tcp_ping received 12288 bytes back
Round trip time was 35.7711 milliseconds in repetition 314
tcp_ping received 12288 bytes back
Round trip time was 37.8701 milliseconds in repetition 315
tcp_ping received 12288 bytes back
Round trip time was 35.8296 milliseconds in repetition 316
tcp_ping received 12288 bytes back
Round trip time was 36.4285 milliseconds in repetition 317
tcp_ping received 12288 bytes back
Round trip time was 34.8968 milliseconds in repetition 318
tcp_ping received 12288 bytes back
Round trip time was 39.4527 milliseconds in repetition 319
tcp_ping received 12288 bytes back
Round trip time was 35.4477 milliseconds in repetition 320
tcp_ping received 12288 bytes back
Round trip time was 38.1385 milliseconds in repetition 321
tcp_ping received 12288 bytes back
Round trip time was 40.7501 milliseconds in repetition 322
tcp_ping received 12288 bytes back
Round trip time was 32.677 milliseconds in repetition 323
tcp_ping received 12288 bytes back
Round trip time was 51.7643 milliseconds in repetition 324
tcp_ping received 12288 bytes back
Round trip time was 63.5993 milliseconds in repetition 325
tcp_ping received 12288 bytes back
Round trip time was 79.9122 milliseconds in repetition 326
tcp_ping received 12288 bytes back
Round trip time was 40.4352 milliseconds in repetition 327
tcp_ping received 12288 bytes back
Round trip time was 55.1045 milliseconds in repetition 328
tcp_ping received 12288 bytes back
Round trip time was 37.5411 milliseconds in repetition 329
tcp_ping received 12288 bytes back
Round trip time was 38.6448 milliseconds in repetition 330
tcp_ping received 12288 bytes back
Round trip time was 37.0355 milliseconds in repetition 331
tcp_ping received 12288 bytes back
Round trip time was 35.3135 milliseconds in repetition 332
tcp_ping received 12288 bytes back
Round trip time was 37.106 milliseconds in repetition 333
tcp_ping received 12288 bytes back
Round trip time was 32.558 milliseconds in repetition 334
tcp_ping received 12288 bytes back
Round trip time was 36.8807 milliseconds in repetition 335
tcp_ping received 12288 bytes back
Round trip time was 46.2014 milliseconds in repetition 336
tcp_ping received 12288 bytes back
Round trip time was 34.1973 milliseconds in repetition 337
tcp_ping received 12288 bytes back
Round trip time was 42.1287 milliseconds in repetition 338
tcp_ping received 12288 bytes back
Round trip time was 36.2881 milliseconds in repetition 339
tcp_ping received 12288 bytes back
Round trip time was 46.1437 milliseconds in repetition 340
tcp_ping received 12288 bytes back
Round trip time was 34.2158 milliseconds in repetition 341
tcp_ping received 12288 bytes back
Round trip time was 32.1316 milliseconds in repetition 342
tcp_ping received 12288 bytes back
Round trip time was 31.6564 milliseconds in repetition 343
tcp_ping received 12288 bytes back
Round trip time was 35.8561 milliseconds in repetition 344
tcp_ping received 12288 bytes back
Round trip time was 32.995 milliseconds in repetition 345
tcp_ping received 12288 bytes back
Round trip time was 37.8046 milliseconds in repetition 346
tcp_ping received 12288 bytes back
Round trip time was 36.3761 milliseconds in repetition 347
tcp_ping received 12288 bytes back
Round trip time was 33.259 milliseconds in repetition 348
tcp_ping received 12288 bytes back
Round trip time was 33.437 milliseconds in repetition 349
tcp_ping received 12288 bytes back
Round trip time was 46.5281 milliseconds in repetition 350
tcp_ping received 12288 bytes back
Round trip time was 32.9219 milliseconds in repetition 351
tcp_ping received 12288 bytes back
Round trip time was 34.0749 milliseconds in repetition 352
tcp_ping received 12288 bytes back
Round trip time was 31.7193 milliseconds in repetition 353
tcp_ping received 12288 bytes back
Round trip time was 35.8891 milliseconds in repetition 354
tcp_ping received 12288 bytes back
Round trip time was 33.8376 milliseconds in repetition 355
tcp_ping received 12288 bytes back
Round trip time was 33.1686 milliseconds in repetition 356
tcp_ping received 12288 bytes back
Round trip time was 52.0615 milliseconds in repetition 357
tcp_ping received 12288 bytes back
Round trip time was 36.725 milliseconds in repetition 358
tcp_ping received 12288 bytes back
Round trip time was 32.2076 milliseconds in repetition 359
tcp_ping received 12288 bytes back
Round trip time was 46.7464 milliseconds in repetition 360
tcp_ping received 12288 bytes back
Round trip time was 34.6962 milliseconds in repetition 361
tcp_ping received 12288 bytes back
Round trip time was 45.4618 milliseconds in repetition 362
tcp_ping received 12288 bytes back
Round trip time was 34.8162 milliseconds in repetition 363
tcp_ping received 12288 bytes back
Round trip time was 40.3357 milliseconds in repetition 364
tcp_ping received 12288 bytes back
Round trip time was 38.4736 milliseconds in repetition 365
tcp_ping received 12288 bytes back
Round trip time was 36.2875 milliseconds in repetition 366
tcp_ping received 12288 bytes back
Round trip time was 32.9298 milliseconds in repetition 367
tcp_ping received 12288 bytes back
Round trip time was 32.1157 milliseconds in repetition 368
tcp_ping received 12288 bytes back
Round trip time was 70.8606 milliseconds in repetition 369
tcp_ping received 12288 bytes back
Round trip time was 36.7485 milliseconds in repetition 370
tcp_ping received 12288 bytes back
Round trip time was 34.4119 milliseconds in repetition 371
tcp_ping received 12288 bytes back
Round trip time was 67.0478 milliseconds in repetition 372
tcp_ping received 12288 bytes back
Round trip time was 41.5052 milliseconds in repetition 373
tcp_ping received 12288 bytes back
Round trip time was 38.4619 milliseconds in repetition 374
tcp_ping received 12288 bytes back
Round trip time was 52.4935 milliseconds in repetition 375
tcp_ping received 12288 bytes back
Round trip time was 37.4595 milliseconds in repetition 376
tcp_ping received 12288 bytes back
Round trip time was 34.8503 milliseconds in repetition 377
tcp_ping received 12288 bytes back
Round trip time was 35.1007 milliseconds in repetition 378
tcp_ping received 12288 bytes back
Round trip time was 33.976 milliseconds in repetition 379
tcp_ping received 12288 bytes back
Round trip time was 34.2149 milliseconds in repetition 380
tcp_ping received 12288 bytes back
Round trip time was 32.9708 milliseconds in repetition 381
tcp_ping received 12288 bytes back
Round trip time was 43.51 milliseconds in repetition 382
tcp_ping received 12288 bytes back
Round trip time was 37.4801 milliseconds in repetition 383
tcp_ping received 12288 bytes back
Round trip time was 36.0286 milliseconds in repetition 384
tcp_ping received 12288 bytes back
Round trip time was 32.929 milliseconds in repetition 385
tcp_ping received 12288 bytes back
Round trip time was 34.0674 milliseconds in repetition 386
tcp_ping received 12288 bytes back
Round trip time was 35.5557 milliseconds in repetition 387
tcp_ping received 12288 bytes back
Round trip time was 48.647 milliseconds in repetition 388
tcp_ping received 12288 bytes back
Round trip time was 36.5696 milliseconds in repetition 389
tcp_ping received 12288 bytes back
Round trip time was 50.8442 milliseconds in repetition 390
tcp_ping received 12288 bytes back
Round trip time was 38.819 milliseconds in repetition 391
tcp_ping received 12288 bytes back
Round trip time was 43.1184 milliseconds in repetition 392
tcp_ping received 12288 bytes back
Round trip time was 34.7485 milliseconds in repetition 393
tcp_ping received 12288 bytes back
Round trip time was 35.8292 milliseconds in repetition 394
tcp_ping received 12288 bytes back
Round trip time was 32.2372 milliseconds in repetition 395
tcp_ping received 12288 bytes back
Round trip time was 34.2047 milliseconds in repetition 396
tcp_ping received 12288 bytes back
Round trip time was 37.7405 milliseconds in repetition 397
tcp_ping received 12288 bytes back
Round trip time was 31.7916 milliseconds in repetition 398
tcp_ping received 12288 bytes back
Round trip time was 37.9746 milliseconds in repetition 399
tcp_ping received 12288 bytes back
Round trip time was 38.7435 milliseconds in repetition 400
tcp_ping received 12288 bytes back
Round trip time was 32.6036 milliseconds in repetition 401
tcp_ping received 12288 bytes back
Round trip time was 33.8494 milliseconds in repetition 402
tcp_ping received 12288 bytes back
Round trip time was 32.1659 milliseconds in repetition 403
tcp_ping received 12288 bytes back
Round trip time was 31.8062 milliseconds in repetition 404
tcp_ping received 12288 bytes back
Round trip time was 31.8831 milliseconds in repetition 405
tcp_ping received 12288 bytes back
Round trip time was 35.2804 milliseconds in repetition 406
tcp_ping received 12288 bytes back
Round trip time was 34.5828 milliseconds in repetition 407
tcp_ping received 12288 bytes back
Round trip time was 35.505 milliseconds in repetition 408
tcp_ping received 12288 bytes back
Round trip time was 32.452 milliseconds in repetition 409
tcp_ping received 12288 bytes back
Round trip time was 34.3969 milliseconds in repetition 410
tcp_ping received 12288 bytes back
Round trip time was 33.2877 milliseconds in repetition 411
tcp_ping received 12288 bytes back
Round trip time was 51.7588 milliseconds in repetition 412
tcp_ping received 12288 bytes back
Round trip time was 39.23 milliseconds in repetition 413
tcp_ping received 12288 bytes back
Round trip time was 46.2174 milliseconds in repetition 414
tcp_ping received 12288 bytes back
Round trip time was 44.0412 milliseconds in repetition 415
tcp_ping received 12288 bytes back
Round trip time was 32.8425 milliseconds in repetition 416
tcp_ping received 12288 bytes back
Round trip time was 35.0781 milliseconds in repetition 417
tcp_ping received 12288 bytes back
Round trip time was 35.3034 milliseconds in repetition 418
tcp_ping received 12288 bytes back
Round trip time was 32.2596 milliseconds in repetition 419
tcp_ping received 12288 bytes back
Round trip time was 32.8687 milliseconds in repetition 420
tcp_ping received 12288 bytes back
Round trip time was 35.6992 milliseconds in repetition 421
tcp_ping received 12288 bytes back
Round trip time was 39.6189 milliseconds in repetition 422
tcp_ping received 12288 bytes back
Round trip time was 34.7712 milliseconds in repetition 423
tcp_ping received 12288 bytes back
Round trip time was 33.7053 milliseconds in repetition 424
tcp_ping received 12288 bytes back
Round trip time was 32.8466 milliseconds in repetition 425
tcp_ping received 12288 bytes back
Round trip time was 38.1072 milliseconds in repetition 426
tcp_ping received 12288 bytes back
Round trip time was 47.8812 milliseconds in repetition 427
tcp_ping received 12288 bytes back
Round trip time was 39.5542 milliseconds in repetition 428
tcp_ping received 12288 bytes back
Round trip time was 32.3834 milliseconds in repetition 429
tcp_ping received 12288 bytes back
Round trip time was 70.5976 milliseconds in repetition 430
tcp_ping received 12288 bytes back
Round trip time was 34.2422 milliseconds in repetition 431
tcp_ping received 12288 bytes back
Round trip time was 43.4892 milliseconds in repetition 432
tcp_ping received 12288 bytes back
Round trip time was 36.4306 milliseconds in repetition 433
tcp_ping received 12288 bytes back
Round trip time was 35.1476 milliseconds in repetition 434
tcp_ping received 12288 bytes back
Round trip time was 33.9569 milliseconds in repetition 435
tcp_ping received 12288 bytes back
Round trip time was 36.3492 milliseconds in repetition 436
tcp_ping received 12288 bytes back
Round trip time was 35.4151 milliseconds in repetition 437
tcp_ping received 12288 bytes back
Round trip time was 37.6941 milliseconds in repetition 438
tcp_ping received 12288 bytes back
Round trip time was 32.1797 milliseconds in repetition 439
tcp_ping received 12288 bytes back
Round trip time was 33.2072 milliseconds in repetition 440
tcp_ping received 12288 bytes back
Round trip time was 37.6859 milliseconds in repetition 441
tcp_ping received 12288 bytes back
Round trip time was 34.7094 milliseconds in repetition 442
tcp_ping received 12288 bytes back
Round trip time was 59.5256 milliseconds in repetition 443
tcp_ping received 12288 bytes back
Round trip time was 36.242 milliseconds in repetition 444
tcp_ping received 12288 bytes back
Round trip time was 33.5432 milliseconds in repetition 445
tcp_ping received 12288 bytes back
Round trip time was 40.7128 milliseconds in repetition 446
tcp_ping received 12288 bytes back
Round trip time was 35.1257 milliseconds in repetition 447
tcp_ping received 12288 bytes back
Round trip time was 56.3894 milliseconds in repetition 448
tcp_ping received 12288 bytes back
Round trip time was 32.5014 milliseconds in repetition 449
tcp_ping received 12288 bytes back
Round trip time was 33.0704 milliseconds in repetition 450
tcp_ping received 12288 bytes back
Round trip time was 32.4756 milliseconds in repetition 451
tcp_ping received 12288 bytes back
Round trip time was 34.9343 milliseconds in repetition 452
tcp_ping received 12288 bytes back
Round trip time was 35.4357 milliseconds in repetition 453
tcp_ping received 12288 bytes back
Round trip time was 42.8407 milliseconds in repetition 454
tcp_ping received 12288 bytes back
Round trip time was 33.2354 milliseconds in repetition 455
tcp_ping received 12288 bytes back
Round trip time was 32.9123 milliseconds in repetition 456
tcp_ping received 12288 bytes back
Round trip time was 50.2245 milliseconds in repetition 457
tcp_ping received 12288 bytes back
Round trip time was 33.8124 milliseconds in repetition 458
tcp_ping received 12288 bytes back
Round trip time was 36.4122 milliseconds in repetition 459
tcp_ping received 12288 bytes back
Round trip time was 31.7476 milliseconds in repetition 460
tcp_ping received 12288 bytes back
Round trip time was 34.3996 milliseconds in repetition 461
tcp_ping received 12288 bytes back
Round trip time was 31.8559 milliseconds in repetition 462
tcp_ping received 12288 bytes back
Round trip time was 36.2619 milliseconds in repetition 463
tcp_ping received 12288 bytes back
Round trip time was 33.6668 milliseconds in repetition 464
tcp_ping received 12288 bytes back
Round trip time was 31.7081 milliseconds in repetition 465
tcp_ping received 12288 bytes back
Round trip time was 36.4276 milliseconds in repetition 466
tcp_ping received 12288 bytes back
Round trip time was 32.914 milliseconds in repetition 467
tcp_ping received 12288 bytes back
Round trip time was 36.5366 milliseconds in repetition 468
tcp_ping received 12288 bytes back
Round trip time was 34.0763 milliseconds in repetition 469
tcp_ping received 12288 bytes back
Round trip time was 31.6592 milliseconds in repetition 470
tcp_ping received 12288 bytes back
Round trip time was 33.3126 milliseconds in repetition 471
tcp_ping received 12288 bytes back
Round trip time was 35.323 milliseconds in repetition 472
tcp_ping received 12288 bytes back
Round trip time was 35.9544 milliseconds in repetition 473
tcp_ping received 12288 bytes back
Round trip time was 40.8647 milliseconds in repetition 474
tcp_ping received 12288 bytes back
Round trip time was 34.2736 milliseconds in repetition 475
tcp_ping received 12288 bytes back
Round trip time was 36.589 milliseconds in repetition 476
tcp_ping received 12288 bytes back
Round trip time was 33.0127 milliseconds in repetition 477
tcp_ping received 12288 bytes back
Round trip time was 33.7756 milliseconds in repetition 478
tcp_ping received 12288 bytes back
Round trip time was 45.6787 milliseconds in repetition 479
tcp_ping received 12288 bytes back
Round trip time was 40.3781 milliseconds in repetition 480
tcp_ping received 12288 bytes back
Round trip time was 51.7992 milliseconds in repetition 481
tcp_ping received 12288 bytes back
Round trip time was 38.0467 milliseconds in repetition 482
tcp_ping received 12288 bytes back
Round trip time was 41.5287 milliseconds in repetition 483
tcp_ping received 12288 bytes back
Round trip time was 33.2268 milliseconds in repetition 484
tcp_ping received 12288 bytes back
Round trip time was 39.9558 milliseconds in repetition 485
tcp_ping received 12288 bytes back
Round trip time was 71.2396 milliseconds in repetition 486
tcp_ping received 12288 bytes back
Round trip time was 37.629 milliseconds in repetition 487
tcp_ping received 12288 bytes back
Round trip time was 33.342 milliseconds in repetition 488
tcp_ping received 12288 bytes back
Round trip time was 37.1835 milliseconds in repetition 489
tcp_ping received 12288 bytes back
Round trip time was 32.1102 milliseconds in repetition 490
tcp_ping received 12288 bytes back
Round trip time was 32.0239 milliseconds in repetition 491
tcp_ping received 12288 bytes back
Round trip time was 44.8224 milliseconds in repetition 492
tcp_ping received 12288 bytes back
Round trip time was 56.0274 milliseconds in repetition 493
tcp_ping received 12288 bytes back
Round trip time was 34.7885 milliseconds in repetition 494
tcp_ping received 12288 bytes back
Round trip time was 38.9483 milliseconds in repetition 495
tcp_ping received 12288 bytes back
Round trip time was 31.4859 milliseconds in repetition 496
tcp_ping received 12288 bytes back
Round trip time was 33.9072 milliseconds in repetition 497
tcp_ping received 12288 bytes back
Round trip time was 34.2344 milliseconds in repetition 498
tcp_ping received 12288 bytes back
Round trip time was 33.8504 milliseconds in repetition 499
tcp_ping received 12288 bytes back
Round trip time was 37.2905 milliseconds in repetition 500
tcp_ping received 12288 bytes back
Round trip time was 33.3323 milliseconds in repetition 501

 ... clock resolution was 0.0001
TCP Ping:  Statistics over 501 repetitions of 12288 byte messages

RTT : percentile 10: 32.1221, median: 35.5557, percentile 90: 46.4287, average: 38.2735, variance: 70.6557

RTT histogram:
30.7001 44
33.3778 156
36.0556 124
38.7334 69
41.4112 28
44.0889 23
46.7667 12
49.4445 3
52.1223 12
54.8001 5
57.4778 2
60.1556 5
62.8334 4
65.5112 1
68.189 2
70.8667 6
73.5445 1
76.2223 0
78.9001 2
81.5779 1
84.2556 1

   median Throughput : 691.197 KB/s   overall Throughput : 642.116 KB/s

