TCP Ping trying to connect to server seti.dibris.unige.it (130.251.61.30) on port 1491
 ... connected to Pong server: asking for 501 repetitions of 6144 bytes TCP messages
 ... Pong server agreed :-)
tcp_ping received 6144 bytes back
Round trip time was 59.1299 milliseconds in repetition 1
tcp_ping received 6144 bytes back
Round trip time was 64.7473 milliseconds in repetition 2
tcp_ping received 6144 bytes back
Round trip time was 35.3905 milliseconds in repetition 3
tcp_ping received 6144 bytes back
Round trip time was 32.169 milliseconds in repetition 4
tcp_ping received 6144 bytes back
Round trip time was 35.5447 milliseconds in repetition 5
tcp_ping received 6144 bytes back
Round trip time was 59.8654 milliseconds in repetition 6
tcp_ping received 6144 bytes back
Round trip time was 29.9027 milliseconds in repetition 7
tcp_ping received 6144 bytes back
Round trip time was 33.8722 milliseconds in repetition 8
tcp_ping received 6144 bytes back
Round trip time was 30.1294 milliseconds in repetition 9
tcp_ping received 6144 bytes back
Round trip time was 30.1132 milliseconds in repetition 10
tcp_ping received 6144 bytes back
Round trip time was 58.7213 milliseconds in repetition 11
tcp_ping received 6144 bytes back
Round trip time was 35.016 milliseconds in repetition 12
tcp_ping received 6144 bytes back
Round trip time was 35.0241 milliseconds in repetition 13
tcp_ping received 6144 bytes back
Round trip time was 35.6609 milliseconds in repetition 14
tcp_ping received 6144 bytes back
Round trip time was 29.0254 milliseconds in repetition 15
tcp_ping received 6144 bytes back
Round trip time was 31.5982 milliseconds in repetition 16
tcp_ping received 6144 bytes back
Round trip time was 30.2218 milliseconds in repetition 17
tcp_ping received 6144 bytes back
Round trip time was 43.635 milliseconds in repetition 18
tcp_ping received 6144 bytes back
Round trip time was 33.3538 milliseconds in repetition 19
tcp_ping received 6144 bytes back
Round trip time was 34.7818 milliseconds in repetition 20
tcp_ping received 6144 bytes back
Round trip time was 30.0857 milliseconds in repetition 21
tcp_ping received 6144 bytes back
Round trip time was 30.2492 milliseconds in repetition 22
tcp_ping received 6144 bytes back
Round trip time was 28.8958 milliseconds in repetition 23
tcp_ping received 6144 bytes back
Round trip time was 29.1721 milliseconds in repetition 24
tcp_ping received 6144 bytes back
Round trip time was 29.2016 milliseconds in repetition 25
tcp_ping received 6144 bytes back
Round trip time was 28.6026 milliseconds in repetition 26
tcp_ping received 6144 bytes back
Round trip time was 32.5849 milliseconds in repetition 27
tcp_ping received 6144 bytes back
Round trip time was 29.3542 milliseconds in repetition 28
tcp_ping received 6144 bytes back
Round trip time was 34.5031 milliseconds in repetition 29
tcp_ping received 6144 bytes back
Round trip time was 32.5894 milliseconds in repetition 30
tcp_ping received 6144 bytes back
Round trip time was 29.6098 milliseconds in repetition 31
tcp_ping received 6144 bytes back
Round trip time was 32.4594 milliseconds in repetition 32
tcp_ping received 6144 bytes back
Round trip time was 45.9777 milliseconds in repetition 33
tcp_ping received 6144 bytes back
Round trip time was 28.8958 milliseconds in repetition 34
tcp_ping received 6144 bytes back
Round trip time was 34.184 milliseconds in repetition 35
tcp_ping received 6144 bytes back
Round trip time was 30.9643 milliseconds in repetition 36
tcp_ping received 6144 bytes back
Round trip time was 31.8395 milliseconds in repetition 37
tcp_ping received 6144 bytes back
Round trip time was 36.2205 milliseconds in repetition 38
tcp_ping received 6144 bytes back
Round trip time was 37.9335 milliseconds in repetition 39
tcp_ping received 6144 bytes back
Round trip time was 31.8377 milliseconds in repetition 40
tcp_ping received 6144 bytes back
Round trip time was 29.4128 milliseconds in repetition 41
tcp_ping received 6144 bytes back
Round trip time was 33.4252 milliseconds in repetition 42
tcp_ping received 6144 bytes back
Round trip time was 29.8289 milliseconds in repetition 43
tcp_ping received 6144 bytes back
Round trip time was 33.411 milliseconds in repetition 44
tcp_ping received 6144 bytes back
Round trip time was 33.2945 milliseconds in repetition 45
tcp_ping received 6144 bytes back
Round trip time was 36.0684 milliseconds in repetition 46
tcp_ping received 6144 bytes back
Round trip time was 33.2481 milliseconds in repetition 47
tcp_ping received 6144 bytes back
Round trip time was 42.3773 milliseconds in repetition 48
tcp_ping received 6144 bytes back
Round trip time was 55.5628 milliseconds in repetition 49
tcp_ping received 6144 bytes back
Round trip time was 29.8081 milliseconds in repetition 50
tcp_ping received 6144 bytes back
Round trip time was 32.0244 milliseconds in repetition 51
tcp_ping received 6144 bytes back
Round trip time was 65.8229 milliseconds in repetition 52
tcp_ping received 6144 bytes back
Round trip time was 45.408 milliseconds in repetition 53
tcp_ping received 6144 bytes back
Round trip time was 39.6859 milliseconds in repetition 54
tcp_ping received 6144 bytes back
Round trip time was 69.0639 milliseconds in repetition 55
tcp_ping received 6144 bytes back
Round trip time was 44.0496 milliseconds in repetition 56
tcp_ping received 6144 bytes back
Round trip time was 30.3233 milliseconds in repetition 57
tcp_ping received 6144 bytes back
Round trip time was 31.4678 milliseconds in repetition 58
tcp_ping received 6144 bytes back
Round trip time was 38.8006 milliseconds in repetition 59
tcp_ping received 6144 bytes back
Round trip time was 30.322 milliseconds in repetition 60
tcp_ping received 6144 bytes back
Round trip time was 29.786 milliseconds in repetition 61
tcp_ping received 6144 bytes back
Round trip time was 34.172 milliseconds in repetition 62
tcp_ping received 6144 bytes back
Round trip time was 31.7511 milliseconds in repetition 63
tcp_ping received 6144 bytes back
Round trip time was 31.0828 milliseconds in repetition 64
tcp_ping received 6144 bytes back
Round trip time was 39.26 milliseconds in repetition 65
tcp_ping received 6144 bytes back
Round trip time was 29.945 milliseconds in repetition 66
tcp_ping received 6144 bytes back
Round trip time was 28.9291 milliseconds in repetition 67
tcp_ping received 6144 bytes back
Round trip time was 30.7854 milliseconds in repetition 68
tcp_ping received 6144 bytes back
Round trip time was 31.5121 milliseconds in repetition 69
tcp_ping received 6144 bytes back
Round trip time was 42.1196 milliseconds in repetition 70
tcp_ping received 6144 bytes back
Round trip time was 31.8522 milliseconds in repetition 71
tcp_ping received 6144 bytes back
Round trip time was 36.0656 milliseconds in repetition 72
tcp_ping received 6144 bytes back
Round trip time was 31.9117 milliseconds in repetition 73
tcp_ping received 6144 bytes back
Round trip time was 32.0486 milliseconds in repetition 74
tcp_ping received 6144 bytes back
Round trip time was 31.3871 milliseconds in repetition 75
tcp_ping received 6144 bytes back
Round trip time was 29.3953 milliseconds in repetition 76
tcp_ping received 6144 bytes back
Round trip time was 40.8554 milliseconds in repetition 77
tcp_ping received 6144 bytes back
Round trip time was 32.3986 milliseconds in repetition 78
tcp_ping received 6144 bytes back
Round trip time was 34.653 milliseconds in repetition 79
tcp_ping received 6144 bytes back
Round trip time was 54.2942 milliseconds in repetition 80
tcp_ping received 6144 bytes back
Round trip time was 30.1672 milliseconds in repetition 81
tcp_ping received 6144 bytes back
Round trip time was 30.0971 milliseconds in repetition 82
tcp_ping received 6144 bytes back
Round trip time was 34.2948 milliseconds in repetition 83
tcp_ping received 6144 bytes back
Round trip time was 30.5131 milliseconds in repetition 84
tcp_ping received 6144 bytes back
Round trip time was 45.9345 milliseconds in repetition 85
tcp_ping received 6144 bytes back
Round trip time was 33.7179 milliseconds in repetition 86
tcp_ping received 6144 bytes back
Round trip time was 29.2919 milliseconds in repetition 87
tcp_ping received 6144 bytes back
Round trip time was 71.6408 milliseconds in repetition 88
tcp_ping received 6144 bytes back
Round trip time was 40.3981 milliseconds in repetition 89
tcp_ping received 6144 bytes back
Round trip time was 32.1684 milliseconds in repetition 90
tcp_ping received 6144 bytes back
Round trip time was 30.4134 milliseconds in repetition 91
tcp_ping received 6144 bytes back
Round trip time was 30.019 milliseconds in repetition 92
tcp_ping received 6144 bytes back
Round trip time was 31.1582 milliseconds in repetition 93
tcp_ping received 6144 bytes back
Round trip time was 29.3744 milliseconds in repetition 94
tcp_ping received 6144 bytes back
Round trip time was 31.634 milliseconds in repetition 95
tcp_ping received 6144 bytes back
Round trip time was 33.5493 milliseconds in repetition 96
tcp_ping received 6144 bytes back
Round trip time was 32.3523 milliseconds in repetition 97
tcp_ping received 6144 bytes back
Round trip time was 31.6856 milliseconds in repetition 98
tcp_ping received 6144 bytes back
Round trip time was 30.9195 milliseconds in repetition 99
tcp_ping received 6144 bytes back
Round trip time was 35.8288 milliseconds in repetition 100
tcp_ping received 6144 bytes back
Round trip time was 36.1803 milliseconds in repetition 101
tcp_ping received 6144 bytes back
Round trip time was 42.2244 milliseconds in repetition 102
tcp_ping received 6144 bytes back
Round trip time was 32.818 milliseconds in repetition 103
tcp_ping received 6144 bytes back
Round trip time was 33.5484 milliseconds in repetition 104
tcp_ping received 6144 bytes back
Round trip time was 30.7289 milliseconds in repetition 105
tcp_ping received 6144 bytes back
Round trip time was 32.3398 milliseconds in repetition 106
tcp_ping received 6144 bytes back
Round trip time was 30.9607 milliseconds in repetition 107
tcp_ping received 6144 bytes back
Round trip time was 30.0693 milliseconds in repetition 108
tcp_ping received 6144 bytes back
Round trip time was 30.8345 milliseconds in repetition 109
tcp_ping received 6144 bytes back
Round trip time was 51.6078 milliseconds in repetition 110
tcp_ping received 6144 bytes back
Round trip time was 31.707 milliseconds in repetition 111
tcp_ping received 6144 bytes back
Round trip time was 47.3341 milliseconds in repetition 112
tcp_ping received 6144 bytes back
Round trip time was 32.1354 milliseconds in repetition 113
tcp_ping received 6144 bytes back
Round trip time was 34.7381 milliseconds in repetition 114
tcp_ping received 6144 bytes back
Round trip time was 33.832 milliseconds in repetition 115
tcp_ping received 6144 bytes back
Round trip time was 30.4649 milliseconds in repetition 116
tcp_ping received 6144 bytes back
Round trip time was 29.4456 milliseconds in repetition 117
tcp_ping received 6144 bytes back
Round trip time was 31.6302 milliseconds in repetition 118
tcp_ping received 6144 bytes back
Round trip time was 30.6172 milliseconds in repetition 119
tcp_ping received 6144 bytes back
Round trip time was 30.8583 milliseconds in repetition 120
tcp_ping received 6144 bytes back
Round trip time was 36.3372 milliseconds in repetition 121
tcp_ping received 6144 bytes back
Round trip time was 31.5546 milliseconds in repetition 122
tcp_ping received 6144 bytes back
Round trip time was 29.3296 milliseconds in repetition 123
tcp_ping received 6144 bytes back
Round trip time was 31.0476 milliseconds in repetition 124
tcp_ping received 6144 bytes back
Round trip time was 39.2371 milliseconds in repetition 125
tcp_ping received 6144 bytes back
Round trip time was 29.6243 milliseconds in repetition 126
tcp_ping received 6144 bytes back
Round trip time was 30.5487 milliseconds in repetition 127
tcp_ping received 6144 bytes back
Round trip time was 34.8058 milliseconds in repetition 128
tcp_ping received 6144 bytes back
Round trip time was 32.2057 milliseconds in repetition 129
tcp_ping received 6144 bytes back
Round trip time was 29.6997 milliseconds in repetition 130
tcp_ping received 6144 bytes back
Round trip time was 40.6218 milliseconds in repetition 131
tcp_ping received 6144 bytes back
Round trip time was 38.6926 milliseconds in repetition 132
tcp_ping received 6144 bytes back
Round trip time was 30.2724 milliseconds in repetition 133
tcp_ping received 6144 bytes back
Round trip time was 30.3982 milliseconds in repetition 134
tcp_ping received 6144 bytes back
Round trip time was 29.602 milliseconds in repetition 135
tcp_ping received 6144 bytes back
Round trip time was 32.8 milliseconds in repetition 136
tcp_ping received 6144 bytes back
Round trip time was 55.0543 milliseconds in repetition 137
tcp_ping received 6144 bytes back
Round trip time was 32.1921 milliseconds in repetition 138
tcp_ping received 6144 bytes back
Round trip time was 38.3743 milliseconds in repetition 139
tcp_ping received 6144 bytes back
Round trip time was 33.21 milliseconds in repetition 140
tcp_ping received 6144 bytes back
Round trip time was 29.7154 milliseconds in repetition 141
tcp_ping received 6144 bytes back
Round trip time was 34.462 milliseconds in repetition 142
tcp_ping received 6144 bytes back
Round trip time was 34.0682 milliseconds in repetition 143
tcp_ping received 6144 bytes back
Round trip time was 33.2234 milliseconds in repetition 144
tcp_ping received 6144 bytes back
Round trip time was 30.654 milliseconds in repetition 145
tcp_ping received 6144 bytes back
Round trip time was 36.2268 milliseconds in repetition 146
tcp_ping received 6144 bytes back
Round trip time was 29.4367 milliseconds in repetition 147
tcp_ping received 6144 bytes back
Round trip time was 31.0947 milliseconds in repetition 148
tcp_ping received 6144 bytes back
Round trip time was 40.1596 milliseconds in repetition 149
tcp_ping received 6144 bytes back
Round trip time was 29.5719 milliseconds in repetition 150
tcp_ping received 6144 bytes back
Round trip time was 53.0745 milliseconds in repetition 151
tcp_ping received 6144 bytes back
Round trip time was 37.1301 milliseconds in repetition 152
tcp_ping received 6144 bytes back
Round trip time was 29.7727 milliseconds in repetition 153
tcp_ping received 6144 bytes back
Round trip time was 35.0798 milliseconds in repetition 154
tcp_ping received 6144 bytes back
Round trip time was 30.5885 milliseconds in repetition 155
tcp_ping received 6144 bytes back
Round trip time was 33.4937 milliseconds in repetition 156
tcp_ping received 6144 bytes back
Round trip time was 34.525 milliseconds in repetition 157
tcp_ping received 6144 bytes back
Round trip time was 33.7916 milliseconds in repetition 158
tcp_ping received 6144 bytes back
Round trip time was 30.1543 milliseconds in repetition 159
tcp_ping received 6144 bytes back
Round trip time was 55.5709 milliseconds in repetition 160
tcp_ping received 6144 bytes back
Round trip time was 34.6639 milliseconds in repetition 161
tcp_ping received 6144 bytes back
Round trip time was 32.0308 milliseconds in repetition 162
tcp_ping received 6144 bytes back
Round trip time was 42.7102 milliseconds in repetition 163
tcp_ping received 6144 bytes back
Round trip time was 29.9229 milliseconds in repetition 164
tcp_ping received 6144 bytes back
Round trip time was 31.8397 milliseconds in repetition 165
tcp_ping received 6144 bytes back
Round trip time was 30.8252 milliseconds in repetition 166
tcp_ping received 6144 bytes back
Round trip time was 39.2091 milliseconds in repetition 167
tcp_ping received 6144 bytes back
Round trip time was 31.2699 milliseconds in repetition 168
tcp_ping received 6144 bytes back
Round trip time was 34.7297 milliseconds in repetition 169
tcp_ping received 6144 bytes back
Round trip time was 39.3045 milliseconds in repetition 170
tcp_ping received 6144 bytes back
Round trip time was 52.9522 milliseconds in repetition 171
tcp_ping received 6144 bytes back
Round trip time was 59.6995 milliseconds in repetition 172
tcp_ping received 6144 bytes back
Round trip time was 35.1589 milliseconds in repetition 173
tcp_ping received 6144 bytes back
Round trip time was 59.0104 milliseconds in repetition 174
tcp_ping received 6144 bytes back
Round trip time was 37.7387 milliseconds in repetition 175
tcp_ping received 6144 bytes back
Round trip time was 36.6037 milliseconds in repetition 176
tcp_ping received 6144 bytes back
Round trip time was 29.3777 milliseconds in repetition 177
tcp_ping received 6144 bytes back
Round trip time was 36.6573 milliseconds in repetition 178
tcp_ping received 6144 bytes back
Round trip time was 35.6217 milliseconds in repetition 179
tcp_ping received 6144 bytes back
Round trip time was 29.442 milliseconds in repetition 180
tcp_ping received 6144 bytes back
Round trip time was 30.5863 milliseconds in repetition 181
tcp_ping received 6144 bytes back
Round trip time was 34.9222 milliseconds in repetition 182
tcp_ping received 6144 bytes back
Round trip time was 31.5892 milliseconds in repetition 183
tcp_ping received 6144 bytes back
Round trip time was 30.5088 milliseconds in repetition 184
tcp_ping received 6144 bytes back
Round trip time was 39.7178 milliseconds in repetition 185
tcp_ping received 6144 bytes back
Round trip time was 31.7271 milliseconds in repetition 186
tcp_ping received 6144 bytes back
Round trip time was 35.9676 milliseconds in repetition 187
tcp_ping received 6144 bytes back
Round trip time was 47.8752 milliseconds in repetition 188
tcp_ping received 6144 bytes back
Round trip time was 31.0208 milliseconds in repetition 189
tcp_ping received 6144 bytes back
Round trip time was 30.2251 milliseconds in repetition 190
tcp_ping received 6144 bytes back
Round trip time was 30.2933 milliseconds in repetition 191
tcp_ping received 6144 bytes back
Round trip time was 65.3573 milliseconds in repetition 192
tcp_ping received 6144 bytes back
Round trip time was 38.0251 milliseconds in repetition 193
tcp_ping received 6144 bytes back
Round trip time was 30.9335 milliseconds in repetition 194
tcp_ping received 6144 bytes back
Round trip time was 60.7524 milliseconds in repetition 195
tcp_ping received 6144 bytes back
Round trip time was 30.9107 milliseconds in repetition 196
tcp_ping received 6144 bytes back
Round trip time was 31.0459 milliseconds in repetition 197
tcp_ping received 6144 bytes back
Round trip time was 30.5447 milliseconds in repetition 198
tcp_ping received 6144 bytes back
Round trip time was 36.4205 milliseconds in repetition 199
tcp_ping received 6144 bytes back
Round trip time was 47.3197 milliseconds in repetition 200
tcp_ping received 6144 bytes back
Round trip time was 62.7957 milliseconds in repetition 201
tcp_ping received 6144 bytes back
Round trip time was 29.5674 milliseconds in repetition 202
tcp_ping received 6144 bytes back
Round trip time was 34.1507 milliseconds in repetition 203
tcp_ping received 6144 bytes back
Round trip time was 29.4573 milliseconds in repetition 204
tcp_ping received 6144 bytes back
Round trip time was 30.4865 milliseconds in repetition 205
tcp_ping received 6144 bytes back
Round trip time was 30.5231 milliseconds in repetition 206
tcp_ping received 6144 bytes back
Round trip time was 56.6262 milliseconds in repetition 207
tcp_ping received 6144 bytes back
Round trip time was 34.1154 milliseconds in repetition 208
tcp_ping received 6144 bytes back
Round trip time was 35.4927 milliseconds in repetition 209
tcp_ping received 6144 bytes back
Round trip time was 29.6772 milliseconds in repetition 210
tcp_ping received 6144 bytes back
Round trip time was 34.192 milliseconds in repetition 211
tcp_ping received 6144 bytes back
Round trip time was 31.7494 milliseconds in repetition 212
tcp_ping received 6144 bytes back
Round trip time was 43.3096 milliseconds in repetition 213
tcp_ping received 6144 bytes back
Round trip time was 34.301 milliseconds in repetition 214
tcp_ping received 6144 bytes back
Round trip time was 35.0288 milliseconds in repetition 215
tcp_ping received 6144 bytes back
Round trip time was 35.419 milliseconds in repetition 216
tcp_ping received 6144 bytes back
Round trip time was 35.094 milliseconds in repetition 217
tcp_ping received 6144 bytes back
Round trip time was 30.9722 milliseconds in repetition 218
tcp_ping received 6144 bytes back
Round trip time was 29.747 milliseconds in repetition 219
tcp_ping received 6144 bytes back
Round trip time was 34.7303 milliseconds in repetition 220
tcp_ping received 6144 bytes back
Round trip time was 34.9281 milliseconds in repetition 221
tcp_ping received 6144 bytes back
Round trip time was 30.4889 milliseconds in repetition 222
tcp_ping received 6144 bytes back
Round trip time was 30.5787 milliseconds in repetition 223
tcp_ping received 6144 bytes back
Round trip time was 43.8321 milliseconds in repetition 224
tcp_ping received 6144 bytes back
Round trip time was 29.0987 milliseconds in repetition 225
tcp_ping received 6144 bytes back
Round trip time was 34.7057 milliseconds in repetition 226
tcp_ping received 6144 bytes back
Round trip time was 47.2341 milliseconds in repetition 227
tcp_ping received 6144 bytes back
Round trip time was 41.7426 milliseconds in repetition 228
tcp_ping received 6144 bytes back
Round trip time was 35.6412 milliseconds in repetition 229
tcp_ping received 6144 bytes back
Round trip time was 30.4959 milliseconds in repetition 230
tcp_ping received 6144 bytes back
Round trip time was 29.8792 milliseconds in repetition 231
tcp_ping received 6144 bytes back
Round trip time was 31.0389 milliseconds in repetition 232
tcp_ping received 6144 bytes back
Round trip time was 45.2691 milliseconds in repetition 233
tcp_ping received 6144 bytes back
Round trip time was 38.7618 milliseconds in repetition 234
tcp_ping received 6144 bytes back
Round trip time was 47.3199 milliseconds in repetition 235
tcp_ping received 6144 bytes back
Round trip time was 32.8999 milliseconds in repetition 236
tcp_ping received 6144 bytes back
Round trip time was 33.0918 milliseconds in repetition 237
tcp_ping received 6144 bytes back
Round trip time was 35.3992 milliseconds in repetition 238
tcp_ping received 6144 bytes back
Round trip time was 29.507 milliseconds in repetition 239
tcp_ping received 6144 bytes back
Round trip time was 33.3913 milliseconds in repetition 240
tcp_ping received 6144 bytes back
Round trip time was 35.0471 milliseconds in repetition 241
tcp_ping received 6144 bytes back
Round trip time was 29.9688 milliseconds in repetition 242
tcp_ping received 6144 bytes back
Round trip time was 32.2204 milliseconds in repetition 243
tcp_ping received 6144 bytes back
Round trip time was 29.6184 milliseconds in repetition 244
tcp_ping received 6144 bytes back
Round trip time was 31.72 milliseconds in repetition 245
tcp_ping received 6144 bytes back
Round trip time was 29.7873 milliseconds in repetition 246
tcp_ping received 6144 bytes back
Round trip time was 47.9706 milliseconds in repetition 247
tcp_ping received 6144 bytes back
Round trip time was 30.1685 milliseconds in repetition 248
tcp_ping received 6144 bytes back
Round trip time was 29.506 milliseconds in repetition 249
tcp_ping received 6144 bytes back
Round trip time was 34.3373 milliseconds in repetition 250
tcp_ping received 6144 bytes back
Round trip time was 32.7375 milliseconds in repetition 251
tcp_ping received 6144 bytes back
Round trip time was 31.9076 milliseconds in repetition 252
tcp_ping received 6144 bytes back
Round trip time was 36.7007 milliseconds in repetition 253
tcp_ping received 6144 bytes back
Round trip time was 30.3367 milliseconds in repetition 254
tcp_ping received 6144 bytes back
Round trip time was 29.3394 milliseconds in repetition 255
tcp_ping received 6144 bytes back
Round trip time was 49.5491 milliseconds in repetition 256
tcp_ping received 6144 bytes back
Round trip time was 33.4971 milliseconds in repetition 257
tcp_ping received 6144 bytes back
Round trip time was 36.6684 milliseconds in repetition 258
tcp_ping received 6144 bytes back
Round trip time was 45.2113 milliseconds in repetition 259
tcp_ping received 6144 bytes back
Round trip time was 30.3284 milliseconds in repetition 260
tcp_ping received 6144 bytes back
Round trip time was 36.733 milliseconds in repetition 261
tcp_ping received 6144 bytes back
Round trip time was 30.5686 milliseconds in repetition 262
tcp_ping received 6144 bytes back
Round trip time was 35.4236 milliseconds in repetition 263
tcp_ping received 6144 bytes back
Round trip time was 35.8666 milliseconds in repetition 264
tcp_ping received 6144 bytes back
Round trip time was 35.1189 milliseconds in repetition 265
tcp_ping received 6144 bytes back
Round trip time was 32.7029 milliseconds in repetition 266
tcp_ping received 6144 bytes back
Round trip time was 53.0034 milliseconds in repetition 267
tcp_ping received 6144 bytes back
Round trip time was 43.32 milliseconds in repetition 268
tcp_ping received 6144 bytes back
Round trip time was 33.3251 milliseconds in repetition 269
tcp_ping received 6144 bytes back
Round trip time was 63.0544 milliseconds in repetition 270
tcp_ping received 6144 bytes back
Round trip time was 369.418 milliseconds in repetition 271
tcp_ping received 6144 bytes back
Round trip time was 33.3112 milliseconds in repetition 272
tcp_ping received 6144 bytes back
Round trip time was 41.0252 milliseconds in repetition 273
tcp_ping received 6144 bytes back
Round trip time was 40.3558 milliseconds in repetition 274
tcp_ping received 6144 bytes back
Round trip time was 30.7718 milliseconds in repetition 275
tcp_ping received 6144 bytes back
Round trip time was 515.023 milliseconds in repetition 276
tcp_ping received 6144 bytes back
Round trip time was 39.2983 milliseconds in repetition 277
tcp_ping received 6144 bytes back
Round trip time was 37.9919 milliseconds in repetition 278
tcp_ping received 6144 bytes back
Round trip time was 33.4206 milliseconds in repetition 279
tcp_ping received 6144 bytes back
Round trip time was 54.6191 milliseconds in repetition 280
tcp_ping received 6144 bytes back
Round trip time was 51.8961 milliseconds in repetition 281
tcp_ping received 6144 bytes back
Round trip time was 57.6363 milliseconds in repetition 282
tcp_ping received 6144 bytes back
Round trip time was 35.3947 milliseconds in repetition 283
tcp_ping received 6144 bytes back
Round trip time was 35.7672 milliseconds in repetition 284
tcp_ping received 6144 bytes back
Round trip time was 40.1847 milliseconds in repetition 285
tcp_ping received 6144 bytes back
Round trip time was 33.9543 milliseconds in repetition 286
tcp_ping received 6144 bytes back
Round trip time was 29.4098 milliseconds in repetition 287
tcp_ping received 6144 bytes back
Round trip time was 34.5791 milliseconds in repetition 288
tcp_ping received 6144 bytes back
Round trip time was 29.2971 milliseconds in repetition 289
tcp_ping received 6144 bytes back
Round trip time was 31.173 milliseconds in repetition 290
tcp_ping received 6144 bytes back
Round trip time was 38.8663 milliseconds in repetition 291
tcp_ping received 6144 bytes back
Round trip time was 30.384 milliseconds in repetition 292
tcp_ping received 6144 bytes back
Round trip time was 37.6723 milliseconds in repetition 293
tcp_ping received 6144 bytes back
Round trip time was 29.884 milliseconds in repetition 294
tcp_ping received 6144 bytes back
Round trip time was 30.1389 milliseconds in repetition 295
tcp_ping received 6144 bytes back
Round trip time was 41.6229 milliseconds in repetition 296
tcp_ping received 6144 bytes back
Round trip time was 34.2448 milliseconds in repetition 297
tcp_ping received 6144 bytes back
Round trip time was 30.3513 milliseconds in repetition 298
tcp_ping received 6144 bytes back
Round trip time was 30.6526 milliseconds in repetition 299
tcp_ping received 6144 bytes back
Round trip time was 37.8918 milliseconds in repetition 300
tcp_ping received 6144 bytes back
Round trip time was 71.9847 milliseconds in repetition 301
tcp_ping received 6144 bytes back
Round trip time was 31.7063 milliseconds in repetition 302
tcp_ping received 6144 bytes back
Round trip time was 29.5419 milliseconds in repetition 303
tcp_ping received 6144 bytes back
Round trip time was 39.0185 milliseconds in repetition 304
tcp_ping received 6144 bytes back
Round trip time was 33.599 milliseconds in repetition 305
tcp_ping received 6144 bytes back
Round trip time was 32.1923 milliseconds in repetition 306
tcp_ping received 6144 bytes back
Round trip time was 37.9096 milliseconds in repetition 307
tcp_ping received 6144 bytes back
Round trip time was 31.6402 milliseconds in repetition 308
tcp_ping received 6144 bytes back
Round trip time was 34.1337 milliseconds in repetition 309
tcp_ping received 6144 bytes back
Round trip time was 38.8693 milliseconds in repetition 310
tcp_ping received 6144 bytes back
Round trip time was 40.2867 milliseconds in repetition 311
tcp_ping received 6144 bytes back
Round trip time was 37.0032 milliseconds in repetition 312
tcp_ping received 6144 bytes back
Round trip time was 33.4679 milliseconds in repetition 313
tcp_ping received 6144 bytes back
Round trip time was 38.2754 milliseconds in repetition 314
tcp_ping received 6144 bytes back
Round trip time was 35.758 milliseconds in repetition 315
tcp_ping received 6144 bytes back
Round trip time was 30.6044 milliseconds in repetition 316
tcp_ping received 6144 bytes back
Round trip time was 36.6749 milliseconds in repetition 317
tcp_ping received 6144 bytes back
Round trip time was 29.9552 milliseconds in repetition 318
tcp_ping received 6144 bytes back
Round trip time was 33.013 milliseconds in repetition 319
tcp_ping received 6144 bytes back
Round trip time was 32.8392 milliseconds in repetition 320
tcp_ping received 6144 bytes back
Round trip time was 32.3101 milliseconds in repetition 321
tcp_ping received 6144 bytes back
Round trip time was 30.0274 milliseconds in repetition 322
tcp_ping received 6144 bytes back
Round trip time was 33.7357 milliseconds in repetition 323
tcp_ping received 6144 bytes back
Round trip time was 31.3612 milliseconds in repetition 324
tcp_ping received 6144 bytes back
Round trip time was 32.942 milliseconds in repetition 325
tcp_ping received 6144 bytes back
Round trip time was 31.7538 milliseconds in repetition 326
tcp_ping received 6144 bytes back
Round trip time was 30.2005 milliseconds in repetition 327
tcp_ping received 6144 bytes back
Round trip time was 32.4621 milliseconds in repetition 328
tcp_ping received 6144 bytes back
Round trip time was 43.7374 milliseconds in repetition 329
tcp_ping received 6144 bytes back
Round trip time was 30.4164 milliseconds in repetition 330
tcp_ping received 6144 bytes back
Round trip time was 37.301 milliseconds in repetition 331
tcp_ping received 6144 bytes back
Round trip time was 30.4209 milliseconds in repetition 332
tcp_ping received 6144 bytes back
Round trip time was 30.7198 milliseconds in repetition 333
tcp_ping received 6144 bytes back
Round trip time was 31.8543 milliseconds in repetition 334
tcp_ping received 6144 bytes back
Round trip time was 29.6024 milliseconds in repetition 335
tcp_ping received 6144 bytes back
Round trip time was 39.6013 milliseconds in repetition 336
tcp_ping received 6144 bytes back
Round trip time was 33.3953 milliseconds in repetition 337
tcp_ping received 6144 bytes back
Round trip time was 39.2462 milliseconds in repetition 338
tcp_ping received 6144 bytes back
Round trip time was 35.0223 milliseconds in repetition 339
tcp_ping received 6144 bytes back
Round trip time was 37.3089 milliseconds in repetition 340
tcp_ping received 6144 bytes back
Round trip time was 77.0566 milliseconds in repetition 341
tcp_ping received 6144 bytes back
Round trip time was 31.7684 milliseconds in repetition 342
tcp_ping received 6144 bytes back
Round trip time was 31.3237 milliseconds in repetition 343
tcp_ping received 6144 bytes back
Round trip time was 30.1654 milliseconds in repetition 344
tcp_ping received 6144 bytes back
Round trip time was 54.7085 milliseconds in repetition 345
tcp_ping received 6144 bytes back
Round trip time was 37.1631 milliseconds in repetition 346
tcp_ping received 6144 bytes back
Round trip time was 33.2501 milliseconds in repetition 347
tcp_ping received 6144 bytes back
Round trip time was 30.5951 milliseconds in repetition 348
tcp_ping received 6144 bytes back
Round trip time was 31.2301 milliseconds in repetition 349
tcp_ping received 6144 bytes back
Round trip time was 40.6091 milliseconds in repetition 350
tcp_ping received 6144 bytes back
Round trip time was 53.9584 milliseconds in repetition 351
tcp_ping received 6144 bytes back
Round trip time was 33.6619 milliseconds in repetition 352
tcp_ping received 6144 bytes back
Round trip time was 29.772 milliseconds in repetition 353
tcp_ping received 6144 bytes back
Round trip time was 57.3963 milliseconds in repetition 354
tcp_ping received 6144 bytes back
Round trip time was 42.2346 milliseconds in repetition 355
tcp_ping received 6144 bytes back
Round trip time was 32.498 milliseconds in repetition 356
tcp_ping received 6144 bytes back
Round trip time was 29.2847 milliseconds in repetition 357
tcp_ping received 6144 bytes back
Round trip time was 53.3 milliseconds in repetition 358
tcp_ping received 6144 bytes back
Round trip time was 30.3749 milliseconds in repetition 359
tcp_ping received 6144 bytes back
Round trip time was 29.6271 milliseconds in repetition 360
tcp_ping received 6144 bytes back
Round trip time was 30.3234 milliseconds in repetition 361
tcp_ping received 6144 bytes back
Round trip time was 31.3368 milliseconds in repetition 362
tcp_ping received 6144 bytes back
Round trip time was 33.2762 milliseconds in repetition 363
tcp_ping received 6144 bytes back
Round trip time was 34.89 milliseconds in repetition 364
tcp_ping received 6144 bytes back
Round trip time was 30.2626 milliseconds in repetition 365
tcp_ping received 6144 bytes back
Round trip time was 44.1357 milliseconds in repetition 366
tcp_ping received 6144 bytes back
Round trip time was 31.6106 milliseconds in repetition 367
tcp_ping received 6144 bytes back
Round trip time was 36.6966 milliseconds in repetition 368
tcp_ping received 6144 bytes back
Round trip time was 28.9214 milliseconds in repetition 369
tcp_ping received 6144 bytes back
Round trip time was 32.3376 milliseconds in repetition 370
tcp_ping received 6144 bytes back
Round trip time was 38.2159 milliseconds in repetition 371
tcp_ping received 6144 bytes back
Round trip time was 36.2541 milliseconds in repetition 372
tcp_ping received 6144 bytes back
Round trip time was 51.2248 milliseconds in repetition 373
tcp_ping received 6144 bytes back
Round trip time was 29.1968 milliseconds in repetition 374
tcp_ping received 6144 bytes back
Round trip time was 30.7306 milliseconds in repetition 375
tcp_ping received 6144 bytes back
Round trip time was 41.2915 milliseconds in repetition 376
tcp_ping received 6144 bytes back
Round trip time was 29.9177 milliseconds in repetition 377
tcp_ping received 6144 bytes back
Round trip time was 50.4809 milliseconds in repetition 378
tcp_ping received 6144 bytes back
Round trip time was 31.4177 milliseconds in repetition 379
tcp_ping received 6144 bytes back
Round trip time was 30.8509 milliseconds in repetition 380
tcp_ping received 6144 bytes back
Round trip time was 41.3459 milliseconds in repetition 381
tcp_ping received 6144 bytes back
Round trip time was 32.5466 milliseconds in repetition 382
tcp_ping received 6144 bytes back
Round trip time was 31.1221 milliseconds in repetition 383
tcp_ping received 6144 bytes back
Round trip time was 65.7712 milliseconds in repetition 384
tcp_ping received 6144 bytes back
Round trip time was 30.2313 milliseconds in repetition 385
tcp_ping received 6144 bytes back
Round trip time was 28.8498 milliseconds in repetition 386
tcp_ping received 6144 bytes back
Round trip time was 33.9918 milliseconds in repetition 387
tcp_ping received 6144 bytes back
Round trip time was 29.5227 milliseconds in repetition 388
tcp_ping received 6144 bytes back
Round trip time was 30.8632 milliseconds in repetition 389
tcp_ping received 6144 bytes back
Round trip time was 33.8237 milliseconds in repetition 390
tcp_ping received 6144 bytes back
Round trip time was 29.1047 milliseconds in repetition 391
tcp_ping received 6144 bytes back
Round trip time was 37.013 milliseconds in repetition 392
tcp_ping received 6144 bytes back
Round trip time was 38.1963 milliseconds in repetition 393
tcp_ping received 6144 bytes back
Round trip time was 32.8266 milliseconds in repetition 394
tcp_ping received 6144 bytes back
Round trip time was 31.683 milliseconds in repetition 395
tcp_ping received 6144 bytes back
Round trip time was 30.3048 milliseconds in repetition 396
tcp_ping received 6144 bytes back
Round trip time was 36.3642 milliseconds in repetition 397
tcp_ping received 6144 bytes back
Round trip time was 37.5888 milliseconds in repetition 398
tcp_ping received 6144 bytes back
Round trip time was 41.9138 milliseconds in repetition 399
tcp_ping received 6144 bytes back
Round trip time was 31.1777 milliseconds in repetition 400
tcp_ping received 6144 bytes back
Round trip time was 28.9266 milliseconds in repetition 401
tcp_ping received 6144 bytes back
Round trip time was 29.6266 milliseconds in repetition 402
tcp_ping received 6144 bytes back
Round trip time was 33.3294 milliseconds in repetition 403
tcp_ping received 6144 bytes back
Round trip time was 30.1334 milliseconds in repetition 404
tcp_ping received 6144 bytes back
Round trip time was 31.4721 milliseconds in repetition 405
tcp_ping received 6144 bytes back
Round trip time was 37.4078 milliseconds in repetition 406
tcp_ping received 6144 bytes back
Round trip time was 30.0753 milliseconds in repetition 407
tcp_ping received 6144 bytes back
Round trip time was 34.7264 milliseconds in repetition 408
tcp_ping received 6144 bytes back
Round trip time was 32.5288 milliseconds in repetition 409
tcp_ping received 6144 bytes back
Round trip time was 36.6657 milliseconds in repetition 410
tcp_ping received 6144 bytes back
Round trip time was 34.312 milliseconds in repetition 411
tcp_ping received 6144 bytes back
Round trip time was 29.919 milliseconds in repetition 412
tcp_ping received 6144 bytes back
Round trip time was 33.3651 milliseconds in repetition 413
tcp_ping received 6144 bytes back
Round trip time was 39.1718 milliseconds in repetition 414
tcp_ping received 6144 bytes back
Round trip time was 59.954 milliseconds in repetition 415
tcp_ping received 6144 bytes back
Round trip time was 33.3776 milliseconds in repetition 416
tcp_ping received 6144 bytes back
Round trip time was 42.7415 milliseconds in repetition 417
tcp_ping received 6144 bytes back
Round trip time was 29.5414 milliseconds in repetition 418
tcp_ping received 6144 bytes back
Round trip time was 30.409 milliseconds in repetition 419
tcp_ping received 6144 bytes back
Round trip time was 35.8235 milliseconds in repetition 420
tcp_ping received 6144 bytes back
Round trip time was 30.8267 milliseconds in repetition 421
tcp_ping received 6144 bytes back
Round trip time was 29.9331 milliseconds in repetition 422
tcp_ping received 6144 bytes back
Round trip time was 32.252 milliseconds in repetition 423
tcp_ping received 6144 bytes back
Round trip time was 29.954 milliseconds in repetition 424
tcp_ping received 6144 bytes back
Round trip time was 29.3196 milliseconds in repetition 425
tcp_ping received 6144 bytes back
Round trip time was 30.3324 milliseconds in repetition 426
tcp_ping received 6144 bytes back
Round trip time was 32.3845 milliseconds in repetition 427
tcp_ping received 6144 bytes back
Round trip time was 29.3066 milliseconds in repetition 428
tcp_ping received 6144 bytes back
Round trip time was 35.1114 milliseconds in repetition 429
tcp_ping received 6144 bytes back
Round trip time was 38.6867 milliseconds in repetition 430
tcp_ping received 6144 bytes back
Round trip time was 38.432 milliseconds in repetition 431
tcp_ping received 6144 bytes back
Round trip time was 32.2795 milliseconds in repetition 432
tcp_ping received 6144 bytes back
Round trip time was 37.6248 milliseconds in repetition 433
tcp_ping received 6144 bytes back
Round trip time was 42.3733 milliseconds in repetition 434
tcp_ping received 6144 bytes back
Round trip time was 34.1805 milliseconds in repetition 435
tcp_ping received 6144 bytes back
Round trip time was 29.3876 milliseconds in repetition 436
tcp_ping received 6144 bytes back
Round trip time was 29.8011 milliseconds in repetition 437
tcp_ping received 6144 bytes back
Round trip time was 29.859 milliseconds in repetition 438
tcp_ping received 6144 bytes back
Round trip time was 47.6619 milliseconds in repetition 439
tcp_ping received 6144 bytes back
Round trip time was 28.9167 milliseconds in repetition 440
tcp_ping received 6144 bytes back
Round trip time was 30.9073 milliseconds in repetition 441
tcp_ping received 6144 bytes back
Round trip time was 30.0446 milliseconds in repetition 442
tcp_ping received 6144 bytes back
Round trip time was 29.8581 milliseconds in repetition 443
tcp_ping received 6144 bytes back
Round trip time was 32.7888 milliseconds in repetition 444
tcp_ping received 6144 bytes back
Round trip time was 29.1883 milliseconds in repetition 445
tcp_ping received 6144 bytes back
Round trip time was 31.7138 milliseconds in repetition 446
tcp_ping received 6144 bytes back
Round trip time was 31.8378 milliseconds in repetition 447
tcp_ping received 6144 bytes back
Round trip time was 38.2271 milliseconds in repetition 448
tcp_ping received 6144 bytes back
Round trip time was 30.8184 milliseconds in repetition 449
tcp_ping received 6144 bytes back
Round trip time was 43.078 milliseconds in repetition 450
tcp_ping received 6144 bytes back
Round trip time was 30.2515 milliseconds in repetition 451
tcp_ping received 6144 bytes back
Round trip time was 30.1281 milliseconds in repetition 452
tcp_ping received 6144 bytes back
Round trip time was 30.2095 milliseconds in repetition 453
tcp_ping received 6144 bytes back
Round trip time was 31.1681 milliseconds in repetition 454
tcp_ping received 6144 bytes back
Round trip time was 39.4085 milliseconds in repetition 455
tcp_ping received 6144 bytes back
Round trip time was 45.6217 milliseconds in repetition 456
tcp_ping received 6144 bytes back
Round trip time was 45.2653 milliseconds in repetition 457
tcp_ping received 6144 bytes back
Round trip time was 54.0967 milliseconds in repetition 458
tcp_ping received 6144 bytes back
Round trip time was 74.6688 milliseconds in repetition 459
tcp_ping received 6144 bytes back
Round trip time was 29.8502 milliseconds in repetition 460
tcp_ping received 6144 bytes back
Round trip time was 39.8834 milliseconds in repetition 461
tcp_ping received 6144 bytes back
Round trip time was 32.6505 milliseconds in repetition 462
tcp_ping received 6144 bytes back
Round trip time was 29.4803 milliseconds in repetition 463
tcp_ping received 6144 bytes back
Round trip time was 32.0108 milliseconds in repetition 464
tcp_ping received 6144 bytes back
Round trip time was 32.8213 milliseconds in repetition 465
tcp_ping received 6144 bytes back
Round trip time was 32.4983 milliseconds in repetition 466
tcp_ping received 6144 bytes back
Round trip time was 34.6238 milliseconds in repetition 467
tcp_ping received 6144 bytes back
Round trip time was 34.148 milliseconds in repetition 468
tcp_ping received 6144 bytes back
Round trip time was 80.4002 milliseconds in repetition 469
tcp_ping received 6144 bytes back
Round trip time was 33.0296 milliseconds in repetition 470
tcp_ping received 6144 bytes back
Round trip time was 31.3918 milliseconds in repetition 471
tcp_ping received 6144 bytes back
Round trip time was 33.4248 milliseconds in repetition 472
tcp_ping received 6144 bytes back
Round trip time was 30.3804 milliseconds in repetition 473
tcp_ping received 6144 bytes back
Round trip time was 31.3744 milliseconds in repetition 474
tcp_ping received 6144 bytes back
Round trip time was 30.9608 milliseconds in repetition 475
tcp_ping received 6144 bytes back
Round trip time was 30.051 milliseconds in repetition 476
tcp_ping received 6144 bytes back
Round trip time was 35.4996 milliseconds in repetition 477
tcp_ping received 6144 bytes back
Round trip time was 83.6405 milliseconds in repetition 478
tcp_ping received 6144 bytes back
Round trip time was 28.908 milliseconds in repetition 479
tcp_ping received 6144 bytes back
Round trip time was 36.1189 milliseconds in repetition 480
tcp_ping received 6144 bytes back
Round trip time was 34.1075 milliseconds in repetition 481
tcp_ping received 6144 bytes back
Round trip time was 35.1305 milliseconds in repetition 482
tcp_ping received 6144 bytes back
Round trip time was 32.7198 milliseconds in repetition 483
tcp_ping received 6144 bytes back
Round trip time was 30.6895 milliseconds in repetition 484
tcp_ping received 6144 bytes back
Round trip time was 31.3134 milliseconds in repetition 485
tcp_ping received 6144 bytes back
Round trip time was 33.0996 milliseconds in repetition 486
tcp_ping received 6144 bytes back
Round trip time was 29.2536 milliseconds in repetition 487
tcp_ping received 6144 bytes back
Round trip time was 30.8012 milliseconds in repetition 488
tcp_ping received 6144 bytes back
Round trip time was 51.687 milliseconds in repetition 489
tcp_ping received 6144 bytes back
Round trip time was 29.2665 milliseconds in repetition 490
tcp_ping received 6144 bytes back
Round trip time was 30.1978 milliseconds in repetition 491
tcp_ping received 6144 bytes back
Round trip time was 33.7548 milliseconds in repetition 492
tcp_ping received 6144 bytes back
Round trip time was 29.7817 milliseconds in repetition 493
tcp_ping received 6144 bytes back
Round trip time was 29.9533 milliseconds in repetition 494
tcp_ping received 6144 bytes back
Round trip time was 35.003 milliseconds in repetition 495
tcp_ping received 6144 bytes back
Round trip time was 34.4734 milliseconds in repetition 496
tcp_ping received 6144 bytes back
Round trip time was 44.1243 milliseconds in repetition 497
tcp_ping received 6144 bytes back
Round trip time was 32.0991 milliseconds in repetition 498
tcp_ping received 6144 bytes back
Round trip time was 32.7789 milliseconds in repetition 499
tcp_ping received 6144 bytes back
Round trip time was 34.6896 milliseconds in repetition 500
tcp_ping received 6144 bytes back
Round trip time was 33.1978 milliseconds in repetition 501

 ... clock resolution was 0.0001
TCP Ping:  Statistics over 501 repetitions of 6144 byte messages

RTT : percentile 10: 29.6271, median: 32.8392, percentile 90: 45.9777, average: 37.4425, variance: 753.906

RTT histogram:
28.6026 421
52.9236 68
77.2446 10
101.566 0
125.887 0
150.208 0
174.529 0
198.85 0
223.171 0
247.492 0
271.813 0
296.134 0
320.455 0
344.776 0
369.097 1
393.418 0
417.739 0
442.06 0
466.381 0
490.702 0
515.023 1

   median Throughput : 374.187 KB/s   overall Throughput : 328.183 KB/s

