TCP Ping trying to connect to server seti.dibris.unige.it (130.251.61.30) on port 1491
 ... connected to Pong server: asking for 501 repetitions of 131072 bytes TCP messages
 ... Pong server agreed :-)
tcp_ping received 131072 bytes back
Round trip time was 278.571 milliseconds in repetition 1
tcp_ping received 131072 bytes back
Round trip time was 99.4238 milliseconds in repetition 2
tcp_ping received 131072 bytes back
Round trip time was 104.373 milliseconds in repetition 3
tcp_ping received 131072 bytes back
Round trip time was 88.5931 milliseconds in repetition 4
tcp_ping received 131072 bytes back
Round trip time was 98.6476 milliseconds in repetition 5
tcp_ping received 131072 bytes back
Round trip time was 90.9124 milliseconds in repetition 6
tcp_ping received 131072 bytes back
Round trip time was 111.338 milliseconds in repetition 7
tcp_ping received 131072 bytes back
Round trip time was 85.3426 milliseconds in repetition 8
tcp_ping received 131072 bytes back
Round trip time was 91.8789 milliseconds in repetition 9
tcp_ping received 131072 bytes back
Round trip time was 92.3267 milliseconds in repetition 10
tcp_ping received 131072 bytes back
Round trip time was 92.712 milliseconds in repetition 11
tcp_ping received 131072 bytes back
Round trip time was 85.2373 milliseconds in repetition 12
tcp_ping received 131072 bytes back
Round trip time was 116.558 milliseconds in repetition 13
tcp_ping received 131072 bytes back
Round trip time was 91.0141 milliseconds in repetition 14
tcp_ping received 131072 bytes back
Round trip time was 87.7757 milliseconds in repetition 15
tcp_ping received 131072 bytes back
Round trip time was 83.9271 milliseconds in repetition 16
tcp_ping received 131072 bytes back
Round trip time was 91.6536 milliseconds in repetition 17
tcp_ping received 131072 bytes back
Round trip time was 94.0982 milliseconds in repetition 18
tcp_ping received 131072 bytes back
Round trip time was 97.9755 milliseconds in repetition 19
tcp_ping received 131072 bytes back
Round trip time was 84.9832 milliseconds in repetition 20
tcp_ping received 131072 bytes back
Round trip time was 109.823 milliseconds in repetition 21
tcp_ping received 131072 bytes back
Round trip time was 97.0556 milliseconds in repetition 22
tcp_ping received 131072 bytes back
Round trip time was 92.5031 milliseconds in repetition 23
tcp_ping received 131072 bytes back
Round trip time was 87.8147 milliseconds in repetition 24
tcp_ping received 131072 bytes back
Round trip time was 87.1062 milliseconds in repetition 25
tcp_ping received 131072 bytes back
Round trip time was 82.8219 milliseconds in repetition 26
tcp_ping received 131072 bytes back
Round trip time was 117.978 milliseconds in repetition 27
tcp_ping received 131072 bytes back
Round trip time was 114.942 milliseconds in repetition 28
tcp_ping received 131072 bytes back
Round trip time was 79.9813 milliseconds in repetition 29
tcp_ping received 131072 bytes back
Round trip time was 91.4174 milliseconds in repetition 30
tcp_ping received 131072 bytes back
Round trip time was 88.9484 milliseconds in repetition 31
tcp_ping received 131072 bytes back
Round trip time was 99.8744 milliseconds in repetition 32
tcp_ping received 131072 bytes back
Round trip time was 110.263 milliseconds in repetition 33
tcp_ping received 131072 bytes back
Round trip time was 103.622 milliseconds in repetition 34
tcp_ping received 131072 bytes back
Round trip time was 83.9787 milliseconds in repetition 35
tcp_ping received 131072 bytes back
Round trip time was 97.5729 milliseconds in repetition 36
tcp_ping received 131072 bytes back
Round trip time was 92.7876 milliseconds in repetition 37
tcp_ping received 131072 bytes back
Round trip time was 98.6308 milliseconds in repetition 38
tcp_ping received 131072 bytes back
Round trip time was 146.723 milliseconds in repetition 39
tcp_ping received 131072 bytes back
Round trip time was 153.012 milliseconds in repetition 40
tcp_ping received 131072 bytes back
Round trip time was 140.029 milliseconds in repetition 41
tcp_ping received 131072 bytes back
Round trip time was 109.658 milliseconds in repetition 42
tcp_ping received 131072 bytes back
Round trip time was 115.566 milliseconds in repetition 43
tcp_ping received 131072 bytes back
Round trip time was 113.245 milliseconds in repetition 44
tcp_ping received 131072 bytes back
Round trip time was 131.615 milliseconds in repetition 45
tcp_ping received 131072 bytes back
Round trip time was 117.752 milliseconds in repetition 46
tcp_ping received 131072 bytes back
Round trip time was 127.994 milliseconds in repetition 47
tcp_ping received 131072 bytes back
Round trip time was 114.76 milliseconds in repetition 48
tcp_ping received 131072 bytes back
Round trip time was 122.924 milliseconds in repetition 49
tcp_ping received 131072 bytes back
Round trip time was 120.237 milliseconds in repetition 50
tcp_ping received 131072 bytes back
Round trip time was 96.3241 milliseconds in repetition 51
tcp_ping received 131072 bytes back
Round trip time was 135.955 milliseconds in repetition 52
tcp_ping received 131072 bytes back
Round trip time was 152.002 milliseconds in repetition 53
tcp_ping received 131072 bytes back
Round trip time was 113.879 milliseconds in repetition 54
tcp_ping received 131072 bytes back
Round trip time was 108.389 milliseconds in repetition 55
tcp_ping received 131072 bytes back
Round trip time was 133.219 milliseconds in repetition 56
tcp_ping received 131072 bytes back
Round trip time was 101.12 milliseconds in repetition 57
tcp_ping received 131072 bytes back
Round trip time was 106.862 milliseconds in repetition 58
tcp_ping received 131072 bytes back
Round trip time was 122.187 milliseconds in repetition 59
tcp_ping received 131072 bytes back
Round trip time was 103.725 milliseconds in repetition 60
tcp_ping received 131072 bytes back
Round trip time was 98.5926 milliseconds in repetition 61
tcp_ping received 131072 bytes back
Round trip time was 112.506 milliseconds in repetition 62
tcp_ping received 131072 bytes back
Round trip time was 502.906 milliseconds in repetition 63
tcp_ping received 131072 bytes back
Round trip time was 105.719 milliseconds in repetition 64
tcp_ping received 131072 bytes back
Round trip time was 182.363 milliseconds in repetition 65
tcp_ping received 131072 bytes back
Round trip time was 121.242 milliseconds in repetition 66
tcp_ping received 131072 bytes back
Round trip time was 126.626 milliseconds in repetition 67
tcp_ping received 131072 bytes back
Round trip time was 125.109 milliseconds in repetition 68
tcp_ping received 131072 bytes back
Round trip time was 104.796 milliseconds in repetition 69
tcp_ping received 131072 bytes back
Round trip time was 116.301 milliseconds in repetition 70
tcp_ping received 131072 bytes back
Round trip time was 140.526 milliseconds in repetition 71
tcp_ping received 131072 bytes back
Round trip time was 113.069 milliseconds in repetition 72
tcp_ping received 131072 bytes back
Round trip time was 118.226 milliseconds in repetition 73
tcp_ping received 131072 bytes back
Round trip time was 134.257 milliseconds in repetition 74
tcp_ping received 131072 bytes back
Round trip time was 84.3065 milliseconds in repetition 75
tcp_ping received 131072 bytes back
Round trip time was 108.637 milliseconds in repetition 76
tcp_ping received 131072 bytes back
Round trip time was 111.813 milliseconds in repetition 77
tcp_ping received 131072 bytes back
Round trip time was 88.866 milliseconds in repetition 78
tcp_ping received 131072 bytes back
Round trip time was 86.7297 milliseconds in repetition 79
tcp_ping received 131072 bytes back
Round trip time was 120.46 milliseconds in repetition 80
tcp_ping received 131072 bytes back
Round trip time was 97.7327 milliseconds in repetition 81
tcp_ping received 131072 bytes back
Round trip time was 99.8117 milliseconds in repetition 82
tcp_ping received 131072 bytes back
Round trip time was 92.0157 milliseconds in repetition 83
tcp_ping received 131072 bytes back
Round trip time was 114.223 milliseconds in repetition 84
tcp_ping received 131072 bytes back
Round trip time was 85.6508 milliseconds in repetition 85
tcp_ping received 131072 bytes back
Round trip time was 108.99 milliseconds in repetition 86
tcp_ping received 131072 bytes back
Round trip time was 136.096 milliseconds in repetition 87
tcp_ping received 131072 bytes back
Round trip time was 101.513 milliseconds in repetition 88
tcp_ping received 131072 bytes back
Round trip time was 98.7265 milliseconds in repetition 89
tcp_ping received 131072 bytes back
Round trip time was 92.0544 milliseconds in repetition 90
tcp_ping received 131072 bytes back
Round trip time was 99.0498 milliseconds in repetition 91
tcp_ping received 131072 bytes back
Round trip time was 98.6117 milliseconds in repetition 92
tcp_ping received 131072 bytes back
Round trip time was 84.2013 milliseconds in repetition 93
tcp_ping received 131072 bytes back
Round trip time was 94.2872 milliseconds in repetition 94
tcp_ping received 131072 bytes back
Round trip time was 87.3817 milliseconds in repetition 95
tcp_ping received 131072 bytes back
Round trip time was 84.224 milliseconds in repetition 96
tcp_ping received 131072 bytes back
Round trip time was 97.3905 milliseconds in repetition 97
tcp_ping received 131072 bytes back
Round trip time was 100.752 milliseconds in repetition 98
tcp_ping received 131072 bytes back
Round trip time was 93.9964 milliseconds in repetition 99
tcp_ping received 131072 bytes back
Round trip time was 95.1252 milliseconds in repetition 100
tcp_ping received 131072 bytes back
Round trip time was 92.6665 milliseconds in repetition 101
tcp_ping received 131072 bytes back
Round trip time was 88.4224 milliseconds in repetition 102
tcp_ping received 131072 bytes back
Round trip time was 85.3599 milliseconds in repetition 103
tcp_ping received 131072 bytes back
Round trip time was 111.28 milliseconds in repetition 104
tcp_ping received 131072 bytes back
Round trip time was 93.4552 milliseconds in repetition 105
tcp_ping received 131072 bytes back
Round trip time was 95.6149 milliseconds in repetition 106
tcp_ping received 131072 bytes back
Round trip time was 84.1128 milliseconds in repetition 107
tcp_ping received 131072 bytes back
Round trip time was 95.3908 milliseconds in repetition 108
tcp_ping received 131072 bytes back
Round trip time was 88.0302 milliseconds in repetition 109
tcp_ping received 131072 bytes back
Round trip time was 73.7553 milliseconds in repetition 110
tcp_ping received 131072 bytes back
Round trip time was 88.9707 milliseconds in repetition 111
tcp_ping received 131072 bytes back
Round trip time was 81.654 milliseconds in repetition 112
tcp_ping received 131072 bytes back
Round trip time was 70.7752 milliseconds in repetition 113
tcp_ping received 131072 bytes back
Round trip time was 87.103 milliseconds in repetition 114
tcp_ping received 131072 bytes back
Round trip time was 71.3067 milliseconds in repetition 115
tcp_ping received 131072 bytes back
Round trip time was 82.9195 milliseconds in repetition 116
tcp_ping received 131072 bytes back
Round trip time was 90.213 milliseconds in repetition 117
tcp_ping received 131072 bytes back
Round trip time was 76.3276 milliseconds in repetition 118
tcp_ping received 131072 bytes back
Round trip time was 78.2863 milliseconds in repetition 119
tcp_ping received 131072 bytes back
Round trip time was 81.3414 milliseconds in repetition 120
tcp_ping received 131072 bytes back
Round trip time was 84.1904 milliseconds in repetition 121
tcp_ping received 131072 bytes back
Round trip time was 80.0587 milliseconds in repetition 122
tcp_ping received 131072 bytes back
Round trip time was 83.2313 milliseconds in repetition 123
tcp_ping received 131072 bytes back
Round trip time was 78.3126 milliseconds in repetition 124
tcp_ping received 131072 bytes back
Round trip time was 90.6021 milliseconds in repetition 125
tcp_ping received 131072 bytes back
Round trip time was 83.9041 milliseconds in repetition 126
tcp_ping received 131072 bytes back
Round trip time was 78.3364 milliseconds in repetition 127
tcp_ping received 131072 bytes back
Round trip time was 86.049 milliseconds in repetition 128
tcp_ping received 131072 bytes back
Round trip time was 82.0222 milliseconds in repetition 129
tcp_ping received 131072 bytes back
Round trip time was 89.8283 milliseconds in repetition 130
tcp_ping received 131072 bytes back
Round trip time was 73.5137 milliseconds in repetition 131
tcp_ping received 131072 bytes back
Round trip time was 81.521 milliseconds in repetition 132
tcp_ping received 131072 bytes back
Round trip time was 81.7887 milliseconds in repetition 133
tcp_ping received 131072 bytes back
Round trip time was 80.3269 milliseconds in repetition 134
tcp_ping received 131072 bytes back
Round trip time was 86.9139 milliseconds in repetition 135
tcp_ping received 131072 bytes back
Round trip time was 86.0136 milliseconds in repetition 136
tcp_ping received 131072 bytes back
Round trip time was 80.716 milliseconds in repetition 137
tcp_ping received 131072 bytes back
Round trip time was 87.8231 milliseconds in repetition 138
tcp_ping received 131072 bytes back
Round trip time was 87.9894 milliseconds in repetition 139
tcp_ping received 131072 bytes back
Round trip time was 84.2542 milliseconds in repetition 140
tcp_ping received 131072 bytes back
Round trip time was 90.0556 milliseconds in repetition 141
tcp_ping received 131072 bytes back
Round trip time was 70.5884 milliseconds in repetition 142
tcp_ping received 131072 bytes back
Round trip time was 93.3848 milliseconds in repetition 143
tcp_ping received 131072 bytes back
Round trip time was 81.5096 milliseconds in repetition 144
tcp_ping received 131072 bytes back
Round trip time was 78.9436 milliseconds in repetition 145
tcp_ping received 131072 bytes back
Round trip time was 74.5206 milliseconds in repetition 146
tcp_ping received 131072 bytes back
Round trip time was 103.194 milliseconds in repetition 147
tcp_ping received 131072 bytes back
Round trip time was 127.105 milliseconds in repetition 148
tcp_ping received 131072 bytes back
Round trip time was 88.6964 milliseconds in repetition 149
tcp_ping received 131072 bytes back
Round trip time was 83.6589 milliseconds in repetition 150
tcp_ping received 131072 bytes back
Round trip time was 77.5467 milliseconds in repetition 151
tcp_ping received 131072 bytes back
Round trip time was 72.6994 milliseconds in repetition 152
tcp_ping received 131072 bytes back
Round trip time was 86.6572 milliseconds in repetition 153
tcp_ping received 131072 bytes back
Round trip time was 70.5842 milliseconds in repetition 154
tcp_ping received 131072 bytes back
Round trip time was 82.4296 milliseconds in repetition 155
tcp_ping received 131072 bytes back
Round trip time was 79.7278 milliseconds in repetition 156
tcp_ping received 131072 bytes back
Round trip time was 102.179 milliseconds in repetition 157
tcp_ping received 131072 bytes back
Round trip time was 132.036 milliseconds in repetition 158
tcp_ping received 131072 bytes back
Round trip time was 95.5851 milliseconds in repetition 159
tcp_ping received 131072 bytes back
Round trip time was 96.7527 milliseconds in repetition 160
tcp_ping received 131072 bytes back
Round trip time was 78.6386 milliseconds in repetition 161
tcp_ping received 131072 bytes back
Round trip time was 98.0744 milliseconds in repetition 162
tcp_ping received 131072 bytes back
Round trip time was 94.4392 milliseconds in repetition 163
tcp_ping received 131072 bytes back
Round trip time was 80.2383 milliseconds in repetition 164
tcp_ping received 131072 bytes back
Round trip time was 91.5165 milliseconds in repetition 165
tcp_ping received 131072 bytes back
Round trip time was 77.2032 milliseconds in repetition 166
tcp_ping received 131072 bytes back
Round trip time was 86.2822 milliseconds in repetition 167
tcp_ping received 131072 bytes back
Round trip time was 130.963 milliseconds in repetition 168
tcp_ping received 131072 bytes back
Round trip time was 117.994 milliseconds in repetition 169
tcp_ping received 131072 bytes back
Round trip time was 114.083 milliseconds in repetition 170
tcp_ping received 131072 bytes back
Round trip time was 109.699 milliseconds in repetition 171
tcp_ping received 131072 bytes back
Round trip time was 103.645 milliseconds in repetition 172
tcp_ping received 131072 bytes back
Round trip time was 99.5554 milliseconds in repetition 173
tcp_ping received 131072 bytes back
Round trip time was 105.554 milliseconds in repetition 174
tcp_ping received 131072 bytes back
Round trip time was 87.1052 milliseconds in repetition 175
tcp_ping received 131072 bytes back
Round trip time was 91.594 milliseconds in repetition 176
tcp_ping received 131072 bytes back
Round trip time was 81.8252 milliseconds in repetition 177
tcp_ping received 131072 bytes back
Round trip time was 92.6496 milliseconds in repetition 178
tcp_ping received 131072 bytes back
Round trip time was 111.059 milliseconds in repetition 179
tcp_ping received 131072 bytes back
Round trip time was 93.6742 milliseconds in repetition 180
tcp_ping received 131072 bytes back
Round trip time was 121.736 milliseconds in repetition 181
tcp_ping received 131072 bytes back
Round trip time was 106.828 milliseconds in repetition 182
tcp_ping received 131072 bytes back
Round trip time was 115.382 milliseconds in repetition 183
tcp_ping received 131072 bytes back
Round trip time was 90.4625 milliseconds in repetition 184
tcp_ping received 131072 bytes back
Round trip time was 102.108 milliseconds in repetition 185
tcp_ping received 131072 bytes back
Round trip time was 104.46 milliseconds in repetition 186
tcp_ping received 131072 bytes back
Round trip time was 89.2742 milliseconds in repetition 187
tcp_ping received 131072 bytes back
Round trip time was 95.6692 milliseconds in repetition 188
tcp_ping received 131072 bytes back
Round trip time was 120.711 milliseconds in repetition 189
tcp_ping received 131072 bytes back
Round trip time was 123.412 milliseconds in repetition 190
tcp_ping received 131072 bytes back
Round trip time was 89.895 milliseconds in repetition 191
tcp_ping received 131072 bytes back
Round trip time was 98.1384 milliseconds in repetition 192
tcp_ping received 131072 bytes back
Round trip time was 89.4577 milliseconds in repetition 193
tcp_ping received 131072 bytes back
Round trip time was 114.356 milliseconds in repetition 194
tcp_ping received 131072 bytes back
Round trip time was 118.361 milliseconds in repetition 195
tcp_ping received 131072 bytes back
Round trip time was 153.845 milliseconds in repetition 196
tcp_ping received 131072 bytes back
Round trip time was 115.028 milliseconds in repetition 197
tcp_ping received 131072 bytes back
Round trip time was 99.0594 milliseconds in repetition 198
tcp_ping received 131072 bytes back
Round trip time was 169.95 milliseconds in repetition 199
tcp_ping received 131072 bytes back
Round trip time was 101.982 milliseconds in repetition 200
tcp_ping received 131072 bytes back
Round trip time was 93.9504 milliseconds in repetition 201
tcp_ping received 131072 bytes back
Round trip time was 107.161 milliseconds in repetition 202
tcp_ping received 131072 bytes back
Round trip time was 103.5 milliseconds in repetition 203
tcp_ping received 131072 bytes back
Round trip time was 89.0014 milliseconds in repetition 204
tcp_ping received 131072 bytes back
Round trip time was 86.7101 milliseconds in repetition 205
tcp_ping received 131072 bytes back
Round trip time was 93.1117 milliseconds in repetition 206
tcp_ping received 131072 bytes back
Round trip time was 114.409 milliseconds in repetition 207
tcp_ping received 131072 bytes back
Round trip time was 90.6976 milliseconds in repetition 208
tcp_ping received 131072 bytes back
Round trip time was 114.348 milliseconds in repetition 209
tcp_ping received 131072 bytes back
Round trip time was 95.4445 milliseconds in repetition 210
tcp_ping received 131072 bytes back
Round trip time was 90.6365 milliseconds in repetition 211
tcp_ping received 131072 bytes back
Round trip time was 96.3204 milliseconds in repetition 212
tcp_ping received 131072 bytes back
Round trip time was 127.886 milliseconds in repetition 213
tcp_ping received 131072 bytes back
Round trip time was 93.7378 milliseconds in repetition 214
tcp_ping received 131072 bytes back
Round trip time was 93.5855 milliseconds in repetition 215
tcp_ping received 131072 bytes back
Round trip time was 90.4474 milliseconds in repetition 216
tcp_ping received 131072 bytes back
Round trip time was 102.22 milliseconds in repetition 217
tcp_ping received 131072 bytes back
Round trip time was 100.228 milliseconds in repetition 218
tcp_ping received 131072 bytes back
Round trip time was 109.149 milliseconds in repetition 219
tcp_ping received 131072 bytes back
Round trip time was 106.764 milliseconds in repetition 220
tcp_ping received 131072 bytes back
Round trip time was 90.7877 milliseconds in repetition 221
tcp_ping received 131072 bytes back
Round trip time was 104.313 milliseconds in repetition 222
tcp_ping received 131072 bytes back
Round trip time was 95.9025 milliseconds in repetition 223
tcp_ping received 131072 bytes back
Round trip time was 107.882 milliseconds in repetition 224
tcp_ping received 131072 bytes back
Round trip time was 112.449 milliseconds in repetition 225
tcp_ping received 131072 bytes back
Round trip time was 141.213 milliseconds in repetition 226
tcp_ping received 131072 bytes back
Round trip time was 113.132 milliseconds in repetition 227
tcp_ping received 131072 bytes back
Round trip time was 95.1971 milliseconds in repetition 228
tcp_ping received 131072 bytes back
Round trip time was 113.8 milliseconds in repetition 229
tcp_ping received 131072 bytes back
Round trip time was 101.23 milliseconds in repetition 230
tcp_ping received 131072 bytes back
Round trip time was 97.2891 milliseconds in repetition 231
tcp_ping received 131072 bytes back
Round trip time was 86.6852 milliseconds in repetition 232
tcp_ping received 131072 bytes back
Round trip time was 103.855 milliseconds in repetition 233
tcp_ping received 131072 bytes back
Round trip time was 89.1245 milliseconds in repetition 234
tcp_ping received 131072 bytes back
Round trip time was 86.1016 milliseconds in repetition 235
tcp_ping received 131072 bytes back
Round trip time was 83.7554 milliseconds in repetition 236
tcp_ping received 131072 bytes back
Round trip time was 117.993 milliseconds in repetition 237
tcp_ping received 131072 bytes back
Round trip time was 102.982 milliseconds in repetition 238
tcp_ping received 131072 bytes back
Round trip time was 85.1956 milliseconds in repetition 239
tcp_ping received 131072 bytes back
Round trip time was 88.9537 milliseconds in repetition 240
tcp_ping received 131072 bytes back
Round trip time was 83.0689 milliseconds in repetition 241
tcp_ping received 131072 bytes back
Round trip time was 93.1394 milliseconds in repetition 242
tcp_ping received 131072 bytes back
Round trip time was 91.2756 milliseconds in repetition 243
tcp_ping received 131072 bytes back
Round trip time was 86.7647 milliseconds in repetition 244
tcp_ping received 131072 bytes back
Round trip time was 81.7305 milliseconds in repetition 245
tcp_ping received 131072 bytes back
Round trip time was 89.4186 milliseconds in repetition 246
tcp_ping received 131072 bytes back
Round trip time was 121.338 milliseconds in repetition 247
tcp_ping received 131072 bytes back
Round trip time was 84.6677 milliseconds in repetition 248
tcp_ping received 131072 bytes back
Round trip time was 101.251 milliseconds in repetition 249
tcp_ping received 131072 bytes back
Round trip time was 125.689 milliseconds in repetition 250
tcp_ping received 131072 bytes back
Round trip time was 100.985 milliseconds in repetition 251
tcp_ping received 131072 bytes back
Round trip time was 98.1835 milliseconds in repetition 252
tcp_ping received 131072 bytes back
Round trip time was 80.9766 milliseconds in repetition 253
tcp_ping received 131072 bytes back
Round trip time was 88.3887 milliseconds in repetition 254
tcp_ping received 131072 bytes back
Round trip time was 90.5616 milliseconds in repetition 255
tcp_ping received 131072 bytes back
Round trip time was 101.695 milliseconds in repetition 256
tcp_ping received 131072 bytes back
Round trip time was 92.8714 milliseconds in repetition 257
tcp_ping received 131072 bytes back
Round trip time was 93.7528 milliseconds in repetition 258
tcp_ping received 131072 bytes back
Round trip time was 110.892 milliseconds in repetition 259
tcp_ping received 131072 bytes back
Round trip time was 95.9216 milliseconds in repetition 260
tcp_ping received 131072 bytes back
Round trip time was 95.8981 milliseconds in repetition 261
tcp_ping received 131072 bytes back
Round trip time was 91.7122 milliseconds in repetition 262
tcp_ping received 131072 bytes back
Round trip time was 88.133 milliseconds in repetition 263
tcp_ping received 131072 bytes back
Round trip time was 104.41 milliseconds in repetition 264
tcp_ping received 131072 bytes back
Round trip time was 108.097 milliseconds in repetition 265
tcp_ping received 131072 bytes back
Round trip time was 86.1273 milliseconds in repetition 266
tcp_ping received 131072 bytes back
Round trip time was 114.909 milliseconds in repetition 267
tcp_ping received 131072 bytes back
Round trip time was 95.1437 milliseconds in repetition 268
tcp_ping received 131072 bytes back
Round trip time was 130.695 milliseconds in repetition 269
tcp_ping received 131072 bytes back
Round trip time was 104.276 milliseconds in repetition 270
tcp_ping received 131072 bytes back
Round trip time was 126.483 milliseconds in repetition 271
tcp_ping received 131072 bytes back
Round trip time was 100.499 milliseconds in repetition 272
tcp_ping received 131072 bytes back
Round trip time was 113.705 milliseconds in repetition 273
tcp_ping received 131072 bytes back
Round trip time was 94.2008 milliseconds in repetition 274
tcp_ping received 131072 bytes back
Round trip time was 117.648 milliseconds in repetition 275
tcp_ping received 131072 bytes back
Round trip time was 128.407 milliseconds in repetition 276
tcp_ping received 131072 bytes back
Round trip time was 109.336 milliseconds in repetition 277
tcp_ping received 131072 bytes back
Round trip time was 91.8976 milliseconds in repetition 278
tcp_ping received 131072 bytes back
Round trip time was 98.4706 milliseconds in repetition 279
tcp_ping received 131072 bytes back
Round trip time was 88.0154 milliseconds in repetition 280
tcp_ping received 131072 bytes back
Round trip time was 102.26 milliseconds in repetition 281
tcp_ping received 131072 bytes back
Round trip time was 119.949 milliseconds in repetition 282
tcp_ping received 131072 bytes back
Round trip time was 89.5733 milliseconds in repetition 283
tcp_ping received 131072 bytes back
Round trip time was 84.652 milliseconds in repetition 284
tcp_ping received 131072 bytes back
Round trip time was 79.8403 milliseconds in repetition 285
tcp_ping received 131072 bytes back
Round trip time was 92.0869 milliseconds in repetition 286
tcp_ping received 131072 bytes back
Round trip time was 98.7561 milliseconds in repetition 287
tcp_ping received 131072 bytes back
Round trip time was 100.296 milliseconds in repetition 288
tcp_ping received 131072 bytes back
Round trip time was 85.2284 milliseconds in repetition 289
tcp_ping received 131072 bytes back
Round trip time was 104.587 milliseconds in repetition 290
tcp_ping received 131072 bytes back
Round trip time was 77.8931 milliseconds in repetition 291
tcp_ping received 131072 bytes back
Round trip time was 92.4502 milliseconds in repetition 292
tcp_ping received 131072 bytes back
Round trip time was 111.196 milliseconds in repetition 293
tcp_ping received 131072 bytes back
Round trip time was 93.0219 milliseconds in repetition 294
tcp_ping received 131072 bytes back
Round trip time was 145.464 milliseconds in repetition 295
tcp_ping received 131072 bytes back
Round trip time was 123.877 milliseconds in repetition 296
tcp_ping received 131072 bytes back
Round trip time was 119.532 milliseconds in repetition 297
tcp_ping received 131072 bytes back
Round trip time was 97.2869 milliseconds in repetition 298
tcp_ping received 131072 bytes back
Round trip time was 94.469 milliseconds in repetition 299
tcp_ping received 131072 bytes back
Round trip time was 135.218 milliseconds in repetition 300
tcp_ping received 131072 bytes back
Round trip time was 82.5517 milliseconds in repetition 301
tcp_ping received 131072 bytes back
Round trip time was 109.279 milliseconds in repetition 302
tcp_ping received 131072 bytes back
Round trip time was 117.144 milliseconds in repetition 303
tcp_ping received 131072 bytes back
Round trip time was 127.274 milliseconds in repetition 304
tcp_ping received 131072 bytes back
Round trip time was 97.9979 milliseconds in repetition 305
tcp_ping received 131072 bytes back
Round trip time was 121.507 milliseconds in repetition 306
tcp_ping received 131072 bytes back
Round trip time was 96.0422 milliseconds in repetition 307
tcp_ping received 131072 bytes back
Round trip time was 83.442 milliseconds in repetition 308
tcp_ping received 131072 bytes back
Round trip time was 140.578 milliseconds in repetition 309
tcp_ping received 131072 bytes back
Round trip time was 101.187 milliseconds in repetition 310
tcp_ping received 131072 bytes back
Round trip time was 84.035 milliseconds in repetition 311
tcp_ping received 131072 bytes back
Round trip time was 99.648 milliseconds in repetition 312
tcp_ping received 131072 bytes back
Round trip time was 91.9536 milliseconds in repetition 313
tcp_ping received 131072 bytes back
Round trip time was 120.993 milliseconds in repetition 314
tcp_ping received 131072 bytes back
Round trip time was 104.288 milliseconds in repetition 315
tcp_ping received 131072 bytes back
Round trip time was 103.209 milliseconds in repetition 316
tcp_ping received 131072 bytes back
Round trip time was 80.5714 milliseconds in repetition 317
tcp_ping received 131072 bytes back
Round trip time was 88.2812 milliseconds in repetition 318
tcp_ping received 131072 bytes back
Round trip time was 102.603 milliseconds in repetition 319
tcp_ping received 131072 bytes back
Round trip time was 121.965 milliseconds in repetition 320
tcp_ping received 131072 bytes back
Round trip time was 80.6413 milliseconds in repetition 321
tcp_ping received 131072 bytes back
Round trip time was 98.133 milliseconds in repetition 322
tcp_ping received 131072 bytes back
Round trip time was 119.708 milliseconds in repetition 323
tcp_ping received 131072 bytes back
Round trip time was 116.188 milliseconds in repetition 324
tcp_ping received 131072 bytes back
Round trip time was 100.898 milliseconds in repetition 325
tcp_ping received 131072 bytes back
Round trip time was 111.394 milliseconds in repetition 326
tcp_ping received 131072 bytes back
Round trip time was 108.473 milliseconds in repetition 327
tcp_ping received 131072 bytes back
Round trip time was 88.9226 milliseconds in repetition 328
tcp_ping received 131072 bytes back
Round trip time was 88.2283 milliseconds in repetition 329
tcp_ping received 131072 bytes back
Round trip time was 118.637 milliseconds in repetition 330
tcp_ping received 131072 bytes back
Round trip time was 79.5132 milliseconds in repetition 331
tcp_ping received 131072 bytes back
Round trip time was 82.4672 milliseconds in repetition 332
tcp_ping received 131072 bytes back
Round trip time was 90.4359 milliseconds in repetition 333
tcp_ping received 131072 bytes back
Round trip time was 88.2463 milliseconds in repetition 334
tcp_ping received 131072 bytes back
Round trip time was 86.2035 milliseconds in repetition 335
tcp_ping received 131072 bytes back
Round trip time was 112.021 milliseconds in repetition 336
tcp_ping received 131072 bytes back
Round trip time was 98.298 milliseconds in repetition 337
tcp_ping received 131072 bytes back
Round trip time was 82.1693 milliseconds in repetition 338
tcp_ping received 131072 bytes back
Round trip time was 85.2688 milliseconds in repetition 339
tcp_ping received 131072 bytes back
Round trip time was 101.844 milliseconds in repetition 340
tcp_ping received 131072 bytes back
Round trip time was 98.9106 milliseconds in repetition 341
tcp_ping received 131072 bytes back
Round trip time was 83.7576 milliseconds in repetition 342
tcp_ping received 131072 bytes back
Round trip time was 86.4719 milliseconds in repetition 343
tcp_ping received 131072 bytes back
Round trip time was 82.7608 milliseconds in repetition 344
tcp_ping received 131072 bytes back
Round trip time was 100.964 milliseconds in repetition 345
tcp_ping received 131072 bytes back
Round trip time was 104.633 milliseconds in repetition 346
tcp_ping received 131072 bytes back
Round trip time was 100.973 milliseconds in repetition 347
tcp_ping received 131072 bytes back
Round trip time was 89.5458 milliseconds in repetition 348
tcp_ping received 131072 bytes back
Round trip time was 81.6165 milliseconds in repetition 349
tcp_ping received 131072 bytes back
Round trip time was 83.3961 milliseconds in repetition 350
tcp_ping received 131072 bytes back
Round trip time was 112.56 milliseconds in repetition 351
tcp_ping received 131072 bytes back
Round trip time was 112.316 milliseconds in repetition 352
tcp_ping received 131072 bytes back
Round trip time was 93.1415 milliseconds in repetition 353
tcp_ping received 131072 bytes back
Round trip time was 136.714 milliseconds in repetition 354
tcp_ping received 131072 bytes back
Round trip time was 95.5292 milliseconds in repetition 355
tcp_ping received 131072 bytes back
Round trip time was 92.9135 milliseconds in repetition 356
tcp_ping received 131072 bytes back
Round trip time was 89.3562 milliseconds in repetition 357
tcp_ping received 131072 bytes back
Round trip time was 97.6208 milliseconds in repetition 358
tcp_ping received 131072 bytes back
Round trip time was 91.5755 milliseconds in repetition 359
tcp_ping received 131072 bytes back
Round trip time was 119.605 milliseconds in repetition 360
tcp_ping received 131072 bytes back
Round trip time was 118.009 milliseconds in repetition 361
tcp_ping received 131072 bytes back
Round trip time was 92.6587 milliseconds in repetition 362
tcp_ping received 131072 bytes back
Round trip time was 105.741 milliseconds in repetition 363
tcp_ping received 131072 bytes back
Round trip time was 98.6547 milliseconds in repetition 364
tcp_ping received 131072 bytes back
Round trip time was 92.1024 milliseconds in repetition 365
tcp_ping received 131072 bytes back
Round trip time was 130.908 milliseconds in repetition 366
tcp_ping received 131072 bytes back
Round trip time was 84.4436 milliseconds in repetition 367
tcp_ping received 131072 bytes back
Round trip time was 89.5753 milliseconds in repetition 368
tcp_ping received 131072 bytes back
Round trip time was 85.7535 milliseconds in repetition 369
tcp_ping received 131072 bytes back
Round trip time was 86.2391 milliseconds in repetition 370
tcp_ping received 131072 bytes back
Round trip time was 124.044 milliseconds in repetition 371
tcp_ping received 131072 bytes back
Round trip time was 106.961 milliseconds in repetition 372
tcp_ping received 131072 bytes back
Round trip time was 110.6 milliseconds in repetition 373
tcp_ping received 131072 bytes back
Round trip time was 92.2059 milliseconds in repetition 374
tcp_ping received 131072 bytes back
Round trip time was 87.8956 milliseconds in repetition 375
tcp_ping received 131072 bytes back
Round trip time was 83.2619 milliseconds in repetition 376
tcp_ping received 131072 bytes back
Round trip time was 92.3753 milliseconds in repetition 377
tcp_ping received 131072 bytes back
Round trip time was 98.3008 milliseconds in repetition 378
tcp_ping received 131072 bytes back
Round trip time was 98.9177 milliseconds in repetition 379
tcp_ping received 131072 bytes back
Round trip time was 122.345 milliseconds in repetition 380
tcp_ping received 131072 bytes back
Round trip time was 117.909 milliseconds in repetition 381
tcp_ping received 131072 bytes back
Round trip time was 130.179 milliseconds in repetition 382
tcp_ping received 131072 bytes back
Round trip time was 117.525 milliseconds in repetition 383
tcp_ping received 131072 bytes back
Round trip time was 122.093 milliseconds in repetition 384
tcp_ping received 131072 bytes back
Round trip time was 152.731 milliseconds in repetition 385
tcp_ping received 131072 bytes back
Round trip time was 126.52 milliseconds in repetition 386
tcp_ping received 131072 bytes back
Round trip time was 122.51 milliseconds in repetition 387
tcp_ping received 131072 bytes back
Round trip time was 125.163 milliseconds in repetition 388
tcp_ping received 131072 bytes back
Round trip time was 115.102 milliseconds in repetition 389
tcp_ping received 131072 bytes back
Round trip time was 117.866 milliseconds in repetition 390
tcp_ping received 131072 bytes back
Round trip time was 128.053 milliseconds in repetition 391
tcp_ping received 131072 bytes back
Round trip time was 111.536 milliseconds in repetition 392
tcp_ping received 131072 bytes back
Round trip time was 112.676 milliseconds in repetition 393
tcp_ping received 131072 bytes back
Round trip time was 137.209 milliseconds in repetition 394
tcp_ping received 131072 bytes back
Round trip time was 120.8 milliseconds in repetition 395
tcp_ping received 131072 bytes back
Round trip time was 115.176 milliseconds in repetition 396
tcp_ping received 131072 bytes back
Round trip time was 124.659 milliseconds in repetition 397
tcp_ping received 131072 bytes back
Round trip time was 112.902 milliseconds in repetition 398
tcp_ping received 131072 bytes back
Round trip time was 111.826 milliseconds in repetition 399
tcp_ping received 131072 bytes back
Round trip time was 116.201 milliseconds in repetition 400
tcp_ping received 131072 bytes back
Round trip time was 121.303 milliseconds in repetition 401
tcp_ping received 131072 bytes back
Round trip time was 141.527 milliseconds in repetition 402
tcp_ping received 131072 bytes back
Round trip time was 136.47 milliseconds in repetition 403
tcp_ping received 131072 bytes back
Round trip time was 119.619 milliseconds in repetition 404
tcp_ping received 131072 bytes back
Round trip time was 130.293 milliseconds in repetition 405
tcp_ping received 131072 bytes back
Round trip time was 100.06 milliseconds in repetition 406
tcp_ping received 131072 bytes back
Round trip time was 112.745 milliseconds in repetition 407
tcp_ping received 131072 bytes back
Round trip time was 100.615 milliseconds in repetition 408
tcp_ping received 131072 bytes back
Round trip time was 102.245 milliseconds in repetition 409
tcp_ping received 131072 bytes back
Round trip time was 120.823 milliseconds in repetition 410
tcp_ping received 131072 bytes back
Round trip time was 113.726 milliseconds in repetition 411
tcp_ping received 131072 bytes back
Round trip time was 116.293 milliseconds in repetition 412
tcp_ping received 131072 bytes back
Round trip time was 109.295 milliseconds in repetition 413
tcp_ping received 131072 bytes back
Round trip time was 110.402 milliseconds in repetition 414
tcp_ping received 131072 bytes back
Round trip time was 121.636 milliseconds in repetition 415
tcp_ping received 131072 bytes back
Round trip time was 109.393 milliseconds in repetition 416
tcp_ping received 131072 bytes back
Round trip time was 112.744 milliseconds in repetition 417
tcp_ping received 131072 bytes back
Round trip time was 108.923 milliseconds in repetition 418
tcp_ping received 131072 bytes back
Round trip time was 129.72 milliseconds in repetition 419
tcp_ping received 131072 bytes back
Round trip time was 131.48 milliseconds in repetition 420
tcp_ping received 131072 bytes back
Round trip time was 123.251 milliseconds in repetition 421
tcp_ping received 131072 bytes back
Round trip time was 108.588 milliseconds in repetition 422
tcp_ping received 131072 bytes back
Round trip time was 131.807 milliseconds in repetition 423
tcp_ping received 131072 bytes back
Round trip time was 108.361 milliseconds in repetition 424
tcp_ping received 131072 bytes back
Round trip time was 131.014 milliseconds in repetition 425
tcp_ping received 131072 bytes back
Round trip time was 113.643 milliseconds in repetition 426
tcp_ping received 131072 bytes back
Round trip time was 129.838 milliseconds in repetition 427
tcp_ping received 131072 bytes back
Round trip time was 149.996 milliseconds in repetition 428
tcp_ping received 131072 bytes back
Round trip time was 121.667 milliseconds in repetition 429
tcp_ping received 131072 bytes back
Round trip time was 105.692 milliseconds in repetition 430
tcp_ping received 131072 bytes back
Round trip time was 117.674 milliseconds in repetition 431
tcp_ping received 131072 bytes back
Round trip time was 164.42 milliseconds in repetition 432
tcp_ping received 131072 bytes back
Round trip time was 123.565 milliseconds in repetition 433
tcp_ping received 131072 bytes back
Round trip time was 169.987 milliseconds in repetition 434
tcp_ping received 131072 bytes back
Round trip time was 119.172 milliseconds in repetition 435
tcp_ping received 131072 bytes back
Round trip time was 100.474 milliseconds in repetition 436
tcp_ping received 131072 bytes back
Round trip time was 90.4888 milliseconds in repetition 437
tcp_ping received 131072 bytes back
Round trip time was 113.63 milliseconds in repetition 438
tcp_ping received 131072 bytes back
Round trip time was 85.3394 milliseconds in repetition 439
tcp_ping received 131072 bytes back
Round trip time was 90.2718 milliseconds in repetition 440
tcp_ping received 131072 bytes back
Round trip time was 92.9916 milliseconds in repetition 441
tcp_ping received 131072 bytes back
Round trip time was 121.944 milliseconds in repetition 442
tcp_ping received 131072 bytes back
Round trip time was 77.3809 milliseconds in repetition 443
tcp_ping received 131072 bytes back
Round trip time was 87.0807 milliseconds in repetition 444
tcp_ping received 131072 bytes back
Round trip time was 87.5775 milliseconds in repetition 445
tcp_ping received 131072 bytes back
Round trip time was 99.3345 milliseconds in repetition 446
tcp_ping received 131072 bytes back
Round trip time was 82.2409 milliseconds in repetition 447
tcp_ping received 131072 bytes back
Round trip time was 87.7303 milliseconds in repetition 448
tcp_ping received 131072 bytes back
Round trip time was 79.8075 milliseconds in repetition 449
tcp_ping received 131072 bytes back
Round trip time was 88.2223 milliseconds in repetition 450
tcp_ping received 131072 bytes back
Round trip time was 93.3379 milliseconds in repetition 451
tcp_ping received 131072 bytes back
Round trip time was 136.653 milliseconds in repetition 452
tcp_ping received 131072 bytes back
Round trip time was 108.729 milliseconds in repetition 453
tcp_ping received 131072 bytes back
Round trip time was 88.0132 milliseconds in repetition 454
tcp_ping received 131072 bytes back
Round trip time was 98.1757 milliseconds in repetition 455
tcp_ping received 131072 bytes back
Round trip time was 83.9881 milliseconds in repetition 456
tcp_ping received 131072 bytes back
Round trip time was 108.134 milliseconds in repetition 457
tcp_ping received 131072 bytes back
Round trip time was 96.8354 milliseconds in repetition 458
tcp_ping received 131072 bytes back
Round trip time was 90.0365 milliseconds in repetition 459
tcp_ping received 131072 bytes back
Round trip time was 102.258 milliseconds in repetition 460
tcp_ping received 131072 bytes back
Round trip time was 89.346 milliseconds in repetition 461
tcp_ping received 131072 bytes back
Round trip time was 77.0292 milliseconds in repetition 462
tcp_ping received 131072 bytes back
Round trip time was 106.054 milliseconds in repetition 463
tcp_ping received 131072 bytes back
Round trip time was 76.2122 milliseconds in repetition 464
tcp_ping received 131072 bytes back
Round trip time was 98.7323 milliseconds in repetition 465
tcp_ping received 131072 bytes back
Round trip time was 119.196 milliseconds in repetition 466
tcp_ping received 131072 bytes back
Round trip time was 83.1444 milliseconds in repetition 467
tcp_ping received 131072 bytes back
Round trip time was 101.734 milliseconds in repetition 468
tcp_ping received 131072 bytes back
Round trip time was 78.0182 milliseconds in repetition 469
tcp_ping received 131072 bytes back
Round trip time was 79.6909 milliseconds in repetition 470
tcp_ping received 131072 bytes back
Round trip time was 98.7541 milliseconds in repetition 471
tcp_ping received 131072 bytes back
Round trip time was 81.1124 milliseconds in repetition 472
tcp_ping received 131072 bytes back
Round trip time was 118.659 milliseconds in repetition 473
tcp_ping received 131072 bytes back
Round trip time was 87.9144 milliseconds in repetition 474
tcp_ping received 131072 bytes back
Round trip time was 100.769 milliseconds in repetition 475
tcp_ping received 131072 bytes back
Round trip time was 94.6131 milliseconds in repetition 476
tcp_ping received 131072 bytes back
Round trip time was 75.1564 milliseconds in repetition 477
tcp_ping received 131072 bytes back
Round trip time was 78.5735 milliseconds in repetition 478
tcp_ping received 131072 bytes back
Round trip time was 95.1082 milliseconds in repetition 479
tcp_ping received 131072 bytes back
Round trip time was 94.7054 milliseconds in repetition 480
tcp_ping received 131072 bytes back
Round trip time was 470.045 milliseconds in repetition 481
tcp_ping received 131072 bytes back
Round trip time was 96.5105 milliseconds in repetition 482
tcp_ping received 131072 bytes back
Round trip time was 149.431 milliseconds in repetition 483
tcp_ping received 131072 bytes back
Round trip time was 83.1607 milliseconds in repetition 484
tcp_ping received 131072 bytes back
Round trip time was 86.9361 milliseconds in repetition 485
tcp_ping received 131072 bytes back
Round trip time was 101.382 milliseconds in repetition 486
tcp_ping received 131072 bytes back
Round trip time was 86.8127 milliseconds in repetition 487
tcp_ping received 131072 bytes back
Round trip time was 81.3619 milliseconds in repetition 488
tcp_ping received 131072 bytes back
Round trip time was 78.4964 milliseconds in repetition 489
tcp_ping received 131072 bytes back
Round trip time was 185.369 milliseconds in repetition 490
tcp_ping received 131072 bytes back
Round trip time was 85.7907 milliseconds in repetition 491
tcp_ping received 131072 bytes back
Round trip time was 90.1627 milliseconds in repetition 492
tcp_ping received 131072 bytes back
Round trip time was 119.961 milliseconds in repetition 493
tcp_ping received 131072 bytes back
Round trip time was 134.959 milliseconds in repetition 494
tcp_ping received 131072 bytes back
Round trip time was 88.9966 milliseconds in repetition 495
tcp_ping received 131072 bytes back
Round trip time was 101.755 milliseconds in repetition 496
tcp_ping received 131072 bytes back
Round trip time was 99.4322 milliseconds in repetition 497
tcp_ping received 131072 bytes back
Round trip time was 79.8134 milliseconds in repetition 498
tcp_ping received 131072 bytes back
Round trip time was 104.364 milliseconds in repetition 499
tcp_ping received 131072 bytes back
Round trip time was 116.653 milliseconds in repetition 500
tcp_ping received 131072 bytes back
Round trip time was 88.5202 milliseconds in repetition 501

 ... clock resolution was 0.0001
TCP Ping:  Statistics over 501 repetitions of 131072 byte messages

RTT : percentile 10: 82.2409, median: 98.4706, percentile 90: 126.52, average: 103.771, variance: 986.179

RTT histogram:
70.5841 41
92.2002 261
113.816 143
135.432 41
157.048 8
178.665 4
200.281 0
221.897 0
243.513 0
265.129 0
286.745 1
308.361 0
329.977 0
351.593 0
373.209 0
394.826 0
416.442 0
438.058 0
459.674 1
481.29 0
502.906 1

   median Throughput : 2662.15 KB/s   overall Throughput : 2526.17 KB/s

