TCP Ping trying to connect to server seti.dibris.unige.it (130.251.61.30) on port 1491
 ... connected to Pong server: asking for 501 repetitions of 4096 bytes TCP messages
 ... Pong server agreed :-)
tcp_ping received 4096 bytes back
Round trip time was 63.8057 milliseconds in repetition 1
tcp_ping received 4096 bytes back
Round trip time was 29.9745 milliseconds in repetition 2
tcp_ping received 4096 bytes back
Round trip time was 26.4597 milliseconds in repetition 3
tcp_ping received 4096 bytes back
Round trip time was 27.3064 milliseconds in repetition 4
tcp_ping received 4096 bytes back
Round trip time was 31.1471 milliseconds in repetition 5
tcp_ping received 4096 bytes back
Round trip time was 30.7657 milliseconds in repetition 6
tcp_ping received 4096 bytes back
Round trip time was 30.8831 milliseconds in repetition 7
tcp_ping received 4096 bytes back
Round trip time was 34.2345 milliseconds in repetition 8
tcp_ping received 4096 bytes back
Round trip time was 32.6974 milliseconds in repetition 9
tcp_ping received 4096 bytes back
Round trip time was 28.2021 milliseconds in repetition 10
tcp_ping received 4096 bytes back
Round trip time was 30.7968 milliseconds in repetition 11
tcp_ping received 4096 bytes back
Round trip time was 26.549 milliseconds in repetition 12
tcp_ping received 4096 bytes back
Round trip time was 24.8469 milliseconds in repetition 13
tcp_ping received 4096 bytes back
Round trip time was 30.2058 milliseconds in repetition 14
tcp_ping received 4096 bytes back
Round trip time was 26.5029 milliseconds in repetition 15
tcp_ping received 4096 bytes back
Round trip time was 27.677 milliseconds in repetition 16
tcp_ping received 4096 bytes back
Round trip time was 24.9569 milliseconds in repetition 17
tcp_ping received 4096 bytes back
Round trip time was 28.9541 milliseconds in repetition 18
tcp_ping received 4096 bytes back
Round trip time was 33.7575 milliseconds in repetition 19
tcp_ping received 4096 bytes back
Round trip time was 25.4893 milliseconds in repetition 20
tcp_ping received 4096 bytes back
Round trip time was 24.4426 milliseconds in repetition 21
tcp_ping received 4096 bytes back
Round trip time was 25.9517 milliseconds in repetition 22
tcp_ping received 4096 bytes back
Round trip time was 31.4459 milliseconds in repetition 23
tcp_ping received 4096 bytes back
Round trip time was 27.5244 milliseconds in repetition 24
tcp_ping received 4096 bytes back
Round trip time was 28.1086 milliseconds in repetition 25
tcp_ping received 4096 bytes back
Round trip time was 26.4676 milliseconds in repetition 26
tcp_ping received 4096 bytes back
Round trip time was 28.4537 milliseconds in repetition 27
tcp_ping received 4096 bytes back
Round trip time was 38.8871 milliseconds in repetition 28
tcp_ping received 4096 bytes back
Round trip time was 41.492 milliseconds in repetition 29
tcp_ping received 4096 bytes back
Round trip time was 32.6132 milliseconds in repetition 30
tcp_ping received 4096 bytes back
Round trip time was 44.6528 milliseconds in repetition 31
tcp_ping received 4096 bytes back
Round trip time was 25.4245 milliseconds in repetition 32
tcp_ping received 4096 bytes back
Round trip time was 27.6046 milliseconds in repetition 33
tcp_ping received 4096 bytes back
Round trip time was 26.3287 milliseconds in repetition 34
tcp_ping received 4096 bytes back
Round trip time was 41.602 milliseconds in repetition 35
tcp_ping received 4096 bytes back
Round trip time was 30.174 milliseconds in repetition 36
tcp_ping received 4096 bytes back
Round trip time was 25.5402 milliseconds in repetition 37
tcp_ping received 4096 bytes back
Round trip time was 29.3667 milliseconds in repetition 38
tcp_ping received 4096 bytes back
Round trip time was 26.9596 milliseconds in repetition 39
tcp_ping received 4096 bytes back
Round trip time was 29.628 milliseconds in repetition 40
tcp_ping received 4096 bytes back
Round trip time was 79.0613 milliseconds in repetition 41
tcp_ping received 4096 bytes back
Round trip time was 60.0273 milliseconds in repetition 42
tcp_ping received 4096 bytes back
Round trip time was 29.4104 milliseconds in repetition 43
tcp_ping received 4096 bytes back
Round trip time was 28.2398 milliseconds in repetition 44
tcp_ping received 4096 bytes back
Round trip time was 35.3193 milliseconds in repetition 45
tcp_ping received 4096 bytes back
Round trip time was 32.0276 milliseconds in repetition 46
tcp_ping received 4096 bytes back
Round trip time was 27.3377 milliseconds in repetition 47
tcp_ping received 4096 bytes back
Round trip time was 30.9904 milliseconds in repetition 48
tcp_ping received 4096 bytes back
Round trip time was 28.789 milliseconds in repetition 49
tcp_ping received 4096 bytes back
Round trip time was 28.7321 milliseconds in repetition 50
tcp_ping received 4096 bytes back
Round trip time was 26.4063 milliseconds in repetition 51
tcp_ping received 4096 bytes back
Round trip time was 24.8448 milliseconds in repetition 52
tcp_ping received 4096 bytes back
Round trip time was 24.6506 milliseconds in repetition 53
tcp_ping received 4096 bytes back
Round trip time was 41.6633 milliseconds in repetition 54
tcp_ping received 4096 bytes back
Round trip time was 34.524 milliseconds in repetition 55
tcp_ping received 4096 bytes back
Round trip time was 48.4188 milliseconds in repetition 56
tcp_ping received 4096 bytes back
Round trip time was 42.772 milliseconds in repetition 57
tcp_ping received 4096 bytes back
Round trip time was 34.1319 milliseconds in repetition 58
tcp_ping received 4096 bytes back
Round trip time was 25.5459 milliseconds in repetition 59
tcp_ping received 4096 bytes back
Round trip time was 41.1369 milliseconds in repetition 60
tcp_ping received 4096 bytes back
Round trip time was 34.4763 milliseconds in repetition 61
tcp_ping received 4096 bytes back
Round trip time was 26.3556 milliseconds in repetition 62
tcp_ping received 4096 bytes back
Round trip time was 33.6509 milliseconds in repetition 63
tcp_ping received 4096 bytes back
Round trip time was 36.7644 milliseconds in repetition 64
tcp_ping received 4096 bytes back
Round trip time was 30.6636 milliseconds in repetition 65
tcp_ping received 4096 bytes back
Round trip time was 30.1983 milliseconds in repetition 66
tcp_ping received 4096 bytes back
Round trip time was 29.1044 milliseconds in repetition 67
tcp_ping received 4096 bytes back
Round trip time was 26.2967 milliseconds in repetition 68
tcp_ping received 4096 bytes back
Round trip time was 28.5158 milliseconds in repetition 69
tcp_ping received 4096 bytes back
Round trip time was 25.8276 milliseconds in repetition 70
tcp_ping received 4096 bytes back
Round trip time was 25.147 milliseconds in repetition 71
tcp_ping received 4096 bytes back
Round trip time was 33.6206 milliseconds in repetition 72
tcp_ping received 4096 bytes back
Round trip time was 24.5152 milliseconds in repetition 73
tcp_ping received 4096 bytes back
Round trip time was 25.0857 milliseconds in repetition 74
tcp_ping received 4096 bytes back
Round trip time was 33.8329 milliseconds in repetition 75
tcp_ping received 4096 bytes back
Round trip time was 36.3977 milliseconds in repetition 76
tcp_ping received 4096 bytes back
Round trip time was 24.5602 milliseconds in repetition 77
tcp_ping received 4096 bytes back
Round trip time was 24.2052 milliseconds in repetition 78
tcp_ping received 4096 bytes back
Round trip time was 43.2736 milliseconds in repetition 79
tcp_ping received 4096 bytes back
Round trip time was 26.5703 milliseconds in repetition 80
tcp_ping received 4096 bytes back
Round trip time was 26.816 milliseconds in repetition 81
tcp_ping received 4096 bytes back
Round trip time was 25.4001 milliseconds in repetition 82
tcp_ping received 4096 bytes back
Round trip time was 29.2789 milliseconds in repetition 83
tcp_ping received 4096 bytes back
Round trip time was 70.655 milliseconds in repetition 84
tcp_ping received 4096 bytes back
Round trip time was 31.5298 milliseconds in repetition 85
tcp_ping received 4096 bytes back
Round trip time was 26.3521 milliseconds in repetition 86
tcp_ping received 4096 bytes back
Round trip time was 26.895 milliseconds in repetition 87
tcp_ping received 4096 bytes back
Round trip time was 31.4774 milliseconds in repetition 88
tcp_ping received 4096 bytes back
Round trip time was 59.203 milliseconds in repetition 89
tcp_ping received 4096 bytes back
Round trip time was 28.9178 milliseconds in repetition 90
tcp_ping received 4096 bytes back
Round trip time was 25.3179 milliseconds in repetition 91
tcp_ping received 4096 bytes back
Round trip time was 25.2116 milliseconds in repetition 92
tcp_ping received 4096 bytes back
Round trip time was 24.3374 milliseconds in repetition 93
tcp_ping received 4096 bytes back
Round trip time was 40.6902 milliseconds in repetition 94
tcp_ping received 4096 bytes back
Round trip time was 28.6319 milliseconds in repetition 95
tcp_ping received 4096 bytes back
Round trip time was 26.3754 milliseconds in repetition 96
tcp_ping received 4096 bytes back
Round trip time was 26.1525 milliseconds in repetition 97
tcp_ping received 4096 bytes back
Round trip time was 26.3603 milliseconds in repetition 98
tcp_ping received 4096 bytes back
Round trip time was 42.3911 milliseconds in repetition 99
tcp_ping received 4096 bytes back
Round trip time was 27.4306 milliseconds in repetition 100
tcp_ping received 4096 bytes back
Round trip time was 32.6288 milliseconds in repetition 101
tcp_ping received 4096 bytes back
Round trip time was 24.3113 milliseconds in repetition 102
tcp_ping received 4096 bytes back
Round trip time was 24.7745 milliseconds in repetition 103
tcp_ping received 4096 bytes back
Round trip time was 26.7668 milliseconds in repetition 104
tcp_ping received 4096 bytes back
Round trip time was 40.1907 milliseconds in repetition 105
tcp_ping received 4096 bytes back
Round trip time was 25.2399 milliseconds in repetition 106
tcp_ping received 4096 bytes back
Round trip time was 24.7742 milliseconds in repetition 107
tcp_ping received 4096 bytes back
Round trip time was 27.5577 milliseconds in repetition 108
tcp_ping received 4096 bytes back
Round trip time was 27.7562 milliseconds in repetition 109
tcp_ping received 4096 bytes back
Round trip time was 33.2164 milliseconds in repetition 110
tcp_ping received 4096 bytes back
Round trip time was 27.2808 milliseconds in repetition 111
tcp_ping received 4096 bytes back
Round trip time was 27.313 milliseconds in repetition 112
tcp_ping received 4096 bytes back
Round trip time was 34.0398 milliseconds in repetition 113
tcp_ping received 4096 bytes back
Round trip time was 29.5233 milliseconds in repetition 114
tcp_ping received 4096 bytes back
Round trip time was 31.3761 milliseconds in repetition 115
tcp_ping received 4096 bytes back
Round trip time was 27.8233 milliseconds in repetition 116
tcp_ping received 4096 bytes back
Round trip time was 32.0809 milliseconds in repetition 117
tcp_ping received 4096 bytes back
Round trip time was 28.7015 milliseconds in repetition 118
tcp_ping received 4096 bytes back
Round trip time was 37.3613 milliseconds in repetition 119
tcp_ping received 4096 bytes back
Round trip time was 26.8059 milliseconds in repetition 120
tcp_ping received 4096 bytes back
Round trip time was 24.915 milliseconds in repetition 121
tcp_ping received 4096 bytes back
Round trip time was 57.571 milliseconds in repetition 122
tcp_ping received 4096 bytes back
Round trip time was 37.9203 milliseconds in repetition 123
tcp_ping received 4096 bytes back
Round trip time was 45.618 milliseconds in repetition 124
tcp_ping received 4096 bytes back
Round trip time was 33.3809 milliseconds in repetition 125
tcp_ping received 4096 bytes back
Round trip time was 24.4197 milliseconds in repetition 126
tcp_ping received 4096 bytes back
Round trip time was 39.6098 milliseconds in repetition 127
tcp_ping received 4096 bytes back
Round trip time was 28.4804 milliseconds in repetition 128
tcp_ping received 4096 bytes back
Round trip time was 24.9041 milliseconds in repetition 129
tcp_ping received 4096 bytes back
Round trip time was 28.1585 milliseconds in repetition 130
tcp_ping received 4096 bytes back
Round trip time was 26.0126 milliseconds in repetition 131
tcp_ping received 4096 bytes back
Round trip time was 27.8547 milliseconds in repetition 132
tcp_ping received 4096 bytes back
Round trip time was 27.6219 milliseconds in repetition 133
tcp_ping received 4096 bytes back
Round trip time was 24.8582 milliseconds in repetition 134
tcp_ping received 4096 bytes back
Round trip time was 28.0071 milliseconds in repetition 135
tcp_ping received 4096 bytes back
Round trip time was 33.9983 milliseconds in repetition 136
tcp_ping received 4096 bytes back
Round trip time was 29.2346 milliseconds in repetition 137
tcp_ping received 4096 bytes back
Round trip time was 25.6787 milliseconds in repetition 138
tcp_ping received 4096 bytes back
Round trip time was 24.8517 milliseconds in repetition 139
tcp_ping received 4096 bytes back
Round trip time was 24.1651 milliseconds in repetition 140
tcp_ping received 4096 bytes back
Round trip time was 27.2327 milliseconds in repetition 141
tcp_ping received 4096 bytes back
Round trip time was 32.6699 milliseconds in repetition 142
tcp_ping received 4096 bytes back
Round trip time was 24.8985 milliseconds in repetition 143
tcp_ping received 4096 bytes back
Round trip time was 27.3843 milliseconds in repetition 144
tcp_ping received 4096 bytes back
Round trip time was 25.6747 milliseconds in repetition 145
tcp_ping received 4096 bytes back
Round trip time was 30.8192 milliseconds in repetition 146
tcp_ping received 4096 bytes back
Round trip time was 29.5324 milliseconds in repetition 147
tcp_ping received 4096 bytes back
Round trip time was 32.4595 milliseconds in repetition 148
tcp_ping received 4096 bytes back
Round trip time was 43.6907 milliseconds in repetition 149
tcp_ping received 4096 bytes back
Round trip time was 25.3453 milliseconds in repetition 150
tcp_ping received 4096 bytes back
Round trip time was 44.8676 milliseconds in repetition 151
tcp_ping received 4096 bytes back
Round trip time was 29.458 milliseconds in repetition 152
tcp_ping received 4096 bytes back
Round trip time was 24.6625 milliseconds in repetition 153
tcp_ping received 4096 bytes back
Round trip time was 26.5692 milliseconds in repetition 154
tcp_ping received 4096 bytes back
Round trip time was 26.514 milliseconds in repetition 155
tcp_ping received 4096 bytes back
Round trip time was 33.0899 milliseconds in repetition 156
tcp_ping received 4096 bytes back
Round trip time was 29.7498 milliseconds in repetition 157
tcp_ping received 4096 bytes back
Round trip time was 31.6431 milliseconds in repetition 158
tcp_ping received 4096 bytes back
Round trip time was 33.3657 milliseconds in repetition 159
tcp_ping received 4096 bytes back
Round trip time was 26.4307 milliseconds in repetition 160
tcp_ping received 4096 bytes back
Round trip time was 24.3155 milliseconds in repetition 161
tcp_ping received 4096 bytes back
Round trip time was 32.8968 milliseconds in repetition 162
tcp_ping received 4096 bytes back
Round trip time was 40.2881 milliseconds in repetition 163
tcp_ping received 4096 bytes back
Round trip time was 25.2776 milliseconds in repetition 164
tcp_ping received 4096 bytes back
Round trip time was 24.755 milliseconds in repetition 165
tcp_ping received 4096 bytes back
Round trip time was 28.8311 milliseconds in repetition 166
tcp_ping received 4096 bytes back
Round trip time was 28.8072 milliseconds in repetition 167
tcp_ping received 4096 bytes back
Round trip time was 31.1576 milliseconds in repetition 168
tcp_ping received 4096 bytes back
Round trip time was 45.8413 milliseconds in repetition 169
tcp_ping received 4096 bytes back
Round trip time was 29.7958 milliseconds in repetition 170
tcp_ping received 4096 bytes back
Round trip time was 38.3754 milliseconds in repetition 171
tcp_ping received 4096 bytes back
Round trip time was 59.7964 milliseconds in repetition 172
tcp_ping received 4096 bytes back
Round trip time was 49.2857 milliseconds in repetition 173
tcp_ping received 4096 bytes back
Round trip time was 27.4596 milliseconds in repetition 174
tcp_ping received 4096 bytes back
Round trip time was 24.7281 milliseconds in repetition 175
tcp_ping received 4096 bytes back
Round trip time was 25.5984 milliseconds in repetition 176
tcp_ping received 4096 bytes back
Round trip time was 29.2257 milliseconds in repetition 177
tcp_ping received 4096 bytes back
Round trip time was 25.0985 milliseconds in repetition 178
tcp_ping received 4096 bytes back
Round trip time was 32.9192 milliseconds in repetition 179
tcp_ping received 4096 bytes back
Round trip time was 53.2975 milliseconds in repetition 180
tcp_ping received 4096 bytes back
Round trip time was 26.8315 milliseconds in repetition 181
tcp_ping received 4096 bytes back
Round trip time was 25.9209 milliseconds in repetition 182
tcp_ping received 4096 bytes back
Round trip time was 28.0322 milliseconds in repetition 183
tcp_ping received 4096 bytes back
Round trip time was 42.4088 milliseconds in repetition 184
tcp_ping received 4096 bytes back
Round trip time was 25.4829 milliseconds in repetition 185
tcp_ping received 4096 bytes back
Round trip time was 28.0487 milliseconds in repetition 186
tcp_ping received 4096 bytes back
Round trip time was 28.2597 milliseconds in repetition 187
tcp_ping received 4096 bytes back
Round trip time was 27.204 milliseconds in repetition 188
tcp_ping received 4096 bytes back
Round trip time was 24.5623 milliseconds in repetition 189
tcp_ping received 4096 bytes back
Round trip time was 28.7754 milliseconds in repetition 190
tcp_ping received 4096 bytes back
Round trip time was 25.685 milliseconds in repetition 191
tcp_ping received 4096 bytes back
Round trip time was 25.6358 milliseconds in repetition 192
tcp_ping received 4096 bytes back
Round trip time was 25.562 milliseconds in repetition 193
tcp_ping received 4096 bytes back
Round trip time was 50.1519 milliseconds in repetition 194
tcp_ping received 4096 bytes back
Round trip time was 43.721 milliseconds in repetition 195
tcp_ping received 4096 bytes back
Round trip time was 33.4746 milliseconds in repetition 196
tcp_ping received 4096 bytes back
Round trip time was 30.1234 milliseconds in repetition 197
tcp_ping received 4096 bytes back
Round trip time was 27.4036 milliseconds in repetition 198
tcp_ping received 4096 bytes back
Round trip time was 37.4779 milliseconds in repetition 199
tcp_ping received 4096 bytes back
Round trip time was 50.5756 milliseconds in repetition 200
tcp_ping received 4096 bytes back
Round trip time was 28.6558 milliseconds in repetition 201
tcp_ping received 4096 bytes back
Round trip time was 29.5111 milliseconds in repetition 202
tcp_ping received 4096 bytes back
Round trip time was 37.9716 milliseconds in repetition 203
tcp_ping received 4096 bytes back
Round trip time was 30.3117 milliseconds in repetition 204
tcp_ping received 4096 bytes back
Round trip time was 47.5534 milliseconds in repetition 205
tcp_ping received 4096 bytes back
Round trip time was 27.9872 milliseconds in repetition 206
tcp_ping received 4096 bytes back
Round trip time was 27.2586 milliseconds in repetition 207
tcp_ping received 4096 bytes back
Round trip time was 32.7454 milliseconds in repetition 208
tcp_ping received 4096 bytes back
Round trip time was 29.022 milliseconds in repetition 209
tcp_ping received 4096 bytes back
Round trip time was 48.3569 milliseconds in repetition 210
tcp_ping received 4096 bytes back
Round trip time was 28.5339 milliseconds in repetition 211
tcp_ping received 4096 bytes back
Round trip time was 28.4113 milliseconds in repetition 212
tcp_ping received 4096 bytes back
Round trip time was 24.2938 milliseconds in repetition 213
tcp_ping received 4096 bytes back
Round trip time was 25.1587 milliseconds in repetition 214
tcp_ping received 4096 bytes back
Round trip time was 25.7497 milliseconds in repetition 215
tcp_ping received 4096 bytes back
Round trip time was 48.6246 milliseconds in repetition 216
tcp_ping received 4096 bytes back
Round trip time was 28.6747 milliseconds in repetition 217
tcp_ping received 4096 bytes back
Round trip time was 26.7841 milliseconds in repetition 218
tcp_ping received 4096 bytes back
Round trip time was 32.332 milliseconds in repetition 219
tcp_ping received 4096 bytes back
Round trip time was 25.7405 milliseconds in repetition 220
tcp_ping received 4096 bytes back
Round trip time was 24.468 milliseconds in repetition 221
tcp_ping received 4096 bytes back
Round trip time was 44.6211 milliseconds in repetition 222
tcp_ping received 4096 bytes back
Round trip time was 26.9464 milliseconds in repetition 223
tcp_ping received 4096 bytes back
Round trip time was 24.8374 milliseconds in repetition 224
tcp_ping received 4096 bytes back
Round trip time was 24.3456 milliseconds in repetition 225
tcp_ping received 4096 bytes back
Round trip time was 30.4142 milliseconds in repetition 226
tcp_ping received 4096 bytes back
Round trip time was 26.6645 milliseconds in repetition 227
tcp_ping received 4096 bytes back
Round trip time was 55.9455 milliseconds in repetition 228
tcp_ping received 4096 bytes back
Round trip time was 43.5284 milliseconds in repetition 229
tcp_ping received 4096 bytes back
Round trip time was 43.8364 milliseconds in repetition 230
tcp_ping received 4096 bytes back
Round trip time was 35.2346 milliseconds in repetition 231
tcp_ping received 4096 bytes back
Round trip time was 25.0241 milliseconds in repetition 232
tcp_ping received 4096 bytes back
Round trip time was 24.8166 milliseconds in repetition 233
tcp_ping received 4096 bytes back
Round trip time was 29.6221 milliseconds in repetition 234
tcp_ping received 4096 bytes back
Round trip time was 27.2638 milliseconds in repetition 235
tcp_ping received 4096 bytes back
Round trip time was 25.7343 milliseconds in repetition 236
tcp_ping received 4096 bytes back
Round trip time was 27.9154 milliseconds in repetition 237
tcp_ping received 4096 bytes back
Round trip time was 46.8699 milliseconds in repetition 238
tcp_ping received 4096 bytes back
Round trip time was 29.4229 milliseconds in repetition 239
tcp_ping received 4096 bytes back
Round trip time was 37.9836 milliseconds in repetition 240
tcp_ping received 4096 bytes back
Round trip time was 28.9142 milliseconds in repetition 241
tcp_ping received 4096 bytes back
Round trip time was 26.2337 milliseconds in repetition 242
tcp_ping received 4096 bytes back
Round trip time was 24.6123 milliseconds in repetition 243
tcp_ping received 4096 bytes back
Round trip time was 33.1238 milliseconds in repetition 244
tcp_ping received 4096 bytes back
Round trip time was 28.9791 milliseconds in repetition 245
tcp_ping received 4096 bytes back
Round trip time was 30.7005 milliseconds in repetition 246
tcp_ping received 4096 bytes back
Round trip time was 28.3698 milliseconds in repetition 247
tcp_ping received 4096 bytes back
Round trip time was 28.1147 milliseconds in repetition 248
tcp_ping received 4096 bytes back
Round trip time was 37.5419 milliseconds in repetition 249
tcp_ping received 4096 bytes back
Round trip time was 38.6487 milliseconds in repetition 250
tcp_ping received 4096 bytes back
Round trip time was 28.9716 milliseconds in repetition 251
tcp_ping received 4096 bytes back
Round trip time was 29.0347 milliseconds in repetition 252
tcp_ping received 4096 bytes back
Round trip time was 26.3816 milliseconds in repetition 253
tcp_ping received 4096 bytes back
Round trip time was 35.1127 milliseconds in repetition 254
tcp_ping received 4096 bytes back
Round trip time was 30.8547 milliseconds in repetition 255
tcp_ping received 4096 bytes back
Round trip time was 26.5102 milliseconds in repetition 256
tcp_ping received 4096 bytes back
Round trip time was 27.957 milliseconds in repetition 257
tcp_ping received 4096 bytes back
Round trip time was 30.5115 milliseconds in repetition 258
tcp_ping received 4096 bytes back
Round trip time was 27.0612 milliseconds in repetition 259
tcp_ping received 4096 bytes back
Round trip time was 27.5979 milliseconds in repetition 260
tcp_ping received 4096 bytes back
Round trip time was 40.1847 milliseconds in repetition 261
tcp_ping received 4096 bytes back
Round trip time was 26.5547 milliseconds in repetition 262
tcp_ping received 4096 bytes back
Round trip time was 31.8757 milliseconds in repetition 263
tcp_ping received 4096 bytes back
Round trip time was 31.1061 milliseconds in repetition 264
tcp_ping received 4096 bytes back
Round trip time was 27.591 milliseconds in repetition 265
tcp_ping received 4096 bytes back
Round trip time was 25.63 milliseconds in repetition 266
tcp_ping received 4096 bytes back
Round trip time was 26.9548 milliseconds in repetition 267
tcp_ping received 4096 bytes back
Round trip time was 32.5288 milliseconds in repetition 268
tcp_ping received 4096 bytes back
Round trip time was 26.4287 milliseconds in repetition 269
tcp_ping received 4096 bytes back
Round trip time was 67.1747 milliseconds in repetition 270
tcp_ping received 4096 bytes back
Round trip time was 25.6819 milliseconds in repetition 271
tcp_ping received 4096 bytes back
Round trip time was 27.6453 milliseconds in repetition 272
tcp_ping received 4096 bytes back
Round trip time was 33.3027 milliseconds in repetition 273
tcp_ping received 4096 bytes back
Round trip time was 35.2951 milliseconds in repetition 274
tcp_ping received 4096 bytes back
Round trip time was 26.1051 milliseconds in repetition 275
tcp_ping received 4096 bytes back
Round trip time was 25.6788 milliseconds in repetition 276
tcp_ping received 4096 bytes back
Round trip time was 29.2254 milliseconds in repetition 277
tcp_ping received 4096 bytes back
Round trip time was 31.5799 milliseconds in repetition 278
tcp_ping received 4096 bytes back
Round trip time was 28.7806 milliseconds in repetition 279
tcp_ping received 4096 bytes back
Round trip time was 24.1166 milliseconds in repetition 280
tcp_ping received 4096 bytes back
Round trip time was 30.8634 milliseconds in repetition 281
tcp_ping received 4096 bytes back
Round trip time was 25.887 milliseconds in repetition 282
tcp_ping received 4096 bytes back
Round trip time was 28.9287 milliseconds in repetition 283
tcp_ping received 4096 bytes back
Round trip time was 54.9146 milliseconds in repetition 284
tcp_ping received 4096 bytes back
Round trip time was 28.3539 milliseconds in repetition 285
tcp_ping received 4096 bytes back
Round trip time was 45.2 milliseconds in repetition 286
tcp_ping received 4096 bytes back
Round trip time was 28.8167 milliseconds in repetition 287
tcp_ping received 4096 bytes back
Round trip time was 25.8753 milliseconds in repetition 288
tcp_ping received 4096 bytes back
Round trip time was 25.42 milliseconds in repetition 289
tcp_ping received 4096 bytes back
Round trip time was 32.6388 milliseconds in repetition 290
tcp_ping received 4096 bytes back
Round trip time was 25.5617 milliseconds in repetition 291
tcp_ping received 4096 bytes back
Round trip time was 27.9608 milliseconds in repetition 292
tcp_ping received 4096 bytes back
Round trip time was 38.9886 milliseconds in repetition 293
tcp_ping received 4096 bytes back
Round trip time was 31.8701 milliseconds in repetition 294
tcp_ping received 4096 bytes back
Round trip time was 35.768 milliseconds in repetition 295
tcp_ping received 4096 bytes back
Round trip time was 36.3779 milliseconds in repetition 296
tcp_ping received 4096 bytes back
Round trip time was 40.0015 milliseconds in repetition 297
tcp_ping received 4096 bytes back
Round trip time was 34.6498 milliseconds in repetition 298
tcp_ping received 4096 bytes back
Round trip time was 28.1415 milliseconds in repetition 299
tcp_ping received 4096 bytes back
Round trip time was 29.4989 milliseconds in repetition 300
tcp_ping received 4096 bytes back
Round trip time was 30.16 milliseconds in repetition 301
tcp_ping received 4096 bytes back
Round trip time was 62.3688 milliseconds in repetition 302
tcp_ping received 4096 bytes back
Round trip time was 27.9037 milliseconds in repetition 303
tcp_ping received 4096 bytes back
Round trip time was 33.6008 milliseconds in repetition 304
tcp_ping received 4096 bytes back
Round trip time was 30.6841 milliseconds in repetition 305
tcp_ping received 4096 bytes back
Round trip time was 59.7043 milliseconds in repetition 306
tcp_ping received 4096 bytes back
Round trip time was 31.2199 milliseconds in repetition 307
tcp_ping received 4096 bytes back
Round trip time was 40.5839 milliseconds in repetition 308
tcp_ping received 4096 bytes back
Round trip time was 31.7868 milliseconds in repetition 309
tcp_ping received 4096 bytes back
Round trip time was 44.6444 milliseconds in repetition 310
tcp_ping received 4096 bytes back
Round trip time was 40.807 milliseconds in repetition 311
tcp_ping received 4096 bytes back
Round trip time was 25.5473 milliseconds in repetition 312
tcp_ping received 4096 bytes back
Round trip time was 31.4222 milliseconds in repetition 313
tcp_ping received 4096 bytes back
Round trip time was 28.426 milliseconds in repetition 314
tcp_ping received 4096 bytes back
Round trip time was 31.917 milliseconds in repetition 315
tcp_ping received 4096 bytes back
Round trip time was 27.1168 milliseconds in repetition 316
tcp_ping received 4096 bytes back
Round trip time was 26.1666 milliseconds in repetition 317
tcp_ping received 4096 bytes back
Round trip time was 26.4255 milliseconds in repetition 318
tcp_ping received 4096 bytes back
Round trip time was 25.0989 milliseconds in repetition 319
tcp_ping received 4096 bytes back
Round trip time was 26.7211 milliseconds in repetition 320
tcp_ping received 4096 bytes back
Round trip time was 26.4713 milliseconds in repetition 321
tcp_ping received 4096 bytes back
Round trip time was 26.5186 milliseconds in repetition 322
tcp_ping received 4096 bytes back
Round trip time was 25.2526 milliseconds in repetition 323
tcp_ping received 4096 bytes back
Round trip time was 30.6721 milliseconds in repetition 324
tcp_ping received 4096 bytes back
Round trip time was 38.3594 milliseconds in repetition 325
tcp_ping received 4096 bytes back
Round trip time was 27.3559 milliseconds in repetition 326
tcp_ping received 4096 bytes back
Round trip time was 28.3831 milliseconds in repetition 327
tcp_ping received 4096 bytes back
Round trip time was 25.6454 milliseconds in repetition 328
tcp_ping received 4096 bytes back
Round trip time was 29.2331 milliseconds in repetition 329
tcp_ping received 4096 bytes back
Round trip time was 25.0955 milliseconds in repetition 330
tcp_ping received 4096 bytes back
Round trip time was 26.5514 milliseconds in repetition 331
tcp_ping received 4096 bytes back
Round trip time was 30.3075 milliseconds in repetition 332
tcp_ping received 4096 bytes back
Round trip time was 25.9474 milliseconds in repetition 333
tcp_ping received 4096 bytes back
Round trip time was 25.1453 milliseconds in repetition 334
tcp_ping received 4096 bytes back
Round trip time was 29.5626 milliseconds in repetition 335
tcp_ping received 4096 bytes back
Round trip time was 26.2258 milliseconds in repetition 336
tcp_ping received 4096 bytes back
Round trip time was 24.9449 milliseconds in repetition 337
tcp_ping received 4096 bytes back
Round trip time was 30.9741 milliseconds in repetition 338
tcp_ping received 4096 bytes back
Round trip time was 28.6166 milliseconds in repetition 339
tcp_ping received 4096 bytes back
Round trip time was 26.9739 milliseconds in repetition 340
tcp_ping received 4096 bytes back
Round trip time was 25.4216 milliseconds in repetition 341
tcp_ping received 4096 bytes back
Round trip time was 28.0973 milliseconds in repetition 342
tcp_ping received 4096 bytes back
Round trip time was 25.5076 milliseconds in repetition 343
tcp_ping received 4096 bytes back
Round trip time was 25.1552 milliseconds in repetition 344
tcp_ping received 4096 bytes back
Round trip time was 26.9991 milliseconds in repetition 345
tcp_ping received 4096 bytes back
Round trip time was 24.6915 milliseconds in repetition 346
tcp_ping received 4096 bytes back
Round trip time was 24.9509 milliseconds in repetition 347
tcp_ping received 4096 bytes back
Round trip time was 26.7785 milliseconds in repetition 348
tcp_ping received 4096 bytes back
Round trip time was 28.8642 milliseconds in repetition 349
tcp_ping received 4096 bytes back
Round trip time was 25.481 milliseconds in repetition 350
tcp_ping received 4096 bytes back
Round trip time was 53.6552 milliseconds in repetition 351
tcp_ping received 4096 bytes back
Round trip time was 41.4066 milliseconds in repetition 352
tcp_ping received 4096 bytes back
Round trip time was 25.7794 milliseconds in repetition 353
tcp_ping received 4096 bytes back
Round trip time was 26.2463 milliseconds in repetition 354
tcp_ping received 4096 bytes back
Round trip time was 26.5819 milliseconds in repetition 355
tcp_ping received 4096 bytes back
Round trip time was 28.2302 milliseconds in repetition 356
tcp_ping received 4096 bytes back
Round trip time was 30.2692 milliseconds in repetition 357
tcp_ping received 4096 bytes back
Round trip time was 27.2793 milliseconds in repetition 358
tcp_ping received 4096 bytes back
Round trip time was 26.9214 milliseconds in repetition 359
tcp_ping received 4096 bytes back
Round trip time was 35.136 milliseconds in repetition 360
tcp_ping received 4096 bytes back
Round trip time was 27.0091 milliseconds in repetition 361
tcp_ping received 4096 bytes back
Round trip time was 24.7876 milliseconds in repetition 362
tcp_ping received 4096 bytes back
Round trip time was 36.4913 milliseconds in repetition 363
tcp_ping received 4096 bytes back
Round trip time was 45.0205 milliseconds in repetition 364
tcp_ping received 4096 bytes back
Round trip time was 33.1508 milliseconds in repetition 365
tcp_ping received 4096 bytes back
Round trip time was 32.7219 milliseconds in repetition 366
tcp_ping received 4096 bytes back
Round trip time was 36.0489 milliseconds in repetition 367
tcp_ping received 4096 bytes back
Round trip time was 24.8428 milliseconds in repetition 368
tcp_ping received 4096 bytes back
Round trip time was 27.7275 milliseconds in repetition 369
tcp_ping received 4096 bytes back
Round trip time was 31.4704 milliseconds in repetition 370
tcp_ping received 4096 bytes back
Round trip time was 33.4952 milliseconds in repetition 371
tcp_ping received 4096 bytes back
Round trip time was 27.4098 milliseconds in repetition 372
tcp_ping received 4096 bytes back
Round trip time was 48.7394 milliseconds in repetition 373
tcp_ping received 4096 bytes back
Round trip time was 28.5619 milliseconds in repetition 374
tcp_ping received 4096 bytes back
Round trip time was 33.6354 milliseconds in repetition 375
tcp_ping received 4096 bytes back
Round trip time was 26.971 milliseconds in repetition 376
tcp_ping received 4096 bytes back
Round trip time was 31.2121 milliseconds in repetition 377
tcp_ping received 4096 bytes back
Round trip time was 27.6864 milliseconds in repetition 378
tcp_ping received 4096 bytes back
Round trip time was 25.8661 milliseconds in repetition 379
tcp_ping received 4096 bytes back
Round trip time was 29.3366 milliseconds in repetition 380
tcp_ping received 4096 bytes back
Round trip time was 29.9039 milliseconds in repetition 381
tcp_ping received 4096 bytes back
Round trip time was 32.7273 milliseconds in repetition 382
tcp_ping received 4096 bytes back
Round trip time was 26.0028 milliseconds in repetition 383
tcp_ping received 4096 bytes back
Round trip time was 26.4107 milliseconds in repetition 384
tcp_ping received 4096 bytes back
Round trip time was 29.9966 milliseconds in repetition 385
tcp_ping received 4096 bytes back
Round trip time was 33.9827 milliseconds in repetition 386
tcp_ping received 4096 bytes back
Round trip time was 37.9295 milliseconds in repetition 387
tcp_ping received 4096 bytes back
Round trip time was 27.033 milliseconds in repetition 388
tcp_ping received 4096 bytes back
Round trip time was 30.3541 milliseconds in repetition 389
tcp_ping received 4096 bytes back
Round trip time was 27.1584 milliseconds in repetition 390
tcp_ping received 4096 bytes back
Round trip time was 26.2352 milliseconds in repetition 391
tcp_ping received 4096 bytes back
Round trip time was 41.3923 milliseconds in repetition 392
tcp_ping received 4096 bytes back
Round trip time was 27.4865 milliseconds in repetition 393
tcp_ping received 4096 bytes back
Round trip time was 24.5253 milliseconds in repetition 394
tcp_ping received 4096 bytes back
Round trip time was 25.2054 milliseconds in repetition 395
tcp_ping received 4096 bytes back
Round trip time was 25.2708 milliseconds in repetition 396
tcp_ping received 4096 bytes back
Round trip time was 27.7888 milliseconds in repetition 397
tcp_ping received 4096 bytes back
Round trip time was 32.155 milliseconds in repetition 398
tcp_ping received 4096 bytes back
Round trip time was 29.2652 milliseconds in repetition 399
tcp_ping received 4096 bytes back
Round trip time was 27.589 milliseconds in repetition 400
tcp_ping received 4096 bytes back
Round trip time was 33.2587 milliseconds in repetition 401
tcp_ping received 4096 bytes back
Round trip time was 28.8206 milliseconds in repetition 402
tcp_ping received 4096 bytes back
Round trip time was 28.1235 milliseconds in repetition 403
tcp_ping received 4096 bytes back
Round trip time was 28.0704 milliseconds in repetition 404
tcp_ping received 4096 bytes back
Round trip time was 25.1586 milliseconds in repetition 405
tcp_ping received 4096 bytes back
Round trip time was 25.3029 milliseconds in repetition 406
tcp_ping received 4096 bytes back
Round trip time was 26.6369 milliseconds in repetition 407
tcp_ping received 4096 bytes back
Round trip time was 32.4354 milliseconds in repetition 408
tcp_ping received 4096 bytes back
Round trip time was 24.4505 milliseconds in repetition 409
tcp_ping received 4096 bytes back
Round trip time was 25.8702 milliseconds in repetition 410
tcp_ping received 4096 bytes back
Round trip time was 35.6522 milliseconds in repetition 411
tcp_ping received 4096 bytes back
Round trip time was 28.8345 milliseconds in repetition 412
tcp_ping received 4096 bytes back
Round trip time was 56.4016 milliseconds in repetition 413
tcp_ping received 4096 bytes back
Round trip time was 29.2824 milliseconds in repetition 414
tcp_ping received 4096 bytes back
Round trip time was 25.9711 milliseconds in repetition 415
tcp_ping received 4096 bytes back
Round trip time was 26.6504 milliseconds in repetition 416
tcp_ping received 4096 bytes back
Round trip time was 30.7086 milliseconds in repetition 417
tcp_ping received 4096 bytes back
Round trip time was 24.6001 milliseconds in repetition 418
tcp_ping received 4096 bytes back
Round trip time was 26.373 milliseconds in repetition 419
tcp_ping received 4096 bytes back
Round trip time was 41.5186 milliseconds in repetition 420
tcp_ping received 4096 bytes back
Round trip time was 28.9253 milliseconds in repetition 421
tcp_ping received 4096 bytes back
Round trip time was 26.5428 milliseconds in repetition 422
tcp_ping received 4096 bytes back
Round trip time was 25.4113 milliseconds in repetition 423
tcp_ping received 4096 bytes back
Round trip time was 26.8146 milliseconds in repetition 424
tcp_ping received 4096 bytes back
Round trip time was 26.1378 milliseconds in repetition 425
tcp_ping received 4096 bytes back
Round trip time was 28.5337 milliseconds in repetition 426
tcp_ping received 4096 bytes back
Round trip time was 24.3247 milliseconds in repetition 427
tcp_ping received 4096 bytes back
Round trip time was 27.2167 milliseconds in repetition 428
tcp_ping received 4096 bytes back
Round trip time was 26.7472 milliseconds in repetition 429
tcp_ping received 4096 bytes back
Round trip time was 24.529 milliseconds in repetition 430
tcp_ping received 4096 bytes back
Round trip time was 24.7407 milliseconds in repetition 431
tcp_ping received 4096 bytes back
Round trip time was 27.5496 milliseconds in repetition 432
tcp_ping received 4096 bytes back
Round trip time was 25.2722 milliseconds in repetition 433
tcp_ping received 4096 bytes back
Round trip time was 31.2053 milliseconds in repetition 434
tcp_ping received 4096 bytes back
Round trip time was 25.8519 milliseconds in repetition 435
tcp_ping received 4096 bytes back
Round trip time was 32.1348 milliseconds in repetition 436
tcp_ping received 4096 bytes back
Round trip time was 34.0714 milliseconds in repetition 437
tcp_ping received 4096 bytes back
Round trip time was 25.9466 milliseconds in repetition 438
tcp_ping received 4096 bytes back
Round trip time was 28.088 milliseconds in repetition 439
tcp_ping received 4096 bytes back
Round trip time was 26.3196 milliseconds in repetition 440
tcp_ping received 4096 bytes back
Round trip time was 29.3822 milliseconds in repetition 441
tcp_ping received 4096 bytes back
Round trip time was 26.9115 milliseconds in repetition 442
tcp_ping received 4096 bytes back
Round trip time was 31.4293 milliseconds in repetition 443
tcp_ping received 4096 bytes back
Round trip time was 27.5282 milliseconds in repetition 444
tcp_ping received 4096 bytes back
Round trip time was 51.8039 milliseconds in repetition 445
tcp_ping received 4096 bytes back
Round trip time was 32.0201 milliseconds in repetition 446
tcp_ping received 4096 bytes back
Round trip time was 25.1997 milliseconds in repetition 447
tcp_ping received 4096 bytes back
Round trip time was 26.9947 milliseconds in repetition 448
tcp_ping received 4096 bytes back
Round trip time was 40.5956 milliseconds in repetition 449
tcp_ping received 4096 bytes back
Round trip time was 31.6455 milliseconds in repetition 450
tcp_ping received 4096 bytes back
Round trip time was 370.61 milliseconds in repetition 451
tcp_ping received 4096 bytes back
Round trip time was 33.537 milliseconds in repetition 452
tcp_ping received 4096 bytes back
Round trip time was 50.1813 milliseconds in repetition 453
tcp_ping received 4096 bytes back
Round trip time was 25.6884 milliseconds in repetition 454
tcp_ping received 4096 bytes back
Round trip time was 49.8513 milliseconds in repetition 455
tcp_ping received 4096 bytes back
Round trip time was 37.8487 milliseconds in repetition 456
tcp_ping received 4096 bytes back
Round trip time was 29.8683 milliseconds in repetition 457
tcp_ping received 4096 bytes back
Round trip time was 48.7586 milliseconds in repetition 458
tcp_ping received 4096 bytes back
Round trip time was 46.6757 milliseconds in repetition 459
tcp_ping received 4096 bytes back
Round trip time was 26.9715 milliseconds in repetition 460
tcp_ping received 4096 bytes back
Round trip time was 34.7588 milliseconds in repetition 461
tcp_ping received 4096 bytes back
Round trip time was 44.1379 milliseconds in repetition 462
tcp_ping received 4096 bytes back
Round trip time was 24.5727 milliseconds in repetition 463
tcp_ping received 4096 bytes back
Round trip time was 30.3908 milliseconds in repetition 464
tcp_ping received 4096 bytes back
Round trip time was 50.3779 milliseconds in repetition 465
tcp_ping received 4096 bytes back
Round trip time was 25.4944 milliseconds in repetition 466
tcp_ping received 4096 bytes back
Round trip time was 24.4458 milliseconds in repetition 467
tcp_ping received 4096 bytes back
Round trip time was 58.8291 milliseconds in repetition 468
tcp_ping received 4096 bytes back
Round trip time was 33.9828 milliseconds in repetition 469
tcp_ping received 4096 bytes back
Round trip time was 26.0689 milliseconds in repetition 470
tcp_ping received 4096 bytes back
Round trip time was 33.9276 milliseconds in repetition 471
tcp_ping received 4096 bytes back
Round trip time was 25.8115 milliseconds in repetition 472
tcp_ping received 4096 bytes back
Round trip time was 25.2944 milliseconds in repetition 473
tcp_ping received 4096 bytes back
Round trip time was 29.9885 milliseconds in repetition 474
tcp_ping received 4096 bytes back
Round trip time was 43.3343 milliseconds in repetition 475
tcp_ping received 4096 bytes back
Round trip time was 24.5735 milliseconds in repetition 476
tcp_ping received 4096 bytes back
Round trip time was 41.7607 milliseconds in repetition 477
tcp_ping received 4096 bytes back
Round trip time was 55.0938 milliseconds in repetition 478
tcp_ping received 4096 bytes back
Round trip time was 25.5094 milliseconds in repetition 479
tcp_ping received 4096 bytes back
Round trip time was 44.0584 milliseconds in repetition 480
tcp_ping received 4096 bytes back
Round trip time was 26.9885 milliseconds in repetition 481
tcp_ping received 4096 bytes back
Round trip time was 37.1919 milliseconds in repetition 482
tcp_ping received 4096 bytes back
Round trip time was 44.9659 milliseconds in repetition 483
tcp_ping received 4096 bytes back
Round trip time was 26.5806 milliseconds in repetition 484
tcp_ping received 4096 bytes back
Round trip time was 25.782 milliseconds in repetition 485
tcp_ping received 4096 bytes back
Round trip time was 30.223 milliseconds in repetition 486
tcp_ping received 4096 bytes back
Round trip time was 26.665 milliseconds in repetition 487
tcp_ping received 4096 bytes back
Round trip time was 24.7171 milliseconds in repetition 488
tcp_ping received 4096 bytes back
Round trip time was 38.2836 milliseconds in repetition 489
tcp_ping received 4096 bytes back
Round trip time was 24.9987 milliseconds in repetition 490
tcp_ping received 4096 bytes back
Round trip time was 26.7142 milliseconds in repetition 491
tcp_ping received 4096 bytes back
Round trip time was 31.7766 milliseconds in repetition 492
tcp_ping received 4096 bytes back
Round trip time was 25.6613 milliseconds in repetition 493
tcp_ping received 4096 bytes back
Round trip time was 48.2112 milliseconds in repetition 494
tcp_ping received 4096 bytes back
Round trip time was 28.5676 milliseconds in repetition 495
tcp_ping received 4096 bytes back
Round trip time was 38.444 milliseconds in repetition 496
tcp_ping received 4096 bytes back
Round trip time was 24.8967 milliseconds in repetition 497
tcp_ping received 4096 bytes back
Round trip time was 30.4535 milliseconds in repetition 498
tcp_ping received 4096 bytes back
Round trip time was 28.7372 milliseconds in repetition 499
tcp_ping received 4096 bytes back
Round trip time was 24.1254 milliseconds in repetition 500
tcp_ping received 4096 bytes back
Round trip time was 27.1311 milliseconds in repetition 501

 ... clock resolution was 0.0001
TCP Ping:  Statistics over 501 repetitions of 4096 byte messages

RTT : percentile 10: 25.0857, median: 28.5339, percentile 90: 43.2736, average: 32.0798, variance: 296.35

RTT histogram:
24.1165 371
41.4411 107
58.7658 20
76.0905 2
93.4151 0
110.74 0
128.064 0
145.389 0
162.714 0
180.038 0
197.363 0
214.688 0
232.012 0
249.337 0
266.662 0
283.987 0
301.311 0
318.636 0
335.961 0
353.285 0
370.61 1

   median Throughput : 287.097 KB/s   overall Throughput : 255.363 KB/s

