TCP Ping trying to connect to server seti.dibris.unige.it (130.251.61.30) on port 1491
 ... connected to Pong server: asking for 501 repetitions of 256 bytes TCP messages
 ... Pong server agreed :-)
tcp_ping received 256 bytes back
Round trip time was 33.3199 milliseconds in repetition 1
tcp_ping received 256 bytes back
Round trip time was 36.3892 milliseconds in repetition 2
tcp_ping received 256 bytes back
Round trip time was 30.9335 milliseconds in repetition 3
tcp_ping received 256 bytes back
Round trip time was 38.1301 milliseconds in repetition 4
tcp_ping received 256 bytes back
Round trip time was 35.1732 milliseconds in repetition 5
tcp_ping received 256 bytes back
Round trip time was 57.3236 milliseconds in repetition 6
tcp_ping received 256 bytes back
Round trip time was 30.0263 milliseconds in repetition 7
tcp_ping received 256 bytes back
Round trip time was 30.7421 milliseconds in repetition 8
tcp_ping received 256 bytes back
Round trip time was 27.5826 milliseconds in repetition 9
tcp_ping received 256 bytes back
Round trip time was 27.0923 milliseconds in repetition 10
tcp_ping received 256 bytes back
Round trip time was 30.4936 milliseconds in repetition 11
tcp_ping received 256 bytes back
Round trip time was 40.6568 milliseconds in repetition 12
tcp_ping received 256 bytes back
Round trip time was 29.4994 milliseconds in repetition 13
tcp_ping received 256 bytes back
Round trip time was 29.9301 milliseconds in repetition 14
tcp_ping received 256 bytes back
Round trip time was 27.3548 milliseconds in repetition 15
tcp_ping received 256 bytes back
Round trip time was 29.9454 milliseconds in repetition 16
tcp_ping received 256 bytes back
Round trip time was 29.8825 milliseconds in repetition 17
tcp_ping received 256 bytes back
Round trip time was 33.3655 milliseconds in repetition 18
tcp_ping received 256 bytes back
Round trip time was 28.5525 milliseconds in repetition 19
tcp_ping received 256 bytes back
Round trip time was 27.76 milliseconds in repetition 20
tcp_ping received 256 bytes back
Round trip time was 27.5826 milliseconds in repetition 21
tcp_ping received 256 bytes back
Round trip time was 28.5694 milliseconds in repetition 22
tcp_ping received 256 bytes back
Round trip time was 27.4937 milliseconds in repetition 23
tcp_ping received 256 bytes back
Round trip time was 30.0638 milliseconds in repetition 24
tcp_ping received 256 bytes back
Round trip time was 29.4234 milliseconds in repetition 25
tcp_ping received 256 bytes back
Round trip time was 32.9665 milliseconds in repetition 26
tcp_ping received 256 bytes back
Round trip time was 27.4231 milliseconds in repetition 27
tcp_ping received 256 bytes back
Round trip time was 28.7574 milliseconds in repetition 28
tcp_ping received 256 bytes back
Round trip time was 28.8722 milliseconds in repetition 29
tcp_ping received 256 bytes back
Round trip time was 28.1412 milliseconds in repetition 30
tcp_ping received 256 bytes back
Round trip time was 30.8915 milliseconds in repetition 31
tcp_ping received 256 bytes back
Round trip time was 42.0923 milliseconds in repetition 32
tcp_ping received 256 bytes back
Round trip time was 32.6666 milliseconds in repetition 33
tcp_ping received 256 bytes back
Round trip time was 33.4157 milliseconds in repetition 34
tcp_ping received 256 bytes back
Round trip time was 28.6102 milliseconds in repetition 35
tcp_ping received 256 bytes back
Round trip time was 28.8164 milliseconds in repetition 36
tcp_ping received 256 bytes back
Round trip time was 31.885 milliseconds in repetition 37
tcp_ping received 256 bytes back
Round trip time was 35.4185 milliseconds in repetition 38
tcp_ping received 256 bytes back
Round trip time was 31.9435 milliseconds in repetition 39
tcp_ping received 256 bytes back
Round trip time was 27.0904 milliseconds in repetition 40
tcp_ping received 256 bytes back
Round trip time was 27.299 milliseconds in repetition 41
tcp_ping received 256 bytes back
Round trip time was 29.538 milliseconds in repetition 42
tcp_ping received 256 bytes back
Round trip time was 29.6645 milliseconds in repetition 43
tcp_ping received 256 bytes back
Round trip time was 30.6754 milliseconds in repetition 44
tcp_ping received 256 bytes back
Round trip time was 27.0969 milliseconds in repetition 45
tcp_ping received 256 bytes back
Round trip time was 29.1792 milliseconds in repetition 46
tcp_ping received 256 bytes back
Round trip time was 29.2706 milliseconds in repetition 47
tcp_ping received 256 bytes back
Round trip time was 27.209 milliseconds in repetition 48
tcp_ping received 256 bytes back
Round trip time was 32.1968 milliseconds in repetition 49
tcp_ping received 256 bytes back
Round trip time was 33.331 milliseconds in repetition 50
tcp_ping received 256 bytes back
Round trip time was 30.1675 milliseconds in repetition 51
tcp_ping received 256 bytes back
Round trip time was 28.2978 milliseconds in repetition 52
tcp_ping received 256 bytes back
Round trip time was 33.2736 milliseconds in repetition 53
tcp_ping received 256 bytes back
Round trip time was 26.8621 milliseconds in repetition 54
tcp_ping received 256 bytes back
Round trip time was 34.0767 milliseconds in repetition 55
tcp_ping received 256 bytes back
Round trip time was 32.0916 milliseconds in repetition 56
tcp_ping received 256 bytes back
Round trip time was 30.3229 milliseconds in repetition 57
tcp_ping received 256 bytes back
Round trip time was 28.7446 milliseconds in repetition 58
tcp_ping received 256 bytes back
Round trip time was 26.1224 milliseconds in repetition 59
tcp_ping received 256 bytes back
Round trip time was 27.711 milliseconds in repetition 60
tcp_ping received 256 bytes back
Round trip time was 27.6443 milliseconds in repetition 61
tcp_ping received 256 bytes back
Round trip time was 29.9293 milliseconds in repetition 62
tcp_ping received 256 bytes back
Round trip time was 27.7585 milliseconds in repetition 63
tcp_ping received 256 bytes back
Round trip time was 31.1186 milliseconds in repetition 64
tcp_ping received 256 bytes back
Round trip time was 26.8437 milliseconds in repetition 65
tcp_ping received 256 bytes back
Round trip time was 26.5726 milliseconds in repetition 66
tcp_ping received 256 bytes back
Round trip time was 26.2983 milliseconds in repetition 67
tcp_ping received 256 bytes back
Round trip time was 26.7961 milliseconds in repetition 68
tcp_ping received 256 bytes back
Round trip time was 30.1124 milliseconds in repetition 69
tcp_ping received 256 bytes back
Round trip time was 29.9207 milliseconds in repetition 70
tcp_ping received 256 bytes back
Round trip time was 35.445 milliseconds in repetition 71
tcp_ping received 256 bytes back
Round trip time was 26.4688 milliseconds in repetition 72
tcp_ping received 256 bytes back
Round trip time was 26.8717 milliseconds in repetition 73
tcp_ping received 256 bytes back
Round trip time was 27.8159 milliseconds in repetition 74
tcp_ping received 256 bytes back
Round trip time was 28.3606 milliseconds in repetition 75
tcp_ping received 256 bytes back
Round trip time was 26.8295 milliseconds in repetition 76
tcp_ping received 256 bytes back
Round trip time was 28.4819 milliseconds in repetition 77
tcp_ping received 256 bytes back
Round trip time was 27.347 milliseconds in repetition 78
tcp_ping received 256 bytes back
Round trip time was 45.8178 milliseconds in repetition 79
tcp_ping received 256 bytes back
Round trip time was 27.3318 milliseconds in repetition 80
tcp_ping received 256 bytes back
Round trip time was 29.4058 milliseconds in repetition 81
tcp_ping received 256 bytes back
Round trip time was 26.4048 milliseconds in repetition 82
tcp_ping received 256 bytes back
Round trip time was 31.8536 milliseconds in repetition 83
tcp_ping received 256 bytes back
Round trip time was 28.4458 milliseconds in repetition 84
tcp_ping received 256 bytes back
Round trip time was 27.5755 milliseconds in repetition 85
tcp_ping received 256 bytes back
Round trip time was 28.3727 milliseconds in repetition 86
tcp_ping received 256 bytes back
Round trip time was 26.4071 milliseconds in repetition 87
tcp_ping received 256 bytes back
Round trip time was 27.669 milliseconds in repetition 88
tcp_ping received 256 bytes back
Round trip time was 28.2194 milliseconds in repetition 89
tcp_ping received 256 bytes back
Round trip time was 29.3653 milliseconds in repetition 90
tcp_ping received 256 bytes back
Round trip time was 27.6298 milliseconds in repetition 91
tcp_ping received 256 bytes back
Round trip time was 27.9075 milliseconds in repetition 92
tcp_ping received 256 bytes back
Round trip time was 30.872 milliseconds in repetition 93
tcp_ping received 256 bytes back
Round trip time was 45.2713 milliseconds in repetition 94
tcp_ping received 256 bytes back
Round trip time was 27.6138 milliseconds in repetition 95
tcp_ping received 256 bytes back
Round trip time was 32.0771 milliseconds in repetition 96
tcp_ping received 256 bytes back
Round trip time was 27.528 milliseconds in repetition 97
tcp_ping received 256 bytes back
Round trip time was 31.6391 milliseconds in repetition 98
tcp_ping received 256 bytes back
Round trip time was 31.1 milliseconds in repetition 99
tcp_ping received 256 bytes back
Round trip time was 26.7065 milliseconds in repetition 100
tcp_ping received 256 bytes back
Round trip time was 26.6959 milliseconds in repetition 101
tcp_ping received 256 bytes back
Round trip time was 27.1146 milliseconds in repetition 102
tcp_ping received 256 bytes back
Round trip time was 35.7186 milliseconds in repetition 103
tcp_ping received 256 bytes back
Round trip time was 26.8695 milliseconds in repetition 104
tcp_ping received 256 bytes back
Round trip time was 27.8093 milliseconds in repetition 105
tcp_ping received 256 bytes back
Round trip time was 30.0085 milliseconds in repetition 106
tcp_ping received 256 bytes back
Round trip time was 36.3816 milliseconds in repetition 107
tcp_ping received 256 bytes back
Round trip time was 27.0249 milliseconds in repetition 108
tcp_ping received 256 bytes back
Round trip time was 29.5419 milliseconds in repetition 109
tcp_ping received 256 bytes back
Round trip time was 30.6511 milliseconds in repetition 110
tcp_ping received 256 bytes back
Round trip time was 28.8701 milliseconds in repetition 111
tcp_ping received 256 bytes back
Round trip time was 27.6851 milliseconds in repetition 112
tcp_ping received 256 bytes back
Round trip time was 29.2081 milliseconds in repetition 113
tcp_ping received 256 bytes back
Round trip time was 26.7962 milliseconds in repetition 114
tcp_ping received 256 bytes back
Round trip time was 27.5895 milliseconds in repetition 115
tcp_ping received 256 bytes back
Round trip time was 26.4149 milliseconds in repetition 116
tcp_ping received 256 bytes back
Round trip time was 32.1999 milliseconds in repetition 117
tcp_ping received 256 bytes back
Round trip time was 28.8584 milliseconds in repetition 118
tcp_ping received 256 bytes back
Round trip time was 29.6281 milliseconds in repetition 119
tcp_ping received 256 bytes back
Round trip time was 27.5783 milliseconds in repetition 120
tcp_ping received 256 bytes back
Round trip time was 29.964 milliseconds in repetition 121
tcp_ping received 256 bytes back
Round trip time was 27.3996 milliseconds in repetition 122
tcp_ping received 256 bytes back
Round trip time was 26.7607 milliseconds in repetition 123
tcp_ping received 256 bytes back
Round trip time was 36.7242 milliseconds in repetition 124
tcp_ping received 256 bytes back
Round trip time was 27.7814 milliseconds in repetition 125
tcp_ping received 256 bytes back
Round trip time was 49.8801 milliseconds in repetition 126
tcp_ping received 256 bytes back
Round trip time was 28.4688 milliseconds in repetition 127
tcp_ping received 256 bytes back
Round trip time was 26.6048 milliseconds in repetition 128
tcp_ping received 256 bytes back
Round trip time was 40.8296 milliseconds in repetition 129
tcp_ping received 256 bytes back
Round trip time was 32.8308 milliseconds in repetition 130
tcp_ping received 256 bytes back
Round trip time was 29.5837 milliseconds in repetition 131
tcp_ping received 256 bytes back
Round trip time was 27.4086 milliseconds in repetition 132
tcp_ping received 256 bytes back
Round trip time was 26.6936 milliseconds in repetition 133
tcp_ping received 256 bytes back
Round trip time was 27.3807 milliseconds in repetition 134
tcp_ping received 256 bytes back
Round trip time was 26.8385 milliseconds in repetition 135
tcp_ping received 256 bytes back
Round trip time was 52.7401 milliseconds in repetition 136
tcp_ping received 256 bytes back
Round trip time was 26.9618 milliseconds in repetition 137
tcp_ping received 256 bytes back
Round trip time was 26.9578 milliseconds in repetition 138
tcp_ping received 256 bytes back
Round trip time was 27.5826 milliseconds in repetition 139
tcp_ping received 256 bytes back
Round trip time was 40.4802 milliseconds in repetition 140
tcp_ping received 256 bytes back
Round trip time was 28.2068 milliseconds in repetition 141
tcp_ping received 256 bytes back
Round trip time was 28.9819 milliseconds in repetition 142
tcp_ping received 256 bytes back
Round trip time was 30.7634 milliseconds in repetition 143
tcp_ping received 256 bytes back
Round trip time was 26.4669 milliseconds in repetition 144
tcp_ping received 256 bytes back
Round trip time was 33.7075 milliseconds in repetition 145
tcp_ping received 256 bytes back
Round trip time was 29.8632 milliseconds in repetition 146
tcp_ping received 256 bytes back
Round trip time was 27.1283 milliseconds in repetition 147
tcp_ping received 256 bytes back
Round trip time was 59.856 milliseconds in repetition 148
tcp_ping received 256 bytes back
Round trip time was 27.4128 milliseconds in repetition 149
tcp_ping received 256 bytes back
Round trip time was 29.6726 milliseconds in repetition 150
tcp_ping received 256 bytes back
Round trip time was 27.1598 milliseconds in repetition 151
tcp_ping received 256 bytes back
Round trip time was 35.2001 milliseconds in repetition 152
tcp_ping received 256 bytes back
Round trip time was 27.9587 milliseconds in repetition 153
tcp_ping received 256 bytes back
Round trip time was 29.8153 milliseconds in repetition 154
tcp_ping received 256 bytes back
Round trip time was 30.8547 milliseconds in repetition 155
tcp_ping received 256 bytes back
Round trip time was 31.1103 milliseconds in repetition 156
tcp_ping received 256 bytes back
Round trip time was 32.9659 milliseconds in repetition 157
tcp_ping received 256 bytes back
Round trip time was 26.9559 milliseconds in repetition 158
tcp_ping received 256 bytes back
Round trip time was 28.7107 milliseconds in repetition 159
tcp_ping received 256 bytes back
Round trip time was 26.6558 milliseconds in repetition 160
tcp_ping received 256 bytes back
Round trip time was 27.8362 milliseconds in repetition 161
tcp_ping received 256 bytes back
Round trip time was 26.909 milliseconds in repetition 162
tcp_ping received 256 bytes back
Round trip time was 27.639 milliseconds in repetition 163
tcp_ping received 256 bytes back
Round trip time was 27.5351 milliseconds in repetition 164
tcp_ping received 256 bytes back
Round trip time was 28.1907 milliseconds in repetition 165
tcp_ping received 256 bytes back
Round trip time was 26.13 milliseconds in repetition 166
tcp_ping received 256 bytes back
Round trip time was 28.1838 milliseconds in repetition 167
tcp_ping received 256 bytes back
Round trip time was 29.2074 milliseconds in repetition 168
tcp_ping received 256 bytes back
Round trip time was 28.0669 milliseconds in repetition 169
tcp_ping received 256 bytes back
Round trip time was 26.7113 milliseconds in repetition 170
tcp_ping received 256 bytes back
Round trip time was 28.4679 milliseconds in repetition 171
tcp_ping received 256 bytes back
Round trip time was 30.2465 milliseconds in repetition 172
tcp_ping received 256 bytes back
Round trip time was 26.1918 milliseconds in repetition 173
tcp_ping received 256 bytes back
Round trip time was 32.3401 milliseconds in repetition 174
tcp_ping received 256 bytes back
Round trip time was 26.1371 milliseconds in repetition 175
tcp_ping received 256 bytes back
Round trip time was 26.1708 milliseconds in repetition 176
tcp_ping received 256 bytes back
Round trip time was 29.1626 milliseconds in repetition 177
tcp_ping received 256 bytes back
Round trip time was 26.8114 milliseconds in repetition 178
tcp_ping received 256 bytes back
Round trip time was 40.7214 milliseconds in repetition 179
tcp_ping received 256 bytes back
Round trip time was 38.5256 milliseconds in repetition 180
tcp_ping received 256 bytes back
Round trip time was 28.3635 milliseconds in repetition 181
tcp_ping received 256 bytes back
Round trip time was 27.2342 milliseconds in repetition 182
tcp_ping received 256 bytes back
Round trip time was 26.8783 milliseconds in repetition 183
tcp_ping received 256 bytes back
Round trip time was 28.2555 milliseconds in repetition 184
tcp_ping received 256 bytes back
Round trip time was 36.0689 milliseconds in repetition 185
tcp_ping received 256 bytes back
Round trip time was 49.7635 milliseconds in repetition 186
tcp_ping received 256 bytes back
Round trip time was 29.8724 milliseconds in repetition 187
tcp_ping received 256 bytes back
Round trip time was 26.7348 milliseconds in repetition 188
tcp_ping received 256 bytes back
Round trip time was 36.6982 milliseconds in repetition 189
tcp_ping received 256 bytes back
Round trip time was 28.7395 milliseconds in repetition 190
tcp_ping received 256 bytes back
Round trip time was 39.9897 milliseconds in repetition 191
tcp_ping received 256 bytes back
Round trip time was 50.6955 milliseconds in repetition 192
tcp_ping received 256 bytes back
Round trip time was 45.8868 milliseconds in repetition 193
tcp_ping received 256 bytes back
Round trip time was 29.9265 milliseconds in repetition 194
tcp_ping received 256 bytes back
Round trip time was 31.6794 milliseconds in repetition 195
tcp_ping received 256 bytes back
Round trip time was 27.4966 milliseconds in repetition 196
tcp_ping received 256 bytes back
Round trip time was 27.5093 milliseconds in repetition 197
tcp_ping received 256 bytes back
Round trip time was 27.0771 milliseconds in repetition 198
tcp_ping received 256 bytes back
Round trip time was 29.337 milliseconds in repetition 199
tcp_ping received 256 bytes back
Round trip time was 27.8315 milliseconds in repetition 200
tcp_ping received 256 bytes back
Round trip time was 27.1781 milliseconds in repetition 201
tcp_ping received 256 bytes back
Round trip time was 32.8713 milliseconds in repetition 202
tcp_ping received 256 bytes back
Round trip time was 28.743 milliseconds in repetition 203
tcp_ping received 256 bytes back
Round trip time was 26.9197 milliseconds in repetition 204
tcp_ping received 256 bytes back
Round trip time was 27.4473 milliseconds in repetition 205
tcp_ping received 256 bytes back
Round trip time was 28.2342 milliseconds in repetition 206
tcp_ping received 256 bytes back
Round trip time was 36.8252 milliseconds in repetition 207
tcp_ping received 256 bytes back
Round trip time was 31.1708 milliseconds in repetition 208
tcp_ping received 256 bytes back
Round trip time was 29.1292 milliseconds in repetition 209
tcp_ping received 256 bytes back
Round trip time was 41.267 milliseconds in repetition 210
tcp_ping received 256 bytes back
Round trip time was 33.8668 milliseconds in repetition 211
tcp_ping received 256 bytes back
Round trip time was 33.8333 milliseconds in repetition 212
tcp_ping received 256 bytes back
Round trip time was 27.8649 milliseconds in repetition 213
tcp_ping received 256 bytes back
Round trip time was 29.4046 milliseconds in repetition 214
tcp_ping received 256 bytes back
Round trip time was 29.278 milliseconds in repetition 215
tcp_ping received 256 bytes back
Round trip time was 35.7775 milliseconds in repetition 216
tcp_ping received 256 bytes back
Round trip time was 29.383 milliseconds in repetition 217
tcp_ping received 256 bytes back
Round trip time was 30.6613 milliseconds in repetition 218
tcp_ping received 256 bytes back
Round trip time was 30.6073 milliseconds in repetition 219
tcp_ping received 256 bytes back
Round trip time was 27.4155 milliseconds in repetition 220
tcp_ping received 256 bytes back
Round trip time was 39.8408 milliseconds in repetition 221
tcp_ping received 256 bytes back
Round trip time was 28.2912 milliseconds in repetition 222
tcp_ping received 256 bytes back
Round trip time was 29.3721 milliseconds in repetition 223
tcp_ping received 256 bytes back
Round trip time was 27.7357 milliseconds in repetition 224
tcp_ping received 256 bytes back
Round trip time was 29.9733 milliseconds in repetition 225
tcp_ping received 256 bytes back
Round trip time was 28.2055 milliseconds in repetition 226
tcp_ping received 256 bytes back
Round trip time was 27.0525 milliseconds in repetition 227
tcp_ping received 256 bytes back
Round trip time was 44.9451 milliseconds in repetition 228
tcp_ping received 256 bytes back
Round trip time was 27.4437 milliseconds in repetition 229
tcp_ping received 256 bytes back
Round trip time was 27.382 milliseconds in repetition 230
tcp_ping received 256 bytes back
Round trip time was 27.7896 milliseconds in repetition 231
tcp_ping received 256 bytes back
Round trip time was 28.9929 milliseconds in repetition 232
tcp_ping received 256 bytes back
Round trip time was 27.3168 milliseconds in repetition 233
tcp_ping received 256 bytes back
Round trip time was 27.3702 milliseconds in repetition 234
tcp_ping received 256 bytes back
Round trip time was 28.9804 milliseconds in repetition 235
tcp_ping received 256 bytes back
Round trip time was 36.253 milliseconds in repetition 236
tcp_ping received 256 bytes back
Round trip time was 29.0721 milliseconds in repetition 237
tcp_ping received 256 bytes back
Round trip time was 31.8573 milliseconds in repetition 238
tcp_ping received 256 bytes back
Round trip time was 33.6554 milliseconds in repetition 239
tcp_ping received 256 bytes back
Round trip time was 27.9387 milliseconds in repetition 240
tcp_ping received 256 bytes back
Round trip time was 27.4497 milliseconds in repetition 241
tcp_ping received 256 bytes back
Round trip time was 33.1375 milliseconds in repetition 242
tcp_ping received 256 bytes back
Round trip time was 30.2268 milliseconds in repetition 243
tcp_ping received 256 bytes back
Round trip time was 26.857 milliseconds in repetition 244
tcp_ping received 256 bytes back
Round trip time was 27.7258 milliseconds in repetition 245
tcp_ping received 256 bytes back
Round trip time was 34.0194 milliseconds in repetition 246
tcp_ping received 256 bytes back
Round trip time was 26.769 milliseconds in repetition 247
tcp_ping received 256 bytes back
Round trip time was 26.2948 milliseconds in repetition 248
tcp_ping received 256 bytes back
Round trip time was 28.7854 milliseconds in repetition 249
tcp_ping received 256 bytes back
Round trip time was 33.3101 milliseconds in repetition 250
tcp_ping received 256 bytes back
Round trip time was 30.141 milliseconds in repetition 251
tcp_ping received 256 bytes back
Round trip time was 27.3293 milliseconds in repetition 252
tcp_ping received 256 bytes back
Round trip time was 27.2195 milliseconds in repetition 253
tcp_ping received 256 bytes back
Round trip time was 27.0402 milliseconds in repetition 254
tcp_ping received 256 bytes back
Round trip time was 28.8745 milliseconds in repetition 255
tcp_ping received 256 bytes back
Round trip time was 28.431 milliseconds in repetition 256
tcp_ping received 256 bytes back
Round trip time was 28.8645 milliseconds in repetition 257
tcp_ping received 256 bytes back
Round trip time was 27.6521 milliseconds in repetition 258
tcp_ping received 256 bytes back
Round trip time was 27.3728 milliseconds in repetition 259
tcp_ping received 256 bytes back
Round trip time was 28.0274 milliseconds in repetition 260
tcp_ping received 256 bytes back
Round trip time was 29.6538 milliseconds in repetition 261
tcp_ping received 256 bytes back
Round trip time was 27.1526 milliseconds in repetition 262
tcp_ping received 256 bytes back
Round trip time was 37.2865 milliseconds in repetition 263
tcp_ping received 256 bytes back
Round trip time was 29.6382 milliseconds in repetition 264
tcp_ping received 256 bytes back
Round trip time was 59.9893 milliseconds in repetition 265
tcp_ping received 256 bytes back
Round trip time was 35.9371 milliseconds in repetition 266
tcp_ping received 256 bytes back
Round trip time was 28.0441 milliseconds in repetition 267
tcp_ping received 256 bytes back
Round trip time was 28.9203 milliseconds in repetition 268
tcp_ping received 256 bytes back
Round trip time was 34.2562 milliseconds in repetition 269
tcp_ping received 256 bytes back
Round trip time was 197.9 milliseconds in repetition 270
tcp_ping received 256 bytes back
Round trip time was 59.1349 milliseconds in repetition 271
tcp_ping received 256 bytes back
Round trip time was 31.4686 milliseconds in repetition 272
tcp_ping received 256 bytes back
Round trip time was 28.3579 milliseconds in repetition 273
tcp_ping received 256 bytes back
Round trip time was 28.4543 milliseconds in repetition 274
tcp_ping received 256 bytes back
Round trip time was 27.9534 milliseconds in repetition 275
tcp_ping received 256 bytes back
Round trip time was 37.6089 milliseconds in repetition 276
tcp_ping received 256 bytes back
Round trip time was 28.1411 milliseconds in repetition 277
tcp_ping received 256 bytes back
Round trip time was 44.5053 milliseconds in repetition 278
tcp_ping received 256 bytes back
Round trip time was 45.1717 milliseconds in repetition 279
tcp_ping received 256 bytes back
Round trip time was 27.6914 milliseconds in repetition 280
tcp_ping received 256 bytes back
Round trip time was 30.4509 milliseconds in repetition 281
tcp_ping received 256 bytes back
Round trip time was 32.7383 milliseconds in repetition 282
tcp_ping received 256 bytes back
Round trip time was 29.308 milliseconds in repetition 283
tcp_ping received 256 bytes back
Round trip time was 26.1806 milliseconds in repetition 284
tcp_ping received 256 bytes back
Round trip time was 36.7029 milliseconds in repetition 285
tcp_ping received 256 bytes back
Round trip time was 27.3733 milliseconds in repetition 286
tcp_ping received 256 bytes back
Round trip time was 28.1037 milliseconds in repetition 287
tcp_ping received 256 bytes back
Round trip time was 29.3477 milliseconds in repetition 288
tcp_ping received 256 bytes back
Round trip time was 28.309 milliseconds in repetition 289
tcp_ping received 256 bytes back
Round trip time was 27.2545 milliseconds in repetition 290
tcp_ping received 256 bytes back
Round trip time was 28.3368 milliseconds in repetition 291
tcp_ping received 256 bytes back
Round trip time was 35.3543 milliseconds in repetition 292
tcp_ping received 256 bytes back
Round trip time was 27.0209 milliseconds in repetition 293
tcp_ping received 256 bytes back
Round trip time was 26.5878 milliseconds in repetition 294
tcp_ping received 256 bytes back
Round trip time was 33.3194 milliseconds in repetition 295
tcp_ping received 256 bytes back
Round trip time was 28.9301 milliseconds in repetition 296
tcp_ping received 256 bytes back
Round trip time was 29.1045 milliseconds in repetition 297
tcp_ping received 256 bytes back
Round trip time was 28.323 milliseconds in repetition 298
tcp_ping received 256 bytes back
Round trip time was 30.9327 milliseconds in repetition 299
tcp_ping received 256 bytes back
Round trip time was 30.6361 milliseconds in repetition 300
tcp_ping received 256 bytes back
Round trip time was 30.8227 milliseconds in repetition 301
tcp_ping received 256 bytes back
Round trip time was 30.8693 milliseconds in repetition 302
tcp_ping received 256 bytes back
Round trip time was 26.5668 milliseconds in repetition 303
tcp_ping received 256 bytes back
Round trip time was 26.4788 milliseconds in repetition 304
tcp_ping received 256 bytes back
Round trip time was 32.9104 milliseconds in repetition 305
tcp_ping received 256 bytes back
Round trip time was 31.8756 milliseconds in repetition 306
tcp_ping received 256 bytes back
Round trip time was 39.5784 milliseconds in repetition 307
tcp_ping received 256 bytes back
Round trip time was 41.5158 milliseconds in repetition 308
tcp_ping received 256 bytes back
Round trip time was 28.5458 milliseconds in repetition 309
tcp_ping received 256 bytes back
Round trip time was 28.2135 milliseconds in repetition 310
tcp_ping received 256 bytes back
Round trip time was 32.3133 milliseconds in repetition 311
tcp_ping received 256 bytes back
Round trip time was 27.1677 milliseconds in repetition 312
tcp_ping received 256 bytes back
Round trip time was 29.7196 milliseconds in repetition 313
tcp_ping received 256 bytes back
Round trip time was 26.6424 milliseconds in repetition 314
tcp_ping received 256 bytes back
Round trip time was 27.585 milliseconds in repetition 315
tcp_ping received 256 bytes back
Round trip time was 30.138 milliseconds in repetition 316
tcp_ping received 256 bytes back
Round trip time was 28.3578 milliseconds in repetition 317
tcp_ping received 256 bytes back
Round trip time was 27.0212 milliseconds in repetition 318
tcp_ping received 256 bytes back
Round trip time was 27.7381 milliseconds in repetition 319
tcp_ping received 256 bytes back
Round trip time was 29.1127 milliseconds in repetition 320
tcp_ping received 256 bytes back
Round trip time was 26.9372 milliseconds in repetition 321
tcp_ping received 256 bytes back
Round trip time was 29.1067 milliseconds in repetition 322
tcp_ping received 256 bytes back
Round trip time was 31.0867 milliseconds in repetition 323
tcp_ping received 256 bytes back
Round trip time was 50.3099 milliseconds in repetition 324
tcp_ping received 256 bytes back
Round trip time was 30.262 milliseconds in repetition 325
tcp_ping received 256 bytes back
Round trip time was 27.482 milliseconds in repetition 326
tcp_ping received 256 bytes back
Round trip time was 28.3929 milliseconds in repetition 327
tcp_ping received 256 bytes back
Round trip time was 27.539 milliseconds in repetition 328
tcp_ping received 256 bytes back
Round trip time was 30.9153 milliseconds in repetition 329
tcp_ping received 256 bytes back
Round trip time was 28.6894 milliseconds in repetition 330
tcp_ping received 256 bytes back
Round trip time was 29.8626 milliseconds in repetition 331
tcp_ping received 256 bytes back
Round trip time was 28.6393 milliseconds in repetition 332
tcp_ping received 256 bytes back
Round trip time was 32.3969 milliseconds in repetition 333
tcp_ping received 256 bytes back
Round trip time was 27.261 milliseconds in repetition 334
tcp_ping received 256 bytes back
Round trip time was 33.7589 milliseconds in repetition 335
tcp_ping received 256 bytes back
Round trip time was 27.5118 milliseconds in repetition 336
tcp_ping received 256 bytes back
Round trip time was 34.2651 milliseconds in repetition 337
tcp_ping received 256 bytes back
Round trip time was 27.157 milliseconds in repetition 338
tcp_ping received 256 bytes back
Round trip time was 32.1729 milliseconds in repetition 339
tcp_ping received 256 bytes back
Round trip time was 29.6873 milliseconds in repetition 340
tcp_ping received 256 bytes back
Round trip time was 27.6329 milliseconds in repetition 341
tcp_ping received 256 bytes back
Round trip time was 29.2561 milliseconds in repetition 342
tcp_ping received 256 bytes back
Round trip time was 30.0612 milliseconds in repetition 343
tcp_ping received 256 bytes back
Round trip time was 28.6651 milliseconds in repetition 344
tcp_ping received 256 bytes back
Round trip time was 27.0981 milliseconds in repetition 345
tcp_ping received 256 bytes back
Round trip time was 29.2298 milliseconds in repetition 346
tcp_ping received 256 bytes back
Round trip time was 39.9624 milliseconds in repetition 347
tcp_ping received 256 bytes back
Round trip time was 26.7494 milliseconds in repetition 348
tcp_ping received 256 bytes back
Round trip time was 27.0402 milliseconds in repetition 349
tcp_ping received 256 bytes back
Round trip time was 33.3523 milliseconds in repetition 350
tcp_ping received 256 bytes back
Round trip time was 28.6216 milliseconds in repetition 351
tcp_ping received 256 bytes back
Round trip time was 30.1312 milliseconds in repetition 352
tcp_ping received 256 bytes back
Round trip time was 29.8328 milliseconds in repetition 353
tcp_ping received 256 bytes back
Round trip time was 30.5481 milliseconds in repetition 354
tcp_ping received 256 bytes back
Round trip time was 27.1294 milliseconds in repetition 355
tcp_ping received 256 bytes back
Round trip time was 26.8255 milliseconds in repetition 356
tcp_ping received 256 bytes back
Round trip time was 30.3664 milliseconds in repetition 357
tcp_ping received 256 bytes back
Round trip time was 29.5762 milliseconds in repetition 358
tcp_ping received 256 bytes back
Round trip time was 27.3235 milliseconds in repetition 359
tcp_ping received 256 bytes back
Round trip time was 33.9442 milliseconds in repetition 360
tcp_ping received 256 bytes back
Round trip time was 28.6372 milliseconds in repetition 361
tcp_ping received 256 bytes back
Round trip time was 27.0605 milliseconds in repetition 362
tcp_ping received 256 bytes back
Round trip time was 26.8973 milliseconds in repetition 363
tcp_ping received 256 bytes back
Round trip time was 31.2379 milliseconds in repetition 364
tcp_ping received 256 bytes back
Round trip time was 27.5801 milliseconds in repetition 365
tcp_ping received 256 bytes back
Round trip time was 27.506 milliseconds in repetition 366
tcp_ping received 256 bytes back
Round trip time was 30.5189 milliseconds in repetition 367
tcp_ping received 256 bytes back
Round trip time was 32.8438 milliseconds in repetition 368
tcp_ping received 256 bytes back
Round trip time was 29.0971 milliseconds in repetition 369
tcp_ping received 256 bytes back
Round trip time was 27.2998 milliseconds in repetition 370
tcp_ping received 256 bytes back
Round trip time was 31.8828 milliseconds in repetition 371
tcp_ping received 256 bytes back
Round trip time was 29.0639 milliseconds in repetition 372
tcp_ping received 256 bytes back
Round trip time was 29.5971 milliseconds in repetition 373
tcp_ping received 256 bytes back
Round trip time was 29.0086 milliseconds in repetition 374
tcp_ping received 256 bytes back
Round trip time was 26.7121 milliseconds in repetition 375
tcp_ping received 256 bytes back
Round trip time was 28.1657 milliseconds in repetition 376
tcp_ping received 256 bytes back
Round trip time was 27.1161 milliseconds in repetition 377
tcp_ping received 256 bytes back
Round trip time was 27.0373 milliseconds in repetition 378
tcp_ping received 256 bytes back
Round trip time was 29.1839 milliseconds in repetition 379
tcp_ping received 256 bytes back
Round trip time was 28.903 milliseconds in repetition 380
tcp_ping received 256 bytes back
Round trip time was 29.2642 milliseconds in repetition 381
tcp_ping received 256 bytes back
Round trip time was 30.5296 milliseconds in repetition 382
tcp_ping received 256 bytes back
Round trip time was 27.3414 milliseconds in repetition 383
tcp_ping received 256 bytes back
Round trip time was 26.8989 milliseconds in repetition 384
tcp_ping received 256 bytes back
Round trip time was 27.1581 milliseconds in repetition 385
tcp_ping received 256 bytes back
Round trip time was 28.6084 milliseconds in repetition 386
tcp_ping received 256 bytes back
Round trip time was 27.125 milliseconds in repetition 387
tcp_ping received 256 bytes back
Round trip time was 29.7344 milliseconds in repetition 388
tcp_ping received 256 bytes back
Round trip time was 28.1157 milliseconds in repetition 389
tcp_ping received 256 bytes back
Round trip time was 38.8114 milliseconds in repetition 390
tcp_ping received 256 bytes back
Round trip time was 58.5642 milliseconds in repetition 391
tcp_ping received 256 bytes back
Round trip time was 26.696 milliseconds in repetition 392
tcp_ping received 256 bytes back
Round trip time was 27.6339 milliseconds in repetition 393
tcp_ping received 256 bytes back
Round trip time was 29.4288 milliseconds in repetition 394
tcp_ping received 256 bytes back
Round trip time was 36.5439 milliseconds in repetition 395
tcp_ping received 256 bytes back
Round trip time was 32.3882 milliseconds in repetition 396
tcp_ping received 256 bytes back
Round trip time was 28.7371 milliseconds in repetition 397
tcp_ping received 256 bytes back
Round trip time was 45.6227 milliseconds in repetition 398
tcp_ping received 256 bytes back
Round trip time was 52.3271 milliseconds in repetition 399
tcp_ping received 256 bytes back
Round trip time was 33.8307 milliseconds in repetition 400
tcp_ping received 256 bytes back
Round trip time was 31.9358 milliseconds in repetition 401
tcp_ping received 256 bytes back
Round trip time was 27.1147 milliseconds in repetition 402
tcp_ping received 256 bytes back
Round trip time was 61.1343 milliseconds in repetition 403
tcp_ping received 256 bytes back
Round trip time was 34.1261 milliseconds in repetition 404
tcp_ping received 256 bytes back
Round trip time was 28.1905 milliseconds in repetition 405
tcp_ping received 256 bytes back
Round trip time was 27.1969 milliseconds in repetition 406
tcp_ping received 256 bytes back
Round trip time was 27.6308 milliseconds in repetition 407
tcp_ping received 256 bytes back
Round trip time was 29.3571 milliseconds in repetition 408
tcp_ping received 256 bytes back
Round trip time was 39.5001 milliseconds in repetition 409
tcp_ping received 256 bytes back
Round trip time was 27.0276 milliseconds in repetition 410
tcp_ping received 256 bytes back
Round trip time was 29.0551 milliseconds in repetition 411
tcp_ping received 256 bytes back
Round trip time was 34.8612 milliseconds in repetition 412
tcp_ping received 256 bytes back
Round trip time was 28.1118 milliseconds in repetition 413
tcp_ping received 256 bytes back
Round trip time was 26.9003 milliseconds in repetition 414
tcp_ping received 256 bytes back
Round trip time was 52.2083 milliseconds in repetition 415
tcp_ping received 256 bytes back
Round trip time was 27.8848 milliseconds in repetition 416
tcp_ping received 256 bytes back
Round trip time was 30.1302 milliseconds in repetition 417
tcp_ping received 256 bytes back
Round trip time was 29.7743 milliseconds in repetition 418
tcp_ping received 256 bytes back
Round trip time was 26.6408 milliseconds in repetition 419
tcp_ping received 256 bytes back
Round trip time was 28.9274 milliseconds in repetition 420
tcp_ping received 256 bytes back
Round trip time was 29.2982 milliseconds in repetition 421
tcp_ping received 256 bytes back
Round trip time was 26.9327 milliseconds in repetition 422
tcp_ping received 256 bytes back
Round trip time was 28.1888 milliseconds in repetition 423
tcp_ping received 256 bytes back
Round trip time was 27.7568 milliseconds in repetition 424
tcp_ping received 256 bytes back
Round trip time was 33.3129 milliseconds in repetition 425
tcp_ping received 256 bytes back
Round trip time was 28.3039 milliseconds in repetition 426
tcp_ping received 256 bytes back
Round trip time was 26.7081 milliseconds in repetition 427
tcp_ping received 256 bytes back
Round trip time was 29.6221 milliseconds in repetition 428
tcp_ping received 256 bytes back
Round trip time was 30.9618 milliseconds in repetition 429
tcp_ping received 256 bytes back
Round trip time was 28.3209 milliseconds in repetition 430
tcp_ping received 256 bytes back
Round trip time was 26.6105 milliseconds in repetition 431
tcp_ping received 256 bytes back
Round trip time was 27.174 milliseconds in repetition 432
tcp_ping received 256 bytes back
Round trip time was 32.9283 milliseconds in repetition 433
tcp_ping received 256 bytes back
Round trip time was 27.3896 milliseconds in repetition 434
tcp_ping received 256 bytes back
Round trip time was 27.1215 milliseconds in repetition 435
tcp_ping received 256 bytes back
Round trip time was 29.1607 milliseconds in repetition 436
tcp_ping received 256 bytes back
Round trip time was 29.2813 milliseconds in repetition 437
tcp_ping received 256 bytes back
Round trip time was 26.6208 milliseconds in repetition 438
tcp_ping received 256 bytes back
Round trip time was 26.9524 milliseconds in repetition 439
tcp_ping received 256 bytes back
Round trip time was 31.0709 milliseconds in repetition 440
tcp_ping received 256 bytes back
Round trip time was 27.3552 milliseconds in repetition 441
tcp_ping received 256 bytes back
Round trip time was 27.0321 milliseconds in repetition 442
tcp_ping received 256 bytes back
Round trip time was 28.7297 milliseconds in repetition 443
tcp_ping received 256 bytes back
Round trip time was 28.835 milliseconds in repetition 444
tcp_ping received 256 bytes back
Round trip time was 28.1727 milliseconds in repetition 445
tcp_ping received 256 bytes back
Round trip time was 28.2357 milliseconds in repetition 446
tcp_ping received 256 bytes back
Round trip time was 28.758 milliseconds in repetition 447
tcp_ping received 256 bytes back
Round trip time was 29.6644 milliseconds in repetition 448
tcp_ping received 256 bytes back
Round trip time was 26.8897 milliseconds in repetition 449
tcp_ping received 256 bytes back
Round trip time was 26.3872 milliseconds in repetition 450
tcp_ping received 256 bytes back
Round trip time was 32.3292 milliseconds in repetition 451
tcp_ping received 256 bytes back
Round trip time was 27.5294 milliseconds in repetition 452
tcp_ping received 256 bytes back
Round trip time was 26.9748 milliseconds in repetition 453
tcp_ping received 256 bytes back
Round trip time was 26.5903 milliseconds in repetition 454
tcp_ping received 256 bytes back
Round trip time was 30.1963 milliseconds in repetition 455
tcp_ping received 256 bytes back
Round trip time was 28.4959 milliseconds in repetition 456
tcp_ping received 256 bytes back
Round trip time was 26.893 milliseconds in repetition 457
tcp_ping received 256 bytes back
Round trip time was 31.5421 milliseconds in repetition 458
tcp_ping received 256 bytes back
Round trip time was 27.9837 milliseconds in repetition 459
tcp_ping received 256 bytes back
Round trip time was 31.8434 milliseconds in repetition 460
tcp_ping received 256 bytes back
Round trip time was 27.3478 milliseconds in repetition 461
tcp_ping received 256 bytes back
Round trip time was 26.8966 milliseconds in repetition 462
tcp_ping received 256 bytes back
Round trip time was 29.4697 milliseconds in repetition 463
tcp_ping received 256 bytes back
Round trip time was 27.8929 milliseconds in repetition 464
tcp_ping received 256 bytes back
Round trip time was 27.0627 milliseconds in repetition 465
tcp_ping received 256 bytes back
Round trip time was 29.3097 milliseconds in repetition 466
tcp_ping received 256 bytes back
Round trip time was 27.1826 milliseconds in repetition 467
tcp_ping received 256 bytes back
Round trip time was 29.3021 milliseconds in repetition 468
tcp_ping received 256 bytes back
Round trip time was 28.9701 milliseconds in repetition 469
tcp_ping received 256 bytes back
Round trip time was 27.2702 milliseconds in repetition 470
tcp_ping received 256 bytes back
Round trip time was 27.3811 milliseconds in repetition 471
tcp_ping received 256 bytes back
Round trip time was 34.0921 milliseconds in repetition 472
tcp_ping received 256 bytes back
Round trip time was 28.0029 milliseconds in repetition 473
tcp_ping received 256 bytes back
Round trip time was 27.4729 milliseconds in repetition 474
tcp_ping received 256 bytes back
Round trip time was 28.2283 milliseconds in repetition 475
tcp_ping received 256 bytes back
Round trip time was 32.9588 milliseconds in repetition 476
tcp_ping received 256 bytes back
Round trip time was 28.8065 milliseconds in repetition 477
tcp_ping received 256 bytes back
Round trip time was 27.4771 milliseconds in repetition 478
tcp_ping received 256 bytes back
Round trip time was 33.5493 milliseconds in repetition 479
tcp_ping received 256 bytes back
Round trip time was 29.3476 milliseconds in repetition 480
tcp_ping received 256 bytes back
Round trip time was 26.7549 milliseconds in repetition 481
tcp_ping received 256 bytes back
Round trip time was 37.0962 milliseconds in repetition 482
tcp_ping received 256 bytes back
Round trip time was 27.2933 milliseconds in repetition 483
tcp_ping received 256 bytes back
Round trip time was 27.4172 milliseconds in repetition 484
tcp_ping received 256 bytes back
Round trip time was 32.4433 milliseconds in repetition 485
tcp_ping received 256 bytes back
Round trip time was 53.9059 milliseconds in repetition 486
tcp_ping received 256 bytes back
Round trip time was 28.468 milliseconds in repetition 487
tcp_ping received 256 bytes back
Round trip time was 29.4476 milliseconds in repetition 488
tcp_ping received 256 bytes back
Round trip time was 27.7536 milliseconds in repetition 489
tcp_ping received 256 bytes back
Round trip time was 28.0434 milliseconds in repetition 490
tcp_ping received 256 bytes back
Round trip time was 31.1481 milliseconds in repetition 491
tcp_ping received 256 bytes back
Round trip time was 30.7147 milliseconds in repetition 492
tcp_ping received 256 bytes back
Round trip time was 28.6385 milliseconds in repetition 493
tcp_ping received 256 bytes back
Round trip time was 29.1907 milliseconds in repetition 494
tcp_ping received 256 bytes back
Round trip time was 30.4716 milliseconds in repetition 495
tcp_ping received 256 bytes back
Round trip time was 33.5306 milliseconds in repetition 496
tcp_ping received 256 bytes back
Round trip time was 28.4202 milliseconds in repetition 497
tcp_ping received 256 bytes back
Round trip time was 32.7573 milliseconds in repetition 498
tcp_ping received 256 bytes back
Round trip time was 33.3391 milliseconds in repetition 499
tcp_ping received 256 bytes back
Round trip time was 27.5802 milliseconds in repetition 500
tcp_ping received 256 bytes back
Round trip time was 28.2411 milliseconds in repetition 501

 ... clock resolution was 0.0001
TCP Ping:  Statistics over 501 repetitions of 256 byte messages

RTT : percentile 10: 26.893, median: 28.7854, percentile 90: 35.7775, average: 30.8425, variance: 86.0268

RTT histogram:
26.1223 352
34.7111 115
43.3 19
51.8889 8
60.4778 6
69.0666 0
77.6555 0
86.2444 0
94.8333 0
103.422 0
112.011 0
120.6 0
129.189 0
137.778 0
146.367 0
154.955 0
163.544 0
172.133 0
180.722 0
189.311 0
197.9 1

   median Throughput : 17.7868 KB/s   overall Throughput : 16.6005 KB/s

