TCP Ping trying to connect to server seti.dibris.unige.it (130.251.61.30) on port 1491
 ... connected to Pong server: asking for 501 repetitions of 16384 bytes TCP messages
 ... Pong server agreed :-)
tcp_ping received 16384 bytes back
Round trip time was 139.977 milliseconds in repetition 1
tcp_ping received 16384 bytes back
Round trip time was 42.7164 milliseconds in repetition 2
tcp_ping received 16384 bytes back
Round trip time was 46.1906 milliseconds in repetition 3
tcp_ping received 16384 bytes back
Round trip time was 36.5632 milliseconds in repetition 4
tcp_ping received 16384 bytes back
Round trip time was 41.3302 milliseconds in repetition 5
tcp_ping received 16384 bytes back
Round trip time was 38.6623 milliseconds in repetition 6
tcp_ping received 16384 bytes back
Round trip time was 46.8224 milliseconds in repetition 7
tcp_ping received 16384 bytes back
Round trip time was 41.9469 milliseconds in repetition 8
tcp_ping received 16384 bytes back
Round trip time was 40.9794 milliseconds in repetition 9
tcp_ping received 16384 bytes back
Round trip time was 38.4013 milliseconds in repetition 10
tcp_ping received 16384 bytes back
Round trip time was 35.2918 milliseconds in repetition 11
tcp_ping received 16384 bytes back
Round trip time was 34.6964 milliseconds in repetition 12
tcp_ping received 16384 bytes back
Round trip time was 40.3826 milliseconds in repetition 13
tcp_ping received 16384 bytes back
Round trip time was 77.5748 milliseconds in repetition 14
tcp_ping received 16384 bytes back
Round trip time was 41.7777 milliseconds in repetition 15
tcp_ping received 16384 bytes back
Round trip time was 40.2324 milliseconds in repetition 16
tcp_ping received 16384 bytes back
Round trip time was 43.2045 milliseconds in repetition 17
tcp_ping received 16384 bytes back
Round trip time was 38.2067 milliseconds in repetition 18
tcp_ping received 16384 bytes back
Round trip time was 36.2081 milliseconds in repetition 19
tcp_ping received 16384 bytes back
Round trip time was 39.2133 milliseconds in repetition 20
tcp_ping received 16384 bytes back
Round trip time was 39.0148 milliseconds in repetition 21
tcp_ping received 16384 bytes back
Round trip time was 36.0767 milliseconds in repetition 22
tcp_ping received 16384 bytes back
Round trip time was 38.6295 milliseconds in repetition 23
tcp_ping received 16384 bytes back
Round trip time was 35.7896 milliseconds in repetition 24
tcp_ping received 16384 bytes back
Round trip time was 35.1248 milliseconds in repetition 25
tcp_ping received 16384 bytes back
Round trip time was 57.6417 milliseconds in repetition 26
tcp_ping received 16384 bytes back
Round trip time was 35.0103 milliseconds in repetition 27
tcp_ping received 16384 bytes back
Round trip time was 46.5063 milliseconds in repetition 28
tcp_ping received 16384 bytes back
Round trip time was 37.1019 milliseconds in repetition 29
tcp_ping received 16384 bytes back
Round trip time was 37.0808 milliseconds in repetition 30
tcp_ping received 16384 bytes back
Round trip time was 80.9581 milliseconds in repetition 31
tcp_ping received 16384 bytes back
Round trip time was 41.9863 milliseconds in repetition 32
tcp_ping received 16384 bytes back
Round trip time was 37.6634 milliseconds in repetition 33
tcp_ping received 16384 bytes back
Round trip time was 49.4888 milliseconds in repetition 34
tcp_ping received 16384 bytes back
Round trip time was 35.3329 milliseconds in repetition 35
tcp_ping received 16384 bytes back
Round trip time was 37.0124 milliseconds in repetition 36
tcp_ping received 16384 bytes back
Round trip time was 35.8735 milliseconds in repetition 37
tcp_ping received 16384 bytes back
Round trip time was 65.6095 milliseconds in repetition 38
tcp_ping received 16384 bytes back
Round trip time was 38.4792 milliseconds in repetition 39
tcp_ping received 16384 bytes back
Round trip time was 39.3151 milliseconds in repetition 40
tcp_ping received 16384 bytes back
Round trip time was 46.4629 milliseconds in repetition 41
tcp_ping received 16384 bytes back
Round trip time was 42.6405 milliseconds in repetition 42
tcp_ping received 16384 bytes back
Round trip time was 40.4711 milliseconds in repetition 43
tcp_ping received 16384 bytes back
Round trip time was 37.6941 milliseconds in repetition 44
tcp_ping received 16384 bytes back
Round trip time was 38.3971 milliseconds in repetition 45
tcp_ping received 16384 bytes back
Round trip time was 69.7973 milliseconds in repetition 46
tcp_ping received 16384 bytes back
Round trip time was 40.4921 milliseconds in repetition 47
tcp_ping received 16384 bytes back
Round trip time was 40.3105 milliseconds in repetition 48
tcp_ping received 16384 bytes back
Round trip time was 41.7267 milliseconds in repetition 49
tcp_ping received 16384 bytes back
Round trip time was 42.1917 milliseconds in repetition 50
tcp_ping received 16384 bytes back
Round trip time was 48.7327 milliseconds in repetition 51
tcp_ping received 16384 bytes back
Round trip time was 33.8163 milliseconds in repetition 52
tcp_ping received 16384 bytes back
Round trip time was 37.9524 milliseconds in repetition 53
tcp_ping received 16384 bytes back
Round trip time was 37.1856 milliseconds in repetition 54
tcp_ping received 16384 bytes back
Round trip time was 37.9221 milliseconds in repetition 55
tcp_ping received 16384 bytes back
Round trip time was 38.7973 milliseconds in repetition 56
tcp_ping received 16384 bytes back
Round trip time was 34.8468 milliseconds in repetition 57
tcp_ping received 16384 bytes back
Round trip time was 37.1606 milliseconds in repetition 58
tcp_ping received 16384 bytes back
Round trip time was 47.2219 milliseconds in repetition 59
tcp_ping received 16384 bytes back
Round trip time was 35.7433 milliseconds in repetition 60
tcp_ping received 16384 bytes back
Round trip time was 39.2958 milliseconds in repetition 61
tcp_ping received 16384 bytes back
Round trip time was 45.546 milliseconds in repetition 62
tcp_ping received 16384 bytes back
Round trip time was 36.682 milliseconds in repetition 63
tcp_ping received 16384 bytes back
Round trip time was 42.7763 milliseconds in repetition 64
tcp_ping received 16384 bytes back
Round trip time was 34.8473 milliseconds in repetition 65
tcp_ping received 16384 bytes back
Round trip time was 36.7457 milliseconds in repetition 66
tcp_ping received 16384 bytes back
Round trip time was 35.0984 milliseconds in repetition 67
tcp_ping received 16384 bytes back
Round trip time was 33.7563 milliseconds in repetition 68
tcp_ping received 16384 bytes back
Round trip time was 42.7425 milliseconds in repetition 69
tcp_ping received 16384 bytes back
Round trip time was 43.0156 milliseconds in repetition 70
tcp_ping received 16384 bytes back
Round trip time was 34.8666 milliseconds in repetition 71
tcp_ping received 16384 bytes back
Round trip time was 35.5578 milliseconds in repetition 72
tcp_ping received 16384 bytes back
Round trip time was 36.2673 milliseconds in repetition 73
tcp_ping received 16384 bytes back
Round trip time was 36.4644 milliseconds in repetition 74
tcp_ping received 16384 bytes back
Round trip time was 45.2933 milliseconds in repetition 75
tcp_ping received 16384 bytes back
Round trip time was 33.849 milliseconds in repetition 76
tcp_ping received 16384 bytes back
Round trip time was 37.2858 milliseconds in repetition 77
tcp_ping received 16384 bytes back
Round trip time was 36.8423 milliseconds in repetition 78
tcp_ping received 16384 bytes back
Round trip time was 36.6771 milliseconds in repetition 79
tcp_ping received 16384 bytes back
Round trip time was 35.7629 milliseconds in repetition 80
tcp_ping received 16384 bytes back
Round trip time was 40.306 milliseconds in repetition 81
tcp_ping received 16384 bytes back
Round trip time was 75.4563 milliseconds in repetition 82
tcp_ping received 16384 bytes back
Round trip time was 38.8099 milliseconds in repetition 83
tcp_ping received 16384 bytes back
Round trip time was 34.5387 milliseconds in repetition 84
tcp_ping received 16384 bytes back
Round trip time was 41.2389 milliseconds in repetition 85
tcp_ping received 16384 bytes back
Round trip time was 34.1822 milliseconds in repetition 86
tcp_ping received 16384 bytes back
Round trip time was 38.0894 milliseconds in repetition 87
tcp_ping received 16384 bytes back
Round trip time was 45.1113 milliseconds in repetition 88
tcp_ping received 16384 bytes back
Round trip time was 35.9144 milliseconds in repetition 89
tcp_ping received 16384 bytes back
Round trip time was 45.7566 milliseconds in repetition 90
tcp_ping received 16384 bytes back
Round trip time was 34.7778 milliseconds in repetition 91
tcp_ping received 16384 bytes back
Round trip time was 35.3572 milliseconds in repetition 92
tcp_ping received 16384 bytes back
Round trip time was 36.9381 milliseconds in repetition 93
tcp_ping received 16384 bytes back
Round trip time was 34.3083 milliseconds in repetition 94
tcp_ping received 16384 bytes back
Round trip time was 42.7552 milliseconds in repetition 95
tcp_ping received 16384 bytes back
Round trip time was 39.2495 milliseconds in repetition 96
tcp_ping received 16384 bytes back
Round trip time was 38.4452 milliseconds in repetition 97
tcp_ping received 16384 bytes back
Round trip time was 42.1105 milliseconds in repetition 98
tcp_ping received 16384 bytes back
Round trip time was 39.2046 milliseconds in repetition 99
tcp_ping received 16384 bytes back
Round trip time was 42.5658 milliseconds in repetition 100
tcp_ping received 16384 bytes back
Round trip time was 39.0455 milliseconds in repetition 101
tcp_ping received 16384 bytes back
Round trip time was 35.0006 milliseconds in repetition 102
tcp_ping received 16384 bytes back
Round trip time was 36.5302 milliseconds in repetition 103
tcp_ping received 16384 bytes back
Round trip time was 35.5054 milliseconds in repetition 104
tcp_ping received 16384 bytes back
Round trip time was 39.6008 milliseconds in repetition 105
tcp_ping received 16384 bytes back
Round trip time was 45.5816 milliseconds in repetition 106
tcp_ping received 16384 bytes back
Round trip time was 35.3363 milliseconds in repetition 107
tcp_ping received 16384 bytes back
Round trip time was 37.6561 milliseconds in repetition 108
tcp_ping received 16384 bytes back
Round trip time was 34.1223 milliseconds in repetition 109
tcp_ping received 16384 bytes back
Round trip time was 36.8134 milliseconds in repetition 110
tcp_ping received 16384 bytes back
Round trip time was 40.6578 milliseconds in repetition 111
tcp_ping received 16384 bytes back
Round trip time was 36.1199 milliseconds in repetition 112
tcp_ping received 16384 bytes back
Round trip time was 36.4003 milliseconds in repetition 113
tcp_ping received 16384 bytes back
Round trip time was 35.1947 milliseconds in repetition 114
tcp_ping received 16384 bytes back
Round trip time was 34.938 milliseconds in repetition 115
tcp_ping received 16384 bytes back
Round trip time was 46.6022 milliseconds in repetition 116
tcp_ping received 16384 bytes back
Round trip time was 52.7195 milliseconds in repetition 117
tcp_ping received 16384 bytes back
Round trip time was 35.421 milliseconds in repetition 118
tcp_ping received 16384 bytes back
Round trip time was 405.623 milliseconds in repetition 119
tcp_ping received 16384 bytes back
Round trip time was 36.8331 milliseconds in repetition 120
tcp_ping received 16384 bytes back
Round trip time was 36.581 milliseconds in repetition 121
tcp_ping received 16384 bytes back
Round trip time was 33.9446 milliseconds in repetition 122
tcp_ping received 16384 bytes back
Round trip time was 37.277 milliseconds in repetition 123
tcp_ping received 16384 bytes back
Round trip time was 41.3202 milliseconds in repetition 124
tcp_ping received 16384 bytes back
Round trip time was 36.821 milliseconds in repetition 125
tcp_ping received 16384 bytes back
Round trip time was 70.0921 milliseconds in repetition 126
tcp_ping received 16384 bytes back
Round trip time was 37.6382 milliseconds in repetition 127
tcp_ping received 16384 bytes back
Round trip time was 33.8218 milliseconds in repetition 128
tcp_ping received 16384 bytes back
Round trip time was 38.4128 milliseconds in repetition 129
tcp_ping received 16384 bytes back
Round trip time was 39.7796 milliseconds in repetition 130
tcp_ping received 16384 bytes back
Round trip time was 39.7379 milliseconds in repetition 131
tcp_ping received 16384 bytes back
Round trip time was 51.7941 milliseconds in repetition 132
tcp_ping received 16384 bytes back
Round trip time was 36.7812 milliseconds in repetition 133
tcp_ping received 16384 bytes back
Round trip time was 37.245 milliseconds in repetition 134
tcp_ping received 16384 bytes back
Round trip time was 38.5204 milliseconds in repetition 135
tcp_ping received 16384 bytes back
Round trip time was 38.0633 milliseconds in repetition 136
tcp_ping received 16384 bytes back
Round trip time was 35.0205 milliseconds in repetition 137
tcp_ping received 16384 bytes back
Round trip time was 36.1706 milliseconds in repetition 138
tcp_ping received 16384 bytes back
Round trip time was 38.0268 milliseconds in repetition 139
tcp_ping received 16384 bytes back
Round trip time was 41.3432 milliseconds in repetition 140
tcp_ping received 16384 bytes back
Round trip time was 42.1157 milliseconds in repetition 141
tcp_ping received 16384 bytes back
Round trip time was 85.8976 milliseconds in repetition 142
tcp_ping received 16384 bytes back
Round trip time was 35.6407 milliseconds in repetition 143
tcp_ping received 16384 bytes back
Round trip time was 40.2162 milliseconds in repetition 144
tcp_ping received 16384 bytes back
Round trip time was 40.4158 milliseconds in repetition 145
tcp_ping received 16384 bytes back
Round trip time was 34.2221 milliseconds in repetition 146
tcp_ping received 16384 bytes back
Round trip time was 38.6884 milliseconds in repetition 147
tcp_ping received 16384 bytes back
Round trip time was 46.1476 milliseconds in repetition 148
tcp_ping received 16384 bytes back
Round trip time was 36.0391 milliseconds in repetition 149
tcp_ping received 16384 bytes back
Round trip time was 48.971 milliseconds in repetition 150
tcp_ping received 16384 bytes back
Round trip time was 35.1325 milliseconds in repetition 151
tcp_ping received 16384 bytes back
Round trip time was 36.0149 milliseconds in repetition 152
tcp_ping received 16384 bytes back
Round trip time was 35.0309 milliseconds in repetition 153
tcp_ping received 16384 bytes back
Round trip time was 49.6222 milliseconds in repetition 154
tcp_ping received 16384 bytes back
Round trip time was 46.6823 milliseconds in repetition 155
tcp_ping received 16384 bytes back
Round trip time was 35.8735 milliseconds in repetition 156
tcp_ping received 16384 bytes back
Round trip time was 35.181 milliseconds in repetition 157
tcp_ping received 16384 bytes back
Round trip time was 36.9012 milliseconds in repetition 158
tcp_ping received 16384 bytes back
Round trip time was 36.7083 milliseconds in repetition 159
tcp_ping received 16384 bytes back
Round trip time was 68.2427 milliseconds in repetition 160
tcp_ping received 16384 bytes back
Round trip time was 42.9224 milliseconds in repetition 161
tcp_ping received 16384 bytes back
Round trip time was 43.3236 milliseconds in repetition 162
tcp_ping received 16384 bytes back
Round trip time was 58.381 milliseconds in repetition 163
tcp_ping received 16384 bytes back
Round trip time was 45.9465 milliseconds in repetition 164
tcp_ping received 16384 bytes back
Round trip time was 36.9525 milliseconds in repetition 165
tcp_ping received 16384 bytes back
Round trip time was 36.3943 milliseconds in repetition 166
tcp_ping received 16384 bytes back
Round trip time was 36.2136 milliseconds in repetition 167
tcp_ping received 16384 bytes back
Round trip time was 34.4254 milliseconds in repetition 168
tcp_ping received 16384 bytes back
Round trip time was 34.7754 milliseconds in repetition 169
tcp_ping received 16384 bytes back
Round trip time was 36.4948 milliseconds in repetition 170
tcp_ping received 16384 bytes back
Round trip time was 41.7759 milliseconds in repetition 171
tcp_ping received 16384 bytes back
Round trip time was 46.4278 milliseconds in repetition 172
tcp_ping received 16384 bytes back
Round trip time was 44.0614 milliseconds in repetition 173
tcp_ping received 16384 bytes back
Round trip time was 42.8986 milliseconds in repetition 174
tcp_ping received 16384 bytes back
Round trip time was 41.0835 milliseconds in repetition 175
tcp_ping received 16384 bytes back
Round trip time was 37.3724 milliseconds in repetition 176
tcp_ping received 16384 bytes back
Round trip time was 43.5622 milliseconds in repetition 177
tcp_ping received 16384 bytes back
Round trip time was 36.5592 milliseconds in repetition 178
tcp_ping received 16384 bytes back
Round trip time was 37.4644 milliseconds in repetition 179
tcp_ping received 16384 bytes back
Round trip time was 38.6885 milliseconds in repetition 180
tcp_ping received 16384 bytes back
Round trip time was 36.7583 milliseconds in repetition 181
tcp_ping received 16384 bytes back
Round trip time was 35.4024 milliseconds in repetition 182
tcp_ping received 16384 bytes back
Round trip time was 41.4642 milliseconds in repetition 183
tcp_ping received 16384 bytes back
Round trip time was 36.0046 milliseconds in repetition 184
tcp_ping received 16384 bytes back
Round trip time was 74.8216 milliseconds in repetition 185
tcp_ping received 16384 bytes back
Round trip time was 49.0809 milliseconds in repetition 186
tcp_ping received 16384 bytes back
Round trip time was 36.2474 milliseconds in repetition 187
tcp_ping received 16384 bytes back
Round trip time was 34.9863 milliseconds in repetition 188
tcp_ping received 16384 bytes back
Round trip time was 36.0904 milliseconds in repetition 189
tcp_ping received 16384 bytes back
Round trip time was 77.8287 milliseconds in repetition 190
tcp_ping received 16384 bytes back
Round trip time was 38.8253 milliseconds in repetition 191
tcp_ping received 16384 bytes back
Round trip time was 44.5241 milliseconds in repetition 192
tcp_ping received 16384 bytes back
Round trip time was 37.4377 milliseconds in repetition 193
tcp_ping received 16384 bytes back
Round trip time was 77.4001 milliseconds in repetition 194
tcp_ping received 16384 bytes back
Round trip time was 36.6117 milliseconds in repetition 195
tcp_ping received 16384 bytes back
Round trip time was 35.6963 milliseconds in repetition 196
tcp_ping received 16384 bytes back
Round trip time was 35.0612 milliseconds in repetition 197
tcp_ping received 16384 bytes back
Round trip time was 42.9405 milliseconds in repetition 198
tcp_ping received 16384 bytes back
Round trip time was 36.8721 milliseconds in repetition 199
tcp_ping received 16384 bytes back
Round trip time was 35.9128 milliseconds in repetition 200
tcp_ping received 16384 bytes back
Round trip time was 42.2899 milliseconds in repetition 201
tcp_ping received 16384 bytes back
Round trip time was 40.3137 milliseconds in repetition 202
tcp_ping received 16384 bytes back
Round trip time was 39.2916 milliseconds in repetition 203
tcp_ping received 16384 bytes back
Round trip time was 34.9517 milliseconds in repetition 204
tcp_ping received 16384 bytes back
Round trip time was 36.6193 milliseconds in repetition 205
tcp_ping received 16384 bytes back
Round trip time was 40.9087 milliseconds in repetition 206
tcp_ping received 16384 bytes back
Round trip time was 34.8763 milliseconds in repetition 207
tcp_ping received 16384 bytes back
Round trip time was 36.9369 milliseconds in repetition 208
tcp_ping received 16384 bytes back
Round trip time was 37.8368 milliseconds in repetition 209
tcp_ping received 16384 bytes back
Round trip time was 48.0291 milliseconds in repetition 210
tcp_ping received 16384 bytes back
Round trip time was 40.0239 milliseconds in repetition 211
tcp_ping received 16384 bytes back
Round trip time was 37.4489 milliseconds in repetition 212
tcp_ping received 16384 bytes back
Round trip time was 40.1741 milliseconds in repetition 213
tcp_ping received 16384 bytes back
Round trip time was 38.2223 milliseconds in repetition 214
tcp_ping received 16384 bytes back
Round trip time was 37.5228 milliseconds in repetition 215
tcp_ping received 16384 bytes back
Round trip time was 35.5471 milliseconds in repetition 216
tcp_ping received 16384 bytes back
Round trip time was 36.311 milliseconds in repetition 217
tcp_ping received 16384 bytes back
Round trip time was 39.4294 milliseconds in repetition 218
tcp_ping received 16384 bytes back
Round trip time was 42.057 milliseconds in repetition 219
tcp_ping received 16384 bytes back
Round trip time was 45.7709 milliseconds in repetition 220
tcp_ping received 16384 bytes back
Round trip time was 37.8416 milliseconds in repetition 221
tcp_ping received 16384 bytes back
Round trip time was 44.315 milliseconds in repetition 222
tcp_ping received 16384 bytes back
Round trip time was 35.6564 milliseconds in repetition 223
tcp_ping received 16384 bytes back
Round trip time was 41.1415 milliseconds in repetition 224
tcp_ping received 16384 bytes back
Round trip time was 43.7772 milliseconds in repetition 225
tcp_ping received 16384 bytes back
Round trip time was 36.0755 milliseconds in repetition 226
tcp_ping received 16384 bytes back
Round trip time was 37.4689 milliseconds in repetition 227
tcp_ping received 16384 bytes back
Round trip time was 36.3038 milliseconds in repetition 228
tcp_ping received 16384 bytes back
Round trip time was 39.8231 milliseconds in repetition 229
tcp_ping received 16384 bytes back
Round trip time was 37.8406 milliseconds in repetition 230
tcp_ping received 16384 bytes back
Round trip time was 34.7586 milliseconds in repetition 231
tcp_ping received 16384 bytes back
Round trip time was 42.126 milliseconds in repetition 232
tcp_ping received 16384 bytes back
Round trip time was 40.8817 milliseconds in repetition 233
tcp_ping received 16384 bytes back
Round trip time was 37.1134 milliseconds in repetition 234
tcp_ping received 16384 bytes back
Round trip time was 40.8937 milliseconds in repetition 235
tcp_ping received 16384 bytes back
Round trip time was 41.8884 milliseconds in repetition 236
tcp_ping received 16384 bytes back
Round trip time was 38.2899 milliseconds in repetition 237
tcp_ping received 16384 bytes back
Round trip time was 39.3461 milliseconds in repetition 238
tcp_ping received 16384 bytes back
Round trip time was 41.097 milliseconds in repetition 239
tcp_ping received 16384 bytes back
Round trip time was 41.5561 milliseconds in repetition 240
tcp_ping received 16384 bytes back
Round trip time was 36.2202 milliseconds in repetition 241
tcp_ping received 16384 bytes back
Round trip time was 39.9892 milliseconds in repetition 242
tcp_ping received 16384 bytes back
Round trip time was 39.5983 milliseconds in repetition 243
tcp_ping received 16384 bytes back
Round trip time was 76.0018 milliseconds in repetition 244
tcp_ping received 16384 bytes back
Round trip time was 47.5673 milliseconds in repetition 245
tcp_ping received 16384 bytes back
Round trip time was 39.1193 milliseconds in repetition 246
tcp_ping received 16384 bytes back
Round trip time was 37.3674 milliseconds in repetition 247
tcp_ping received 16384 bytes back
Round trip time was 38.4637 milliseconds in repetition 248
tcp_ping received 16384 bytes back
Round trip time was 42.5034 milliseconds in repetition 249
tcp_ping received 16384 bytes back
Round trip time was 42.2308 milliseconds in repetition 250
tcp_ping received 16384 bytes back
Round trip time was 35.5447 milliseconds in repetition 251
tcp_ping received 16384 bytes back
Round trip time was 42.3234 milliseconds in repetition 252
tcp_ping received 16384 bytes back
Round trip time was 34.892 milliseconds in repetition 253
tcp_ping received 16384 bytes back
Round trip time was 72.4406 milliseconds in repetition 254
tcp_ping received 16384 bytes back
Round trip time was 47.3287 milliseconds in repetition 255
tcp_ping received 16384 bytes back
Round trip time was 53.5496 milliseconds in repetition 256
tcp_ping received 16384 bytes back
Round trip time was 54.0681 milliseconds in repetition 257
tcp_ping received 16384 bytes back
Round trip time was 44.5579 milliseconds in repetition 258
tcp_ping received 16384 bytes back
Round trip time was 67.7508 milliseconds in repetition 259
tcp_ping received 16384 bytes back
Round trip time was 40.7295 milliseconds in repetition 260
tcp_ping received 16384 bytes back
Round trip time was 44.5214 milliseconds in repetition 261
tcp_ping received 16384 bytes back
Round trip time was 36.6483 milliseconds in repetition 262
tcp_ping received 16384 bytes back
Round trip time was 40.708 milliseconds in repetition 263
tcp_ping received 16384 bytes back
Round trip time was 36.4541 milliseconds in repetition 264
tcp_ping received 16384 bytes back
Round trip time was 41.0444 milliseconds in repetition 265
tcp_ping received 16384 bytes back
Round trip time was 50.817 milliseconds in repetition 266
tcp_ping received 16384 bytes back
Round trip time was 43.8932 milliseconds in repetition 267
tcp_ping received 16384 bytes back
Round trip time was 44.4607 milliseconds in repetition 268
tcp_ping received 16384 bytes back
Round trip time was 39.2162 milliseconds in repetition 269
tcp_ping received 16384 bytes back
Round trip time was 40.413 milliseconds in repetition 270
tcp_ping received 16384 bytes back
Round trip time was 38.0229 milliseconds in repetition 271
tcp_ping received 16384 bytes back
Round trip time was 376.988 milliseconds in repetition 272
tcp_ping received 16384 bytes back
Round trip time was 39.8256 milliseconds in repetition 273
tcp_ping received 16384 bytes back
Round trip time was 34.2739 milliseconds in repetition 274
tcp_ping received 16384 bytes back
Round trip time was 37.9272 milliseconds in repetition 275
tcp_ping received 16384 bytes back
Round trip time was 34.6553 milliseconds in repetition 276
tcp_ping received 16384 bytes back
Round trip time was 40.7035 milliseconds in repetition 277
tcp_ping received 16384 bytes back
Round trip time was 43.7501 milliseconds in repetition 278
tcp_ping received 16384 bytes back
Round trip time was 48.5824 milliseconds in repetition 279
tcp_ping received 16384 bytes back
Round trip time was 36.7643 milliseconds in repetition 280
tcp_ping received 16384 bytes back
Round trip time was 51.3418 milliseconds in repetition 281
tcp_ping received 16384 bytes back
Round trip time was 36.927 milliseconds in repetition 282
tcp_ping received 16384 bytes back
Round trip time was 42.5451 milliseconds in repetition 283
tcp_ping received 16384 bytes back
Round trip time was 45.9038 milliseconds in repetition 284
tcp_ping received 16384 bytes back
Round trip time was 61.5863 milliseconds in repetition 285
tcp_ping received 16384 bytes back
Round trip time was 36.8954 milliseconds in repetition 286
tcp_ping received 16384 bytes back
Round trip time was 36.4404 milliseconds in repetition 287
tcp_ping received 16384 bytes back
Round trip time was 39.7703 milliseconds in repetition 288
tcp_ping received 16384 bytes back
Round trip time was 39.2882 milliseconds in repetition 289
tcp_ping received 16384 bytes back
Round trip time was 35.1754 milliseconds in repetition 290
tcp_ping received 16384 bytes back
Round trip time was 35.4501 milliseconds in repetition 291
tcp_ping received 16384 bytes back
Round trip time was 36.5284 milliseconds in repetition 292
tcp_ping received 16384 bytes back
Round trip time was 41.9523 milliseconds in repetition 293
tcp_ping received 16384 bytes back
Round trip time was 36.6926 milliseconds in repetition 294
tcp_ping received 16384 bytes back
Round trip time was 39.5707 milliseconds in repetition 295
tcp_ping received 16384 bytes back
Round trip time was 45.8418 milliseconds in repetition 296
tcp_ping received 16384 bytes back
Round trip time was 45.87 milliseconds in repetition 297
tcp_ping received 16384 bytes back
Round trip time was 37.0979 milliseconds in repetition 298
tcp_ping received 16384 bytes back
Round trip time was 37.5292 milliseconds in repetition 299
tcp_ping received 16384 bytes back
Round trip time was 35.5058 milliseconds in repetition 300
tcp_ping received 16384 bytes back
Round trip time was 37.9937 milliseconds in repetition 301
tcp_ping received 16384 bytes back
Round trip time was 57.0101 milliseconds in repetition 302
tcp_ping received 16384 bytes back
Round trip time was 42.8454 milliseconds in repetition 303
tcp_ping received 16384 bytes back
Round trip time was 87.4016 milliseconds in repetition 304
tcp_ping received 16384 bytes back
Round trip time was 341.136 milliseconds in repetition 305
tcp_ping received 16384 bytes back
Round trip time was 38.7298 milliseconds in repetition 306
tcp_ping received 16384 bytes back
Round trip time was 36.7163 milliseconds in repetition 307
tcp_ping received 16384 bytes back
Round trip time was 41.7225 milliseconds in repetition 308
tcp_ping received 16384 bytes back
Round trip time was 52.0446 milliseconds in repetition 309
tcp_ping received 16384 bytes back
Round trip time was 41.2926 milliseconds in repetition 310
tcp_ping received 16384 bytes back
Round trip time was 52.4162 milliseconds in repetition 311
tcp_ping received 16384 bytes back
Round trip time was 447.541 milliseconds in repetition 312
tcp_ping received 16384 bytes back
Round trip time was 35.6836 milliseconds in repetition 313
tcp_ping received 16384 bytes back
Round trip time was 71.0642 milliseconds in repetition 314
tcp_ping received 16384 bytes back
Round trip time was 51.2785 milliseconds in repetition 315
tcp_ping received 16384 bytes back
Round trip time was 436.022 milliseconds in repetition 316
tcp_ping received 16384 bytes back
Round trip time was 45.9683 milliseconds in repetition 317
tcp_ping received 16384 bytes back
Round trip time was 45.3944 milliseconds in repetition 318
tcp_ping received 16384 bytes back
Round trip time was 51.6406 milliseconds in repetition 319
tcp_ping received 16384 bytes back
Round trip time was 43.4362 milliseconds in repetition 320
tcp_ping received 16384 bytes back
Round trip time was 415.241 milliseconds in repetition 321
tcp_ping received 16384 bytes back
Round trip time was 39.9142 milliseconds in repetition 322
tcp_ping received 16384 bytes back
Round trip time was 40.842 milliseconds in repetition 323
tcp_ping received 16384 bytes back
Round trip time was 70.8501 milliseconds in repetition 324
tcp_ping received 16384 bytes back
Round trip time was 48.182 milliseconds in repetition 325
tcp_ping received 16384 bytes back
Round trip time was 42.3157 milliseconds in repetition 326
tcp_ping received 16384 bytes back
Round trip time was 40.1754 milliseconds in repetition 327
tcp_ping received 16384 bytes back
Round trip time was 37.5969 milliseconds in repetition 328
tcp_ping received 16384 bytes back
Round trip time was 68.3811 milliseconds in repetition 329
tcp_ping received 16384 bytes back
Round trip time was 40.802 milliseconds in repetition 330
tcp_ping received 16384 bytes back
Round trip time was 42.8249 milliseconds in repetition 331
tcp_ping received 16384 bytes back
Round trip time was 42.6243 milliseconds in repetition 332
tcp_ping received 16384 bytes back
Round trip time was 39.7103 milliseconds in repetition 333
tcp_ping received 16384 bytes back
Round trip time was 43.3836 milliseconds in repetition 334
tcp_ping received 16384 bytes back
Round trip time was 38.9673 milliseconds in repetition 335
tcp_ping received 16384 bytes back
Round trip time was 44.9629 milliseconds in repetition 336
tcp_ping received 16384 bytes back
Round trip time was 56.244 milliseconds in repetition 337
tcp_ping received 16384 bytes back
Round trip time was 49.3678 milliseconds in repetition 338
tcp_ping received 16384 bytes back
Round trip time was 54.1069 milliseconds in repetition 339
tcp_ping received 16384 bytes back
Round trip time was 321.671 milliseconds in repetition 340
tcp_ping received 16384 bytes back
Round trip time was 40.5342 milliseconds in repetition 341
tcp_ping received 16384 bytes back
Round trip time was 37.5646 milliseconds in repetition 342
tcp_ping received 16384 bytes back
Round trip time was 40.5138 milliseconds in repetition 343
tcp_ping received 16384 bytes back
Round trip time was 37.0165 milliseconds in repetition 344
tcp_ping received 16384 bytes back
Round trip time was 37.2402 milliseconds in repetition 345
tcp_ping received 16384 bytes back
Round trip time was 37.8227 milliseconds in repetition 346
tcp_ping received 16384 bytes back
Round trip time was 37.7228 milliseconds in repetition 347
tcp_ping received 16384 bytes back
Round trip time was 39.4393 milliseconds in repetition 348
tcp_ping received 16384 bytes back
Round trip time was 36.8483 milliseconds in repetition 349
tcp_ping received 16384 bytes back
Round trip time was 40.5472 milliseconds in repetition 350
tcp_ping received 16384 bytes back
Round trip time was 36.6276 milliseconds in repetition 351
tcp_ping received 16384 bytes back
Round trip time was 36.0774 milliseconds in repetition 352
tcp_ping received 16384 bytes back
Round trip time was 38.7303 milliseconds in repetition 353
tcp_ping received 16384 bytes back
Round trip time was 50.0839 milliseconds in repetition 354
tcp_ping received 16384 bytes back
Round trip time was 42.9135 milliseconds in repetition 355
tcp_ping received 16384 bytes back
Round trip time was 74.9957 milliseconds in repetition 356
tcp_ping received 16384 bytes back
Round trip time was 37.2643 milliseconds in repetition 357
tcp_ping received 16384 bytes back
Round trip time was 38.6198 milliseconds in repetition 358
tcp_ping received 16384 bytes back
Round trip time was 37.6054 milliseconds in repetition 359
tcp_ping received 16384 bytes back
Round trip time was 46.6938 milliseconds in repetition 360
tcp_ping received 16384 bytes back
Round trip time was 36.6763 milliseconds in repetition 361
tcp_ping received 16384 bytes back
Round trip time was 34.8074 milliseconds in repetition 362
tcp_ping received 16384 bytes back
Round trip time was 37.7557 milliseconds in repetition 363
tcp_ping received 16384 bytes back
Round trip time was 35.2177 milliseconds in repetition 364
tcp_ping received 16384 bytes back
Round trip time was 35.6407 milliseconds in repetition 365
tcp_ping received 16384 bytes back
Round trip time was 35.4058 milliseconds in repetition 366
tcp_ping received 16384 bytes back
Round trip time was 38.0285 milliseconds in repetition 367
tcp_ping received 16384 bytes back
Round trip time was 40.8661 milliseconds in repetition 368
tcp_ping received 16384 bytes back
Round trip time was 38.0592 milliseconds in repetition 369
tcp_ping received 16384 bytes back
Round trip time was 40.7031 milliseconds in repetition 370
tcp_ping received 16384 bytes back
Round trip time was 44.0665 milliseconds in repetition 371
tcp_ping received 16384 bytes back
Round trip time was 35.4291 milliseconds in repetition 372
tcp_ping received 16384 bytes back
Round trip time was 35.0426 milliseconds in repetition 373
tcp_ping received 16384 bytes back
Round trip time was 39.2623 milliseconds in repetition 374
tcp_ping received 16384 bytes back
Round trip time was 38.039 milliseconds in repetition 375
tcp_ping received 16384 bytes back
Round trip time was 36.4939 milliseconds in repetition 376
tcp_ping received 16384 bytes back
Round trip time was 37.9527 milliseconds in repetition 377
tcp_ping received 16384 bytes back
Round trip time was 46.975 milliseconds in repetition 378
tcp_ping received 16384 bytes back
Round trip time was 37.2332 milliseconds in repetition 379
tcp_ping received 16384 bytes back
Round trip time was 34.0708 milliseconds in repetition 380
tcp_ping received 16384 bytes back
Round trip time was 37.0737 milliseconds in repetition 381
tcp_ping received 16384 bytes back
Round trip time was 35.7967 milliseconds in repetition 382
tcp_ping received 16384 bytes back
Round trip time was 39.642 milliseconds in repetition 383
tcp_ping received 16384 bytes back
Round trip time was 37.3221 milliseconds in repetition 384
tcp_ping received 16384 bytes back
Round trip time was 37.69 milliseconds in repetition 385
tcp_ping received 16384 bytes back
Round trip time was 34.9288 milliseconds in repetition 386
tcp_ping received 16384 bytes back
Round trip time was 42.5759 milliseconds in repetition 387
tcp_ping received 16384 bytes back
Round trip time was 36.4576 milliseconds in repetition 388
tcp_ping received 16384 bytes back
Round trip time was 36.0479 milliseconds in repetition 389
tcp_ping received 16384 bytes back
Round trip time was 36.1928 milliseconds in repetition 390
tcp_ping received 16384 bytes back
Round trip time was 36.5403 milliseconds in repetition 391
tcp_ping received 16384 bytes back
Round trip time was 57.3835 milliseconds in repetition 392
tcp_ping received 16384 bytes back
Round trip time was 41.4677 milliseconds in repetition 393
tcp_ping received 16384 bytes back
Round trip time was 37.9783 milliseconds in repetition 394
tcp_ping received 16384 bytes back
Round trip time was 34.9955 milliseconds in repetition 395
tcp_ping received 16384 bytes back
Round trip time was 37.6866 milliseconds in repetition 396
tcp_ping received 16384 bytes back
Round trip time was 36.6636 milliseconds in repetition 397
tcp_ping received 16384 bytes back
Round trip time was 45.705 milliseconds in repetition 398
tcp_ping received 16384 bytes back
Round trip time was 39.0044 milliseconds in repetition 399
tcp_ping received 16384 bytes back
Round trip time was 35.7704 milliseconds in repetition 400
tcp_ping received 16384 bytes back
Round trip time was 38.0731 milliseconds in repetition 401
tcp_ping received 16384 bytes back
Round trip time was 58.9585 milliseconds in repetition 402
tcp_ping received 16384 bytes back
Round trip time was 35.4713 milliseconds in repetition 403
tcp_ping received 16384 bytes back
Round trip time was 41.3404 milliseconds in repetition 404
tcp_ping received 16384 bytes back
Round trip time was 37.3314 milliseconds in repetition 405
tcp_ping received 16384 bytes back
Round trip time was 35.3071 milliseconds in repetition 406
tcp_ping received 16384 bytes back
Round trip time was 35.6334 milliseconds in repetition 407
tcp_ping received 16384 bytes back
Round trip time was 34.4079 milliseconds in repetition 408
tcp_ping received 16384 bytes back
Round trip time was 68.5483 milliseconds in repetition 409
tcp_ping received 16384 bytes back
Round trip time was 35.4395 milliseconds in repetition 410
tcp_ping received 16384 bytes back
Round trip time was 38.2437 milliseconds in repetition 411
tcp_ping received 16384 bytes back
Round trip time was 35.1482 milliseconds in repetition 412
tcp_ping received 16384 bytes back
Round trip time was 37.0871 milliseconds in repetition 413
tcp_ping received 16384 bytes back
Round trip time was 34.3308 milliseconds in repetition 414
tcp_ping received 16384 bytes back
Round trip time was 36.4353 milliseconds in repetition 415
tcp_ping received 16384 bytes back
Round trip time was 35.2928 milliseconds in repetition 416
tcp_ping received 16384 bytes back
Round trip time was 42.6056 milliseconds in repetition 417
tcp_ping received 16384 bytes back
Round trip time was 42.7778 milliseconds in repetition 418
tcp_ping received 16384 bytes back
Round trip time was 41.6787 milliseconds in repetition 419
tcp_ping received 16384 bytes back
Round trip time was 34.5933 milliseconds in repetition 420
tcp_ping received 16384 bytes back
Round trip time was 315.954 milliseconds in repetition 421
tcp_ping received 16384 bytes back
Round trip time was 36.0088 milliseconds in repetition 422
tcp_ping received 16384 bytes back
Round trip time was 35.0607 milliseconds in repetition 423
tcp_ping received 16384 bytes back
Round trip time was 39.9492 milliseconds in repetition 424
tcp_ping received 16384 bytes back
Round trip time was 42.9528 milliseconds in repetition 425
tcp_ping received 16384 bytes back
Round trip time was 43.3527 milliseconds in repetition 426
tcp_ping received 16384 bytes back
Round trip time was 37.2936 milliseconds in repetition 427
tcp_ping received 16384 bytes back
Round trip time was 52.2238 milliseconds in repetition 428
tcp_ping received 16384 bytes back
Round trip time was 36.9155 milliseconds in repetition 429
tcp_ping received 16384 bytes back
Round trip time was 52.3855 milliseconds in repetition 430
tcp_ping received 16384 bytes back
Round trip time was 43.7155 milliseconds in repetition 431
tcp_ping received 16384 bytes back
Round trip time was 37.0372 milliseconds in repetition 432
tcp_ping received 16384 bytes back
Round trip time was 35.6279 milliseconds in repetition 433
tcp_ping received 16384 bytes back
Round trip time was 35.3992 milliseconds in repetition 434
tcp_ping received 16384 bytes back
Round trip time was 36.302 milliseconds in repetition 435
tcp_ping received 16384 bytes back
Round trip time was 36.6415 milliseconds in repetition 436
tcp_ping received 16384 bytes back
Round trip time was 36.4881 milliseconds in repetition 437
tcp_ping received 16384 bytes back
Round trip time was 38.8486 milliseconds in repetition 438
tcp_ping received 16384 bytes back
Round trip time was 47.0068 milliseconds in repetition 439
tcp_ping received 16384 bytes back
Round trip time was 44.4092 milliseconds in repetition 440
tcp_ping received 16384 bytes back
Round trip time was 37.8841 milliseconds in repetition 441
tcp_ping received 16384 bytes back
Round trip time was 68.1024 milliseconds in repetition 442
tcp_ping received 16384 bytes back
Round trip time was 37.7029 milliseconds in repetition 443
tcp_ping received 16384 bytes back
Round trip time was 37.4976 milliseconds in repetition 444
tcp_ping received 16384 bytes back
Round trip time was 40.6515 milliseconds in repetition 445
tcp_ping received 16384 bytes back
Round trip time was 44.902 milliseconds in repetition 446
tcp_ping received 16384 bytes back
Round trip time was 40.3642 milliseconds in repetition 447
tcp_ping received 16384 bytes back
Round trip time was 57.9135 milliseconds in repetition 448
tcp_ping received 16384 bytes back
Round trip time was 45.1974 milliseconds in repetition 449
tcp_ping received 16384 bytes back
Round trip time was 35.8619 milliseconds in repetition 450
tcp_ping received 16384 bytes back
Round trip time was 79.912 milliseconds in repetition 451
tcp_ping received 16384 bytes back
Round trip time was 35.4976 milliseconds in repetition 452
tcp_ping received 16384 bytes back
Round trip time was 43.3097 milliseconds in repetition 453
tcp_ping received 16384 bytes back
Round trip time was 65.7897 milliseconds in repetition 454
tcp_ping received 16384 bytes back
Round trip time was 36.1971 milliseconds in repetition 455
tcp_ping received 16384 bytes back
Round trip time was 42.9201 milliseconds in repetition 456
tcp_ping received 16384 bytes back
Round trip time was 35.6015 milliseconds in repetition 457
tcp_ping received 16384 bytes back
Round trip time was 46.6669 milliseconds in repetition 458
tcp_ping received 16384 bytes back
Round trip time was 36.7878 milliseconds in repetition 459
tcp_ping received 16384 bytes back
Round trip time was 44.5239 milliseconds in repetition 460
tcp_ping received 16384 bytes back
Round trip time was 44.226 milliseconds in repetition 461
tcp_ping received 16384 bytes back
Round trip time was 39.9461 milliseconds in repetition 462
tcp_ping received 16384 bytes back
Round trip time was 38.8001 milliseconds in repetition 463
tcp_ping received 16384 bytes back
Round trip time was 51.8432 milliseconds in repetition 464
tcp_ping received 16384 bytes back
Round trip time was 38.7466 milliseconds in repetition 465
tcp_ping received 16384 bytes back
Round trip time was 35.75 milliseconds in repetition 466
tcp_ping received 16384 bytes back
Round trip time was 36.3168 milliseconds in repetition 467
tcp_ping received 16384 bytes back
Round trip time was 42.5929 milliseconds in repetition 468
tcp_ping received 16384 bytes back
Round trip time was 439.254 milliseconds in repetition 469
tcp_ping received 16384 bytes back
Round trip time was 544.216 milliseconds in repetition 470
tcp_ping received 16384 bytes back
Round trip time was 137.353 milliseconds in repetition 471
tcp_ping received 16384 bytes back
Round trip time was 89.7409 milliseconds in repetition 472
tcp_ping received 16384 bytes back
Round trip time was 37.9614 milliseconds in repetition 473
tcp_ping received 16384 bytes back
Round trip time was 41.23 milliseconds in repetition 474
tcp_ping received 16384 bytes back
Round trip time was 40.9717 milliseconds in repetition 475
tcp_ping received 16384 bytes back
Round trip time was 38.1233 milliseconds in repetition 476
tcp_ping received 16384 bytes back
Round trip time was 47.7143 milliseconds in repetition 477
tcp_ping received 16384 bytes back
Round trip time was 55.07 milliseconds in repetition 478
tcp_ping received 16384 bytes back
Round trip time was 444.539 milliseconds in repetition 479
tcp_ping received 16384 bytes back
Round trip time was 526.27 milliseconds in repetition 480
tcp_ping received 16384 bytes back
Round trip time was 139.083 milliseconds in repetition 481
tcp_ping received 16384 bytes back
Round trip time was 105.146 milliseconds in repetition 482
tcp_ping received 16384 bytes back
Round trip time was 79.6156 milliseconds in repetition 483
tcp_ping received 16384 bytes back
Round trip time was 129.91 milliseconds in repetition 484
tcp_ping received 16384 bytes back
Round trip time was 67.712 milliseconds in repetition 485
tcp_ping received 16384 bytes back
Round trip time was 79.062 milliseconds in repetition 486
tcp_ping received 16384 bytes back
Round trip time was 99.2452 milliseconds in repetition 487
tcp_ping received 16384 bytes back
Round trip time was 43.464 milliseconds in repetition 488
tcp_ping received 16384 bytes back
Round trip time was 48.4114 milliseconds in repetition 489
tcp_ping received 16384 bytes back
Round trip time was 40.6516 milliseconds in repetition 490
tcp_ping received 16384 bytes back
Round trip time was 51.767 milliseconds in repetition 491
tcp_ping received 16384 bytes back
Round trip time was 36.3851 milliseconds in repetition 492
tcp_ping received 16384 bytes back
Round trip time was 85.8128 milliseconds in repetition 493
tcp_ping received 16384 bytes back
Round trip time was 83.412 milliseconds in repetition 494
tcp_ping received 16384 bytes back
Round trip time was 60.0289 milliseconds in repetition 495
tcp_ping received 16384 bytes back
Round trip time was 47.1616 milliseconds in repetition 496
tcp_ping received 16384 bytes back
Round trip time was 35.8731 milliseconds in repetition 497
tcp_ping received 16384 bytes back
Round trip time was 45.2521 milliseconds in repetition 498
tcp_ping received 16384 bytes back
Round trip time was 51.9334 milliseconds in repetition 499
tcp_ping received 16384 bytes back
Round trip time was 39.7269 milliseconds in repetition 500
tcp_ping received 16384 bytes back
Round trip time was 50.2894 milliseconds in repetition 501

 ... clock resolution was 0.0001
TCP Ping:  Statistics over 501 repetitions of 16384 byte messages

RTT : percentile 10: 35.3329, median: 39.2495, percentile 90: 58.381, average: 52.1984, variance: 3581.43

RTT histogram:
33.7563 404
59.2793 62
84.8023 17
110.325 2
135.848 4
161.371 0
186.894 0
212.417 0
237.94 0
263.463 0
288.986 0
314.509 2
340.032 1
365.555 1
391.078 0
416.601 2
442.124 4
467.647 0
493.17 0
518.693 1
544.216 1

   median Throughput : 834.864 KB/s   overall Throughput : 627.758 KB/s

