TCP Ping trying to connect to server seti.dibris.unige.it (130.251.61.30) on port 1491
 ... connected to Pong server: asking for 501 repetitions of 48 bytes TCP messages
 ... Pong server agreed :-)
tcp_ping received 48 bytes back
Round trip time was 33.7777 milliseconds in repetition 1
tcp_ping received 48 bytes back
Round trip time was 51.5692 milliseconds in repetition 2
tcp_ping received 48 bytes back
Round trip time was 41.5612 milliseconds in repetition 3
tcp_ping received 48 bytes back
Round trip time was 33.2913 milliseconds in repetition 4
tcp_ping received 48 bytes back
Round trip time was 30.7878 milliseconds in repetition 5
tcp_ping received 48 bytes back
Round trip time was 34.5764 milliseconds in repetition 6
tcp_ping received 48 bytes back
Round trip time was 31.3378 milliseconds in repetition 7
tcp_ping received 48 bytes back
Round trip time was 29.3735 milliseconds in repetition 8
tcp_ping received 48 bytes back
Round trip time was 29.4468 milliseconds in repetition 9
tcp_ping received 48 bytes back
Round trip time was 28.8712 milliseconds in repetition 10
tcp_ping received 48 bytes back
Round trip time was 30.0802 milliseconds in repetition 11
tcp_ping received 48 bytes back
Round trip time was 33.874 milliseconds in repetition 12
tcp_ping received 48 bytes back
Round trip time was 29.311 milliseconds in repetition 13
tcp_ping received 48 bytes back
Round trip time was 29.6039 milliseconds in repetition 14
tcp_ping received 48 bytes back
Round trip time was 29.8469 milliseconds in repetition 15
tcp_ping received 48 bytes back
Round trip time was 28.5185 milliseconds in repetition 16
tcp_ping received 48 bytes back
Round trip time was 28.1719 milliseconds in repetition 17
tcp_ping received 48 bytes back
Round trip time was 29.0201 milliseconds in repetition 18
tcp_ping received 48 bytes back
Round trip time was 45.1602 milliseconds in repetition 19
tcp_ping received 48 bytes back
Round trip time was 34.863 milliseconds in repetition 20
tcp_ping received 48 bytes back
Round trip time was 28.4413 milliseconds in repetition 21
tcp_ping received 48 bytes back
Round trip time was 30.1093 milliseconds in repetition 22
tcp_ping received 48 bytes back
Round trip time was 31.819 milliseconds in repetition 23
tcp_ping received 48 bytes back
Round trip time was 40.8505 milliseconds in repetition 24
tcp_ping received 48 bytes back
Round trip time was 28.0585 milliseconds in repetition 25
tcp_ping received 48 bytes back
Round trip time was 34.3349 milliseconds in repetition 26
tcp_ping received 48 bytes back
Round trip time was 33.5895 milliseconds in repetition 27
tcp_ping received 48 bytes back
Round trip time was 30.3012 milliseconds in repetition 28
tcp_ping received 48 bytes back
Round trip time was 31.9318 milliseconds in repetition 29
tcp_ping received 48 bytes back
Round trip time was 28.8235 milliseconds in repetition 30
tcp_ping received 48 bytes back
Round trip time was 28.801 milliseconds in repetition 31
tcp_ping received 48 bytes back
Round trip time was 32.328 milliseconds in repetition 32
tcp_ping received 48 bytes back
Round trip time was 33.8876 milliseconds in repetition 33
tcp_ping received 48 bytes back
Round trip time was 35.2602 milliseconds in repetition 34
tcp_ping received 48 bytes back
Round trip time was 35.0678 milliseconds in repetition 35
tcp_ping received 48 bytes back
Round trip time was 28.2368 milliseconds in repetition 36
tcp_ping received 48 bytes back
Round trip time was 27.9024 milliseconds in repetition 37
tcp_ping received 48 bytes back
Round trip time was 29.0487 milliseconds in repetition 38
tcp_ping received 48 bytes back
Round trip time was 33.6961 milliseconds in repetition 39
tcp_ping received 48 bytes back
Round trip time was 28.625 milliseconds in repetition 40
tcp_ping received 48 bytes back
Round trip time was 70.633 milliseconds in repetition 41
tcp_ping received 48 bytes back
Round trip time was 40.9864 milliseconds in repetition 42
tcp_ping received 48 bytes back
Round trip time was 32.2616 milliseconds in repetition 43
tcp_ping received 48 bytes back
Round trip time was 27.9901 milliseconds in repetition 44
tcp_ping received 48 bytes back
Round trip time was 28.6119 milliseconds in repetition 45
tcp_ping received 48 bytes back
Round trip time was 27.5768 milliseconds in repetition 46
tcp_ping received 48 bytes back
Round trip time was 29.9632 milliseconds in repetition 47
tcp_ping received 48 bytes back
Round trip time was 30.8147 milliseconds in repetition 48
tcp_ping received 48 bytes back
Round trip time was 27.3035 milliseconds in repetition 49
tcp_ping received 48 bytes back
Round trip time was 27.4291 milliseconds in repetition 50
tcp_ping received 48 bytes back
Round trip time was 28.6748 milliseconds in repetition 51
tcp_ping received 48 bytes back
Round trip time was 28.6929 milliseconds in repetition 52
tcp_ping received 48 bytes back
Round trip time was 28.3329 milliseconds in repetition 53
tcp_ping received 48 bytes back
Round trip time was 27.9492 milliseconds in repetition 54
tcp_ping received 48 bytes back
Round trip time was 27.3747 milliseconds in repetition 55
tcp_ping received 48 bytes back
Round trip time was 36.7662 milliseconds in repetition 56
tcp_ping received 48 bytes back
Round trip time was 39.229 milliseconds in repetition 57
tcp_ping received 48 bytes back
Round trip time was 34.1695 milliseconds in repetition 58
tcp_ping received 48 bytes back
Round trip time was 27.9088 milliseconds in repetition 59
tcp_ping received 48 bytes back
Round trip time was 30.5696 milliseconds in repetition 60
tcp_ping received 48 bytes back
Round trip time was 28.7489 milliseconds in repetition 61
tcp_ping received 48 bytes back
Round trip time was 50.2632 milliseconds in repetition 62
tcp_ping received 48 bytes back
Round trip time was 30.4835 milliseconds in repetition 63
tcp_ping received 48 bytes back
Round trip time was 28.1314 milliseconds in repetition 64
tcp_ping received 48 bytes back
Round trip time was 31.6367 milliseconds in repetition 65
tcp_ping received 48 bytes back
Round trip time was 27.6994 milliseconds in repetition 66
tcp_ping received 48 bytes back
Round trip time was 30.5256 milliseconds in repetition 67
tcp_ping received 48 bytes back
Round trip time was 31.5874 milliseconds in repetition 68
tcp_ping received 48 bytes back
Round trip time was 38.5341 milliseconds in repetition 69
tcp_ping received 48 bytes back
Round trip time was 31.5798 milliseconds in repetition 70
tcp_ping received 48 bytes back
Round trip time was 37.2487 milliseconds in repetition 71
tcp_ping received 48 bytes back
Round trip time was 28.0215 milliseconds in repetition 72
tcp_ping received 48 bytes back
Round trip time was 31.073 milliseconds in repetition 73
tcp_ping received 48 bytes back
Round trip time was 32.0695 milliseconds in repetition 74
tcp_ping received 48 bytes back
Round trip time was 30.2524 milliseconds in repetition 75
tcp_ping received 48 bytes back
Round trip time was 29.2316 milliseconds in repetition 76
tcp_ping received 48 bytes back
Round trip time was 35.2838 milliseconds in repetition 77
tcp_ping received 48 bytes back
Round trip time was 41.8761 milliseconds in repetition 78
tcp_ping received 48 bytes back
Round trip time was 27.7827 milliseconds in repetition 79
tcp_ping received 48 bytes back
Round trip time was 28.1682 milliseconds in repetition 80
tcp_ping received 48 bytes back
Round trip time was 48.3953 milliseconds in repetition 81
tcp_ping received 48 bytes back
Round trip time was 30.0755 milliseconds in repetition 82
tcp_ping received 48 bytes back
Round trip time was 54.2872 milliseconds in repetition 83
tcp_ping received 48 bytes back
Round trip time was 29.1279 milliseconds in repetition 84
tcp_ping received 48 bytes back
Round trip time was 32.7188 milliseconds in repetition 85
tcp_ping received 48 bytes back
Round trip time was 37.7445 milliseconds in repetition 86
tcp_ping received 48 bytes back
Round trip time was 35.6677 milliseconds in repetition 87
tcp_ping received 48 bytes back
Round trip time was 37.6742 milliseconds in repetition 88
tcp_ping received 48 bytes back
Round trip time was 31.2366 milliseconds in repetition 89
tcp_ping received 48 bytes back
Round trip time was 28.5666 milliseconds in repetition 90
tcp_ping received 48 bytes back
Round trip time was 32.9813 milliseconds in repetition 91
tcp_ping received 48 bytes back
Round trip time was 29.2398 milliseconds in repetition 92
tcp_ping received 48 bytes back
Round trip time was 28.0657 milliseconds in repetition 93
tcp_ping received 48 bytes back
Round trip time was 28.9546 milliseconds in repetition 94
tcp_ping received 48 bytes back
Round trip time was 27.8248 milliseconds in repetition 95
tcp_ping received 48 bytes back
Round trip time was 32.2703 milliseconds in repetition 96
tcp_ping received 48 bytes back
Round trip time was 32.5984 milliseconds in repetition 97
tcp_ping received 48 bytes back
Round trip time was 30.2894 milliseconds in repetition 98
tcp_ping received 48 bytes back
Round trip time was 28.4372 milliseconds in repetition 99
tcp_ping received 48 bytes back
Round trip time was 27.7178 milliseconds in repetition 100
tcp_ping received 48 bytes back
Round trip time was 28.1441 milliseconds in repetition 101
tcp_ping received 48 bytes back
Round trip time was 30.7375 milliseconds in repetition 102
tcp_ping received 48 bytes back
Round trip time was 27.5101 milliseconds in repetition 103
tcp_ping received 48 bytes back
Round trip time was 28.5604 milliseconds in repetition 104
tcp_ping received 48 bytes back
Round trip time was 51.2471 milliseconds in repetition 105
tcp_ping received 48 bytes back
Round trip time was 30.6771 milliseconds in repetition 106
tcp_ping received 48 bytes back
Round trip time was 30.204 milliseconds in repetition 107
tcp_ping received 48 bytes back
Round trip time was 27.5542 milliseconds in repetition 108
tcp_ping received 48 bytes back
Round trip time was 30.0736 milliseconds in repetition 109
tcp_ping received 48 bytes back
Round trip time was 28.422 milliseconds in repetition 110
tcp_ping received 48 bytes back
Round trip time was 28.7071 milliseconds in repetition 111
tcp_ping received 48 bytes back
Round trip time was 28.8618 milliseconds in repetition 112
tcp_ping received 48 bytes back
Round trip time was 34.8697 milliseconds in repetition 113
tcp_ping received 48 bytes back
Round trip time was 47.4525 milliseconds in repetition 114
tcp_ping received 48 bytes back
Round trip time was 29.8419 milliseconds in repetition 115
tcp_ping received 48 bytes back
Round trip time was 27.435 milliseconds in repetition 116
tcp_ping received 48 bytes back
Round trip time was 28.9924 milliseconds in repetition 117
tcp_ping received 48 bytes back
Round trip time was 32.1932 milliseconds in repetition 118
tcp_ping received 48 bytes back
Round trip time was 28.4388 milliseconds in repetition 119
tcp_ping received 48 bytes back
Round trip time was 29.4465 milliseconds in repetition 120
tcp_ping received 48 bytes back
Round trip time was 34.9716 milliseconds in repetition 121
tcp_ping received 48 bytes back
Round trip time was 31.8254 milliseconds in repetition 122
tcp_ping received 48 bytes back
Round trip time was 28.2238 milliseconds in repetition 123
tcp_ping received 48 bytes back
Round trip time was 32.6477 milliseconds in repetition 124
tcp_ping received 48 bytes back
Round trip time was 33.7724 milliseconds in repetition 125
tcp_ping received 48 bytes back
Round trip time was 30.7346 milliseconds in repetition 126
tcp_ping received 48 bytes back
Round trip time was 40.7246 milliseconds in repetition 127
tcp_ping received 48 bytes back
Round trip time was 30.5018 milliseconds in repetition 128
tcp_ping received 48 bytes back
Round trip time was 28.3835 milliseconds in repetition 129
tcp_ping received 48 bytes back
Round trip time was 31.3286 milliseconds in repetition 130
tcp_ping received 48 bytes back
Round trip time was 28.8541 milliseconds in repetition 131
tcp_ping received 48 bytes back
Round trip time was 28.8047 milliseconds in repetition 132
tcp_ping received 48 bytes back
Round trip time was 27.9867 milliseconds in repetition 133
tcp_ping received 48 bytes back
Round trip time was 29.3278 milliseconds in repetition 134
tcp_ping received 48 bytes back
Round trip time was 30.284 milliseconds in repetition 135
tcp_ping received 48 bytes back
Round trip time was 32.2924 milliseconds in repetition 136
tcp_ping received 48 bytes back
Round trip time was 27.8092 milliseconds in repetition 137
tcp_ping received 48 bytes back
Round trip time was 30.472 milliseconds in repetition 138
tcp_ping received 48 bytes back
Round trip time was 27.7722 milliseconds in repetition 139
tcp_ping received 48 bytes back
Round trip time was 28.1319 milliseconds in repetition 140
tcp_ping received 48 bytes back
Round trip time was 43.4628 milliseconds in repetition 141
tcp_ping received 48 bytes back
Round trip time was 30.1365 milliseconds in repetition 142
tcp_ping received 48 bytes back
Round trip time was 27.6842 milliseconds in repetition 143
tcp_ping received 48 bytes back
Round trip time was 29.9182 milliseconds in repetition 144
tcp_ping received 48 bytes back
Round trip time was 29.0921 milliseconds in repetition 145
tcp_ping received 48 bytes back
Round trip time was 28.6505 milliseconds in repetition 146
tcp_ping received 48 bytes back
Round trip time was 29.778 milliseconds in repetition 147
tcp_ping received 48 bytes back
Round trip time was 28.6239 milliseconds in repetition 148
tcp_ping received 48 bytes back
Round trip time was 27.9798 milliseconds in repetition 149
tcp_ping received 48 bytes back
Round trip time was 41.1552 milliseconds in repetition 150
tcp_ping received 48 bytes back
Round trip time was 30.1465 milliseconds in repetition 151
tcp_ping received 48 bytes back
Round trip time was 29.4608 milliseconds in repetition 152
tcp_ping received 48 bytes back
Round trip time was 33.029 milliseconds in repetition 153
tcp_ping received 48 bytes back
Round trip time was 33.4839 milliseconds in repetition 154
tcp_ping received 48 bytes back
Round trip time was 31.2104 milliseconds in repetition 155
tcp_ping received 48 bytes back
Round trip time was 28.5465 milliseconds in repetition 156
tcp_ping received 48 bytes back
Round trip time was 30.4127 milliseconds in repetition 157
tcp_ping received 48 bytes back
Round trip time was 29.7222 milliseconds in repetition 158
tcp_ping received 48 bytes back
Round trip time was 30.0994 milliseconds in repetition 159
tcp_ping received 48 bytes back
Round trip time was 29.3008 milliseconds in repetition 160
tcp_ping received 48 bytes back
Round trip time was 43.3983 milliseconds in repetition 161
tcp_ping received 48 bytes back
Round trip time was 29.6888 milliseconds in repetition 162
tcp_ping received 48 bytes back
Round trip time was 28.4888 milliseconds in repetition 163
tcp_ping received 48 bytes back
Round trip time was 28.6866 milliseconds in repetition 164
tcp_ping received 48 bytes back
Round trip time was 33.3106 milliseconds in repetition 165
tcp_ping received 48 bytes back
Round trip time was 28.1485 milliseconds in repetition 166
tcp_ping received 48 bytes back
Round trip time was 31.6966 milliseconds in repetition 167
tcp_ping received 48 bytes back
Round trip time was 27.659 milliseconds in repetition 168
tcp_ping received 48 bytes back
Round trip time was 35.4403 milliseconds in repetition 169
tcp_ping received 48 bytes back
Round trip time was 44.2241 milliseconds in repetition 170
tcp_ping received 48 bytes back
Round trip time was 32.5727 milliseconds in repetition 171
tcp_ping received 48 bytes back
Round trip time was 30.2636 milliseconds in repetition 172
tcp_ping received 48 bytes back
Round trip time was 34.7447 milliseconds in repetition 173
tcp_ping received 48 bytes back
Round trip time was 30.6508 milliseconds in repetition 174
tcp_ping received 48 bytes back
Round trip time was 31.8993 milliseconds in repetition 175
tcp_ping received 48 bytes back
Round trip time was 27.5852 milliseconds in repetition 176
tcp_ping received 48 bytes back
Round trip time was 30.3053 milliseconds in repetition 177
tcp_ping received 48 bytes back
Round trip time was 36.1072 milliseconds in repetition 178
tcp_ping received 48 bytes back
Round trip time was 28.0904 milliseconds in repetition 179
tcp_ping received 48 bytes back
Round trip time was 54.7944 milliseconds in repetition 180
tcp_ping received 48 bytes back
Round trip time was 38.448 milliseconds in repetition 181
tcp_ping received 48 bytes back
Round trip time was 60.4064 milliseconds in repetition 182
tcp_ping received 48 bytes back
Round trip time was 33.5554 milliseconds in repetition 183
tcp_ping received 48 bytes back
Round trip time was 34.3493 milliseconds in repetition 184
tcp_ping received 48 bytes back
Round trip time was 33.7371 milliseconds in repetition 185
tcp_ping received 48 bytes back
Round trip time was 35.0667 milliseconds in repetition 186
tcp_ping received 48 bytes back
Round trip time was 31.7019 milliseconds in repetition 187
tcp_ping received 48 bytes back
Round trip time was 30.0002 milliseconds in repetition 188
tcp_ping received 48 bytes back
Round trip time was 28.8455 milliseconds in repetition 189
tcp_ping received 48 bytes back
Round trip time was 34.7151 milliseconds in repetition 190
tcp_ping received 48 bytes back
Round trip time was 29.2454 milliseconds in repetition 191
tcp_ping received 48 bytes back
Round trip time was 38.1467 milliseconds in repetition 192
tcp_ping received 48 bytes back
Round trip time was 27.8708 milliseconds in repetition 193
tcp_ping received 48 bytes back
Round trip time was 35.9793 milliseconds in repetition 194
tcp_ping received 48 bytes back
Round trip time was 38.4308 milliseconds in repetition 195
tcp_ping received 48 bytes back
Round trip time was 30.1686 milliseconds in repetition 196
tcp_ping received 48 bytes back
Round trip time was 329.437 milliseconds in repetition 197
tcp_ping received 48 bytes back
Round trip time was 32.4973 milliseconds in repetition 198
tcp_ping received 48 bytes back
Round trip time was 38.0023 milliseconds in repetition 199
tcp_ping received 48 bytes back
Round trip time was 58.4885 milliseconds in repetition 200
tcp_ping received 48 bytes back
Round trip time was 41.4684 milliseconds in repetition 201
tcp_ping received 48 bytes back
Round trip time was 253.394 milliseconds in repetition 202
tcp_ping received 48 bytes back
Round trip time was 305.794 milliseconds in repetition 203
tcp_ping received 48 bytes back
Round trip time was 241.243 milliseconds in repetition 204
tcp_ping received 48 bytes back
Round trip time was 27.3068 milliseconds in repetition 205
tcp_ping received 48 bytes back
Round trip time was 29.445 milliseconds in repetition 206
tcp_ping received 48 bytes back
Round trip time was 34.3126 milliseconds in repetition 207
tcp_ping received 48 bytes back
Round trip time was 28.9935 milliseconds in repetition 208
tcp_ping received 48 bytes back
Round trip time was 30.9995 milliseconds in repetition 209
tcp_ping received 48 bytes back
Round trip time was 29.8378 milliseconds in repetition 210
tcp_ping received 48 bytes back
Round trip time was 28.9251 milliseconds in repetition 211
tcp_ping received 48 bytes back
Round trip time was 38.2116 milliseconds in repetition 212
tcp_ping received 48 bytes back
Round trip time was 30.2251 milliseconds in repetition 213
tcp_ping received 48 bytes back
Round trip time was 32.5483 milliseconds in repetition 214
tcp_ping received 48 bytes back
Round trip time was 31.2167 milliseconds in repetition 215
tcp_ping received 48 bytes back
Round trip time was 28.8416 milliseconds in repetition 216
tcp_ping received 48 bytes back
Round trip time was 31.5895 milliseconds in repetition 217
tcp_ping received 48 bytes back
Round trip time was 27.5824 milliseconds in repetition 218
tcp_ping received 48 bytes back
Round trip time was 35.9873 milliseconds in repetition 219
tcp_ping received 48 bytes back
Round trip time was 43.6451 milliseconds in repetition 220
tcp_ping received 48 bytes back
Round trip time was 28.2959 milliseconds in repetition 221
tcp_ping received 48 bytes back
Round trip time was 27.7277 milliseconds in repetition 222
tcp_ping received 48 bytes back
Round trip time was 57.5245 milliseconds in repetition 223
tcp_ping received 48 bytes back
Round trip time was 44.2694 milliseconds in repetition 224
tcp_ping received 48 bytes back
Round trip time was 31.6361 milliseconds in repetition 225
tcp_ping received 48 bytes back
Round trip time was 27.9302 milliseconds in repetition 226
tcp_ping received 48 bytes back
Round trip time was 27.9637 milliseconds in repetition 227
tcp_ping received 48 bytes back
Round trip time was 30.3603 milliseconds in repetition 228
tcp_ping received 48 bytes back
Round trip time was 29.9174 milliseconds in repetition 229
tcp_ping received 48 bytes back
Round trip time was 58.2216 milliseconds in repetition 230
tcp_ping received 48 bytes back
Round trip time was 40.3449 milliseconds in repetition 231
tcp_ping received 48 bytes back
Round trip time was 35.1701 milliseconds in repetition 232
tcp_ping received 48 bytes back
Round trip time was 32.7838 milliseconds in repetition 233
tcp_ping received 48 bytes back
Round trip time was 33.2219 milliseconds in repetition 234
tcp_ping received 48 bytes back
Round trip time was 28.2318 milliseconds in repetition 235
tcp_ping received 48 bytes back
Round trip time was 32.0311 milliseconds in repetition 236
tcp_ping received 48 bytes back
Round trip time was 28.245 milliseconds in repetition 237
tcp_ping received 48 bytes back
Round trip time was 30.0142 milliseconds in repetition 238
tcp_ping received 48 bytes back
Round trip time was 27.8595 milliseconds in repetition 239
tcp_ping received 48 bytes back
Round trip time was 29.2645 milliseconds in repetition 240
tcp_ping received 48 bytes back
Round trip time was 28.6025 milliseconds in repetition 241
tcp_ping received 48 bytes back
Round trip time was 27.8138 milliseconds in repetition 242
tcp_ping received 48 bytes back
Round trip time was 28.7367 milliseconds in repetition 243
tcp_ping received 48 bytes back
Round trip time was 35.3896 milliseconds in repetition 244
tcp_ping received 48 bytes back
Round trip time was 52.2792 milliseconds in repetition 245
tcp_ping received 48 bytes back
Round trip time was 30.9073 milliseconds in repetition 246
tcp_ping received 48 bytes back
Round trip time was 28.8599 milliseconds in repetition 247
tcp_ping received 48 bytes back
Round trip time was 28.0442 milliseconds in repetition 248
tcp_ping received 48 bytes back
Round trip time was 28.94 milliseconds in repetition 249
tcp_ping received 48 bytes back
Round trip time was 28.8154 milliseconds in repetition 250
tcp_ping received 48 bytes back
Round trip time was 29.294 milliseconds in repetition 251
tcp_ping received 48 bytes back
Round trip time was 28.4361 milliseconds in repetition 252
tcp_ping received 48 bytes back
Round trip time was 31.64 milliseconds in repetition 253
tcp_ping received 48 bytes back
Round trip time was 27.5595 milliseconds in repetition 254
tcp_ping received 48 bytes back
Round trip time was 27.9835 milliseconds in repetition 255
tcp_ping received 48 bytes back
Round trip time was 28.195 milliseconds in repetition 256
tcp_ping received 48 bytes back
Round trip time was 28.0959 milliseconds in repetition 257
tcp_ping received 48 bytes back
Round trip time was 30.13 milliseconds in repetition 258
tcp_ping received 48 bytes back
Round trip time was 28.1805 milliseconds in repetition 259
tcp_ping received 48 bytes back
Round trip time was 28.1326 milliseconds in repetition 260
tcp_ping received 48 bytes back
Round trip time was 33.3534 milliseconds in repetition 261
tcp_ping received 48 bytes back
Round trip time was 64.0659 milliseconds in repetition 262
tcp_ping received 48 bytes back
Round trip time was 85.908 milliseconds in repetition 263
tcp_ping received 48 bytes back
Round trip time was 44.7222 milliseconds in repetition 264
tcp_ping received 48 bytes back
Round trip time was 42.7908 milliseconds in repetition 265
tcp_ping received 48 bytes back
Round trip time was 27.35 milliseconds in repetition 266
tcp_ping received 48 bytes back
Round trip time was 32.2931 milliseconds in repetition 267
tcp_ping received 48 bytes back
Round trip time was 30.7114 milliseconds in repetition 268
tcp_ping received 48 bytes back
Round trip time was 27.5258 milliseconds in repetition 269
tcp_ping received 48 bytes back
Round trip time was 29.8034 milliseconds in repetition 270
tcp_ping received 48 bytes back
Round trip time was 28.9383 milliseconds in repetition 271
tcp_ping received 48 bytes back
Round trip time was 28.6186 milliseconds in repetition 272
tcp_ping received 48 bytes back
Round trip time was 30.5287 milliseconds in repetition 273
tcp_ping received 48 bytes back
Round trip time was 29.4622 milliseconds in repetition 274
tcp_ping received 48 bytes back
Round trip time was 28.4678 milliseconds in repetition 275
tcp_ping received 48 bytes back
Round trip time was 28.1026 milliseconds in repetition 276
tcp_ping received 48 bytes back
Round trip time was 27.8352 milliseconds in repetition 277
tcp_ping received 48 bytes back
Round trip time was 28.0494 milliseconds in repetition 278
tcp_ping received 48 bytes back
Round trip time was 29.9164 milliseconds in repetition 279
tcp_ping received 48 bytes back
Round trip time was 28.7629 milliseconds in repetition 280
tcp_ping received 48 bytes back
Round trip time was 33.2863 milliseconds in repetition 281
tcp_ping received 48 bytes back
Round trip time was 32.1314 milliseconds in repetition 282
tcp_ping received 48 bytes back
Round trip time was 41.4121 milliseconds in repetition 283
tcp_ping received 48 bytes back
Round trip time was 29.1814 milliseconds in repetition 284
tcp_ping received 48 bytes back
Round trip time was 38.4297 milliseconds in repetition 285
tcp_ping received 48 bytes back
Round trip time was 30.1965 milliseconds in repetition 286
tcp_ping received 48 bytes back
Round trip time was 54.3251 milliseconds in repetition 287
tcp_ping received 48 bytes back
Round trip time was 29.5744 milliseconds in repetition 288
tcp_ping received 48 bytes back
Round trip time was 31.0011 milliseconds in repetition 289
tcp_ping received 48 bytes back
Round trip time was 29.53 milliseconds in repetition 290
tcp_ping received 48 bytes back
Round trip time was 27.5428 milliseconds in repetition 291
tcp_ping received 48 bytes back
Round trip time was 31.3305 milliseconds in repetition 292
tcp_ping received 48 bytes back
Round trip time was 27.4974 milliseconds in repetition 293
tcp_ping received 48 bytes back
Round trip time was 28.2121 milliseconds in repetition 294
tcp_ping received 48 bytes back
Round trip time was 27.3752 milliseconds in repetition 295
tcp_ping received 48 bytes back
Round trip time was 27.5489 milliseconds in repetition 296
tcp_ping received 48 bytes back
Round trip time was 34.3596 milliseconds in repetition 297
tcp_ping received 48 bytes back
Round trip time was 31.3309 milliseconds in repetition 298
tcp_ping received 48 bytes back
Round trip time was 28.4209 milliseconds in repetition 299
tcp_ping received 48 bytes back
Round trip time was 27.9935 milliseconds in repetition 300
tcp_ping received 48 bytes back
Round trip time was 27.7199 milliseconds in repetition 301
tcp_ping received 48 bytes back
Round trip time was 27.5826 milliseconds in repetition 302
tcp_ping received 48 bytes back
Round trip time was 27.7338 milliseconds in repetition 303
tcp_ping received 48 bytes back
Round trip time was 31.2819 milliseconds in repetition 304
tcp_ping received 48 bytes back
Round trip time was 28.1959 milliseconds in repetition 305
tcp_ping received 48 bytes back
Round trip time was 35.6583 milliseconds in repetition 306
tcp_ping received 48 bytes back
Round trip time was 27.6516 milliseconds in repetition 307
tcp_ping received 48 bytes back
Round trip time was 27.817 milliseconds in repetition 308
tcp_ping received 48 bytes back
Round trip time was 27.9699 milliseconds in repetition 309
tcp_ping received 48 bytes back
Round trip time was 57.9726 milliseconds in repetition 310
tcp_ping received 48 bytes back
Round trip time was 28.8936 milliseconds in repetition 311
tcp_ping received 48 bytes back
Round trip time was 28.9259 milliseconds in repetition 312
tcp_ping received 48 bytes back
Round trip time was 29.8022 milliseconds in repetition 313
tcp_ping received 48 bytes back
Round trip time was 28.6667 milliseconds in repetition 314
tcp_ping received 48 bytes back
Round trip time was 28.723 milliseconds in repetition 315
tcp_ping received 48 bytes back
Round trip time was 27.5132 milliseconds in repetition 316
tcp_ping received 48 bytes back
Round trip time was 28.5838 milliseconds in repetition 317
tcp_ping received 48 bytes back
Round trip time was 27.559 milliseconds in repetition 318
tcp_ping received 48 bytes back
Round trip time was 27.8354 milliseconds in repetition 319
tcp_ping received 48 bytes back
Round trip time was 27.8586 milliseconds in repetition 320
tcp_ping received 48 bytes back
Round trip time was 28.0331 milliseconds in repetition 321
tcp_ping received 48 bytes back
Round trip time was 27.8216 milliseconds in repetition 322
tcp_ping received 48 bytes back
Round trip time was 29.248 milliseconds in repetition 323
tcp_ping received 48 bytes back
Round trip time was 30.5785 milliseconds in repetition 324
tcp_ping received 48 bytes back
Round trip time was 29.4103 milliseconds in repetition 325
tcp_ping received 48 bytes back
Round trip time was 31.281 milliseconds in repetition 326
tcp_ping received 48 bytes back
Round trip time was 27.7144 milliseconds in repetition 327
tcp_ping received 48 bytes back
Round trip time was 38.8105 milliseconds in repetition 328
tcp_ping received 48 bytes back
Round trip time was 35.0494 milliseconds in repetition 329
tcp_ping received 48 bytes back
Round trip time was 28.5513 milliseconds in repetition 330
tcp_ping received 48 bytes back
Round trip time was 27.5152 milliseconds in repetition 331
tcp_ping received 48 bytes back
Round trip time was 27.5368 milliseconds in repetition 332
tcp_ping received 48 bytes back
Round trip time was 56.1895 milliseconds in repetition 333
tcp_ping received 48 bytes back
Round trip time was 28.8429 milliseconds in repetition 334
tcp_ping received 48 bytes back
Round trip time was 27.0291 milliseconds in repetition 335
tcp_ping received 48 bytes back
Round trip time was 32.524 milliseconds in repetition 336
tcp_ping received 48 bytes back
Round trip time was 30.4877 milliseconds in repetition 337
tcp_ping received 48 bytes back
Round trip time was 31.1626 milliseconds in repetition 338
tcp_ping received 48 bytes back
Round trip time was 53.0433 milliseconds in repetition 339
tcp_ping received 48 bytes back
Round trip time was 27.9735 milliseconds in repetition 340
tcp_ping received 48 bytes back
Round trip time was 28.9161 milliseconds in repetition 341
tcp_ping received 48 bytes back
Round trip time was 27.7556 milliseconds in repetition 342
tcp_ping received 48 bytes back
Round trip time was 30.1784 milliseconds in repetition 343
tcp_ping received 48 bytes back
Round trip time was 35.5973 milliseconds in repetition 344
tcp_ping received 48 bytes back
Round trip time was 29.6149 milliseconds in repetition 345
tcp_ping received 48 bytes back
Round trip time was 30.883 milliseconds in repetition 346
tcp_ping received 48 bytes back
Round trip time was 28.5731 milliseconds in repetition 347
tcp_ping received 48 bytes back
Round trip time was 38.0387 milliseconds in repetition 348
tcp_ping received 48 bytes back
Round trip time was 33.3644 milliseconds in repetition 349
tcp_ping received 48 bytes back
Round trip time was 31.5058 milliseconds in repetition 350
tcp_ping received 48 bytes back
Round trip time was 31.2442 milliseconds in repetition 351
tcp_ping received 48 bytes back
Round trip time was 29.9509 milliseconds in repetition 352
tcp_ping received 48 bytes back
Round trip time was 28.6389 milliseconds in repetition 353
tcp_ping received 48 bytes back
Round trip time was 27.2549 milliseconds in repetition 354
tcp_ping received 48 bytes back
Round trip time was 33.8312 milliseconds in repetition 355
tcp_ping received 48 bytes back
Round trip time was 33.6646 milliseconds in repetition 356
tcp_ping received 48 bytes back
Round trip time was 27.3473 milliseconds in repetition 357
tcp_ping received 48 bytes back
Round trip time was 33.7775 milliseconds in repetition 358
tcp_ping received 48 bytes back
Round trip time was 28.3043 milliseconds in repetition 359
tcp_ping received 48 bytes back
Round trip time was 28.5798 milliseconds in repetition 360
tcp_ping received 48 bytes back
Round trip time was 28.583 milliseconds in repetition 361
tcp_ping received 48 bytes back
Round trip time was 30.9295 milliseconds in repetition 362
tcp_ping received 48 bytes back
Round trip time was 45.2074 milliseconds in repetition 363
tcp_ping received 48 bytes back
Round trip time was 33.2171 milliseconds in repetition 364
tcp_ping received 48 bytes back
Round trip time was 28.7772 milliseconds in repetition 365
tcp_ping received 48 bytes back
Round trip time was 28.8646 milliseconds in repetition 366
tcp_ping received 48 bytes back
Round trip time was 27.6357 milliseconds in repetition 367
tcp_ping received 48 bytes back
Round trip time was 35.6529 milliseconds in repetition 368
tcp_ping received 48 bytes back
Round trip time was 31.9482 milliseconds in repetition 369
tcp_ping received 48 bytes back
Round trip time was 30.1658 milliseconds in repetition 370
tcp_ping received 48 bytes back
Round trip time was 35.6798 milliseconds in repetition 371
tcp_ping received 48 bytes back
Round trip time was 39.3201 milliseconds in repetition 372
tcp_ping received 48 bytes back
Round trip time was 28.5608 milliseconds in repetition 373
tcp_ping received 48 bytes back
Round trip time was 31.8993 milliseconds in repetition 374
tcp_ping received 48 bytes back
Round trip time was 30.9827 milliseconds in repetition 375
tcp_ping received 48 bytes back
Round trip time was 56.6112 milliseconds in repetition 376
tcp_ping received 48 bytes back
Round trip time was 31.1397 milliseconds in repetition 377
tcp_ping received 48 bytes back
Round trip time was 28.3157 milliseconds in repetition 378
tcp_ping received 48 bytes back
Round trip time was 29.6755 milliseconds in repetition 379
tcp_ping received 48 bytes back
Round trip time was 28.2308 milliseconds in repetition 380
tcp_ping received 48 bytes back
Round trip time was 42.5739 milliseconds in repetition 381
tcp_ping received 48 bytes back
Round trip time was 268.512 milliseconds in repetition 382
tcp_ping received 48 bytes back
Round trip time was 38.5908 milliseconds in repetition 383
tcp_ping received 48 bytes back
Round trip time was 28.7175 milliseconds in repetition 384
tcp_ping received 48 bytes back
Round trip time was 30.4438 milliseconds in repetition 385
tcp_ping received 48 bytes back
Round trip time was 30.7018 milliseconds in repetition 386
tcp_ping received 48 bytes back
Round trip time was 29.172 milliseconds in repetition 387
tcp_ping received 48 bytes back
Round trip time was 30.9509 milliseconds in repetition 388
tcp_ping received 48 bytes back
Round trip time was 28.0854 milliseconds in repetition 389
tcp_ping received 48 bytes back
Round trip time was 28.0921 milliseconds in repetition 390
tcp_ping received 48 bytes back
Round trip time was 28.7445 milliseconds in repetition 391
tcp_ping received 48 bytes back
Round trip time was 28.8732 milliseconds in repetition 392
tcp_ping received 48 bytes back
Round trip time was 28.1529 milliseconds in repetition 393
tcp_ping received 48 bytes back
Round trip time was 31.1813 milliseconds in repetition 394
tcp_ping received 48 bytes back
Round trip time was 27.0794 milliseconds in repetition 395
tcp_ping received 48 bytes back
Round trip time was 36.8348 milliseconds in repetition 396
tcp_ping received 48 bytes back
Round trip time was 30.336 milliseconds in repetition 397
tcp_ping received 48 bytes back
Round trip time was 33.8622 milliseconds in repetition 398
tcp_ping received 48 bytes back
Round trip time was 29.7925 milliseconds in repetition 399
tcp_ping received 48 bytes back
Round trip time was 29.5808 milliseconds in repetition 400
tcp_ping received 48 bytes back
Round trip time was 27.8199 milliseconds in repetition 401
tcp_ping received 48 bytes back
Round trip time was 31.3039 milliseconds in repetition 402
tcp_ping received 48 bytes back
Round trip time was 32.4564 milliseconds in repetition 403
tcp_ping received 48 bytes back
Round trip time was 28.7415 milliseconds in repetition 404
tcp_ping received 48 bytes back
Round trip time was 29.3118 milliseconds in repetition 405
tcp_ping received 48 bytes back
Round trip time was 36.7879 milliseconds in repetition 406
tcp_ping received 48 bytes back
Round trip time was 32.0956 milliseconds in repetition 407
tcp_ping received 48 bytes back
Round trip time was 27.3843 milliseconds in repetition 408
tcp_ping received 48 bytes back
Round trip time was 27.1384 milliseconds in repetition 409
tcp_ping received 48 bytes back
Round trip time was 36.3314 milliseconds in repetition 410
tcp_ping received 48 bytes back
Round trip time was 27.7389 milliseconds in repetition 411
tcp_ping received 48 bytes back
Round trip time was 27.6593 milliseconds in repetition 412
tcp_ping received 48 bytes back
Round trip time was 27.256 milliseconds in repetition 413
tcp_ping received 48 bytes back
Round trip time was 55.7786 milliseconds in repetition 414
tcp_ping received 48 bytes back
Round trip time was 27.4936 milliseconds in repetition 415
tcp_ping received 48 bytes back
Round trip time was 30.9632 milliseconds in repetition 416
tcp_ping received 48 bytes back
Round trip time was 28.8655 milliseconds in repetition 417
tcp_ping received 48 bytes back
Round trip time was 27.8651 milliseconds in repetition 418
tcp_ping received 48 bytes back
Round trip time was 29.3227 milliseconds in repetition 419
tcp_ping received 48 bytes back
Round trip time was 37.0574 milliseconds in repetition 420
tcp_ping received 48 bytes back
Round trip time was 29.5016 milliseconds in repetition 421
tcp_ping received 48 bytes back
Round trip time was 27.9147 milliseconds in repetition 422
tcp_ping received 48 bytes back
Round trip time was 31.9213 milliseconds in repetition 423
tcp_ping received 48 bytes back
Round trip time was 30.8859 milliseconds in repetition 424
tcp_ping received 48 bytes back
Round trip time was 31.5169 milliseconds in repetition 425
tcp_ping received 48 bytes back
Round trip time was 40.7096 milliseconds in repetition 426
tcp_ping received 48 bytes back
Round trip time was 31.414 milliseconds in repetition 427
tcp_ping received 48 bytes back
Round trip time was 29.758 milliseconds in repetition 428
tcp_ping received 48 bytes back
Round trip time was 54.3375 milliseconds in repetition 429
tcp_ping received 48 bytes back
Round trip time was 39.0197 milliseconds in repetition 430
tcp_ping received 48 bytes back
Round trip time was 28.6792 milliseconds in repetition 431
tcp_ping received 48 bytes back
Round trip time was 41.8978 milliseconds in repetition 432
tcp_ping received 48 bytes back
Round trip time was 27.3605 milliseconds in repetition 433
tcp_ping received 48 bytes back
Round trip time was 48.4029 milliseconds in repetition 434
tcp_ping received 48 bytes back
Round trip time was 32.9132 milliseconds in repetition 435
tcp_ping received 48 bytes back
Round trip time was 27.9602 milliseconds in repetition 436
tcp_ping received 48 bytes back
Round trip time was 28.8636 milliseconds in repetition 437
tcp_ping received 48 bytes back
Round trip time was 34.0092 milliseconds in repetition 438
tcp_ping received 48 bytes back
Round trip time was 28.5215 milliseconds in repetition 439
tcp_ping received 48 bytes back
Round trip time was 28.7602 milliseconds in repetition 440
tcp_ping received 48 bytes back
Round trip time was 29.3692 milliseconds in repetition 441
tcp_ping received 48 bytes back
Round trip time was 28.379 milliseconds in repetition 442
tcp_ping received 48 bytes back
Round trip time was 28.4771 milliseconds in repetition 443
tcp_ping received 48 bytes back
Round trip time was 33.7861 milliseconds in repetition 444
tcp_ping received 48 bytes back
Round trip time was 30.1041 milliseconds in repetition 445
tcp_ping received 48 bytes back
Round trip time was 28.1559 milliseconds in repetition 446
tcp_ping received 48 bytes back
Round trip time was 32.4868 milliseconds in repetition 447
tcp_ping received 48 bytes back
Round trip time was 28.8176 milliseconds in repetition 448
tcp_ping received 48 bytes back
Round trip time was 31.5653 milliseconds in repetition 449
tcp_ping received 48 bytes back
Round trip time was 27.6701 milliseconds in repetition 450
tcp_ping received 48 bytes back
Round trip time was 29.9498 milliseconds in repetition 451
tcp_ping received 48 bytes back
Round trip time was 29.7754 milliseconds in repetition 452
tcp_ping received 48 bytes back
Round trip time was 29.3145 milliseconds in repetition 453
tcp_ping received 48 bytes back
Round trip time was 29.1581 milliseconds in repetition 454
tcp_ping received 48 bytes back
Round trip time was 32.753 milliseconds in repetition 455
tcp_ping received 48 bytes back
Round trip time was 28.4136 milliseconds in repetition 456
tcp_ping received 48 bytes back
Round trip time was 48.4232 milliseconds in repetition 457
tcp_ping received 48 bytes back
Round trip time was 29.8973 milliseconds in repetition 458
tcp_ping received 48 bytes back
Round trip time was 45.2361 milliseconds in repetition 459
tcp_ping received 48 bytes back
Round trip time was 29.405 milliseconds in repetition 460
tcp_ping received 48 bytes back
Round trip time was 29.7757 milliseconds in repetition 461
tcp_ping received 48 bytes back
Round trip time was 28.2614 milliseconds in repetition 462
tcp_ping received 48 bytes back
Round trip time was 34.9842 milliseconds in repetition 463
tcp_ping received 48 bytes back
Round trip time was 27.6012 milliseconds in repetition 464
tcp_ping received 48 bytes back
Round trip time was 29.1057 milliseconds in repetition 465
tcp_ping received 48 bytes back
Round trip time was 29.515 milliseconds in repetition 466
tcp_ping received 48 bytes back
Round trip time was 51.9646 milliseconds in repetition 467
tcp_ping received 48 bytes back
Round trip time was 27.2188 milliseconds in repetition 468
tcp_ping received 48 bytes back
Round trip time was 30.8864 milliseconds in repetition 469
tcp_ping received 48 bytes back
Round trip time was 31.7047 milliseconds in repetition 470
tcp_ping received 48 bytes back
Round trip time was 37.6546 milliseconds in repetition 471
tcp_ping received 48 bytes back
Round trip time was 83.5773 milliseconds in repetition 472
tcp_ping received 48 bytes back
Round trip time was 77.2409 milliseconds in repetition 473
tcp_ping received 48 bytes back
Round trip time was 29.6895 milliseconds in repetition 474
tcp_ping received 48 bytes back
Round trip time was 55.6451 milliseconds in repetition 475
tcp_ping received 48 bytes back
Round trip time was 28.6892 milliseconds in repetition 476
tcp_ping received 48 bytes back
Round trip time was 53.9579 milliseconds in repetition 477
tcp_ping received 48 bytes back
Round trip time was 30.9426 milliseconds in repetition 478
tcp_ping received 48 bytes back
Round trip time was 28.2915 milliseconds in repetition 479
tcp_ping received 48 bytes back
Round trip time was 28.9386 milliseconds in repetition 480
tcp_ping received 48 bytes back
Round trip time was 35.9256 milliseconds in repetition 481
tcp_ping received 48 bytes back
Round trip time was 33.5442 milliseconds in repetition 482
tcp_ping received 48 bytes back
Round trip time was 32.679 milliseconds in repetition 483
tcp_ping received 48 bytes back
Round trip time was 35.605 milliseconds in repetition 484
tcp_ping received 48 bytes back
Round trip time was 33.1662 milliseconds in repetition 485
tcp_ping received 48 bytes back
Round trip time was 29.0871 milliseconds in repetition 486
tcp_ping received 48 bytes back
Round trip time was 30.375 milliseconds in repetition 487
tcp_ping received 48 bytes back
Round trip time was 29.2872 milliseconds in repetition 488
tcp_ping received 48 bytes back
Round trip time was 29.8052 milliseconds in repetition 489
tcp_ping received 48 bytes back
Round trip time was 28.1677 milliseconds in repetition 490
tcp_ping received 48 bytes back
Round trip time was 33.2765 milliseconds in repetition 491
tcp_ping received 48 bytes back
Round trip time was 29.1597 milliseconds in repetition 492
tcp_ping received 48 bytes back
Round trip time was 29.2097 milliseconds in repetition 493
tcp_ping received 48 bytes back
Round trip time was 33.9323 milliseconds in repetition 494
tcp_ping received 48 bytes back
Round trip time was 33.5184 milliseconds in repetition 495
tcp_ping received 48 bytes back
Round trip time was 32.9108 milliseconds in repetition 496
tcp_ping received 48 bytes back
Round trip time was 28.5392 milliseconds in repetition 497
tcp_ping received 48 bytes back
Round trip time was 28.3528 milliseconds in repetition 498
tcp_ping received 48 bytes back
Round trip time was 28.679 milliseconds in repetition 499
tcp_ping received 48 bytes back
Round trip time was 28.87 milliseconds in repetition 500
tcp_ping received 48 bytes back
Round trip time was 33.9437 milliseconds in repetition 501

 ... clock resolution was 0.0001
TCP Ping:  Statistics over 501 repetitions of 48 byte messages

RTT : percentile 10: 27.8138, median: 30.0142, percentile 90: 41.1552, average: 35.0517, variance: 672.819

RTT histogram:
27.029 399
42.1495 72
57.2699 21
72.3903 2
87.5107 2
102.631 0
117.752 0
132.872 0
147.992 0
163.113 0
178.233 0
193.354 0
208.474 0
223.594 0
238.715 1
253.835 1
268.956 1
284.076 0
299.196 1
314.317 0
329.437 1

   median Throughput : 3.19849 KB/s   overall Throughput : 2.73881 KB/s

