TCP Ping trying to connect to server seti.dibris.unige.it (130.251.61.30) on port 1491
 ... connected to Pong server: asking for 501 repetitions of 32768 bytes TCP messages
 ... Pong server agreed :-)
tcp_ping received 32768 bytes back
Round trip time was 127.731 milliseconds in repetition 1
tcp_ping received 32768 bytes back
Round trip time was 392.212 milliseconds in repetition 2
tcp_ping received 32768 bytes back
Round trip time was 40.8257 milliseconds in repetition 3
tcp_ping received 32768 bytes back
Round trip time was 65.2319 milliseconds in repetition 4
tcp_ping received 32768 bytes back
Round trip time was 45.9873 milliseconds in repetition 5
tcp_ping received 32768 bytes back
Round trip time was 38.5539 milliseconds in repetition 6
tcp_ping received 32768 bytes back
Round trip time was 37.8038 milliseconds in repetition 7
tcp_ping received 32768 bytes back
Round trip time was 38.0809 milliseconds in repetition 8
tcp_ping received 32768 bytes back
Round trip time was 46.5203 milliseconds in repetition 9
tcp_ping received 32768 bytes back
Round trip time was 48.2574 milliseconds in repetition 10
tcp_ping received 32768 bytes back
Round trip time was 35.0783 milliseconds in repetition 11
tcp_ping received 32768 bytes back
Round trip time was 47.8181 milliseconds in repetition 12
tcp_ping received 32768 bytes back
Round trip time was 515.746 milliseconds in repetition 13
tcp_ping received 32768 bytes back
Round trip time was 121.53 milliseconds in repetition 14
tcp_ping received 32768 bytes back
Round trip time was 40.7964 milliseconds in repetition 15
tcp_ping received 32768 bytes back
Round trip time was 39.6008 milliseconds in repetition 16
tcp_ping received 32768 bytes back
Round trip time was 38.873 milliseconds in repetition 17
tcp_ping received 32768 bytes back
Round trip time was 43.569 milliseconds in repetition 18
tcp_ping received 32768 bytes back
Round trip time was 41.4818 milliseconds in repetition 19
tcp_ping received 32768 bytes back
Round trip time was 45.5792 milliseconds in repetition 20
tcp_ping received 32768 bytes back
Round trip time was 39.9074 milliseconds in repetition 21
tcp_ping received 32768 bytes back
Round trip time was 42.6943 milliseconds in repetition 22
tcp_ping received 32768 bytes back
Round trip time was 40.92 milliseconds in repetition 23
tcp_ping received 32768 bytes back
Round trip time was 41.2958 milliseconds in repetition 24
tcp_ping received 32768 bytes back
Round trip time was 51.7781 milliseconds in repetition 25
tcp_ping received 32768 bytes back
Round trip time was 51.8178 milliseconds in repetition 26
tcp_ping received 32768 bytes back
Round trip time was 52.8755 milliseconds in repetition 27
tcp_ping received 32768 bytes back
Round trip time was 68.479 milliseconds in repetition 28
tcp_ping received 32768 bytes back
Round trip time was 36.451 milliseconds in repetition 29
tcp_ping received 32768 bytes back
Round trip time was 45.3937 milliseconds in repetition 30
tcp_ping received 32768 bytes back
Round trip time was 46.2975 milliseconds in repetition 31
tcp_ping received 32768 bytes back
Round trip time was 34.6466 milliseconds in repetition 32
tcp_ping received 32768 bytes back
Round trip time was 40.4718 milliseconds in repetition 33
tcp_ping received 32768 bytes back
Round trip time was 56.0172 milliseconds in repetition 34
tcp_ping received 32768 bytes back
Round trip time was 41.1516 milliseconds in repetition 35
tcp_ping received 32768 bytes back
Round trip time was 41.2656 milliseconds in repetition 36
tcp_ping received 32768 bytes back
Round trip time was 71.7893 milliseconds in repetition 37
tcp_ping received 32768 bytes back
Round trip time was 57.4994 milliseconds in repetition 38
tcp_ping received 32768 bytes back
Round trip time was 58.2307 milliseconds in repetition 39
tcp_ping received 32768 bytes back
Round trip time was 43.3842 milliseconds in repetition 40
tcp_ping received 32768 bytes back
Round trip time was 41.2869 milliseconds in repetition 41
tcp_ping received 32768 bytes back
Round trip time was 49.9348 milliseconds in repetition 42
tcp_ping received 32768 bytes back
Round trip time was 65.7447 milliseconds in repetition 43
tcp_ping received 32768 bytes back
Round trip time was 36.6433 milliseconds in repetition 44
tcp_ping received 32768 bytes back
Round trip time was 57.3491 milliseconds in repetition 45
tcp_ping received 32768 bytes back
Round trip time was 43.6734 milliseconds in repetition 46
tcp_ping received 32768 bytes back
Round trip time was 42.5946 milliseconds in repetition 47
tcp_ping received 32768 bytes back
Round trip time was 43.7366 milliseconds in repetition 48
tcp_ping received 32768 bytes back
Round trip time was 44.302 milliseconds in repetition 49
tcp_ping received 32768 bytes back
Round trip time was 77.5837 milliseconds in repetition 50
tcp_ping received 32768 bytes back
Round trip time was 70.6125 milliseconds in repetition 51
tcp_ping received 32768 bytes back
Round trip time was 43.6658 milliseconds in repetition 52
tcp_ping received 32768 bytes back
Round trip time was 50.2739 milliseconds in repetition 53
tcp_ping received 32768 bytes back
Round trip time was 49.3346 milliseconds in repetition 54
tcp_ping received 32768 bytes back
Round trip time was 42.3257 milliseconds in repetition 55
tcp_ping received 32768 bytes back
Round trip time was 45.283 milliseconds in repetition 56
tcp_ping received 32768 bytes back
Round trip time was 39.2717 milliseconds in repetition 57
tcp_ping received 32768 bytes back
Round trip time was 69.3898 milliseconds in repetition 58
tcp_ping received 32768 bytes back
Round trip time was 43.3484 milliseconds in repetition 59
tcp_ping received 32768 bytes back
Round trip time was 40.1453 milliseconds in repetition 60
tcp_ping received 32768 bytes back
Round trip time was 42.6315 milliseconds in repetition 61
tcp_ping received 32768 bytes back
Round trip time was 54.3251 milliseconds in repetition 62
tcp_ping received 32768 bytes back
Round trip time was 33.6008 milliseconds in repetition 63
tcp_ping received 32768 bytes back
Round trip time was 40.4465 milliseconds in repetition 64
tcp_ping received 32768 bytes back
Round trip time was 41.182 milliseconds in repetition 65
tcp_ping received 32768 bytes back
Round trip time was 42.3832 milliseconds in repetition 66
tcp_ping received 32768 bytes back
Round trip time was 43.2089 milliseconds in repetition 67
tcp_ping received 32768 bytes back
Round trip time was 36.0194 milliseconds in repetition 68
tcp_ping received 32768 bytes back
Round trip time was 37.2221 milliseconds in repetition 69
tcp_ping received 32768 bytes back
Round trip time was 41.3517 milliseconds in repetition 70
tcp_ping received 32768 bytes back
Round trip time was 42.5833 milliseconds in repetition 71
tcp_ping received 32768 bytes back
Round trip time was 45.4821 milliseconds in repetition 72
tcp_ping received 32768 bytes back
Round trip time was 34.2186 milliseconds in repetition 73
tcp_ping received 32768 bytes back
Round trip time was 45.6881 milliseconds in repetition 74
tcp_ping received 32768 bytes back
Round trip time was 38.7268 milliseconds in repetition 75
tcp_ping received 32768 bytes back
Round trip time was 41.1692 milliseconds in repetition 76
tcp_ping received 32768 bytes back
Round trip time was 70.2472 milliseconds in repetition 77
tcp_ping received 32768 bytes back
Round trip time was 34.9441 milliseconds in repetition 78
tcp_ping received 32768 bytes back
Round trip time was 73.4316 milliseconds in repetition 79
tcp_ping received 32768 bytes back
Round trip time was 40.1675 milliseconds in repetition 80
tcp_ping received 32768 bytes back
Round trip time was 51.0808 milliseconds in repetition 81
tcp_ping received 32768 bytes back
Round trip time was 42.1603 milliseconds in repetition 82
tcp_ping received 32768 bytes back
Round trip time was 52.2164 milliseconds in repetition 83
tcp_ping received 32768 bytes back
Round trip time was 39.0941 milliseconds in repetition 84
tcp_ping received 32768 bytes back
Round trip time was 38.541 milliseconds in repetition 85
tcp_ping received 32768 bytes back
Round trip time was 40.4494 milliseconds in repetition 86
tcp_ping received 32768 bytes back
Round trip time was 43.3413 milliseconds in repetition 87
tcp_ping received 32768 bytes back
Round trip time was 41.7069 milliseconds in repetition 88
tcp_ping received 32768 bytes back
Round trip time was 42.1302 milliseconds in repetition 89
tcp_ping received 32768 bytes back
Round trip time was 45.819 milliseconds in repetition 90
tcp_ping received 32768 bytes back
Round trip time was 38.0703 milliseconds in repetition 91
tcp_ping received 32768 bytes back
Round trip time was 37.8771 milliseconds in repetition 92
tcp_ping received 32768 bytes back
Round trip time was 46.4052 milliseconds in repetition 93
tcp_ping received 32768 bytes back
Round trip time was 36.3168 milliseconds in repetition 94
tcp_ping received 32768 bytes back
Round trip time was 43.2765 milliseconds in repetition 95
tcp_ping received 32768 bytes back
Round trip time was 34.9267 milliseconds in repetition 96
tcp_ping received 32768 bytes back
Round trip time was 43.9315 milliseconds in repetition 97
tcp_ping received 32768 bytes back
Round trip time was 41.8706 milliseconds in repetition 98
tcp_ping received 32768 bytes back
Round trip time was 37.137 milliseconds in repetition 99
tcp_ping received 32768 bytes back
Round trip time was 46.9031 milliseconds in repetition 100
tcp_ping received 32768 bytes back
Round trip time was 34.4335 milliseconds in repetition 101
tcp_ping received 32768 bytes back
Round trip time was 34.9719 milliseconds in repetition 102
tcp_ping received 32768 bytes back
Round trip time was 51.4364 milliseconds in repetition 103
tcp_ping received 32768 bytes back
Round trip time was 36.1 milliseconds in repetition 104
tcp_ping received 32768 bytes back
Round trip time was 43.4566 milliseconds in repetition 105
tcp_ping received 32768 bytes back
Round trip time was 37.8525 milliseconds in repetition 106
tcp_ping received 32768 bytes back
Round trip time was 36.6982 milliseconds in repetition 107
tcp_ping received 32768 bytes back
Round trip time was 41.183 milliseconds in repetition 108
tcp_ping received 32768 bytes back
Round trip time was 35.1293 milliseconds in repetition 109
tcp_ping received 32768 bytes back
Round trip time was 65.5552 milliseconds in repetition 110
tcp_ping received 32768 bytes back
Round trip time was 49.8347 milliseconds in repetition 111
tcp_ping received 32768 bytes back
Round trip time was 48.1758 milliseconds in repetition 112
tcp_ping received 32768 bytes back
Round trip time was 64.5333 milliseconds in repetition 113
tcp_ping received 32768 bytes back
Round trip time was 75.9287 milliseconds in repetition 114
tcp_ping received 32768 bytes back
Round trip time was 67.4954 milliseconds in repetition 115
tcp_ping received 32768 bytes back
Round trip time was 55.7717 milliseconds in repetition 116
tcp_ping received 32768 bytes back
Round trip time was 43.594 milliseconds in repetition 117
tcp_ping received 32768 bytes back
Round trip time was 37.6803 milliseconds in repetition 118
tcp_ping received 32768 bytes back
Round trip time was 46.2872 milliseconds in repetition 119
tcp_ping received 32768 bytes back
Round trip time was 39.3315 milliseconds in repetition 120
tcp_ping received 32768 bytes back
Round trip time was 41.1444 milliseconds in repetition 121
tcp_ping received 32768 bytes back
Round trip time was 59.0781 milliseconds in repetition 122
tcp_ping received 32768 bytes back
Round trip time was 50.1346 milliseconds in repetition 123
tcp_ping received 32768 bytes back
Round trip time was 45.0987 milliseconds in repetition 124
tcp_ping received 32768 bytes back
Round trip time was 39.4787 milliseconds in repetition 125
tcp_ping received 32768 bytes back
Round trip time was 44.2018 milliseconds in repetition 126
tcp_ping received 32768 bytes back
Round trip time was 38.4869 milliseconds in repetition 127
tcp_ping received 32768 bytes back
Round trip time was 32.7816 milliseconds in repetition 128
tcp_ping received 32768 bytes back
Round trip time was 48.4137 milliseconds in repetition 129
tcp_ping received 32768 bytes back
Round trip time was 34.2484 milliseconds in repetition 130
tcp_ping received 32768 bytes back
Round trip time was 37.4295 milliseconds in repetition 131
tcp_ping received 32768 bytes back
Round trip time was 36.4219 milliseconds in repetition 132
tcp_ping received 32768 bytes back
Round trip time was 38.897 milliseconds in repetition 133
tcp_ping received 32768 bytes back
Round trip time was 47.1094 milliseconds in repetition 134
tcp_ping received 32768 bytes back
Round trip time was 37.8527 milliseconds in repetition 135
tcp_ping received 32768 bytes back
Round trip time was 38.6476 milliseconds in repetition 136
tcp_ping received 32768 bytes back
Round trip time was 42.001 milliseconds in repetition 137
tcp_ping received 32768 bytes back
Round trip time was 34.1738 milliseconds in repetition 138
tcp_ping received 32768 bytes back
Round trip time was 33.9978 milliseconds in repetition 139
tcp_ping received 32768 bytes back
Round trip time was 32.8559 milliseconds in repetition 140
tcp_ping received 32768 bytes back
Round trip time was 39.2038 milliseconds in repetition 141
tcp_ping received 32768 bytes back
Round trip time was 38.7734 milliseconds in repetition 142
tcp_ping received 32768 bytes back
Round trip time was 36.7094 milliseconds in repetition 143
tcp_ping received 32768 bytes back
Round trip time was 37.557 milliseconds in repetition 144
tcp_ping received 32768 bytes back
Round trip time was 41.0677 milliseconds in repetition 145
tcp_ping received 32768 bytes back
Round trip time was 63.7026 milliseconds in repetition 146
tcp_ping received 32768 bytes back
Round trip time was 53.8107 milliseconds in repetition 147
tcp_ping received 32768 bytes back
Round trip time was 38.5502 milliseconds in repetition 148
tcp_ping received 32768 bytes back
Round trip time was 45.7427 milliseconds in repetition 149
tcp_ping received 32768 bytes back
Round trip time was 35.4027 milliseconds in repetition 150
tcp_ping received 32768 bytes back
Round trip time was 39.1262 milliseconds in repetition 151
tcp_ping received 32768 bytes back
Round trip time was 42.3921 milliseconds in repetition 152
tcp_ping received 32768 bytes back
Round trip time was 40.6785 milliseconds in repetition 153
tcp_ping received 32768 bytes back
Round trip time was 41.8462 milliseconds in repetition 154
tcp_ping received 32768 bytes back
Round trip time was 43.1014 milliseconds in repetition 155
tcp_ping received 32768 bytes back
Round trip time was 44.2262 milliseconds in repetition 156
tcp_ping received 32768 bytes back
Round trip time was 37.3584 milliseconds in repetition 157
tcp_ping received 32768 bytes back
Round trip time was 38.4592 milliseconds in repetition 158
tcp_ping received 32768 bytes back
Round trip time was 34.0395 milliseconds in repetition 159
tcp_ping received 32768 bytes back
Round trip time was 40.7836 milliseconds in repetition 160
tcp_ping received 32768 bytes back
Round trip time was 36.6424 milliseconds in repetition 161
tcp_ping received 32768 bytes back
Round trip time was 54.043 milliseconds in repetition 162
tcp_ping received 32768 bytes back
Round trip time was 33.8807 milliseconds in repetition 163
tcp_ping received 32768 bytes back
Round trip time was 32.3689 milliseconds in repetition 164
tcp_ping received 32768 bytes back
Round trip time was 47.7821 milliseconds in repetition 165
tcp_ping received 32768 bytes back
Round trip time was 33.2026 milliseconds in repetition 166
tcp_ping received 32768 bytes back
Round trip time was 38.2826 milliseconds in repetition 167
tcp_ping received 32768 bytes back
Round trip time was 78.1439 milliseconds in repetition 168
tcp_ping received 32768 bytes back
Round trip time was 39.8345 milliseconds in repetition 169
tcp_ping received 32768 bytes back
Round trip time was 36.254 milliseconds in repetition 170
tcp_ping received 32768 bytes back
Round trip time was 39.7155 milliseconds in repetition 171
tcp_ping received 32768 bytes back
Round trip time was 46.2923 milliseconds in repetition 172
tcp_ping received 32768 bytes back
Round trip time was 42.1968 milliseconds in repetition 173
tcp_ping received 32768 bytes back
Round trip time was 37.4543 milliseconds in repetition 174
tcp_ping received 32768 bytes back
Round trip time was 41.5024 milliseconds in repetition 175
tcp_ping received 32768 bytes back
Round trip time was 73.6409 milliseconds in repetition 176
tcp_ping received 32768 bytes back
Round trip time was 98.1906 milliseconds in repetition 177
tcp_ping received 32768 bytes back
Round trip time was 45.573 milliseconds in repetition 178
tcp_ping received 32768 bytes back
Round trip time was 41.6784 milliseconds in repetition 179
tcp_ping received 32768 bytes back
Round trip time was 36.2114 milliseconds in repetition 180
tcp_ping received 32768 bytes back
Round trip time was 38.28 milliseconds in repetition 181
tcp_ping received 32768 bytes back
Round trip time was 35.8822 milliseconds in repetition 182
tcp_ping received 32768 bytes back
Round trip time was 41.5879 milliseconds in repetition 183
tcp_ping received 32768 bytes back
Round trip time was 45.6399 milliseconds in repetition 184
tcp_ping received 32768 bytes back
Round trip time was 39.7841 milliseconds in repetition 185
tcp_ping received 32768 bytes back
Round trip time was 40.8079 milliseconds in repetition 186
tcp_ping received 32768 bytes back
Round trip time was 50.5216 milliseconds in repetition 187
tcp_ping received 32768 bytes back
Round trip time was 55.0192 milliseconds in repetition 188
tcp_ping received 32768 bytes back
Round trip time was 67.9107 milliseconds in repetition 189
tcp_ping received 32768 bytes back
Round trip time was 49.6968 milliseconds in repetition 190
tcp_ping received 32768 bytes back
Round trip time was 33.9668 milliseconds in repetition 191
tcp_ping received 32768 bytes back
Round trip time was 46.0697 milliseconds in repetition 192
tcp_ping received 32768 bytes back
Round trip time was 43.8156 milliseconds in repetition 193
tcp_ping received 32768 bytes back
Round trip time was 73.5629 milliseconds in repetition 194
tcp_ping received 32768 bytes back
Round trip time was 44.7452 milliseconds in repetition 195
tcp_ping received 32768 bytes back
Round trip time was 50.5455 milliseconds in repetition 196
tcp_ping received 32768 bytes back
Round trip time was 42.8983 milliseconds in repetition 197
tcp_ping received 32768 bytes back
Round trip time was 35.1949 milliseconds in repetition 198
tcp_ping received 32768 bytes back
Round trip time was 37.2474 milliseconds in repetition 199
tcp_ping received 32768 bytes back
Round trip time was 37.2193 milliseconds in repetition 200
tcp_ping received 32768 bytes back
Round trip time was 50.6031 milliseconds in repetition 201
tcp_ping received 32768 bytes back
Round trip time was 46.2691 milliseconds in repetition 202
tcp_ping received 32768 bytes back
Round trip time was 39.8123 milliseconds in repetition 203
tcp_ping received 32768 bytes back
Round trip time was 43.5226 milliseconds in repetition 204
tcp_ping received 32768 bytes back
Round trip time was 41.1568 milliseconds in repetition 205
tcp_ping received 32768 bytes back
Round trip time was 61.0062 milliseconds in repetition 206
tcp_ping received 32768 bytes back
Round trip time was 37.0356 milliseconds in repetition 207
tcp_ping received 32768 bytes back
Round trip time was 41.8706 milliseconds in repetition 208
tcp_ping received 32768 bytes back
Round trip time was 54.9911 milliseconds in repetition 209
tcp_ping received 32768 bytes back
Round trip time was 65.53 milliseconds in repetition 210
tcp_ping received 32768 bytes back
Round trip time was 48.8966 milliseconds in repetition 211
tcp_ping received 32768 bytes back
Round trip time was 68.0929 milliseconds in repetition 212
tcp_ping received 32768 bytes back
Round trip time was 47.8298 milliseconds in repetition 213
tcp_ping received 32768 bytes back
Round trip time was 44.154 milliseconds in repetition 214
tcp_ping received 32768 bytes back
Round trip time was 39.4279 milliseconds in repetition 215
tcp_ping received 32768 bytes back
Round trip time was 38.2145 milliseconds in repetition 216
tcp_ping received 32768 bytes back
Round trip time was 36.6033 milliseconds in repetition 217
tcp_ping received 32768 bytes back
Round trip time was 44.2204 milliseconds in repetition 218
tcp_ping received 32768 bytes back
Round trip time was 56.3832 milliseconds in repetition 219
tcp_ping received 32768 bytes back
Round trip time was 42.3118 milliseconds in repetition 220
tcp_ping received 32768 bytes back
Round trip time was 42.7569 milliseconds in repetition 221
tcp_ping received 32768 bytes back
Round trip time was 55.6999 milliseconds in repetition 222
tcp_ping received 32768 bytes back
Round trip time was 35.7039 milliseconds in repetition 223
tcp_ping received 32768 bytes back
Round trip time was 39.6038 milliseconds in repetition 224
tcp_ping received 32768 bytes back
Round trip time was 33.751 milliseconds in repetition 225
tcp_ping received 32768 bytes back
Round trip time was 55.8225 milliseconds in repetition 226
tcp_ping received 32768 bytes back
Round trip time was 37.6268 milliseconds in repetition 227
tcp_ping received 32768 bytes back
Round trip time was 33.886 milliseconds in repetition 228
tcp_ping received 32768 bytes back
Round trip time was 44.5513 milliseconds in repetition 229
tcp_ping received 32768 bytes back
Round trip time was 35.6412 milliseconds in repetition 230
tcp_ping received 32768 bytes back
Round trip time was 42.7377 milliseconds in repetition 231
tcp_ping received 32768 bytes back
Round trip time was 35.8257 milliseconds in repetition 232
tcp_ping received 32768 bytes back
Round trip time was 41.4886 milliseconds in repetition 233
tcp_ping received 32768 bytes back
Round trip time was 50.7268 milliseconds in repetition 234
tcp_ping received 32768 bytes back
Round trip time was 36.8587 milliseconds in repetition 235
tcp_ping received 32768 bytes back
Round trip time was 49.2998 milliseconds in repetition 236
tcp_ping received 32768 bytes back
Round trip time was 67.5373 milliseconds in repetition 237
tcp_ping received 32768 bytes back
Round trip time was 58.9517 milliseconds in repetition 238
tcp_ping received 32768 bytes back
Round trip time was 36.6475 milliseconds in repetition 239
tcp_ping received 32768 bytes back
Round trip time was 46.3682 milliseconds in repetition 240
tcp_ping received 32768 bytes back
Round trip time was 40.0629 milliseconds in repetition 241
tcp_ping received 32768 bytes back
Round trip time was 48.3198 milliseconds in repetition 242
tcp_ping received 32768 bytes back
Round trip time was 35.4565 milliseconds in repetition 243
tcp_ping received 32768 bytes back
Round trip time was 44.2137 milliseconds in repetition 244
tcp_ping received 32768 bytes back
Round trip time was 39.4793 milliseconds in repetition 245
tcp_ping received 32768 bytes back
Round trip time was 39.4929 milliseconds in repetition 246
tcp_ping received 32768 bytes back
Round trip time was 43.3174 milliseconds in repetition 247
tcp_ping received 32768 bytes back
Round trip time was 39.904 milliseconds in repetition 248
tcp_ping received 32768 bytes back
Round trip time was 41.4464 milliseconds in repetition 249
tcp_ping received 32768 bytes back
Round trip time was 41.7311 milliseconds in repetition 250
tcp_ping received 32768 bytes back
Round trip time was 53.8269 milliseconds in repetition 251
tcp_ping received 32768 bytes back
Round trip time was 40.0279 milliseconds in repetition 252
tcp_ping received 32768 bytes back
Round trip time was 34.9877 milliseconds in repetition 253
tcp_ping received 32768 bytes back
Round trip time was 36.1277 milliseconds in repetition 254
tcp_ping received 32768 bytes back
Round trip time was 39.4173 milliseconds in repetition 255
tcp_ping received 32768 bytes back
Round trip time was 34.1758 milliseconds in repetition 256
tcp_ping received 32768 bytes back
Round trip time was 37.8238 milliseconds in repetition 257
tcp_ping received 32768 bytes back
Round trip time was 34.8498 milliseconds in repetition 258
tcp_ping received 32768 bytes back
Round trip time was 34.9487 milliseconds in repetition 259
tcp_ping received 32768 bytes back
Round trip time was 43.256 milliseconds in repetition 260
tcp_ping received 32768 bytes back
Round trip time was 40.7783 milliseconds in repetition 261
tcp_ping received 32768 bytes back
Round trip time was 35.5789 milliseconds in repetition 262
tcp_ping received 32768 bytes back
Round trip time was 51.3825 milliseconds in repetition 263
tcp_ping received 32768 bytes back
Round trip time was 33.4889 milliseconds in repetition 264
tcp_ping received 32768 bytes back
Round trip time was 34.8988 milliseconds in repetition 265
tcp_ping received 32768 bytes back
Round trip time was 375.923 milliseconds in repetition 266
tcp_ping received 32768 bytes back
Round trip time was 68.1769 milliseconds in repetition 267
tcp_ping received 32768 bytes back
Round trip time was 34.2669 milliseconds in repetition 268
tcp_ping received 32768 bytes back
Round trip time was 43.7478 milliseconds in repetition 269
tcp_ping received 32768 bytes back
Round trip time was 35.3349 milliseconds in repetition 270
tcp_ping received 32768 bytes back
Round trip time was 36.7203 milliseconds in repetition 271
tcp_ping received 32768 bytes back
Round trip time was 36.3604 milliseconds in repetition 272
tcp_ping received 32768 bytes back
Round trip time was 34.5616 milliseconds in repetition 273
tcp_ping received 32768 bytes back
Round trip time was 37.1056 milliseconds in repetition 274
tcp_ping received 32768 bytes back
Round trip time was 58.8252 milliseconds in repetition 275
tcp_ping received 32768 bytes back
Round trip time was 43.456 milliseconds in repetition 276
tcp_ping received 32768 bytes back
Round trip time was 36.1668 milliseconds in repetition 277
tcp_ping received 32768 bytes back
Round trip time was 38.1056 milliseconds in repetition 278
tcp_ping received 32768 bytes back
Round trip time was 35.3088 milliseconds in repetition 279
tcp_ping received 32768 bytes back
Round trip time was 41.9608 milliseconds in repetition 280
tcp_ping received 32768 bytes back
Round trip time was 35.309 milliseconds in repetition 281
tcp_ping received 32768 bytes back
Round trip time was 57.2223 milliseconds in repetition 282
tcp_ping received 32768 bytes back
Round trip time was 37.8061 milliseconds in repetition 283
tcp_ping received 32768 bytes back
Round trip time was 43.4851 milliseconds in repetition 284
tcp_ping received 32768 bytes back
Round trip time was 40.0274 milliseconds in repetition 285
tcp_ping received 32768 bytes back
Round trip time was 37.6701 milliseconds in repetition 286
tcp_ping received 32768 bytes back
Round trip time was 46.7838 milliseconds in repetition 287
tcp_ping received 32768 bytes back
Round trip time was 36.5178 milliseconds in repetition 288
tcp_ping received 32768 bytes back
Round trip time was 36.5126 milliseconds in repetition 289
tcp_ping received 32768 bytes back
Round trip time was 36.1025 milliseconds in repetition 290
tcp_ping received 32768 bytes back
Round trip time was 36.5624 milliseconds in repetition 291
tcp_ping received 32768 bytes back
Round trip time was 41.4205 milliseconds in repetition 292
tcp_ping received 32768 bytes back
Round trip time was 42.1422 milliseconds in repetition 293
tcp_ping received 32768 bytes back
Round trip time was 42.9157 milliseconds in repetition 294
tcp_ping received 32768 bytes back
Round trip time was 48.9904 milliseconds in repetition 295
tcp_ping received 32768 bytes back
Round trip time was 41.7725 milliseconds in repetition 296
tcp_ping received 32768 bytes back
Round trip time was 44.3431 milliseconds in repetition 297
tcp_ping received 32768 bytes back
Round trip time was 58.2577 milliseconds in repetition 298
tcp_ping received 32768 bytes back
Round trip time was 46.9032 milliseconds in repetition 299
tcp_ping received 32768 bytes back
Round trip time was 39.7022 milliseconds in repetition 300
tcp_ping received 32768 bytes back
Round trip time was 49.2136 milliseconds in repetition 301
tcp_ping received 32768 bytes back
Round trip time was 35.4327 milliseconds in repetition 302
tcp_ping received 32768 bytes back
Round trip time was 39.0537 milliseconds in repetition 303
tcp_ping received 32768 bytes back
Round trip time was 43.4511 milliseconds in repetition 304
tcp_ping received 32768 bytes back
Round trip time was 37.462 milliseconds in repetition 305
tcp_ping received 32768 bytes back
Round trip time was 49.7563 milliseconds in repetition 306
tcp_ping received 32768 bytes back
Round trip time was 35.3888 milliseconds in repetition 307
tcp_ping received 32768 bytes back
Round trip time was 34.3672 milliseconds in repetition 308
tcp_ping received 32768 bytes back
Round trip time was 38.0925 milliseconds in repetition 309
tcp_ping received 32768 bytes back
Round trip time was 34.3579 milliseconds in repetition 310
tcp_ping received 32768 bytes back
Round trip time was 34.6087 milliseconds in repetition 311
tcp_ping received 32768 bytes back
Round trip time was 44.7738 milliseconds in repetition 312
tcp_ping received 32768 bytes back
Round trip time was 33.7181 milliseconds in repetition 313
tcp_ping received 32768 bytes back
Round trip time was 44.964 milliseconds in repetition 314
tcp_ping received 32768 bytes back
Round trip time was 54.0873 milliseconds in repetition 315
tcp_ping received 32768 bytes back
Round trip time was 35.7152 milliseconds in repetition 316
tcp_ping received 32768 bytes back
Round trip time was 37.6825 milliseconds in repetition 317
tcp_ping received 32768 bytes back
Round trip time was 46.0199 milliseconds in repetition 318
tcp_ping received 32768 bytes back
Round trip time was 34.0336 milliseconds in repetition 319
tcp_ping received 32768 bytes back
Round trip time was 37.1123 milliseconds in repetition 320
tcp_ping received 32768 bytes back
Round trip time was 39.6762 milliseconds in repetition 321
tcp_ping received 32768 bytes back
Round trip time was 40.6703 milliseconds in repetition 322
tcp_ping received 32768 bytes back
Round trip time was 34.8383 milliseconds in repetition 323
tcp_ping received 32768 bytes back
Round trip time was 39.1862 milliseconds in repetition 324
tcp_ping received 32768 bytes back
Round trip time was 38.3523 milliseconds in repetition 325
tcp_ping received 32768 bytes back
Round trip time was 36.8433 milliseconds in repetition 326
tcp_ping received 32768 bytes back
Round trip time was 54.6328 milliseconds in repetition 327
tcp_ping received 32768 bytes back
Round trip time was 38.1013 milliseconds in repetition 328
tcp_ping received 32768 bytes back
Round trip time was 37.6798 milliseconds in repetition 329
tcp_ping received 32768 bytes back
Round trip time was 47.8499 milliseconds in repetition 330
tcp_ping received 32768 bytes back
Round trip time was 40.7188 milliseconds in repetition 331
tcp_ping received 32768 bytes back
Round trip time was 40.9179 milliseconds in repetition 332
tcp_ping received 32768 bytes back
Round trip time was 93.0389 milliseconds in repetition 333
tcp_ping received 32768 bytes back
Round trip time was 35.3447 milliseconds in repetition 334
tcp_ping received 32768 bytes back
Round trip time was 35.7972 milliseconds in repetition 335
tcp_ping received 32768 bytes back
Round trip time was 36.3524 milliseconds in repetition 336
tcp_ping received 32768 bytes back
Round trip time was 35.234 milliseconds in repetition 337
tcp_ping received 32768 bytes back
Round trip time was 38.0306 milliseconds in repetition 338
tcp_ping received 32768 bytes back
Round trip time was 37.8354 milliseconds in repetition 339
tcp_ping received 32768 bytes back
Round trip time was 37.7251 milliseconds in repetition 340
tcp_ping received 32768 bytes back
Round trip time was 40.3803 milliseconds in repetition 341
tcp_ping received 32768 bytes back
Round trip time was 40.3912 milliseconds in repetition 342
tcp_ping received 32768 bytes back
Round trip time was 36.4235 milliseconds in repetition 343
tcp_ping received 32768 bytes back
Round trip time was 39.1299 milliseconds in repetition 344
tcp_ping received 32768 bytes back
Round trip time was 37.9975 milliseconds in repetition 345
tcp_ping received 32768 bytes back
Round trip time was 37.6981 milliseconds in repetition 346
tcp_ping received 32768 bytes back
Round trip time was 40.3136 milliseconds in repetition 347
tcp_ping received 32768 bytes back
Round trip time was 37.4468 milliseconds in repetition 348
tcp_ping received 32768 bytes back
Round trip time was 57.8173 milliseconds in repetition 349
tcp_ping received 32768 bytes back
Round trip time was 35.7176 milliseconds in repetition 350
tcp_ping received 32768 bytes back
Round trip time was 33.9184 milliseconds in repetition 351
tcp_ping received 32768 bytes back
Round trip time was 39.6707 milliseconds in repetition 352
tcp_ping received 32768 bytes back
Round trip time was 35.8436 milliseconds in repetition 353
tcp_ping received 32768 bytes back
Round trip time was 41.2588 milliseconds in repetition 354
tcp_ping received 32768 bytes back
Round trip time was 34.864 milliseconds in repetition 355
tcp_ping received 32768 bytes back
Round trip time was 39.1821 milliseconds in repetition 356
tcp_ping received 32768 bytes back
Round trip time was 39.1267 milliseconds in repetition 357
tcp_ping received 32768 bytes back
Round trip time was 33.2749 milliseconds in repetition 358
tcp_ping received 32768 bytes back
Round trip time was 34.7462 milliseconds in repetition 359
tcp_ping received 32768 bytes back
Round trip time was 40.1371 milliseconds in repetition 360
tcp_ping received 32768 bytes back
Round trip time was 37.5362 milliseconds in repetition 361
tcp_ping received 32768 bytes back
Round trip time was 33.6894 milliseconds in repetition 362
tcp_ping received 32768 bytes back
Round trip time was 38.2959 milliseconds in repetition 363
tcp_ping received 32768 bytes back
Round trip time was 36.3845 milliseconds in repetition 364
tcp_ping received 32768 bytes back
Round trip time was 42.5223 milliseconds in repetition 365
tcp_ping received 32768 bytes back
Round trip time was 35.2135 milliseconds in repetition 366
tcp_ping received 32768 bytes back
Round trip time was 40.8821 milliseconds in repetition 367
tcp_ping received 32768 bytes back
Round trip time was 41.1998 milliseconds in repetition 368
tcp_ping received 32768 bytes back
Round trip time was 34.1203 milliseconds in repetition 369
tcp_ping received 32768 bytes back
Round trip time was 47.739 milliseconds in repetition 370
tcp_ping received 32768 bytes back
Round trip time was 34.8901 milliseconds in repetition 371
tcp_ping received 32768 bytes back
Round trip time was 34.2978 milliseconds in repetition 372
tcp_ping received 32768 bytes back
Round trip time was 48.7084 milliseconds in repetition 373
tcp_ping received 32768 bytes back
Round trip time was 38.9304 milliseconds in repetition 374
tcp_ping received 32768 bytes back
Round trip time was 35.8655 milliseconds in repetition 375
tcp_ping received 32768 bytes back
Round trip time was 39.3548 milliseconds in repetition 376
tcp_ping received 32768 bytes back
Round trip time was 40.2777 milliseconds in repetition 377
tcp_ping received 32768 bytes back
Round trip time was 42.2443 milliseconds in repetition 378
tcp_ping received 32768 bytes back
Round trip time was 46.6544 milliseconds in repetition 379
tcp_ping received 32768 bytes back
Round trip time was 37.7382 milliseconds in repetition 380
tcp_ping received 32768 bytes back
Round trip time was 48.8596 milliseconds in repetition 381
tcp_ping received 32768 bytes back
Round trip time was 39.148 milliseconds in repetition 382
tcp_ping received 32768 bytes back
Round trip time was 41.1226 milliseconds in repetition 383
tcp_ping received 32768 bytes back
Round trip time was 33.8353 milliseconds in repetition 384
tcp_ping received 32768 bytes back
Round trip time was 41.5811 milliseconds in repetition 385
tcp_ping received 32768 bytes back
Round trip time was 37.5722 milliseconds in repetition 386
tcp_ping received 32768 bytes back
Round trip time was 35.6541 milliseconds in repetition 387
tcp_ping received 32768 bytes back
Round trip time was 40.2689 milliseconds in repetition 388
tcp_ping received 32768 bytes back
Round trip time was 37.2963 milliseconds in repetition 389
tcp_ping received 32768 bytes back
Round trip time was 47.5829 milliseconds in repetition 390
tcp_ping received 32768 bytes back
Round trip time was 61.2285 milliseconds in repetition 391
tcp_ping received 32768 bytes back
Round trip time was 39.8976 milliseconds in repetition 392
tcp_ping received 32768 bytes back
Round trip time was 33.7645 milliseconds in repetition 393
tcp_ping received 32768 bytes back
Round trip time was 35.486 milliseconds in repetition 394
tcp_ping received 32768 bytes back
Round trip time was 36.3804 milliseconds in repetition 395
tcp_ping received 32768 bytes back
Round trip time was 38.9489 milliseconds in repetition 396
tcp_ping received 32768 bytes back
Round trip time was 37.6869 milliseconds in repetition 397
tcp_ping received 32768 bytes back
Round trip time was 41.5545 milliseconds in repetition 398
tcp_ping received 32768 bytes back
Round trip time was 45.3772 milliseconds in repetition 399
tcp_ping received 32768 bytes back
Round trip time was 39.6466 milliseconds in repetition 400
tcp_ping received 32768 bytes back
Round trip time was 55.4841 milliseconds in repetition 401
tcp_ping received 32768 bytes back
Round trip time was 40.3642 milliseconds in repetition 402
tcp_ping received 32768 bytes back
Round trip time was 50.7694 milliseconds in repetition 403
tcp_ping received 32768 bytes back
Round trip time was 34.7645 milliseconds in repetition 404
tcp_ping received 32768 bytes back
Round trip time was 35.9544 milliseconds in repetition 405
tcp_ping received 32768 bytes back
Round trip time was 48.7898 milliseconds in repetition 406
tcp_ping received 32768 bytes back
Round trip time was 39.4047 milliseconds in repetition 407
tcp_ping received 32768 bytes back
Round trip time was 35.6068 milliseconds in repetition 408
tcp_ping received 32768 bytes back
Round trip time was 34.4481 milliseconds in repetition 409
tcp_ping received 32768 bytes back
Round trip time was 42.1123 milliseconds in repetition 410
tcp_ping received 32768 bytes back
Round trip time was 41.4454 milliseconds in repetition 411
tcp_ping received 32768 bytes back
Round trip time was 40.9634 milliseconds in repetition 412
tcp_ping received 32768 bytes back
Round trip time was 43.0601 milliseconds in repetition 413
tcp_ping received 32768 bytes back
Round trip time was 34.7469 milliseconds in repetition 414
tcp_ping received 32768 bytes back
Round trip time was 36.7585 milliseconds in repetition 415
tcp_ping received 32768 bytes back
Round trip time was 41.2838 milliseconds in repetition 416
tcp_ping received 32768 bytes back
Round trip time was 48.3506 milliseconds in repetition 417
tcp_ping received 32768 bytes back
Round trip time was 45.7134 milliseconds in repetition 418
tcp_ping received 32768 bytes back
Round trip time was 38.4324 milliseconds in repetition 419
tcp_ping received 32768 bytes back
Round trip time was 45.9961 milliseconds in repetition 420
tcp_ping received 32768 bytes back
Round trip time was 35.1591 milliseconds in repetition 421
tcp_ping received 32768 bytes back
Round trip time was 44.5478 milliseconds in repetition 422
tcp_ping received 32768 bytes back
Round trip time was 40.7875 milliseconds in repetition 423
tcp_ping received 32768 bytes back
Round trip time was 40.1801 milliseconds in repetition 424
tcp_ping received 32768 bytes back
Round trip time was 45.2051 milliseconds in repetition 425
tcp_ping received 32768 bytes back
Round trip time was 69.2105 milliseconds in repetition 426
tcp_ping received 32768 bytes back
Round trip time was 35.2113 milliseconds in repetition 427
tcp_ping received 32768 bytes back
Round trip time was 38.271 milliseconds in repetition 428
tcp_ping received 32768 bytes back
Round trip time was 39.6631 milliseconds in repetition 429
tcp_ping received 32768 bytes back
Round trip time was 60.3956 milliseconds in repetition 430
tcp_ping received 32768 bytes back
Round trip time was 43.9474 milliseconds in repetition 431
tcp_ping received 32768 bytes back
Round trip time was 63.4896 milliseconds in repetition 432
tcp_ping received 32768 bytes back
Round trip time was 38.3014 milliseconds in repetition 433
tcp_ping received 32768 bytes back
Round trip time was 63.5843 milliseconds in repetition 434
tcp_ping received 32768 bytes back
Round trip time was 42.5808 milliseconds in repetition 435
tcp_ping received 32768 bytes back
Round trip time was 38.9095 milliseconds in repetition 436
tcp_ping received 32768 bytes back
Round trip time was 34.0204 milliseconds in repetition 437
tcp_ping received 32768 bytes back
Round trip time was 45.3271 milliseconds in repetition 438
tcp_ping received 32768 bytes back
Round trip time was 40.6504 milliseconds in repetition 439
tcp_ping received 32768 bytes back
Round trip time was 46.3293 milliseconds in repetition 440
tcp_ping received 32768 bytes back
Round trip time was 44.8333 milliseconds in repetition 441
tcp_ping received 32768 bytes back
Round trip time was 36.1122 milliseconds in repetition 442
tcp_ping received 32768 bytes back
Round trip time was 54.266 milliseconds in repetition 443
tcp_ping received 32768 bytes back
Round trip time was 43.0858 milliseconds in repetition 444
tcp_ping received 32768 bytes back
Round trip time was 38.2218 milliseconds in repetition 445
tcp_ping received 32768 bytes back
Round trip time was 35.846 milliseconds in repetition 446
tcp_ping received 32768 bytes back
Round trip time was 34.323 milliseconds in repetition 447
tcp_ping received 32768 bytes back
Round trip time was 42.2071 milliseconds in repetition 448
tcp_ping received 32768 bytes back
Round trip time was 32.7173 milliseconds in repetition 449
tcp_ping received 32768 bytes back
Round trip time was 39.0966 milliseconds in repetition 450
tcp_ping received 32768 bytes back
Round trip time was 38.7852 milliseconds in repetition 451
tcp_ping received 32768 bytes back
Round trip time was 36.3894 milliseconds in repetition 452
tcp_ping received 32768 bytes back
Round trip time was 38.7381 milliseconds in repetition 453
tcp_ping received 32768 bytes back
Round trip time was 38.3454 milliseconds in repetition 454
tcp_ping received 32768 bytes back
Round trip time was 42.1401 milliseconds in repetition 455
tcp_ping received 32768 bytes back
Round trip time was 47.5607 milliseconds in repetition 456
tcp_ping received 32768 bytes back
Round trip time was 34.0855 milliseconds in repetition 457
tcp_ping received 32768 bytes back
Round trip time was 35.3957 milliseconds in repetition 458
tcp_ping received 32768 bytes back
Round trip time was 39.5999 milliseconds in repetition 459
tcp_ping received 32768 bytes back
Round trip time was 46.5712 milliseconds in repetition 460
tcp_ping received 32768 bytes back
Round trip time was 54.1248 milliseconds in repetition 461
tcp_ping received 32768 bytes back
Round trip time was 33.6247 milliseconds in repetition 462
tcp_ping received 32768 bytes back
Round trip time was 35.0021 milliseconds in repetition 463
tcp_ping received 32768 bytes back
Round trip time was 35.1364 milliseconds in repetition 464
tcp_ping received 32768 bytes back
Round trip time was 34.7378 milliseconds in repetition 465
tcp_ping received 32768 bytes back
Round trip time was 36.6402 milliseconds in repetition 466
tcp_ping received 32768 bytes back
Round trip time was 40.1763 milliseconds in repetition 467
tcp_ping received 32768 bytes back
Round trip time was 34.1293 milliseconds in repetition 468
tcp_ping received 32768 bytes back
Round trip time was 50.3164 milliseconds in repetition 469
tcp_ping received 32768 bytes back
Round trip time was 36.2988 milliseconds in repetition 470
tcp_ping received 32768 bytes back
Round trip time was 34.4776 milliseconds in repetition 471
tcp_ping received 32768 bytes back
Round trip time was 56.8922 milliseconds in repetition 472
tcp_ping received 32768 bytes back
Round trip time was 41.834 milliseconds in repetition 473
tcp_ping received 32768 bytes back
Round trip time was 41.2527 milliseconds in repetition 474
tcp_ping received 32768 bytes back
Round trip time was 34.1352 milliseconds in repetition 475
tcp_ping received 32768 bytes back
Round trip time was 36.6307 milliseconds in repetition 476
tcp_ping received 32768 bytes back
Round trip time was 43.6668 milliseconds in repetition 477
tcp_ping received 32768 bytes back
Round trip time was 36.8698 milliseconds in repetition 478
tcp_ping received 32768 bytes back
Round trip time was 43.1655 milliseconds in repetition 479
tcp_ping received 32768 bytes back
Round trip time was 39.302 milliseconds in repetition 480
tcp_ping received 32768 bytes back
Round trip time was 37.5686 milliseconds in repetition 481
tcp_ping received 32768 bytes back
Round trip time was 41.9729 milliseconds in repetition 482
tcp_ping received 32768 bytes back
Round trip time was 35.7186 milliseconds in repetition 483
tcp_ping received 32768 bytes back
Round trip time was 37.4 milliseconds in repetition 484
tcp_ping received 32768 bytes back
Round trip time was 35.0942 milliseconds in repetition 485
tcp_ping received 32768 bytes back
Round trip time was 36.9257 milliseconds in repetition 486
tcp_ping received 32768 bytes back
Round trip time was 41.6914 milliseconds in repetition 487
tcp_ping received 32768 bytes back
Round trip time was 36.0869 milliseconds in repetition 488
tcp_ping received 32768 bytes back
Round trip time was 38.6604 milliseconds in repetition 489
tcp_ping received 32768 bytes back
Round trip time was 42.4526 milliseconds in repetition 490
tcp_ping received 32768 bytes back
Round trip time was 36.7502 milliseconds in repetition 491
tcp_ping received 32768 bytes back
Round trip time was 38.339 milliseconds in repetition 492
tcp_ping received 32768 bytes back
Round trip time was 35.7138 milliseconds in repetition 493
tcp_ping received 32768 bytes back
Round trip time was 34.6331 milliseconds in repetition 494
tcp_ping received 32768 bytes back
Round trip time was 44.4706 milliseconds in repetition 495
tcp_ping received 32768 bytes back
Round trip time was 34.5632 milliseconds in repetition 496
tcp_ping received 32768 bytes back
Round trip time was 45.5823 milliseconds in repetition 497
tcp_ping received 32768 bytes back
Round trip time was 45.3526 milliseconds in repetition 498
tcp_ping received 32768 bytes back
Round trip time was 36.4535 milliseconds in repetition 499
tcp_ping received 32768 bytes back
Round trip time was 43.0605 milliseconds in repetition 500
tcp_ping received 32768 bytes back
Round trip time was 39.6563 milliseconds in repetition 501

 ... clock resolution was 0.0001
TCP Ping:  Statistics over 501 repetitions of 32768 byte messages

RTT : percentile 10: 34.8901, median: 40.4494, percentile 90: 55.4841, average: 45.4471, variance: 1015.81

RTT histogram:
32.3687 360
56.5376 123
80.7065 11
104.875 2
129.044 2
153.213 0
177.382 0
201.551 0
225.72 0
249.889 0
274.058 0
298.227 0
322.395 0
346.564 0
370.733 1
394.902 1
419.071 0
443.24 0
467.409 0
491.578 0
515.747 1

   median Throughput : 1620.2 KB/s   overall Throughput : 1442.03 KB/s

