TCP Ping trying to connect to server seti.dibris.unige.it (130.251.61.30) on port 1491
 ... connected to Pong server: asking for 501 repetitions of 524288 bytes TCP messages
 ... Pong server agreed :-)
tcp_ping received 524288 bytes back
Round trip time was 1493.25 milliseconds in repetition 1
tcp_ping received 524288 bytes back
Round trip time was 909.602 milliseconds in repetition 2
tcp_ping received 524288 bytes back
Round trip time was 666.657 milliseconds in repetition 3
tcp_ping received 524288 bytes back
Round trip time was 533.982 milliseconds in repetition 4
tcp_ping received 524288 bytes back
Round trip time was 418.755 milliseconds in repetition 5
tcp_ping received 524288 bytes back
Round trip time was 448.742 milliseconds in repetition 6
tcp_ping received 524288 bytes back
Round trip time was 374.466 milliseconds in repetition 7
tcp_ping received 524288 bytes back
Round trip time was 402.741 milliseconds in repetition 8
tcp_ping received 524288 bytes back
Round trip time was 467.802 milliseconds in repetition 9
tcp_ping received 524288 bytes back
Round trip time was 434.456 milliseconds in repetition 10
tcp_ping received 524288 bytes back
Round trip time was 459.281 milliseconds in repetition 11
tcp_ping received 524288 bytes back
Round trip time was 428.956 milliseconds in repetition 12
tcp_ping received 524288 bytes back
Round trip time was 391.513 milliseconds in repetition 13
tcp_ping received 524288 bytes back
Round trip time was 403.024 milliseconds in repetition 14
tcp_ping received 524288 bytes back
Round trip time was 378.729 milliseconds in repetition 15
tcp_ping received 524288 bytes back
Round trip time was 350.239 milliseconds in repetition 16
tcp_ping received 524288 bytes back
Round trip time was 329.193 milliseconds in repetition 17
tcp_ping received 524288 bytes back
Round trip time was 358.262 milliseconds in repetition 18
tcp_ping received 524288 bytes back
Round trip time was 396.474 milliseconds in repetition 19
tcp_ping received 524288 bytes back
Round trip time was 384.335 milliseconds in repetition 20
tcp_ping received 524288 bytes back
Round trip time was 348.909 milliseconds in repetition 21
tcp_ping received 524288 bytes back
Round trip time was 352.817 milliseconds in repetition 22
tcp_ping received 524288 bytes back
Round trip time was 370.709 milliseconds in repetition 23
tcp_ping received 524288 bytes back
Round trip time was 318.144 milliseconds in repetition 24
tcp_ping received 524288 bytes back
Round trip time was 395.323 milliseconds in repetition 25
tcp_ping received 524288 bytes back
Round trip time was 407.274 milliseconds in repetition 26
tcp_ping received 524288 bytes back
Round trip time was 320.983 milliseconds in repetition 27
tcp_ping received 524288 bytes back
Round trip time was 296.156 milliseconds in repetition 28
tcp_ping received 524288 bytes back
Round trip time was 297.121 milliseconds in repetition 29
tcp_ping received 524288 bytes back
Round trip time was 335.639 milliseconds in repetition 30
tcp_ping received 524288 bytes back
Round trip time was 365.627 milliseconds in repetition 31
tcp_ping received 524288 bytes back
Round trip time was 355.747 milliseconds in repetition 32
tcp_ping received 524288 bytes back
Round trip time was 334.268 milliseconds in repetition 33
tcp_ping received 524288 bytes back
Round trip time was 331.922 milliseconds in repetition 34
tcp_ping received 524288 bytes back
Round trip time was 440.057 milliseconds in repetition 35
tcp_ping received 524288 bytes back
Round trip time was 398.768 milliseconds in repetition 36
tcp_ping received 524288 bytes back
Round trip time was 331.116 milliseconds in repetition 37
tcp_ping received 524288 bytes back
Round trip time was 336.134 milliseconds in repetition 38
tcp_ping received 524288 bytes back
Round trip time was 370.032 milliseconds in repetition 39
tcp_ping received 524288 bytes back
Round trip time was 347.402 milliseconds in repetition 40
tcp_ping received 524288 bytes back
Round trip time was 337.1 milliseconds in repetition 41
tcp_ping received 524288 bytes back
Round trip time was 343.643 milliseconds in repetition 42
tcp_ping received 524288 bytes back
Round trip time was 344.36 milliseconds in repetition 43
tcp_ping received 524288 bytes back
Round trip time was 365.508 milliseconds in repetition 44
tcp_ping received 524288 bytes back
Round trip time was 324.287 milliseconds in repetition 45
tcp_ping received 524288 bytes back
Round trip time was 360.33 milliseconds in repetition 46
tcp_ping received 524288 bytes back
Round trip time was 374.952 milliseconds in repetition 47
tcp_ping received 524288 bytes back
Round trip time was 384.955 milliseconds in repetition 48
tcp_ping received 524288 bytes back
Round trip time was 335.08 milliseconds in repetition 49
tcp_ping received 524288 bytes back
Round trip time was 379.361 milliseconds in repetition 50
tcp_ping received 524288 bytes back
Round trip time was 317.083 milliseconds in repetition 51
tcp_ping received 524288 bytes back
Round trip time was 345.533 milliseconds in repetition 52
tcp_ping received 524288 bytes back
Round trip time was 303.675 milliseconds in repetition 53
tcp_ping received 524288 bytes back
Round trip time was 370.085 milliseconds in repetition 54
tcp_ping received 524288 bytes back
Round trip time was 332.455 milliseconds in repetition 55
tcp_ping received 524288 bytes back
Round trip time was 381.463 milliseconds in repetition 56
tcp_ping received 524288 bytes back
Round trip time was 363.605 milliseconds in repetition 57
tcp_ping received 524288 bytes back
Round trip time was 354.158 milliseconds in repetition 58
tcp_ping received 524288 bytes back
Round trip time was 314.083 milliseconds in repetition 59
tcp_ping received 524288 bytes back
Round trip time was 329.916 milliseconds in repetition 60
tcp_ping received 524288 bytes back
Round trip time was 348.352 milliseconds in repetition 61
tcp_ping received 524288 bytes back
Round trip time was 324.367 milliseconds in repetition 62
tcp_ping received 524288 bytes back
Round trip time was 399.857 milliseconds in repetition 63
tcp_ping received 524288 bytes back
Round trip time was 329.311 milliseconds in repetition 64
tcp_ping received 524288 bytes back
Round trip time was 300.014 milliseconds in repetition 65
tcp_ping received 524288 bytes back
Round trip time was 353.052 milliseconds in repetition 66
tcp_ping received 524288 bytes back
Round trip time was 311.47 milliseconds in repetition 67
tcp_ping received 524288 bytes back
Round trip time was 325.845 milliseconds in repetition 68
tcp_ping received 524288 bytes back
Round trip time was 364.421 milliseconds in repetition 69
tcp_ping received 524288 bytes back
Round trip time was 440.154 milliseconds in repetition 70
tcp_ping received 524288 bytes back
Round trip time was 361.565 milliseconds in repetition 71
tcp_ping received 524288 bytes back
Round trip time was 348.36 milliseconds in repetition 72
tcp_ping received 524288 bytes back
Round trip time was 314.656 milliseconds in repetition 73
tcp_ping received 524288 bytes back
Round trip time was 329.964 milliseconds in repetition 74
tcp_ping received 524288 bytes back
Round trip time was 353.55 milliseconds in repetition 75
tcp_ping received 524288 bytes back
Round trip time was 538.476 milliseconds in repetition 76
tcp_ping received 524288 bytes back
Round trip time was 476.011 milliseconds in repetition 77
tcp_ping received 524288 bytes back
Round trip time was 463.52 milliseconds in repetition 78
tcp_ping received 524288 bytes back
Round trip time was 466.908 milliseconds in repetition 79
tcp_ping received 524288 bytes back
Round trip time was 350.235 milliseconds in repetition 80
tcp_ping received 524288 bytes back
Round trip time was 413.603 milliseconds in repetition 81
tcp_ping received 524288 bytes back
Round trip time was 433.729 milliseconds in repetition 82
tcp_ping received 524288 bytes back
Round trip time was 335.526 milliseconds in repetition 83
tcp_ping received 524288 bytes back
Round trip time was 425.913 milliseconds in repetition 84
tcp_ping received 524288 bytes back
Round trip time was 398.505 milliseconds in repetition 85
tcp_ping received 524288 bytes back
Round trip time was 380.595 milliseconds in repetition 86
tcp_ping received 524288 bytes back
Round trip time was 452.105 milliseconds in repetition 87
tcp_ping received 524288 bytes back
Round trip time was 713.806 milliseconds in repetition 88
tcp_ping received 524288 bytes back
Round trip time was 419.349 milliseconds in repetition 89
tcp_ping received 524288 bytes back
Round trip time was 413.794 milliseconds in repetition 90
tcp_ping received 524288 bytes back
Round trip time was 461.455 milliseconds in repetition 91
tcp_ping received 524288 bytes back
Round trip time was 473.256 milliseconds in repetition 92
tcp_ping received 524288 bytes back
Round trip time was 457.741 milliseconds in repetition 93
tcp_ping received 524288 bytes back
Round trip time was 396.476 milliseconds in repetition 94
tcp_ping received 524288 bytes back
Round trip time was 407.019 milliseconds in repetition 95
tcp_ping received 524288 bytes back
Round trip time was 451.982 milliseconds in repetition 96
tcp_ping received 524288 bytes back
Round trip time was 438.421 milliseconds in repetition 97
tcp_ping received 524288 bytes back
Round trip time was 460.851 milliseconds in repetition 98
tcp_ping received 524288 bytes back
Round trip time was 358.041 milliseconds in repetition 99
tcp_ping received 524288 bytes back
Round trip time was 530.813 milliseconds in repetition 100
tcp_ping received 524288 bytes back
Round trip time was 537.731 milliseconds in repetition 101
tcp_ping received 524288 bytes back
Round trip time was 484.254 milliseconds in repetition 102
tcp_ping received 524288 bytes back
Round trip time was 482.068 milliseconds in repetition 103
tcp_ping received 524288 bytes back
Round trip time was 474.761 milliseconds in repetition 104
tcp_ping received 524288 bytes back
Round trip time was 458.519 milliseconds in repetition 105
tcp_ping received 524288 bytes back
Round trip time was 491.162 milliseconds in repetition 106
tcp_ping received 524288 bytes back
Round trip time was 446.63 milliseconds in repetition 107
tcp_ping received 524288 bytes back
Round trip time was 413.041 milliseconds in repetition 108
tcp_ping received 524288 bytes back
Round trip time was 372.594 milliseconds in repetition 109
tcp_ping received 524288 bytes back
Round trip time was 400.078 milliseconds in repetition 110
tcp_ping received 524288 bytes back
Round trip time was 456.798 milliseconds in repetition 111
tcp_ping received 524288 bytes back
Round trip time was 462.549 milliseconds in repetition 112
tcp_ping received 524288 bytes back
Round trip time was 426.712 milliseconds in repetition 113
tcp_ping received 524288 bytes back
Round trip time was 423.029 milliseconds in repetition 114
tcp_ping received 524288 bytes back
Round trip time was 464.04 milliseconds in repetition 115
tcp_ping received 524288 bytes back
Round trip time was 400.851 milliseconds in repetition 116
tcp_ping received 524288 bytes back
Round trip time was 396.835 milliseconds in repetition 117
tcp_ping received 524288 bytes back
Round trip time was 467.53 milliseconds in repetition 118
tcp_ping received 524288 bytes back
Round trip time was 397.112 milliseconds in repetition 119
tcp_ping received 524288 bytes back
Round trip time was 431.545 milliseconds in repetition 120
tcp_ping received 524288 bytes back
Round trip time was 481.658 milliseconds in repetition 121
tcp_ping received 524288 bytes back
Round trip time was 408.394 milliseconds in repetition 122
tcp_ping received 524288 bytes back
Round trip time was 374.204 milliseconds in repetition 123
tcp_ping received 524288 bytes back
Round trip time was 351.513 milliseconds in repetition 124
tcp_ping received 524288 bytes back
Round trip time was 433.77 milliseconds in repetition 125
tcp_ping received 524288 bytes back
Round trip time was 367.492 milliseconds in repetition 126
tcp_ping received 524288 bytes back
Round trip time was 425.357 milliseconds in repetition 127
tcp_ping received 524288 bytes back
Round trip time was 387.424 milliseconds in repetition 128
tcp_ping received 524288 bytes back
Round trip time was 332.285 milliseconds in repetition 129
tcp_ping received 524288 bytes back
Round trip time was 376 milliseconds in repetition 130
tcp_ping received 524288 bytes back
Round trip time was 335.216 milliseconds in repetition 131
tcp_ping received 524288 bytes back
Round trip time was 353.605 milliseconds in repetition 132
tcp_ping received 524288 bytes back
Round trip time was 343.228 milliseconds in repetition 133
tcp_ping received 524288 bytes back
Round trip time was 365.544 milliseconds in repetition 134
tcp_ping received 524288 bytes back
Round trip time was 324.512 milliseconds in repetition 135
tcp_ping received 524288 bytes back
Round trip time was 335.9 milliseconds in repetition 136
tcp_ping received 524288 bytes back
Round trip time was 314.374 milliseconds in repetition 137
tcp_ping received 524288 bytes back
Round trip time was 351.483 milliseconds in repetition 138
tcp_ping received 524288 bytes back
Round trip time was 395.45 milliseconds in repetition 139
tcp_ping received 524288 bytes back
Round trip time was 326.433 milliseconds in repetition 140
tcp_ping received 524288 bytes back
Round trip time was 447.114 milliseconds in repetition 141
tcp_ping received 524288 bytes back
Round trip time was 343.4 milliseconds in repetition 142
tcp_ping received 524288 bytes back
Round trip time was 432.89 milliseconds in repetition 143
tcp_ping received 524288 bytes back
Round trip time was 376.828 milliseconds in repetition 144
tcp_ping received 524288 bytes back
Round trip time was 425 milliseconds in repetition 145
tcp_ping received 524288 bytes back
Round trip time was 546.855 milliseconds in repetition 146
tcp_ping received 524288 bytes back
Round trip time was 401.525 milliseconds in repetition 147
tcp_ping received 524288 bytes back
Round trip time was 404.291 milliseconds in repetition 148
tcp_ping received 524288 bytes back
Round trip time was 332.241 milliseconds in repetition 149
tcp_ping received 524288 bytes back
Round trip time was 301.867 milliseconds in repetition 150
tcp_ping received 524288 bytes back
Round trip time was 325.105 milliseconds in repetition 151
tcp_ping received 524288 bytes back
Round trip time was 347.825 milliseconds in repetition 152
tcp_ping received 524288 bytes back
Round trip time was 341.908 milliseconds in repetition 153
tcp_ping received 524288 bytes back
Round trip time was 294.279 milliseconds in repetition 154
tcp_ping received 524288 bytes back
Round trip time was 293.705 milliseconds in repetition 155
tcp_ping received 524288 bytes back
Round trip time was 344.722 milliseconds in repetition 156
tcp_ping received 524288 bytes back
Round trip time was 296.42 milliseconds in repetition 157
tcp_ping received 524288 bytes back
Round trip time was 1049.37 milliseconds in repetition 158
tcp_ping received 524288 bytes back
Round trip time was 793.811 milliseconds in repetition 159
tcp_ping received 524288 bytes back
Round trip time was 799.097 milliseconds in repetition 160
tcp_ping received 524288 bytes back
Round trip time was 425.485 milliseconds in repetition 161
tcp_ping received 524288 bytes back
Round trip time was 413.294 milliseconds in repetition 162
tcp_ping received 524288 bytes back
Round trip time was 402.706 milliseconds in repetition 163
tcp_ping received 524288 bytes back
Round trip time was 472.471 milliseconds in repetition 164
tcp_ping received 524288 bytes back
Round trip time was 456.069 milliseconds in repetition 165
tcp_ping received 524288 bytes back
Round trip time was 779.155 milliseconds in repetition 166
tcp_ping received 524288 bytes back
Round trip time was 361.928 milliseconds in repetition 167
tcp_ping received 524288 bytes back
Round trip time was 440.672 milliseconds in repetition 168
tcp_ping received 524288 bytes back
Round trip time was 483.063 milliseconds in repetition 169
tcp_ping received 524288 bytes back
Round trip time was 578.123 milliseconds in repetition 170
tcp_ping received 524288 bytes back
Round trip time was 467.585 milliseconds in repetition 171
tcp_ping received 524288 bytes back
Round trip time was 452.421 milliseconds in repetition 172
tcp_ping received 524288 bytes back
Round trip time was 443.283 milliseconds in repetition 173
tcp_ping received 524288 bytes back
Round trip time was 446.275 milliseconds in repetition 174
tcp_ping received 524288 bytes back
Round trip time was 543.301 milliseconds in repetition 175
tcp_ping received 524288 bytes back
Round trip time was 410.234 milliseconds in repetition 176
tcp_ping received 524288 bytes back
Round trip time was 1031.2 milliseconds in repetition 177
tcp_ping received 524288 bytes back
Round trip time was 525.565 milliseconds in repetition 178
tcp_ping received 524288 bytes back
Round trip time was 569.437 milliseconds in repetition 179
tcp_ping received 524288 bytes back
Round trip time was 542.28 milliseconds in repetition 180
tcp_ping received 524288 bytes back
Round trip time was 550.448 milliseconds in repetition 181
tcp_ping received 524288 bytes back
Round trip time was 842.144 milliseconds in repetition 182
tcp_ping received 524288 bytes back
Round trip time was 681.66 milliseconds in repetition 183
tcp_ping received 524288 bytes back
Round trip time was 511.318 milliseconds in repetition 184
tcp_ping received 524288 bytes back
Round trip time was 549.709 milliseconds in repetition 185
tcp_ping received 524288 bytes back
Round trip time was 544.852 milliseconds in repetition 186
tcp_ping received 524288 bytes back
Round trip time was 512.085 milliseconds in repetition 187
tcp_ping received 524288 bytes back
Round trip time was 716.762 milliseconds in repetition 188
tcp_ping received 524288 bytes back
Round trip time was 502.826 milliseconds in repetition 189
tcp_ping received 524288 bytes back
Round trip time was 485.836 milliseconds in repetition 190
tcp_ping received 524288 bytes back
Round trip time was 538.081 milliseconds in repetition 191
tcp_ping received 524288 bytes back
Round trip time was 501.303 milliseconds in repetition 192
tcp_ping received 524288 bytes back
Round trip time was 574.167 milliseconds in repetition 193
tcp_ping received 524288 bytes back
Round trip time was 562.777 milliseconds in repetition 194
tcp_ping received 524288 bytes back
Round trip time was 471.761 milliseconds in repetition 195
tcp_ping received 524288 bytes back
Round trip time was 449.949 milliseconds in repetition 196
tcp_ping received 524288 bytes back
Round trip time was 597.712 milliseconds in repetition 197
tcp_ping received 524288 bytes back
Round trip time was 565.215 milliseconds in repetition 198
tcp_ping received 524288 bytes back
Round trip time was 429.038 milliseconds in repetition 199
tcp_ping received 524288 bytes back
Round trip time was 428.716 milliseconds in repetition 200
tcp_ping received 524288 bytes back
Round trip time was 478.4 milliseconds in repetition 201
tcp_ping received 524288 bytes back
Round trip time was 475.308 milliseconds in repetition 202
tcp_ping received 524288 bytes back
Round trip time was 522.831 milliseconds in repetition 203
tcp_ping received 524288 bytes back
Round trip time was 447.925 milliseconds in repetition 204
tcp_ping received 524288 bytes back
Round trip time was 524.629 milliseconds in repetition 205
tcp_ping received 524288 bytes back
Round trip time was 420.298 milliseconds in repetition 206
tcp_ping received 524288 bytes back
Round trip time was 443.719 milliseconds in repetition 207
tcp_ping received 524288 bytes back
Round trip time was 462.389 milliseconds in repetition 208
tcp_ping received 524288 bytes back
Round trip time was 450.416 milliseconds in repetition 209
tcp_ping received 524288 bytes back
Round trip time was 405.324 milliseconds in repetition 210
tcp_ping received 524288 bytes back
Round trip time was 418.565 milliseconds in repetition 211
tcp_ping received 524288 bytes back
Round trip time was 503.101 milliseconds in repetition 212
tcp_ping received 524288 bytes back
Round trip time was 455.525 milliseconds in repetition 213
tcp_ping received 524288 bytes back
Round trip time was 375.985 milliseconds in repetition 214
tcp_ping received 524288 bytes back
Round trip time was 333.707 milliseconds in repetition 215
tcp_ping received 524288 bytes back
Round trip time was 370.647 milliseconds in repetition 216
tcp_ping received 524288 bytes back
Round trip time was 435.992 milliseconds in repetition 217
tcp_ping received 524288 bytes back
Round trip time was 502.984 milliseconds in repetition 218
tcp_ping received 524288 bytes back
Round trip time was 368.867 milliseconds in repetition 219
tcp_ping received 524288 bytes back
Round trip time was 364.403 milliseconds in repetition 220
tcp_ping received 524288 bytes back
Round trip time was 381.831 milliseconds in repetition 221
tcp_ping received 524288 bytes back
Round trip time was 340.57 milliseconds in repetition 222
tcp_ping received 524288 bytes back
Round trip time was 348.951 milliseconds in repetition 223
tcp_ping received 524288 bytes back
Round trip time was 353.402 milliseconds in repetition 224
tcp_ping received 524288 bytes back
Round trip time was 338.597 milliseconds in repetition 225
tcp_ping received 524288 bytes back
Round trip time was 395.798 milliseconds in repetition 226
tcp_ping received 524288 bytes back
Round trip time was 376.483 milliseconds in repetition 227
tcp_ping received 524288 bytes back
Round trip time was 383.519 milliseconds in repetition 228
tcp_ping received 524288 bytes back
Round trip time was 422.183 milliseconds in repetition 229
tcp_ping received 524288 bytes back
Round trip time was 340.531 milliseconds in repetition 230
tcp_ping received 524288 bytes back
Round trip time was 306.607 milliseconds in repetition 231
tcp_ping received 524288 bytes back
Round trip time was 292.589 milliseconds in repetition 232
tcp_ping received 524288 bytes back
Round trip time was 380.924 milliseconds in repetition 233
tcp_ping received 524288 bytes back
Round trip time was 304.716 milliseconds in repetition 234
tcp_ping received 524288 bytes back
Round trip time was 306.508 milliseconds in repetition 235
tcp_ping received 524288 bytes back
Round trip time was 295.009 milliseconds in repetition 236
tcp_ping received 524288 bytes back
Round trip time was 291.572 milliseconds in repetition 237
tcp_ping received 524288 bytes back
Round trip time was 418.837 milliseconds in repetition 238
tcp_ping received 524288 bytes back
Round trip time was 317.883 milliseconds in repetition 239
tcp_ping received 524288 bytes back
Round trip time was 276.237 milliseconds in repetition 240
tcp_ping received 524288 bytes back
Round trip time was 304.234 milliseconds in repetition 241
tcp_ping received 524288 bytes back
Round trip time was 361.831 milliseconds in repetition 242
tcp_ping received 524288 bytes back
Round trip time was 300.027 milliseconds in repetition 243
tcp_ping received 524288 bytes back
Round trip time was 347.042 milliseconds in repetition 244
tcp_ping received 524288 bytes back
Round trip time was 292.343 milliseconds in repetition 245
tcp_ping received 524288 bytes back
Round trip time was 302.843 milliseconds in repetition 246
tcp_ping received 524288 bytes back
Round trip time was 436.924 milliseconds in repetition 247
tcp_ping received 524288 bytes back
Round trip time was 399.405 milliseconds in repetition 248
tcp_ping received 524288 bytes back
Round trip time was 418.066 milliseconds in repetition 249
tcp_ping received 524288 bytes back
Round trip time was 340.223 milliseconds in repetition 250
tcp_ping received 524288 bytes back
Round trip time was 340.491 milliseconds in repetition 251
tcp_ping received 524288 bytes back
Round trip time was 340.148 milliseconds in repetition 252
tcp_ping received 524288 bytes back
Round trip time was 359.908 milliseconds in repetition 253
tcp_ping received 524288 bytes back
Round trip time was 444.772 milliseconds in repetition 254
tcp_ping received 524288 bytes back
Round trip time was 305.408 milliseconds in repetition 255
tcp_ping received 524288 bytes back
Round trip time was 345.493 milliseconds in repetition 256
tcp_ping received 524288 bytes back
Round trip time was 324.702 milliseconds in repetition 257
tcp_ping received 524288 bytes back
Round trip time was 295.554 milliseconds in repetition 258
tcp_ping received 524288 bytes back
Round trip time was 355.322 milliseconds in repetition 259
tcp_ping received 524288 bytes back
Round trip time was 375.656 milliseconds in repetition 260
tcp_ping received 524288 bytes back
Round trip time was 382.447 milliseconds in repetition 261
tcp_ping received 524288 bytes back
Round trip time was 337.477 milliseconds in repetition 262
tcp_ping received 524288 bytes back
Round trip time was 336.753 milliseconds in repetition 263
tcp_ping received 524288 bytes back
Round trip time was 407.023 milliseconds in repetition 264
tcp_ping received 524288 bytes back
Round trip time was 337.682 milliseconds in repetition 265
tcp_ping received 524288 bytes back
Round trip time was 623.168 milliseconds in repetition 266
tcp_ping received 524288 bytes back
Round trip time was 364.298 milliseconds in repetition 267
tcp_ping received 524288 bytes back
Round trip time was 326.868 milliseconds in repetition 268
tcp_ping received 524288 bytes back
Round trip time was 343.031 milliseconds in repetition 269
tcp_ping received 524288 bytes back
Round trip time was 352.676 milliseconds in repetition 270
tcp_ping received 524288 bytes back
Round trip time was 313.063 milliseconds in repetition 271
tcp_ping received 524288 bytes back
Round trip time was 324.151 milliseconds in repetition 272
tcp_ping received 524288 bytes back
Round trip time was 291.504 milliseconds in repetition 273
tcp_ping received 524288 bytes back
Round trip time was 308.957 milliseconds in repetition 274
tcp_ping received 524288 bytes back
Round trip time was 337.675 milliseconds in repetition 275
tcp_ping received 524288 bytes back
Round trip time was 301.058 milliseconds in repetition 276
tcp_ping received 524288 bytes back
Round trip time was 286.726 milliseconds in repetition 277
tcp_ping received 524288 bytes back
Round trip time was 304.129 milliseconds in repetition 278
tcp_ping received 524288 bytes back
Round trip time was 264.198 milliseconds in repetition 279
tcp_ping received 524288 bytes back
Round trip time was 293.59 milliseconds in repetition 280
tcp_ping received 524288 bytes back
Round trip time was 368.418 milliseconds in repetition 281
tcp_ping received 524288 bytes back
Round trip time was 325.331 milliseconds in repetition 282
tcp_ping received 524288 bytes back
Round trip time was 305.676 milliseconds in repetition 283
tcp_ping received 524288 bytes back
Round trip time was 289.177 milliseconds in repetition 284
tcp_ping received 524288 bytes back
Round trip time was 285.009 milliseconds in repetition 285
tcp_ping received 524288 bytes back
Round trip time was 311.144 milliseconds in repetition 286
tcp_ping received 524288 bytes back
Round trip time was 325.558 milliseconds in repetition 287
tcp_ping received 524288 bytes back
Round trip time was 270.116 milliseconds in repetition 288
tcp_ping received 524288 bytes back
Round trip time was 345.363 milliseconds in repetition 289
tcp_ping received 524288 bytes back
Round trip time was 293.255 milliseconds in repetition 290
tcp_ping received 524288 bytes back
Round trip time was 298.809 milliseconds in repetition 291
tcp_ping received 524288 bytes back
Round trip time was 292.382 milliseconds in repetition 292
tcp_ping received 524288 bytes back
Round trip time was 298.075 milliseconds in repetition 293
tcp_ping received 524288 bytes back
Round trip time was 307.416 milliseconds in repetition 294
tcp_ping received 524288 bytes back
Round trip time was 300.771 milliseconds in repetition 295
tcp_ping received 524288 bytes back
Round trip time was 363.758 milliseconds in repetition 296
tcp_ping received 524288 bytes back
Round trip time was 346.168 milliseconds in repetition 297
tcp_ping received 524288 bytes back
Round trip time was 321.222 milliseconds in repetition 298
tcp_ping received 524288 bytes back
Round trip time was 346.841 milliseconds in repetition 299
tcp_ping received 524288 bytes back
Round trip time was 301.305 milliseconds in repetition 300
tcp_ping received 524288 bytes back
Round trip time was 295.906 milliseconds in repetition 301
tcp_ping received 524288 bytes back
Round trip time was 296.174 milliseconds in repetition 302
tcp_ping received 524288 bytes back
Round trip time was 291.349 milliseconds in repetition 303
tcp_ping received 524288 bytes back
Round trip time was 299.481 milliseconds in repetition 304
tcp_ping received 524288 bytes back
Round trip time was 324.936 milliseconds in repetition 305
tcp_ping received 524288 bytes back
Round trip time was 290.398 milliseconds in repetition 306
tcp_ping received 524288 bytes back
Round trip time was 273.255 milliseconds in repetition 307
tcp_ping received 524288 bytes back
Round trip time was 349.725 milliseconds in repetition 308
tcp_ping received 524288 bytes back
Round trip time was 287.082 milliseconds in repetition 309
tcp_ping received 524288 bytes back
Round trip time was 318.835 milliseconds in repetition 310
tcp_ping received 524288 bytes back
Round trip time was 492.577 milliseconds in repetition 311
tcp_ping received 524288 bytes back
Round trip time was 318.176 milliseconds in repetition 312
tcp_ping received 524288 bytes back
Round trip time was 346.565 milliseconds in repetition 313
tcp_ping received 524288 bytes back
Round trip time was 371.816 milliseconds in repetition 314
tcp_ping received 524288 bytes back
Round trip time was 320.085 milliseconds in repetition 315
tcp_ping received 524288 bytes back
Round trip time was 314.141 milliseconds in repetition 316
tcp_ping received 524288 bytes back
Round trip time was 332.803 milliseconds in repetition 317
tcp_ping received 524288 bytes back
Round trip time was 414.577 milliseconds in repetition 318
tcp_ping received 524288 bytes back
Round trip time was 349.903 milliseconds in repetition 319
tcp_ping received 524288 bytes back
Round trip time was 311.478 milliseconds in repetition 320
tcp_ping received 524288 bytes back
Round trip time was 288.459 milliseconds in repetition 321
tcp_ping received 524288 bytes back
Round trip time was 317.611 milliseconds in repetition 322
tcp_ping received 524288 bytes back
Round trip time was 440.504 milliseconds in repetition 323
tcp_ping received 524288 bytes back
Round trip time was 300.729 milliseconds in repetition 324
tcp_ping received 524288 bytes back
Round trip time was 313.103 milliseconds in repetition 325
tcp_ping received 524288 bytes back
Round trip time was 444.836 milliseconds in repetition 326
tcp_ping received 524288 bytes back
Round trip time was 399.222 milliseconds in repetition 327
tcp_ping received 524288 bytes back
Round trip time was 388.507 milliseconds in repetition 328
tcp_ping received 524288 bytes back
Round trip time was 361.874 milliseconds in repetition 329
tcp_ping received 524288 bytes back
Round trip time was 353.823 milliseconds in repetition 330
tcp_ping received 524288 bytes back
Round trip time was 404.95 milliseconds in repetition 331
tcp_ping received 524288 bytes back
Round trip time was 362.943 milliseconds in repetition 332
tcp_ping received 524288 bytes back
Round trip time was 404.983 milliseconds in repetition 333
tcp_ping received 524288 bytes back
Round trip time was 345.263 milliseconds in repetition 334
tcp_ping received 524288 bytes back
Round trip time was 341.734 milliseconds in repetition 335
tcp_ping received 524288 bytes back
Round trip time was 343.138 milliseconds in repetition 336
tcp_ping received 524288 bytes back
Round trip time was 329.07 milliseconds in repetition 337
tcp_ping received 524288 bytes back
Round trip time was 288.106 milliseconds in repetition 338
tcp_ping received 524288 bytes back
Round trip time was 286.337 milliseconds in repetition 339
tcp_ping received 524288 bytes back
Round trip time was 313.312 milliseconds in repetition 340
tcp_ping received 524288 bytes back
Round trip time was 351.6 milliseconds in repetition 341
tcp_ping received 524288 bytes back
Round trip time was 364.717 milliseconds in repetition 342
tcp_ping received 524288 bytes back
Round trip time was 327.906 milliseconds in repetition 343
tcp_ping received 524288 bytes back
Round trip time was 319.855 milliseconds in repetition 344
tcp_ping received 524288 bytes back
Round trip time was 338.944 milliseconds in repetition 345
tcp_ping received 524288 bytes back
Round trip time was 338.723 milliseconds in repetition 346
tcp_ping received 524288 bytes back
Round trip time was 303.51 milliseconds in repetition 347
tcp_ping received 524288 bytes back
Round trip time was 321.245 milliseconds in repetition 348
tcp_ping received 524288 bytes back
Round trip time was 319.692 milliseconds in repetition 349
tcp_ping received 524288 bytes back
Round trip time was 326.159 milliseconds in repetition 350
tcp_ping received 524288 bytes back
Round trip time was 309.391 milliseconds in repetition 351
tcp_ping received 524288 bytes back
Round trip time was 346.798 milliseconds in repetition 352
tcp_ping received 524288 bytes back
Round trip time was 305.361 milliseconds in repetition 353
tcp_ping received 524288 bytes back
Round trip time was 333.657 milliseconds in repetition 354
tcp_ping received 524288 bytes back
Round trip time was 359.409 milliseconds in repetition 355
tcp_ping received 524288 bytes back
Round trip time was 346.522 milliseconds in repetition 356
tcp_ping received 524288 bytes back
Round trip time was 329.589 milliseconds in repetition 357
tcp_ping received 524288 bytes back
Round trip time was 380.112 milliseconds in repetition 358
tcp_ping received 524288 bytes back
Round trip time was 315.302 milliseconds in repetition 359
tcp_ping received 524288 bytes back
Round trip time was 327.363 milliseconds in repetition 360
tcp_ping received 524288 bytes back
Round trip time was 346.349 milliseconds in repetition 361
tcp_ping received 524288 bytes back
Round trip time was 331.322 milliseconds in repetition 362
tcp_ping received 524288 bytes back
Round trip time was 315.208 milliseconds in repetition 363
tcp_ping received 524288 bytes back
Round trip time was 347.546 milliseconds in repetition 364
tcp_ping received 524288 bytes back
Round trip time was 331.751 milliseconds in repetition 365
tcp_ping received 524288 bytes back
Round trip time was 325.213 milliseconds in repetition 366
tcp_ping received 524288 bytes back
Round trip time was 374.686 milliseconds in repetition 367
tcp_ping received 524288 bytes back
Round trip time was 303.284 milliseconds in repetition 368
tcp_ping received 524288 bytes back
Round trip time was 463.073 milliseconds in repetition 369
tcp_ping received 524288 bytes back
Round trip time was 326.593 milliseconds in repetition 370
tcp_ping received 524288 bytes back
Round trip time was 356.838 milliseconds in repetition 371
tcp_ping received 524288 bytes back
Round trip time was 335.861 milliseconds in repetition 372
tcp_ping received 524288 bytes back
Round trip time was 631.778 milliseconds in repetition 373
tcp_ping received 524288 bytes back
Round trip time was 382.29 milliseconds in repetition 374
tcp_ping received 524288 bytes back
Round trip time was 571.659 milliseconds in repetition 375
tcp_ping received 524288 bytes back
Round trip time was 442.555 milliseconds in repetition 376
tcp_ping received 524288 bytes back
Round trip time was 460.529 milliseconds in repetition 377
tcp_ping received 524288 bytes back
Round trip time was 351.161 milliseconds in repetition 378
tcp_ping received 524288 bytes back
Round trip time was 383.224 milliseconds in repetition 379
tcp_ping received 524288 bytes back
Round trip time was 561.728 milliseconds in repetition 380
tcp_ping received 524288 bytes back
Round trip time was 412.407 milliseconds in repetition 381
tcp_ping received 524288 bytes back
Round trip time was 449.807 milliseconds in repetition 382
tcp_ping received 524288 bytes back
Round trip time was 407.068 milliseconds in repetition 383
tcp_ping received 524288 bytes back
Round trip time was 406.116 milliseconds in repetition 384
tcp_ping received 524288 bytes back
Round trip time was 777.984 milliseconds in repetition 385
tcp_ping received 524288 bytes back
Round trip time was 416.614 milliseconds in repetition 386
tcp_ping received 524288 bytes back
Round trip time was 420.924 milliseconds in repetition 387
tcp_ping received 524288 bytes back
Round trip time was 369.664 milliseconds in repetition 388
tcp_ping received 524288 bytes back
Round trip time was 390.217 milliseconds in repetition 389
tcp_ping received 524288 bytes back
Round trip time was 335.019 milliseconds in repetition 390
tcp_ping received 524288 bytes back
Round trip time was 442.01 milliseconds in repetition 391
tcp_ping received 524288 bytes back
Round trip time was 368.702 milliseconds in repetition 392
tcp_ping received 524288 bytes back
Round trip time was 384.492 milliseconds in repetition 393
tcp_ping received 524288 bytes back
Round trip time was 346.995 milliseconds in repetition 394
tcp_ping received 524288 bytes back
Round trip time was 368.946 milliseconds in repetition 395
tcp_ping received 524288 bytes back
Round trip time was 316.946 milliseconds in repetition 396
tcp_ping received 524288 bytes back
Round trip time was 354.305 milliseconds in repetition 397
tcp_ping received 524288 bytes back
Round trip time was 352.444 milliseconds in repetition 398
tcp_ping received 524288 bytes back
Round trip time was 386.871 milliseconds in repetition 399
tcp_ping received 524288 bytes back
Round trip time was 346.541 milliseconds in repetition 400
tcp_ping received 524288 bytes back
Round trip time was 357.896 milliseconds in repetition 401
tcp_ping received 524288 bytes back
Round trip time was 326.672 milliseconds in repetition 402
tcp_ping received 524288 bytes back
Round trip time was 352.58 milliseconds in repetition 403
tcp_ping received 524288 bytes back
Round trip time was 299.995 milliseconds in repetition 404
tcp_ping received 524288 bytes back
Round trip time was 302.951 milliseconds in repetition 405
tcp_ping received 524288 bytes back
Round trip time was 381.031 milliseconds in repetition 406
tcp_ping received 524288 bytes back
Round trip time was 384.818 milliseconds in repetition 407
tcp_ping received 524288 bytes back
Round trip time was 351.133 milliseconds in repetition 408
tcp_ping received 524288 bytes back
Round trip time was 327.639 milliseconds in repetition 409
tcp_ping received 524288 bytes back
Round trip time was 323.387 milliseconds in repetition 410
tcp_ping received 524288 bytes back
Round trip time was 385.778 milliseconds in repetition 411
tcp_ping received 524288 bytes back
Round trip time was 316.939 milliseconds in repetition 412
tcp_ping received 524288 bytes back
Round trip time was 354.642 milliseconds in repetition 413
tcp_ping received 524288 bytes back
Round trip time was 331.334 milliseconds in repetition 414
tcp_ping received 524288 bytes back
Round trip time was 380.368 milliseconds in repetition 415
tcp_ping received 524288 bytes back
Round trip time was 314.211 milliseconds in repetition 416
tcp_ping received 524288 bytes back
Round trip time was 329.397 milliseconds in repetition 417
tcp_ping received 524288 bytes back
Round trip time was 402.902 milliseconds in repetition 418
tcp_ping received 524288 bytes back
Round trip time was 314.798 milliseconds in repetition 419
tcp_ping received 524288 bytes back
Round trip time was 316.218 milliseconds in repetition 420
tcp_ping received 524288 bytes back
Round trip time was 387.126 milliseconds in repetition 421
tcp_ping received 524288 bytes back
Round trip time was 305.455 milliseconds in repetition 422
tcp_ping received 524288 bytes back
Round trip time was 340.68 milliseconds in repetition 423
tcp_ping received 524288 bytes back
Round trip time was 321.862 milliseconds in repetition 424
tcp_ping received 524288 bytes back
Round trip time was 335.14 milliseconds in repetition 425
tcp_ping received 524288 bytes back
Round trip time was 313.718 milliseconds in repetition 426
tcp_ping received 524288 bytes back
Round trip time was 323.123 milliseconds in repetition 427
tcp_ping received 524288 bytes back
Round trip time was 400.251 milliseconds in repetition 428
tcp_ping received 524288 bytes back
Round trip time was 323.042 milliseconds in repetition 429
tcp_ping received 524288 bytes back
Round trip time was 333.402 milliseconds in repetition 430
tcp_ping received 524288 bytes back
Round trip time was 309.175 milliseconds in repetition 431
tcp_ping received 524288 bytes back
Round trip time was 321.933 milliseconds in repetition 432
tcp_ping received 524288 bytes back
Round trip time was 332.863 milliseconds in repetition 433
tcp_ping received 524288 bytes back
Round trip time was 310.338 milliseconds in repetition 434
tcp_ping received 524288 bytes back
Round trip time was 337.373 milliseconds in repetition 435
tcp_ping received 524288 bytes back
Round trip time was 376.982 milliseconds in repetition 436
tcp_ping received 524288 bytes back
Round trip time was 335.306 milliseconds in repetition 437
tcp_ping received 524288 bytes back
Round trip time was 377.221 milliseconds in repetition 438
tcp_ping received 524288 bytes back
Round trip time was 356.113 milliseconds in repetition 439
tcp_ping received 524288 bytes back
Round trip time was 364.683 milliseconds in repetition 440
tcp_ping received 524288 bytes back
Round trip time was 300.861 milliseconds in repetition 441
tcp_ping received 524288 bytes back
Round trip time was 369.872 milliseconds in repetition 442
tcp_ping received 524288 bytes back
Round trip time was 333.83 milliseconds in repetition 443
tcp_ping received 524288 bytes back
Round trip time was 312.913 milliseconds in repetition 444
tcp_ping received 524288 bytes back
Round trip time was 304.097 milliseconds in repetition 445
tcp_ping received 524288 bytes back
Round trip time was 335.299 milliseconds in repetition 446
tcp_ping received 524288 bytes back
Round trip time was 323.703 milliseconds in repetition 447
tcp_ping received 524288 bytes back
Round trip time was 380.943 milliseconds in repetition 448
tcp_ping received 524288 bytes back
Round trip time was 318.46 milliseconds in repetition 449
tcp_ping received 524288 bytes back
Round trip time was 274.829 milliseconds in repetition 450
tcp_ping received 524288 bytes back
Round trip time was 416.511 milliseconds in repetition 451
tcp_ping received 524288 bytes back
Round trip time was 345.267 milliseconds in repetition 452
tcp_ping received 524288 bytes back
Round trip time was 297.213 milliseconds in repetition 453
tcp_ping received 524288 bytes back
Round trip time was 312.463 milliseconds in repetition 454
tcp_ping received 524288 bytes back
Round trip time was 323.762 milliseconds in repetition 455
tcp_ping received 524288 bytes back
Round trip time was 325.818 milliseconds in repetition 456
tcp_ping received 524288 bytes back
Round trip time was 379.638 milliseconds in repetition 457
tcp_ping received 524288 bytes back
Round trip time was 315.697 milliseconds in repetition 458
tcp_ping received 524288 bytes back
Round trip time was 322.322 milliseconds in repetition 459
tcp_ping received 524288 bytes back
Round trip time was 507.261 milliseconds in repetition 460
tcp_ping received 524288 bytes back
Round trip time was 432.927 milliseconds in repetition 461
tcp_ping received 524288 bytes back
Round trip time was 476.897 milliseconds in repetition 462
tcp_ping received 524288 bytes back
Round trip time was 683.739 milliseconds in repetition 463
tcp_ping received 524288 bytes back
Round trip time was 892.749 milliseconds in repetition 464
tcp_ping received 524288 bytes back
Round trip time was 702.138 milliseconds in repetition 465
tcp_ping received 524288 bytes back
Round trip time was 717.267 milliseconds in repetition 466
tcp_ping received 524288 bytes back
Round trip time was 600.55 milliseconds in repetition 467
tcp_ping received 524288 bytes back
Round trip time was 608.058 milliseconds in repetition 468
tcp_ping received 524288 bytes back
Round trip time was 654.267 milliseconds in repetition 469
tcp_ping received 524288 bytes back
Round trip time was 601.025 milliseconds in repetition 470
tcp_ping received 524288 bytes back
Round trip time was 561.065 milliseconds in repetition 471
tcp_ping received 524288 bytes back
Round trip time was 550.792 milliseconds in repetition 472
tcp_ping received 524288 bytes back
Round trip time was 471.686 milliseconds in repetition 473
tcp_ping received 524288 bytes back
Round trip time was 413.692 milliseconds in repetition 474
tcp_ping received 524288 bytes back
Round trip time was 384.81 milliseconds in repetition 475
tcp_ping received 524288 bytes back
Round trip time was 354.733 milliseconds in repetition 476
tcp_ping received 524288 bytes back
Round trip time was 391.465 milliseconds in repetition 477
tcp_ping received 524288 bytes back
Round trip time was 556.692 milliseconds in repetition 478
tcp_ping received 524288 bytes back
Round trip time was 392.902 milliseconds in repetition 479
tcp_ping received 524288 bytes back
Round trip time was 363.915 milliseconds in repetition 480
tcp_ping received 524288 bytes back
Round trip time was 370.815 milliseconds in repetition 481
tcp_ping received 524288 bytes back
Round trip time was 351.953 milliseconds in repetition 482
tcp_ping received 524288 bytes back
Round trip time was 357.265 milliseconds in repetition 483
tcp_ping received 524288 bytes back
Round trip time was 1177.64 milliseconds in repetition 484
tcp_ping received 524288 bytes back
Round trip time was 1437.91 milliseconds in repetition 485
tcp_ping received 524288 bytes back
Round trip time was 817.625 milliseconds in repetition 486
tcp_ping received 524288 bytes back
Round trip time was 721.657 milliseconds in repetition 487
tcp_ping received 524288 bytes back
Round trip time was 623.886 milliseconds in repetition 488
tcp_ping received 524288 bytes back
Round trip time was 478.312 milliseconds in repetition 489
tcp_ping received 524288 bytes back
Round trip time was 615.26 milliseconds in repetition 490
tcp_ping received 524288 bytes back
Round trip time was 497.489 milliseconds in repetition 491
tcp_ping received 524288 bytes back
Round trip time was 581.455 milliseconds in repetition 492
tcp_ping received 524288 bytes back
Round trip time was 527.236 milliseconds in repetition 493
tcp_ping received 524288 bytes back
Round trip time was 500.682 milliseconds in repetition 494
tcp_ping received 524288 bytes back
Round trip time was 512.071 milliseconds in repetition 495
tcp_ping received 524288 bytes back
Round trip time was 359.942 milliseconds in repetition 496
tcp_ping received 524288 bytes back
Round trip time was 381.37 milliseconds in repetition 497
tcp_ping received 524288 bytes back
Round trip time was 514.808 milliseconds in repetition 498
tcp_ping received 524288 bytes back
Round trip time was 457.246 milliseconds in repetition 499
tcp_ping received 524288 bytes back
Round trip time was 424.234 milliseconds in repetition 500
tcp_ping received 524288 bytes back
Round trip time was 364.348 milliseconds in repetition 501

 ... clock resolution was 0.0001
TCP Ping:  Statistics over 501 repetitions of 524288 byte messages

RTT : percentile 10: 304.234, median: 364.683, percentile 90: 533.982, average: 403.578, variance: 17549.8

RTT histogram:
264.198 23
325.65 206
387.103 121
448.555 77
510.007 27
571.46 20
632.912 6
694.365 8
755.817 2
817.269 4
878.722 1
940.174 1
1001.63 1
1063.08 1
1124.53 0
1185.98 1
1247.44 0
1308.89 0
1370.34 0
1431.79 1
1493.25 1

   median Throughput : 2875.31 KB/s   overall Throughput : 2598.2 KB/s

