TCP Ping trying to connect to server seti.dibris.unige.it (130.251.61.30) on port 1491
 ... connected to Pong server: asking for 501 repetitions of 96 bytes TCP messages
 ... Pong server agreed :-)
tcp_ping received 96 bytes back
Round trip time was 61.0536 milliseconds in repetition 1
tcp_ping received 96 bytes back
Round trip time was 37.8528 milliseconds in repetition 2
tcp_ping received 96 bytes back
Round trip time was 31.6916 milliseconds in repetition 3
tcp_ping received 96 bytes back
Round trip time was 33.2912 milliseconds in repetition 4
tcp_ping received 96 bytes back
Round trip time was 28.999 milliseconds in repetition 5
tcp_ping received 96 bytes back
Round trip time was 30.9619 milliseconds in repetition 6
tcp_ping received 96 bytes back
Round trip time was 33.5671 milliseconds in repetition 7
tcp_ping received 96 bytes back
Round trip time was 36.4279 milliseconds in repetition 8
tcp_ping received 96 bytes back
Round trip time was 34.2983 milliseconds in repetition 9
tcp_ping received 96 bytes back
Round trip time was 36.9134 milliseconds in repetition 10
tcp_ping received 96 bytes back
Round trip time was 34.4759 milliseconds in repetition 11
tcp_ping received 96 bytes back
Round trip time was 33.5192 milliseconds in repetition 12
tcp_ping received 96 bytes back
Round trip time was 36.297 milliseconds in repetition 13
tcp_ping received 96 bytes back
Round trip time was 34.6627 milliseconds in repetition 14
tcp_ping received 96 bytes back
Round trip time was 49.4482 milliseconds in repetition 15
tcp_ping received 96 bytes back
Round trip time was 35.4269 milliseconds in repetition 16
tcp_ping received 96 bytes back
Round trip time was 28.4778 milliseconds in repetition 17
tcp_ping received 96 bytes back
Round trip time was 29.3812 milliseconds in repetition 18
tcp_ping received 96 bytes back
Round trip time was 29.5128 milliseconds in repetition 19
tcp_ping received 96 bytes back
Round trip time was 31.8431 milliseconds in repetition 20
tcp_ping received 96 bytes back
Round trip time was 41.1699 milliseconds in repetition 21
tcp_ping received 96 bytes back
Round trip time was 29.9358 milliseconds in repetition 22
tcp_ping received 96 bytes back
Round trip time was 29.8032 milliseconds in repetition 23
tcp_ping received 96 bytes back
Round trip time was 30.0664 milliseconds in repetition 24
tcp_ping received 96 bytes back
Round trip time was 29.4362 milliseconds in repetition 25
tcp_ping received 96 bytes back
Round trip time was 28.5581 milliseconds in repetition 26
tcp_ping received 96 bytes back
Round trip time was 28.7101 milliseconds in repetition 27
tcp_ping received 96 bytes back
Round trip time was 30.1969 milliseconds in repetition 28
tcp_ping received 96 bytes back
Round trip time was 41.4603 milliseconds in repetition 29
tcp_ping received 96 bytes back
Round trip time was 81.0669 milliseconds in repetition 30
tcp_ping received 96 bytes back
Round trip time was 28.8327 milliseconds in repetition 31
tcp_ping received 96 bytes back
Round trip time was 35.0847 milliseconds in repetition 32
tcp_ping received 96 bytes back
Round trip time was 29.3845 milliseconds in repetition 33
tcp_ping received 96 bytes back
Round trip time was 36.9942 milliseconds in repetition 34
tcp_ping received 96 bytes back
Round trip time was 30.9072 milliseconds in repetition 35
tcp_ping received 96 bytes back
Round trip time was 30.7542 milliseconds in repetition 36
tcp_ping received 96 bytes back
Round trip time was 28.6266 milliseconds in repetition 37
tcp_ping received 96 bytes back
Round trip time was 28.5837 milliseconds in repetition 38
tcp_ping received 96 bytes back
Round trip time was 35.427 milliseconds in repetition 39
tcp_ping received 96 bytes back
Round trip time was 29.8462 milliseconds in repetition 40
tcp_ping received 96 bytes back
Round trip time was 30.0308 milliseconds in repetition 41
tcp_ping received 96 bytes back
Round trip time was 32.3828 milliseconds in repetition 42
tcp_ping received 96 bytes back
Round trip time was 32.7554 milliseconds in repetition 43
tcp_ping received 96 bytes back
Round trip time was 45.9978 milliseconds in repetition 44
tcp_ping received 96 bytes back
Round trip time was 34.551 milliseconds in repetition 45
tcp_ping received 96 bytes back
Round trip time was 36.8996 milliseconds in repetition 46
tcp_ping received 96 bytes back
Round trip time was 28.4549 milliseconds in repetition 47
tcp_ping received 96 bytes back
Round trip time was 32.4594 milliseconds in repetition 48
tcp_ping received 96 bytes back
Round trip time was 62.2628 milliseconds in repetition 49
tcp_ping received 96 bytes back
Round trip time was 29.3697 milliseconds in repetition 50
tcp_ping received 96 bytes back
Round trip time was 28.6959 milliseconds in repetition 51
tcp_ping received 96 bytes back
Round trip time was 28.2357 milliseconds in repetition 52
tcp_ping received 96 bytes back
Round trip time was 30.1169 milliseconds in repetition 53
tcp_ping received 96 bytes back
Round trip time was 29.7907 milliseconds in repetition 54
tcp_ping received 96 bytes back
Round trip time was 28.6079 milliseconds in repetition 55
tcp_ping received 96 bytes back
Round trip time was 28.8077 milliseconds in repetition 56
tcp_ping received 96 bytes back
Round trip time was 29.5572 milliseconds in repetition 57
tcp_ping received 96 bytes back
Round trip time was 39.7663 milliseconds in repetition 58
tcp_ping received 96 bytes back
Round trip time was 33.6318 milliseconds in repetition 59
tcp_ping received 96 bytes back
Round trip time was 28.7112 milliseconds in repetition 60
tcp_ping received 96 bytes back
Round trip time was 27.8368 milliseconds in repetition 61
tcp_ping received 96 bytes back
Round trip time was 27.6927 milliseconds in repetition 62
tcp_ping received 96 bytes back
Round trip time was 28.1528 milliseconds in repetition 63
tcp_ping received 96 bytes back
Round trip time was 37.6024 milliseconds in repetition 64
tcp_ping received 96 bytes back
Round trip time was 28.1759 milliseconds in repetition 65
tcp_ping received 96 bytes back
Round trip time was 31.5564 milliseconds in repetition 66
tcp_ping received 96 bytes back
Round trip time was 30.0656 milliseconds in repetition 67
tcp_ping received 96 bytes back
Round trip time was 34.9953 milliseconds in repetition 68
tcp_ping received 96 bytes back
Round trip time was 29.3245 milliseconds in repetition 69
tcp_ping received 96 bytes back
Round trip time was 264.225 milliseconds in repetition 70
tcp_ping received 96 bytes back
Round trip time was 27.5957 milliseconds in repetition 71
tcp_ping received 96 bytes back
Round trip time was 38.2054 milliseconds in repetition 72
tcp_ping received 96 bytes back
Round trip time was 27.8317 milliseconds in repetition 73
tcp_ping received 96 bytes back
Round trip time was 31.3018 milliseconds in repetition 74
tcp_ping received 96 bytes back
Round trip time was 31.9124 milliseconds in repetition 75
tcp_ping received 96 bytes back
Round trip time was 41.5927 milliseconds in repetition 76
tcp_ping received 96 bytes back
Round trip time was 27.864 milliseconds in repetition 77
tcp_ping received 96 bytes back
Round trip time was 36.5545 milliseconds in repetition 78
tcp_ping received 96 bytes back
Round trip time was 27.5586 milliseconds in repetition 79
tcp_ping received 96 bytes back
Round trip time was 30.8685 milliseconds in repetition 80
tcp_ping received 96 bytes back
Round trip time was 29.9106 milliseconds in repetition 81
tcp_ping received 96 bytes back
Round trip time was 28.2125 milliseconds in repetition 82
tcp_ping received 96 bytes back
Round trip time was 29.7091 milliseconds in repetition 83
tcp_ping received 96 bytes back
Round trip time was 30.4019 milliseconds in repetition 84
tcp_ping received 96 bytes back
Round trip time was 57.0789 milliseconds in repetition 85
tcp_ping received 96 bytes back
Round trip time was 28.3227 milliseconds in repetition 86
tcp_ping received 96 bytes back
Round trip time was 28.8067 milliseconds in repetition 87
tcp_ping received 96 bytes back
Round trip time was 28.7954 milliseconds in repetition 88
tcp_ping received 96 bytes back
Round trip time was 31.6595 milliseconds in repetition 89
tcp_ping received 96 bytes back
Round trip time was 27.8904 milliseconds in repetition 90
tcp_ping received 96 bytes back
Round trip time was 27.7603 milliseconds in repetition 91
tcp_ping received 96 bytes back
Round trip time was 30.3577 milliseconds in repetition 92
tcp_ping received 96 bytes back
Round trip time was 28.73 milliseconds in repetition 93
tcp_ping received 96 bytes back
Round trip time was 29.9934 milliseconds in repetition 94
tcp_ping received 96 bytes back
Round trip time was 29.6625 milliseconds in repetition 95
tcp_ping received 96 bytes back
Round trip time was 32.2964 milliseconds in repetition 96
tcp_ping received 96 bytes back
Round trip time was 28.9297 milliseconds in repetition 97
tcp_ping received 96 bytes back
Round trip time was 28.6479 milliseconds in repetition 98
tcp_ping received 96 bytes back
Round trip time was 32.203 milliseconds in repetition 99
tcp_ping received 96 bytes back
Round trip time was 27.7817 milliseconds in repetition 100
tcp_ping received 96 bytes back
Round trip time was 27.7643 milliseconds in repetition 101
tcp_ping received 96 bytes back
Round trip time was 29.436 milliseconds in repetition 102
tcp_ping received 96 bytes back
Round trip time was 30.0187 milliseconds in repetition 103
tcp_ping received 96 bytes back
Round trip time was 28.9147 milliseconds in repetition 104
tcp_ping received 96 bytes back
Round trip time was 40.5706 milliseconds in repetition 105
tcp_ping received 96 bytes back
Round trip time was 30.0278 milliseconds in repetition 106
tcp_ping received 96 bytes back
Round trip time was 28.1966 milliseconds in repetition 107
tcp_ping received 96 bytes back
Round trip time was 51.2564 milliseconds in repetition 108
tcp_ping received 96 bytes back
Round trip time was 31.2497 milliseconds in repetition 109
tcp_ping received 96 bytes back
Round trip time was 28.7367 milliseconds in repetition 110
tcp_ping received 96 bytes back
Round trip time was 28.5258 milliseconds in repetition 111
tcp_ping received 96 bytes back
Round trip time was 31.9967 milliseconds in repetition 112
tcp_ping received 96 bytes back
Round trip time was 27.2986 milliseconds in repetition 113
tcp_ping received 96 bytes back
Round trip time was 29.3727 milliseconds in repetition 114
tcp_ping received 96 bytes back
Round trip time was 29.6453 milliseconds in repetition 115
tcp_ping received 96 bytes back
Round trip time was 30.0815 milliseconds in repetition 116
tcp_ping received 96 bytes back
Round trip time was 27.6858 milliseconds in repetition 117
tcp_ping received 96 bytes back
Round trip time was 31.8978 milliseconds in repetition 118
tcp_ping received 96 bytes back
Round trip time was 30.3941 milliseconds in repetition 119
tcp_ping received 96 bytes back
Round trip time was 29.1131 milliseconds in repetition 120
tcp_ping received 96 bytes back
Round trip time was 40.6157 milliseconds in repetition 121
tcp_ping received 96 bytes back
Round trip time was 27.8275 milliseconds in repetition 122
tcp_ping received 96 bytes back
Round trip time was 28.206 milliseconds in repetition 123
tcp_ping received 96 bytes back
Round trip time was 28.7575 milliseconds in repetition 124
tcp_ping received 96 bytes back
Round trip time was 29.6735 milliseconds in repetition 125
tcp_ping received 96 bytes back
Round trip time was 34.1803 milliseconds in repetition 126
tcp_ping received 96 bytes back
Round trip time was 32.262 milliseconds in repetition 127
tcp_ping received 96 bytes back
Round trip time was 32.7046 milliseconds in repetition 128
tcp_ping received 96 bytes back
Round trip time was 29.393 milliseconds in repetition 129
tcp_ping received 96 bytes back
Round trip time was 40.8565 milliseconds in repetition 130
tcp_ping received 96 bytes back
Round trip time was 27.9565 milliseconds in repetition 131
tcp_ping received 96 bytes back
Round trip time was 31.924 milliseconds in repetition 132
tcp_ping received 96 bytes back
Round trip time was 31.7296 milliseconds in repetition 133
tcp_ping received 96 bytes back
Round trip time was 27.4097 milliseconds in repetition 134
tcp_ping received 96 bytes back
Round trip time was 31.5504 milliseconds in repetition 135
tcp_ping received 96 bytes back
Round trip time was 29.319 milliseconds in repetition 136
tcp_ping received 96 bytes back
Round trip time was 28.8158 milliseconds in repetition 137
tcp_ping received 96 bytes back
Round trip time was 34.8563 milliseconds in repetition 138
tcp_ping received 96 bytes back
Round trip time was 33.9511 milliseconds in repetition 139
tcp_ping received 96 bytes back
Round trip time was 33.7436 milliseconds in repetition 140
tcp_ping received 96 bytes back
Round trip time was 30.7665 milliseconds in repetition 141
tcp_ping received 96 bytes back
Round trip time was 36.5002 milliseconds in repetition 142
tcp_ping received 96 bytes back
Round trip time was 29.0082 milliseconds in repetition 143
tcp_ping received 96 bytes back
Round trip time was 28.5426 milliseconds in repetition 144
tcp_ping received 96 bytes back
Round trip time was 31.3167 milliseconds in repetition 145
tcp_ping received 96 bytes back
Round trip time was 27.5022 milliseconds in repetition 146
tcp_ping received 96 bytes back
Round trip time was 27.9987 milliseconds in repetition 147
tcp_ping received 96 bytes back
Round trip time was 31.2412 milliseconds in repetition 148
tcp_ping received 96 bytes back
Round trip time was 27.6453 milliseconds in repetition 149
tcp_ping received 96 bytes back
Round trip time was 31.936 milliseconds in repetition 150
tcp_ping received 96 bytes back
Round trip time was 28.6107 milliseconds in repetition 151
tcp_ping received 96 bytes back
Round trip time was 29.543 milliseconds in repetition 152
tcp_ping received 96 bytes back
Round trip time was 28.1129 milliseconds in repetition 153
tcp_ping received 96 bytes back
Round trip time was 32.0372 milliseconds in repetition 154
tcp_ping received 96 bytes back
Round trip time was 32.6035 milliseconds in repetition 155
tcp_ping received 96 bytes back
Round trip time was 27.6472 milliseconds in repetition 156
tcp_ping received 96 bytes back
Round trip time was 27.701 milliseconds in repetition 157
tcp_ping received 96 bytes back
Round trip time was 28.233 milliseconds in repetition 158
tcp_ping received 96 bytes back
Round trip time was 28.7054 milliseconds in repetition 159
tcp_ping received 96 bytes back
Round trip time was 28.9284 milliseconds in repetition 160
tcp_ping received 96 bytes back
Round trip time was 27.6056 milliseconds in repetition 161
tcp_ping received 96 bytes back
Round trip time was 36.7865 milliseconds in repetition 162
tcp_ping received 96 bytes back
Round trip time was 28.6824 milliseconds in repetition 163
tcp_ping received 96 bytes back
Round trip time was 32.0046 milliseconds in repetition 164
tcp_ping received 96 bytes back
Round trip time was 28.9572 milliseconds in repetition 165
tcp_ping received 96 bytes back
Round trip time was 29.2813 milliseconds in repetition 166
tcp_ping received 96 bytes back
Round trip time was 28.4154 milliseconds in repetition 167
tcp_ping received 96 bytes back
Round trip time was 35.3533 milliseconds in repetition 168
tcp_ping received 96 bytes back
Round trip time was 30.3518 milliseconds in repetition 169
tcp_ping received 96 bytes back
Round trip time was 27.9019 milliseconds in repetition 170
tcp_ping received 96 bytes back
Round trip time was 28.3864 milliseconds in repetition 171
tcp_ping received 96 bytes back
Round trip time was 39.6556 milliseconds in repetition 172
tcp_ping received 96 bytes back
Round trip time was 27.5695 milliseconds in repetition 173
tcp_ping received 96 bytes back
Round trip time was 27.6572 milliseconds in repetition 174
tcp_ping received 96 bytes back
Round trip time was 29.7558 milliseconds in repetition 175
tcp_ping received 96 bytes back
Round trip time was 35.3941 milliseconds in repetition 176
tcp_ping received 96 bytes back
Round trip time was 30.7723 milliseconds in repetition 177
tcp_ping received 96 bytes back
Round trip time was 64.9732 milliseconds in repetition 178
tcp_ping received 96 bytes back
Round trip time was 30.9703 milliseconds in repetition 179
tcp_ping received 96 bytes back
Round trip time was 30.1516 milliseconds in repetition 180
tcp_ping received 96 bytes back
Round trip time was 27.8639 milliseconds in repetition 181
tcp_ping received 96 bytes back
Round trip time was 28.3007 milliseconds in repetition 182
tcp_ping received 96 bytes back
Round trip time was 30.8605 milliseconds in repetition 183
tcp_ping received 96 bytes back
Round trip time was 28.4029 milliseconds in repetition 184
tcp_ping received 96 bytes back
Round trip time was 28.6056 milliseconds in repetition 185
tcp_ping received 96 bytes back
Round trip time was 28.3273 milliseconds in repetition 186
tcp_ping received 96 bytes back
Round trip time was 31.681 milliseconds in repetition 187
tcp_ping received 96 bytes back
Round trip time was 32.8683 milliseconds in repetition 188
tcp_ping received 96 bytes back
Round trip time was 41.32 milliseconds in repetition 189
tcp_ping received 96 bytes back
Round trip time was 30.5992 milliseconds in repetition 190
tcp_ping received 96 bytes back
Round trip time was 31.4656 milliseconds in repetition 191
tcp_ping received 96 bytes back
Round trip time was 30.2862 milliseconds in repetition 192
tcp_ping received 96 bytes back
Round trip time was 31.3493 milliseconds in repetition 193
tcp_ping received 96 bytes back
Round trip time was 39.2017 milliseconds in repetition 194
tcp_ping received 96 bytes back
Round trip time was 32.1692 milliseconds in repetition 195
tcp_ping received 96 bytes back
Round trip time was 37.4786 milliseconds in repetition 196
tcp_ping received 96 bytes back
Round trip time was 30.899 milliseconds in repetition 197
tcp_ping received 96 bytes back
Round trip time was 27.143 milliseconds in repetition 198
tcp_ping received 96 bytes back
Round trip time was 31.1253 milliseconds in repetition 199
tcp_ping received 96 bytes back
Round trip time was 30.7709 milliseconds in repetition 200
tcp_ping received 96 bytes back
Round trip time was 28.7784 milliseconds in repetition 201
tcp_ping received 96 bytes back
Round trip time was 28.0509 milliseconds in repetition 202
tcp_ping received 96 bytes back
Round trip time was 34.0899 milliseconds in repetition 203
tcp_ping received 96 bytes back
Round trip time was 30.484 milliseconds in repetition 204
tcp_ping received 96 bytes back
Round trip time was 27.5009 milliseconds in repetition 205
tcp_ping received 96 bytes back
Round trip time was 33.1645 milliseconds in repetition 206
tcp_ping received 96 bytes back
Round trip time was 33.7593 milliseconds in repetition 207
tcp_ping received 96 bytes back
Round trip time was 27.5832 milliseconds in repetition 208
tcp_ping received 96 bytes back
Round trip time was 28.0551 milliseconds in repetition 209
tcp_ping received 96 bytes back
Round trip time was 28.0544 milliseconds in repetition 210
tcp_ping received 96 bytes back
Round trip time was 31.6464 milliseconds in repetition 211
tcp_ping received 96 bytes back
Round trip time was 31.1064 milliseconds in repetition 212
tcp_ping received 96 bytes back
Round trip time was 30.4236 milliseconds in repetition 213
tcp_ping received 96 bytes back
Round trip time was 28.1801 milliseconds in repetition 214
tcp_ping received 96 bytes back
Round trip time was 29.2659 milliseconds in repetition 215
tcp_ping received 96 bytes back
Round trip time was 30.4162 milliseconds in repetition 216
tcp_ping received 96 bytes back
Round trip time was 34.1002 milliseconds in repetition 217
tcp_ping received 96 bytes back
Round trip time was 27.9574 milliseconds in repetition 218
tcp_ping received 96 bytes back
Round trip time was 30.8495 milliseconds in repetition 219
tcp_ping received 96 bytes back
Round trip time was 40.3756 milliseconds in repetition 220
tcp_ping received 96 bytes back
Round trip time was 28.3783 milliseconds in repetition 221
tcp_ping received 96 bytes back
Round trip time was 29.8896 milliseconds in repetition 222
tcp_ping received 96 bytes back
Round trip time was 32.9088 milliseconds in repetition 223
tcp_ping received 96 bytes back
Round trip time was 30.5076 milliseconds in repetition 224
tcp_ping received 96 bytes back
Round trip time was 27.9961 milliseconds in repetition 225
tcp_ping received 96 bytes back
Round trip time was 37.148 milliseconds in repetition 226
tcp_ping received 96 bytes back
Round trip time was 27.932 milliseconds in repetition 227
tcp_ping received 96 bytes back
Round trip time was 27.927 milliseconds in repetition 228
tcp_ping received 96 bytes back
Round trip time was 28.7663 milliseconds in repetition 229
tcp_ping received 96 bytes back
Round trip time was 31.7236 milliseconds in repetition 230
tcp_ping received 96 bytes back
Round trip time was 29.0359 milliseconds in repetition 231
tcp_ping received 96 bytes back
Round trip time was 27.4758 milliseconds in repetition 232
tcp_ping received 96 bytes back
Round trip time was 30.2802 milliseconds in repetition 233
tcp_ping received 96 bytes back
Round trip time was 27.5316 milliseconds in repetition 234
tcp_ping received 96 bytes back
Round trip time was 27.8206 milliseconds in repetition 235
tcp_ping received 96 bytes back
Round trip time was 28.8984 milliseconds in repetition 236
tcp_ping received 96 bytes back
Round trip time was 27.8219 milliseconds in repetition 237
tcp_ping received 96 bytes back
Round trip time was 33.0849 milliseconds in repetition 238
tcp_ping received 96 bytes back
Round trip time was 28.0233 milliseconds in repetition 239
tcp_ping received 96 bytes back
Round trip time was 38.073 milliseconds in repetition 240
tcp_ping received 96 bytes back
Round trip time was 35.0848 milliseconds in repetition 241
tcp_ping received 96 bytes back
Round trip time was 28.2375 milliseconds in repetition 242
tcp_ping received 96 bytes back
Round trip time was 41.8976 milliseconds in repetition 243
tcp_ping received 96 bytes back
Round trip time was 29.53 milliseconds in repetition 244
tcp_ping received 96 bytes back
Round trip time was 27.593 milliseconds in repetition 245
tcp_ping received 96 bytes back
Round trip time was 37.6294 milliseconds in repetition 246
tcp_ping received 96 bytes back
Round trip time was 31.0589 milliseconds in repetition 247
tcp_ping received 96 bytes back
Round trip time was 27.7752 milliseconds in repetition 248
tcp_ping received 96 bytes back
Round trip time was 29.3 milliseconds in repetition 249
tcp_ping received 96 bytes back
Round trip time was 29.0127 milliseconds in repetition 250
tcp_ping received 96 bytes back
Round trip time was 35.2553 milliseconds in repetition 251
tcp_ping received 96 bytes back
Round trip time was 28.6979 milliseconds in repetition 252
tcp_ping received 96 bytes back
Round trip time was 29.7559 milliseconds in repetition 253
tcp_ping received 96 bytes back
Round trip time was 27.6457 milliseconds in repetition 254
tcp_ping received 96 bytes back
Round trip time was 28.5615 milliseconds in repetition 255
tcp_ping received 96 bytes back
Round trip time was 28.9456 milliseconds in repetition 256
tcp_ping received 96 bytes back
Round trip time was 36.1032 milliseconds in repetition 257
tcp_ping received 96 bytes back
Round trip time was 28.4798 milliseconds in repetition 258
tcp_ping received 96 bytes back
Round trip time was 27.2211 milliseconds in repetition 259
tcp_ping received 96 bytes back
Round trip time was 27.8474 milliseconds in repetition 260
tcp_ping received 96 bytes back
Round trip time was 27.2722 milliseconds in repetition 261
tcp_ping received 96 bytes back
Round trip time was 30.3211 milliseconds in repetition 262
tcp_ping received 96 bytes back
Round trip time was 37.2406 milliseconds in repetition 263
tcp_ping received 96 bytes back
Round trip time was 27.5637 milliseconds in repetition 264
tcp_ping received 96 bytes back
Round trip time was 28.5893 milliseconds in repetition 265
tcp_ping received 96 bytes back
Round trip time was 28.8006 milliseconds in repetition 266
tcp_ping received 96 bytes back
Round trip time was 28.2017 milliseconds in repetition 267
tcp_ping received 96 bytes back
Round trip time was 30.2358 milliseconds in repetition 268
tcp_ping received 96 bytes back
Round trip time was 32.922 milliseconds in repetition 269
tcp_ping received 96 bytes back
Round trip time was 31.2578 milliseconds in repetition 270
tcp_ping received 96 bytes back
Round trip time was 34.6705 milliseconds in repetition 271
tcp_ping received 96 bytes back
Round trip time was 35.1852 milliseconds in repetition 272
tcp_ping received 96 bytes back
Round trip time was 30.1392 milliseconds in repetition 273
tcp_ping received 96 bytes back
Round trip time was 32.6791 milliseconds in repetition 274
tcp_ping received 96 bytes back
Round trip time was 30.7542 milliseconds in repetition 275
tcp_ping received 96 bytes back
Round trip time was 28.475 milliseconds in repetition 276
tcp_ping received 96 bytes back
Round trip time was 39.7375 milliseconds in repetition 277
tcp_ping received 96 bytes back
Round trip time was 27.8399 milliseconds in repetition 278
tcp_ping received 96 bytes back
Round trip time was 28.2708 milliseconds in repetition 279
tcp_ping received 96 bytes back
Round trip time was 30.4836 milliseconds in repetition 280
tcp_ping received 96 bytes back
Round trip time was 27.7965 milliseconds in repetition 281
tcp_ping received 96 bytes back
Round trip time was 27.7392 milliseconds in repetition 282
tcp_ping received 96 bytes back
Round trip time was 28.2218 milliseconds in repetition 283
tcp_ping received 96 bytes back
Round trip time was 34.3268 milliseconds in repetition 284
tcp_ping received 96 bytes back
Round trip time was 28.5496 milliseconds in repetition 285
tcp_ping received 96 bytes back
Round trip time was 29.5836 milliseconds in repetition 286
tcp_ping received 96 bytes back
Round trip time was 28.0157 milliseconds in repetition 287
tcp_ping received 96 bytes back
Round trip time was 28.5996 milliseconds in repetition 288
tcp_ping received 96 bytes back
Round trip time was 59.3438 milliseconds in repetition 289
tcp_ping received 96 bytes back
Round trip time was 27.5868 milliseconds in repetition 290
tcp_ping received 96 bytes back
Round trip time was 27.7339 milliseconds in repetition 291
tcp_ping received 96 bytes back
Round trip time was 29.4123 milliseconds in repetition 292
tcp_ping received 96 bytes back
Round trip time was 27.3342 milliseconds in repetition 293
tcp_ping received 96 bytes back
Round trip time was 53.6415 milliseconds in repetition 294
tcp_ping received 96 bytes back
Round trip time was 28.7624 milliseconds in repetition 295
tcp_ping received 96 bytes back
Round trip time was 29.8229 milliseconds in repetition 296
tcp_ping received 96 bytes back
Round trip time was 27.9441 milliseconds in repetition 297
tcp_ping received 96 bytes back
Round trip time was 27.8196 milliseconds in repetition 298
tcp_ping received 96 bytes back
Round trip time was 39.3685 milliseconds in repetition 299
tcp_ping received 96 bytes back
Round trip time was 27.9201 milliseconds in repetition 300
tcp_ping received 96 bytes back
Round trip time was 27.8473 milliseconds in repetition 301
tcp_ping received 96 bytes back
Round trip time was 33.6202 milliseconds in repetition 302
tcp_ping received 96 bytes back
Round trip time was 27.9737 milliseconds in repetition 303
tcp_ping received 96 bytes back
Round trip time was 29.147 milliseconds in repetition 304
tcp_ping received 96 bytes back
Round trip time was 27.9287 milliseconds in repetition 305
tcp_ping received 96 bytes back
Round trip time was 32.4478 milliseconds in repetition 306
tcp_ping received 96 bytes back
Round trip time was 33.3085 milliseconds in repetition 307
tcp_ping received 96 bytes back
Round trip time was 28.1513 milliseconds in repetition 308
tcp_ping received 96 bytes back
Round trip time was 34.4349 milliseconds in repetition 309
tcp_ping received 96 bytes back
Round trip time was 41.806 milliseconds in repetition 310
tcp_ping received 96 bytes back
Round trip time was 30.8394 milliseconds in repetition 311
tcp_ping received 96 bytes back
Round trip time was 34.1263 milliseconds in repetition 312
tcp_ping received 96 bytes back
Round trip time was 27.8189 milliseconds in repetition 313
tcp_ping received 96 bytes back
Round trip time was 28.9505 milliseconds in repetition 314
tcp_ping received 96 bytes back
Round trip time was 44.4628 milliseconds in repetition 315
tcp_ping received 96 bytes back
Round trip time was 27.8155 milliseconds in repetition 316
tcp_ping received 96 bytes back
Round trip time was 31.8969 milliseconds in repetition 317
tcp_ping received 96 bytes back
Round trip time was 30.0001 milliseconds in repetition 318
tcp_ping received 96 bytes back
Round trip time was 30.1352 milliseconds in repetition 319
tcp_ping received 96 bytes back
Round trip time was 28.0068 milliseconds in repetition 320
tcp_ping received 96 bytes back
Round trip time was 32.2153 milliseconds in repetition 321
tcp_ping received 96 bytes back
Round trip time was 35.6122 milliseconds in repetition 322
tcp_ping received 96 bytes back
Round trip time was 27.6849 milliseconds in repetition 323
tcp_ping received 96 bytes back
Round trip time was 34.3109 milliseconds in repetition 324
tcp_ping received 96 bytes back
Round trip time was 27.9469 milliseconds in repetition 325
tcp_ping received 96 bytes back
Round trip time was 27.8353 milliseconds in repetition 326
tcp_ping received 96 bytes back
Round trip time was 27.4878 milliseconds in repetition 327
tcp_ping received 96 bytes back
Round trip time was 37.3734 milliseconds in repetition 328
tcp_ping received 96 bytes back
Round trip time was 29.3764 milliseconds in repetition 329
tcp_ping received 96 bytes back
Round trip time was 28.4894 milliseconds in repetition 330
tcp_ping received 96 bytes back
Round trip time was 32.3112 milliseconds in repetition 331
tcp_ping received 96 bytes back
Round trip time was 44.0005 milliseconds in repetition 332
tcp_ping received 96 bytes back
Round trip time was 38.2859 milliseconds in repetition 333
tcp_ping received 96 bytes back
Round trip time was 39.503 milliseconds in repetition 334
tcp_ping received 96 bytes back
Round trip time was 28.6221 milliseconds in repetition 335
tcp_ping received 96 bytes back
Round trip time was 30.3074 milliseconds in repetition 336
tcp_ping received 96 bytes back
Round trip time was 31.3961 milliseconds in repetition 337
tcp_ping received 96 bytes back
Round trip time was 29.4852 milliseconds in repetition 338
tcp_ping received 96 bytes back
Round trip time was 27.4506 milliseconds in repetition 339
tcp_ping received 96 bytes back
Round trip time was 28.8242 milliseconds in repetition 340
tcp_ping received 96 bytes back
Round trip time was 29.5209 milliseconds in repetition 341
tcp_ping received 96 bytes back
Round trip time was 28.545 milliseconds in repetition 342
tcp_ping received 96 bytes back
Round trip time was 27.3579 milliseconds in repetition 343
tcp_ping received 96 bytes back
Round trip time was 44.7943 milliseconds in repetition 344
tcp_ping received 96 bytes back
Round trip time was 28.7411 milliseconds in repetition 345
tcp_ping received 96 bytes back
Round trip time was 27.4626 milliseconds in repetition 346
tcp_ping received 96 bytes back
Round trip time was 28.1258 milliseconds in repetition 347
tcp_ping received 96 bytes back
Round trip time was 29.5018 milliseconds in repetition 348
tcp_ping received 96 bytes back
Round trip time was 27.7385 milliseconds in repetition 349
tcp_ping received 96 bytes back
Round trip time was 29.596 milliseconds in repetition 350
tcp_ping received 96 bytes back
Round trip time was 38.4172 milliseconds in repetition 351
tcp_ping received 96 bytes back
Round trip time was 28.8658 milliseconds in repetition 352
tcp_ping received 96 bytes back
Round trip time was 27.4624 milliseconds in repetition 353
tcp_ping received 96 bytes back
Round trip time was 54.9635 milliseconds in repetition 354
tcp_ping received 96 bytes back
Round trip time was 29.1945 milliseconds in repetition 355
tcp_ping received 96 bytes back
Round trip time was 29.9294 milliseconds in repetition 356
tcp_ping received 96 bytes back
Round trip time was 29.5208 milliseconds in repetition 357
tcp_ping received 96 bytes back
Round trip time was 31.3344 milliseconds in repetition 358
tcp_ping received 96 bytes back
Round trip time was 27.9789 milliseconds in repetition 359
tcp_ping received 96 bytes back
Round trip time was 34.2819 milliseconds in repetition 360
tcp_ping received 96 bytes back
Round trip time was 28.8763 milliseconds in repetition 361
tcp_ping received 96 bytes back
Round trip time was 27.7331 milliseconds in repetition 362
tcp_ping received 96 bytes back
Round trip time was 27.5869 milliseconds in repetition 363
tcp_ping received 96 bytes back
Round trip time was 28.7395 milliseconds in repetition 364
tcp_ping received 96 bytes back
Round trip time was 28.9708 milliseconds in repetition 365
tcp_ping received 96 bytes back
Round trip time was 27.7998 milliseconds in repetition 366
tcp_ping received 96 bytes back
Round trip time was 35.436 milliseconds in repetition 367
tcp_ping received 96 bytes back
Round trip time was 27.889 milliseconds in repetition 368
tcp_ping received 96 bytes back
Round trip time was 28.6109 milliseconds in repetition 369
tcp_ping received 96 bytes back
Round trip time was 28.5202 milliseconds in repetition 370
tcp_ping received 96 bytes back
Round trip time was 27.6764 milliseconds in repetition 371
tcp_ping received 96 bytes back
Round trip time was 31.872 milliseconds in repetition 372
tcp_ping received 96 bytes back
Round trip time was 30.7524 milliseconds in repetition 373
tcp_ping received 96 bytes back
Round trip time was 30.8739 milliseconds in repetition 374
tcp_ping received 96 bytes back
Round trip time was 27.4839 milliseconds in repetition 375
tcp_ping received 96 bytes back
Round trip time was 29.8217 milliseconds in repetition 376
tcp_ping received 96 bytes back
Round trip time was 47.1968 milliseconds in repetition 377
tcp_ping received 96 bytes back
Round trip time was 30.6849 milliseconds in repetition 378
tcp_ping received 96 bytes back
Round trip time was 30.6252 milliseconds in repetition 379
tcp_ping received 96 bytes back
Round trip time was 28.5306 milliseconds in repetition 380
tcp_ping received 96 bytes back
Round trip time was 31.6056 milliseconds in repetition 381
tcp_ping received 96 bytes back
Round trip time was 32.8789 milliseconds in repetition 382
tcp_ping received 96 bytes back
Round trip time was 46.7745 milliseconds in repetition 383
tcp_ping received 96 bytes back
Round trip time was 30.2783 milliseconds in repetition 384
tcp_ping received 96 bytes back
Round trip time was 29.4775 milliseconds in repetition 385
tcp_ping received 96 bytes back
Round trip time was 30.9106 milliseconds in repetition 386
tcp_ping received 96 bytes back
Round trip time was 28.753 milliseconds in repetition 387
tcp_ping received 96 bytes back
Round trip time was 51.2187 milliseconds in repetition 388
tcp_ping received 96 bytes back
Round trip time was 36.4498 milliseconds in repetition 389
tcp_ping received 96 bytes back
Round trip time was 28.2232 milliseconds in repetition 390
tcp_ping received 96 bytes back
Round trip time was 28.3543 milliseconds in repetition 391
tcp_ping received 96 bytes back
Round trip time was 27.8205 milliseconds in repetition 392
tcp_ping received 96 bytes back
Round trip time was 54.9882 milliseconds in repetition 393
tcp_ping received 96 bytes back
Round trip time was 28.125 milliseconds in repetition 394
tcp_ping received 96 bytes back
Round trip time was 31.2941 milliseconds in repetition 395
tcp_ping received 96 bytes back
Round trip time was 28.7249 milliseconds in repetition 396
tcp_ping received 96 bytes back
Round trip time was 28.8745 milliseconds in repetition 397
tcp_ping received 96 bytes back
Round trip time was 31.4336 milliseconds in repetition 398
tcp_ping received 96 bytes back
Round trip time was 28.489 milliseconds in repetition 399
tcp_ping received 96 bytes back
Round trip time was 29.2532 milliseconds in repetition 400
tcp_ping received 96 bytes back
Round trip time was 42.167 milliseconds in repetition 401
tcp_ping received 96 bytes back
Round trip time was 29.2733 milliseconds in repetition 402
tcp_ping received 96 bytes back
Round trip time was 29.5906 milliseconds in repetition 403
tcp_ping received 96 bytes back
Round trip time was 50.4089 milliseconds in repetition 404
tcp_ping received 96 bytes back
Round trip time was 66.6629 milliseconds in repetition 405
tcp_ping received 96 bytes back
Round trip time was 29.1382 milliseconds in repetition 406
tcp_ping received 96 bytes back
Round trip time was 59.1823 milliseconds in repetition 407
tcp_ping received 96 bytes back
Round trip time was 27.4733 milliseconds in repetition 408
tcp_ping received 96 bytes back
Round trip time was 38.3305 milliseconds in repetition 409
tcp_ping received 96 bytes back
Round trip time was 29.3015 milliseconds in repetition 410
tcp_ping received 96 bytes back
Round trip time was 28.4041 milliseconds in repetition 411
tcp_ping received 96 bytes back
Round trip time was 27.58 milliseconds in repetition 412
tcp_ping received 96 bytes back
Round trip time was 31.7856 milliseconds in repetition 413
tcp_ping received 96 bytes back
Round trip time was 42.7903 milliseconds in repetition 414
tcp_ping received 96 bytes back
Round trip time was 28.011 milliseconds in repetition 415
tcp_ping received 96 bytes back
Round trip time was 27.2712 milliseconds in repetition 416
tcp_ping received 96 bytes back
Round trip time was 27.5698 milliseconds in repetition 417
tcp_ping received 96 bytes back
Round trip time was 28.807 milliseconds in repetition 418
tcp_ping received 96 bytes back
Round trip time was 32.2885 milliseconds in repetition 419
tcp_ping received 96 bytes back
Round trip time was 28.3723 milliseconds in repetition 420
tcp_ping received 96 bytes back
Round trip time was 27.5584 milliseconds in repetition 421
tcp_ping received 96 bytes back
Round trip time was 27.31 milliseconds in repetition 422
tcp_ping received 96 bytes back
Round trip time was 28.0697 milliseconds in repetition 423
tcp_ping received 96 bytes back
Round trip time was 29.1268 milliseconds in repetition 424
tcp_ping received 96 bytes back
Round trip time was 30.2995 milliseconds in repetition 425
tcp_ping received 96 bytes back
Round trip time was 32.8873 milliseconds in repetition 426
tcp_ping received 96 bytes back
Round trip time was 31.0083 milliseconds in repetition 427
tcp_ping received 96 bytes back
Round trip time was 28.3172 milliseconds in repetition 428
tcp_ping received 96 bytes back
Round trip time was 30.9641 milliseconds in repetition 429
tcp_ping received 96 bytes back
Round trip time was 30.2344 milliseconds in repetition 430
tcp_ping received 96 bytes back
Round trip time was 33.1964 milliseconds in repetition 431
tcp_ping received 96 bytes back
Round trip time was 31.8729 milliseconds in repetition 432
tcp_ping received 96 bytes back
Round trip time was 27.7315 milliseconds in repetition 433
tcp_ping received 96 bytes back
Round trip time was 29.5404 milliseconds in repetition 434
tcp_ping received 96 bytes back
Round trip time was 28.3681 milliseconds in repetition 435
tcp_ping received 96 bytes back
Round trip time was 28.6005 milliseconds in repetition 436
tcp_ping received 96 bytes back
Round trip time was 30.0268 milliseconds in repetition 437
tcp_ping received 96 bytes back
Round trip time was 27.7336 milliseconds in repetition 438
tcp_ping received 96 bytes back
Round trip time was 31.1372 milliseconds in repetition 439
tcp_ping received 96 bytes back
Round trip time was 29.0526 milliseconds in repetition 440
tcp_ping received 96 bytes back
Round trip time was 44.2623 milliseconds in repetition 441
tcp_ping received 96 bytes back
Round trip time was 31.959 milliseconds in repetition 442
tcp_ping received 96 bytes back
Round trip time was 31.8788 milliseconds in repetition 443
tcp_ping received 96 bytes back
Round trip time was 33.2351 milliseconds in repetition 444
tcp_ping received 96 bytes back
Round trip time was 43.579 milliseconds in repetition 445
tcp_ping received 96 bytes back
Round trip time was 28.1903 milliseconds in repetition 446
tcp_ping received 96 bytes back
Round trip time was 30.7755 milliseconds in repetition 447
tcp_ping received 96 bytes back
Round trip time was 27.4537 milliseconds in repetition 448
tcp_ping received 96 bytes back
Round trip time was 31.8735 milliseconds in repetition 449
tcp_ping received 96 bytes back
Round trip time was 29.748 milliseconds in repetition 450
tcp_ping received 96 bytes back
Round trip time was 32.9088 milliseconds in repetition 451
tcp_ping received 96 bytes back
Round trip time was 31.3057 milliseconds in repetition 452
tcp_ping received 96 bytes back
Round trip time was 29.552 milliseconds in repetition 453
tcp_ping received 96 bytes back
Round trip time was 27.9621 milliseconds in repetition 454
tcp_ping received 96 bytes back
Round trip time was 28.552 milliseconds in repetition 455
tcp_ping received 96 bytes back
Round trip time was 28.1042 milliseconds in repetition 456
tcp_ping received 96 bytes back
Round trip time was 29.5437 milliseconds in repetition 457
tcp_ping received 96 bytes back
Round trip time was 27.4408 milliseconds in repetition 458
tcp_ping received 96 bytes back
Round trip time was 27.7303 milliseconds in repetition 459
tcp_ping received 96 bytes back
Round trip time was 28.8083 milliseconds in repetition 460
tcp_ping received 96 bytes back
Round trip time was 30.4913 milliseconds in repetition 461
tcp_ping received 96 bytes back
Round trip time was 27.3796 milliseconds in repetition 462
tcp_ping received 96 bytes back
Round trip time was 30.0067 milliseconds in repetition 463
tcp_ping received 96 bytes back
Round trip time was 47.8863 milliseconds in repetition 464
tcp_ping received 96 bytes back
Round trip time was 28.5679 milliseconds in repetition 465
tcp_ping received 96 bytes back
Round trip time was 28.5785 milliseconds in repetition 466
tcp_ping received 96 bytes back
Round trip time was 27.52 milliseconds in repetition 467
tcp_ping received 96 bytes back
Round trip time was 29.7827 milliseconds in repetition 468
tcp_ping received 96 bytes back
Round trip time was 29.0113 milliseconds in repetition 469
tcp_ping received 96 bytes back
Round trip time was 33.8148 milliseconds in repetition 470
tcp_ping received 96 bytes back
Round trip time was 28.5576 milliseconds in repetition 471
tcp_ping received 96 bytes back
Round trip time was 28.1232 milliseconds in repetition 472
tcp_ping received 96 bytes back
Round trip time was 31.2835 milliseconds in repetition 473
tcp_ping received 96 bytes back
Round trip time was 27.4909 milliseconds in repetition 474
tcp_ping received 96 bytes back
Round trip time was 28.3095 milliseconds in repetition 475
tcp_ping received 96 bytes back
Round trip time was 34.1505 milliseconds in repetition 476
tcp_ping received 96 bytes back
Round trip time was 28.2536 milliseconds in repetition 477
tcp_ping received 96 bytes back
Round trip time was 29.4146 milliseconds in repetition 478
tcp_ping received 96 bytes back
Round trip time was 29.2015 milliseconds in repetition 479
tcp_ping received 96 bytes back
Round trip time was 31.1115 milliseconds in repetition 480
tcp_ping received 96 bytes back
Round trip time was 28.2246 milliseconds in repetition 481
tcp_ping received 96 bytes back
Round trip time was 28.8451 milliseconds in repetition 482
tcp_ping received 96 bytes back
Round trip time was 30.1064 milliseconds in repetition 483
tcp_ping received 96 bytes back
Round trip time was 27.8953 milliseconds in repetition 484
tcp_ping received 96 bytes back
Round trip time was 28.6229 milliseconds in repetition 485
tcp_ping received 96 bytes back
Round trip time was 30.2993 milliseconds in repetition 486
tcp_ping received 96 bytes back
Round trip time was 37.8797 milliseconds in repetition 487
tcp_ping received 96 bytes back
Round trip time was 27.7386 milliseconds in repetition 488
tcp_ping received 96 bytes back
Round trip time was 30.8572 milliseconds in repetition 489
tcp_ping received 96 bytes back
Round trip time was 30.9905 milliseconds in repetition 490
tcp_ping received 96 bytes back
Round trip time was 28.7551 milliseconds in repetition 491
tcp_ping received 96 bytes back
Round trip time was 29.7356 milliseconds in repetition 492
tcp_ping received 96 bytes back
Round trip time was 35.2129 milliseconds in repetition 493
tcp_ping received 96 bytes back
Round trip time was 28.6739 milliseconds in repetition 494
tcp_ping received 96 bytes back
Round trip time was 28.3132 milliseconds in repetition 495
tcp_ping received 96 bytes back
Round trip time was 31.5381 milliseconds in repetition 496
tcp_ping received 96 bytes back
Round trip time was 59.0781 milliseconds in repetition 497
tcp_ping received 96 bytes back
Round trip time was 27.6552 milliseconds in repetition 498
tcp_ping received 96 bytes back
Round trip time was 36.2083 milliseconds in repetition 499
tcp_ping received 96 bytes back
Round trip time was 33.2278 milliseconds in repetition 500
tcp_ping received 96 bytes back
Round trip time was 29.3125 milliseconds in repetition 501

 ... clock resolution was 0.0001
TCP Ping:  Statistics over 501 repetitions of 96 byte messages

RTT : percentile 10: 27.7339, median: 29.596, percentile 90: 37.8528, average: 32.2143, variance: 147.541

RTT histogram:
27.1429 391
38.9971 89
50.8512 11
62.7053 8
74.5594 0
86.4135 1
98.2676 0
110.122 0
121.976 0
133.83 0
145.684 0
157.538 0
169.392 0
181.246 0
193.101 0
204.955 0
216.809 0
228.663 0
240.517 0
252.371 0
264.225 1

   median Throughput : 6.48736 KB/s   overall Throughput : 5.96008 KB/s

