TCP Ping trying to connect to server seti.dibris.unige.it (130.251.61.30) on port 1491
 ... connected to Pong server: asking for 501 repetitions of 768 bytes TCP messages
 ... Pong server agreed :-)
tcp_ping received 768 bytes back
Round trip time was 49.9612 milliseconds in repetition 1
tcp_ping received 768 bytes back
Round trip time was 37.2501 milliseconds in repetition 2
tcp_ping received 768 bytes back
Round trip time was 31.8966 milliseconds in repetition 3
tcp_ping received 768 bytes back
Round trip time was 34.7962 milliseconds in repetition 4
tcp_ping received 768 bytes back
Round trip time was 31.6115 milliseconds in repetition 5
tcp_ping received 768 bytes back
Round trip time was 34.6372 milliseconds in repetition 6
tcp_ping received 768 bytes back
Round trip time was 32.9998 milliseconds in repetition 7
tcp_ping received 768 bytes back
Round trip time was 34.2055 milliseconds in repetition 8
tcp_ping received 768 bytes back
Round trip time was 32.2023 milliseconds in repetition 9
tcp_ping received 768 bytes back
Round trip time was 38.7264 milliseconds in repetition 10
tcp_ping received 768 bytes back
Round trip time was 40.1053 milliseconds in repetition 11
tcp_ping received 768 bytes back
Round trip time was 31.3581 milliseconds in repetition 12
tcp_ping received 768 bytes back
Round trip time was 37.5785 milliseconds in repetition 13
tcp_ping received 768 bytes back
Round trip time was 31.8107 milliseconds in repetition 14
tcp_ping received 768 bytes back
Round trip time was 31.7899 milliseconds in repetition 15
tcp_ping received 768 bytes back
Round trip time was 30.9901 milliseconds in repetition 16
tcp_ping received 768 bytes back
Round trip time was 32.4211 milliseconds in repetition 17
tcp_ping received 768 bytes back
Round trip time was 32.2364 milliseconds in repetition 18
tcp_ping received 768 bytes back
Round trip time was 68.1409 milliseconds in repetition 19
tcp_ping received 768 bytes back
Round trip time was 32.8463 milliseconds in repetition 20
tcp_ping received 768 bytes back
Round trip time was 38.4452 milliseconds in repetition 21
tcp_ping received 768 bytes back
Round trip time was 32.6783 milliseconds in repetition 22
tcp_ping received 768 bytes back
Round trip time was 31.2363 milliseconds in repetition 23
tcp_ping received 768 bytes back
Round trip time was 36.9779 milliseconds in repetition 24
tcp_ping received 768 bytes back
Round trip time was 31.123 milliseconds in repetition 25
tcp_ping received 768 bytes back
Round trip time was 33.4236 milliseconds in repetition 26
tcp_ping received 768 bytes back
Round trip time was 31.8197 milliseconds in repetition 27
tcp_ping received 768 bytes back
Round trip time was 33.2225 milliseconds in repetition 28
tcp_ping received 768 bytes back
Round trip time was 33.1731 milliseconds in repetition 29
tcp_ping received 768 bytes back
Round trip time was 31.1746 milliseconds in repetition 30
tcp_ping received 768 bytes back
Round trip time was 33.8575 milliseconds in repetition 31
tcp_ping received 768 bytes back
Round trip time was 32.6318 milliseconds in repetition 32
tcp_ping received 768 bytes back
Round trip time was 34.0041 milliseconds in repetition 33
tcp_ping received 768 bytes back
Round trip time was 31.8693 milliseconds in repetition 34
tcp_ping received 768 bytes back
Round trip time was 33.4849 milliseconds in repetition 35
tcp_ping received 768 bytes back
Round trip time was 32.8387 milliseconds in repetition 36
tcp_ping received 768 bytes back
Round trip time was 34.1386 milliseconds in repetition 37
tcp_ping received 768 bytes back
Round trip time was 29.8121 milliseconds in repetition 38
tcp_ping received 768 bytes back
Round trip time was 32.8212 milliseconds in repetition 39
tcp_ping received 768 bytes back
Round trip time was 53.313 milliseconds in repetition 40
tcp_ping received 768 bytes back
Round trip time was 33.78 milliseconds in repetition 41
tcp_ping received 768 bytes back
Round trip time was 32.2341 milliseconds in repetition 42
tcp_ping received 768 bytes back
Round trip time was 32.2225 milliseconds in repetition 43
tcp_ping received 768 bytes back
Round trip time was 66.849 milliseconds in repetition 44
tcp_ping received 768 bytes back
Round trip time was 30.6024 milliseconds in repetition 45
tcp_ping received 768 bytes back
Round trip time was 31.9354 milliseconds in repetition 46
tcp_ping received 768 bytes back
Round trip time was 34.2018 milliseconds in repetition 47
tcp_ping received 768 bytes back
Round trip time was 33.0457 milliseconds in repetition 48
tcp_ping received 768 bytes back
Round trip time was 31.7671 milliseconds in repetition 49
tcp_ping received 768 bytes back
Round trip time was 31.0649 milliseconds in repetition 50
tcp_ping received 768 bytes back
Round trip time was 36.6426 milliseconds in repetition 51
tcp_ping received 768 bytes back
Round trip time was 30.8249 milliseconds in repetition 52
tcp_ping received 768 bytes back
Round trip time was 34.1135 milliseconds in repetition 53
tcp_ping received 768 bytes back
Round trip time was 30.2724 milliseconds in repetition 54
tcp_ping received 768 bytes back
Round trip time was 30.9525 milliseconds in repetition 55
tcp_ping received 768 bytes back
Round trip time was 31.7855 milliseconds in repetition 56
tcp_ping received 768 bytes back
Round trip time was 32.2944 milliseconds in repetition 57
tcp_ping received 768 bytes back
Round trip time was 31.1528 milliseconds in repetition 58
tcp_ping received 768 bytes back
Round trip time was 31.1783 milliseconds in repetition 59
tcp_ping received 768 bytes back
Round trip time was 40.7764 milliseconds in repetition 60
tcp_ping received 768 bytes back
Round trip time was 34.0242 milliseconds in repetition 61
tcp_ping received 768 bytes back
Round trip time was 34.6988 milliseconds in repetition 62
tcp_ping received 768 bytes back
Round trip time was 31.2535 milliseconds in repetition 63
tcp_ping received 768 bytes back
Round trip time was 30.6842 milliseconds in repetition 64
tcp_ping received 768 bytes back
Round trip time was 31.4333 milliseconds in repetition 65
tcp_ping received 768 bytes back
Round trip time was 30.4784 milliseconds in repetition 66
tcp_ping received 768 bytes back
Round trip time was 31.4337 milliseconds in repetition 67
tcp_ping received 768 bytes back
Round trip time was 40.1061 milliseconds in repetition 68
tcp_ping received 768 bytes back
Round trip time was 42.688 milliseconds in repetition 69
tcp_ping received 768 bytes back
Round trip time was 30.3941 milliseconds in repetition 70
tcp_ping received 768 bytes back
Round trip time was 30.056 milliseconds in repetition 71
tcp_ping received 768 bytes back
Round trip time was 32.7036 milliseconds in repetition 72
tcp_ping received 768 bytes back
Round trip time was 29.9167 milliseconds in repetition 73
tcp_ping received 768 bytes back
Round trip time was 30.729 milliseconds in repetition 74
tcp_ping received 768 bytes back
Round trip time was 35.9211 milliseconds in repetition 75
tcp_ping received 768 bytes back
Round trip time was 33.6181 milliseconds in repetition 76
tcp_ping received 768 bytes back
Round trip time was 45.5547 milliseconds in repetition 77
tcp_ping received 768 bytes back
Round trip time was 34.998 milliseconds in repetition 78
tcp_ping received 768 bytes back
Round trip time was 33.5296 milliseconds in repetition 79
tcp_ping received 768 bytes back
Round trip time was 30.9991 milliseconds in repetition 80
tcp_ping received 768 bytes back
Round trip time was 34.2481 milliseconds in repetition 81
tcp_ping received 768 bytes back
Round trip time was 74.6 milliseconds in repetition 82
tcp_ping received 768 bytes back
Round trip time was 43.1111 milliseconds in repetition 83
tcp_ping received 768 bytes back
Round trip time was 30.2943 milliseconds in repetition 84
tcp_ping received 768 bytes back
Round trip time was 46.9274 milliseconds in repetition 85
tcp_ping received 768 bytes back
Round trip time was 32.9013 milliseconds in repetition 86
tcp_ping received 768 bytes back
Round trip time was 32.5869 milliseconds in repetition 87
tcp_ping received 768 bytes back
Round trip time was 44.8287 milliseconds in repetition 88
tcp_ping received 768 bytes back
Round trip time was 36.4494 milliseconds in repetition 89
tcp_ping received 768 bytes back
Round trip time was 31.2646 milliseconds in repetition 90
tcp_ping received 768 bytes back
Round trip time was 59.4031 milliseconds in repetition 91
tcp_ping received 768 bytes back
Round trip time was 34.6355 milliseconds in repetition 92
tcp_ping received 768 bytes back
Round trip time was 29.8578 milliseconds in repetition 93
tcp_ping received 768 bytes back
Round trip time was 30.0618 milliseconds in repetition 94
tcp_ping received 768 bytes back
Round trip time was 40.9086 milliseconds in repetition 95
tcp_ping received 768 bytes back
Round trip time was 51.8586 milliseconds in repetition 96
tcp_ping received 768 bytes back
Round trip time was 32.8811 milliseconds in repetition 97
tcp_ping received 768 bytes back
Round trip time was 31.5312 milliseconds in repetition 98
tcp_ping received 768 bytes back
Round trip time was 35.3446 milliseconds in repetition 99
tcp_ping received 768 bytes back
Round trip time was 30.8815 milliseconds in repetition 100
tcp_ping received 768 bytes back
Round trip time was 33.4288 milliseconds in repetition 101
tcp_ping received 768 bytes back
Round trip time was 33.3784 milliseconds in repetition 102
tcp_ping received 768 bytes back
Round trip time was 35.1536 milliseconds in repetition 103
tcp_ping received 768 bytes back
Round trip time was 31.3438 milliseconds in repetition 104
tcp_ping received 768 bytes back
Round trip time was 48.8282 milliseconds in repetition 105
tcp_ping received 768 bytes back
Round trip time was 31.1853 milliseconds in repetition 106
tcp_ping received 768 bytes back
Round trip time was 42.4027 milliseconds in repetition 107
tcp_ping received 768 bytes back
Round trip time was 37.6091 milliseconds in repetition 108
tcp_ping received 768 bytes back
Round trip time was 54.8222 milliseconds in repetition 109
tcp_ping received 768 bytes back
Round trip time was 31.4411 milliseconds in repetition 110
tcp_ping received 768 bytes back
Round trip time was 30.497 milliseconds in repetition 111
tcp_ping received 768 bytes back
Round trip time was 31.6299 milliseconds in repetition 112
tcp_ping received 768 bytes back
Round trip time was 44.1964 milliseconds in repetition 113
tcp_ping received 768 bytes back
Round trip time was 30.8284 milliseconds in repetition 114
tcp_ping received 768 bytes back
Round trip time was 347.935 milliseconds in repetition 115
tcp_ping received 768 bytes back
Round trip time was 39.6626 milliseconds in repetition 116
tcp_ping received 768 bytes back
Round trip time was 40.9498 milliseconds in repetition 117
tcp_ping received 768 bytes back
Round trip time was 38.2946 milliseconds in repetition 118
tcp_ping received 768 bytes back
Round trip time was 39.7533 milliseconds in repetition 119
tcp_ping received 768 bytes back
Round trip time was 32.1479 milliseconds in repetition 120
tcp_ping received 768 bytes back
Round trip time was 33.3497 milliseconds in repetition 121
tcp_ping received 768 bytes back
Round trip time was 62.1043 milliseconds in repetition 122
tcp_ping received 768 bytes back
Round trip time was 30.4863 milliseconds in repetition 123
tcp_ping received 768 bytes back
Round trip time was 38.4726 milliseconds in repetition 124
tcp_ping received 768 bytes back
Round trip time was 32.6706 milliseconds in repetition 125
tcp_ping received 768 bytes back
Round trip time was 36.3317 milliseconds in repetition 126
tcp_ping received 768 bytes back
Round trip time was 53.3492 milliseconds in repetition 127
tcp_ping received 768 bytes back
Round trip time was 32.9173 milliseconds in repetition 128
tcp_ping received 768 bytes back
Round trip time was 40.9243 milliseconds in repetition 129
tcp_ping received 768 bytes back
Round trip time was 36.5194 milliseconds in repetition 130
tcp_ping received 768 bytes back
Round trip time was 45.8299 milliseconds in repetition 131
tcp_ping received 768 bytes back
Round trip time was 49.1793 milliseconds in repetition 132
tcp_ping received 768 bytes back
Round trip time was 50.1972 milliseconds in repetition 133
tcp_ping received 768 bytes back
Round trip time was 34.7482 milliseconds in repetition 134
tcp_ping received 768 bytes back
Round trip time was 39.4574 milliseconds in repetition 135
tcp_ping received 768 bytes back
Round trip time was 37.8193 milliseconds in repetition 136
tcp_ping received 768 bytes back
Round trip time was 38.8003 milliseconds in repetition 137
tcp_ping received 768 bytes back
Round trip time was 34.5106 milliseconds in repetition 138
tcp_ping received 768 bytes back
Round trip time was 40.0929 milliseconds in repetition 139
tcp_ping received 768 bytes back
Round trip time was 48.3659 milliseconds in repetition 140
tcp_ping received 768 bytes back
Round trip time was 42.2347 milliseconds in repetition 141
tcp_ping received 768 bytes back
Round trip time was 38.7195 milliseconds in repetition 142
tcp_ping received 768 bytes back
Round trip time was 33.4289 milliseconds in repetition 143
tcp_ping received 768 bytes back
Round trip time was 52.9711 milliseconds in repetition 144
tcp_ping received 768 bytes back
Round trip time was 40.4868 milliseconds in repetition 145
tcp_ping received 768 bytes back
Round trip time was 30.8888 milliseconds in repetition 146
tcp_ping received 768 bytes back
Round trip time was 30.3143 milliseconds in repetition 147
tcp_ping received 768 bytes back
Round trip time was 39.2621 milliseconds in repetition 148
tcp_ping received 768 bytes back
Round trip time was 34.8917 milliseconds in repetition 149
tcp_ping received 768 bytes back
Round trip time was 35.6207 milliseconds in repetition 150
tcp_ping received 768 bytes back
Round trip time was 33.3218 milliseconds in repetition 151
tcp_ping received 768 bytes back
Round trip time was 30.8773 milliseconds in repetition 152
tcp_ping received 768 bytes back
Round trip time was 30.4395 milliseconds in repetition 153
tcp_ping received 768 bytes back
Round trip time was 37.7476 milliseconds in repetition 154
tcp_ping received 768 bytes back
Round trip time was 36.8832 milliseconds in repetition 155
tcp_ping received 768 bytes back
Round trip time was 34.8018 milliseconds in repetition 156
tcp_ping received 768 bytes back
Round trip time was 34.6147 milliseconds in repetition 157
tcp_ping received 768 bytes back
Round trip time was 30.8092 milliseconds in repetition 158
tcp_ping received 768 bytes back
Round trip time was 37.9205 milliseconds in repetition 159
tcp_ping received 768 bytes back
Round trip time was 34.1458 milliseconds in repetition 160
tcp_ping received 768 bytes back
Round trip time was 38.078 milliseconds in repetition 161
tcp_ping received 768 bytes back
Round trip time was 39.0388 milliseconds in repetition 162
tcp_ping received 768 bytes back
Round trip time was 36.3978 milliseconds in repetition 163
tcp_ping received 768 bytes back
Round trip time was 32.0354 milliseconds in repetition 164
tcp_ping received 768 bytes back
Round trip time was 32.6554 milliseconds in repetition 165
tcp_ping received 768 bytes back
Round trip time was 35.8496 milliseconds in repetition 166
tcp_ping received 768 bytes back
Round trip time was 31.9481 milliseconds in repetition 167
tcp_ping received 768 bytes back
Round trip time was 32.7565 milliseconds in repetition 168
tcp_ping received 768 bytes back
Round trip time was 30.3594 milliseconds in repetition 169
tcp_ping received 768 bytes back
Round trip time was 31.6395 milliseconds in repetition 170
tcp_ping received 768 bytes back
Round trip time was 32.6408 milliseconds in repetition 171
tcp_ping received 768 bytes back
Round trip time was 35.9078 milliseconds in repetition 172
tcp_ping received 768 bytes back
Round trip time was 47.1423 milliseconds in repetition 173
tcp_ping received 768 bytes back
Round trip time was 30.126 milliseconds in repetition 174
tcp_ping received 768 bytes back
Round trip time was 35.0069 milliseconds in repetition 175
tcp_ping received 768 bytes back
Round trip time was 31.7059 milliseconds in repetition 176
tcp_ping received 768 bytes back
Round trip time was 30.2604 milliseconds in repetition 177
tcp_ping received 768 bytes back
Round trip time was 30.0844 milliseconds in repetition 178
tcp_ping received 768 bytes back
Round trip time was 30.2171 milliseconds in repetition 179
tcp_ping received 768 bytes back
Round trip time was 30.7663 milliseconds in repetition 180
tcp_ping received 768 bytes back
Round trip time was 41.6034 milliseconds in repetition 181
tcp_ping received 768 bytes back
Round trip time was 36.4417 milliseconds in repetition 182
tcp_ping received 768 bytes back
Round trip time was 35.0064 milliseconds in repetition 183
tcp_ping received 768 bytes back
Round trip time was 56.8383 milliseconds in repetition 184
tcp_ping received 768 bytes back
Round trip time was 32.0946 milliseconds in repetition 185
tcp_ping received 768 bytes back
Round trip time was 52.303 milliseconds in repetition 186
tcp_ping received 768 bytes back
Round trip time was 32.2672 milliseconds in repetition 187
tcp_ping received 768 bytes back
Round trip time was 39.3503 milliseconds in repetition 188
tcp_ping received 768 bytes back
Round trip time was 30.6222 milliseconds in repetition 189
tcp_ping received 768 bytes back
Round trip time was 37.4844 milliseconds in repetition 190
tcp_ping received 768 bytes back
Round trip time was 30.0614 milliseconds in repetition 191
tcp_ping received 768 bytes back
Round trip time was 45.0729 milliseconds in repetition 192
tcp_ping received 768 bytes back
Round trip time was 36.4711 milliseconds in repetition 193
tcp_ping received 768 bytes back
Round trip time was 30.1928 milliseconds in repetition 194
tcp_ping received 768 bytes back
Round trip time was 36.219 milliseconds in repetition 195
tcp_ping received 768 bytes back
Round trip time was 37.1525 milliseconds in repetition 196
tcp_ping received 768 bytes back
Round trip time was 32.76 milliseconds in repetition 197
tcp_ping received 768 bytes back
Round trip time was 31.4322 milliseconds in repetition 198
tcp_ping received 768 bytes back
Round trip time was 32.6927 milliseconds in repetition 199
tcp_ping received 768 bytes back
Round trip time was 33.301 milliseconds in repetition 200
tcp_ping received 768 bytes back
Round trip time was 356.019 milliseconds in repetition 201
tcp_ping received 768 bytes back
Round trip time was 31.1661 milliseconds in repetition 202
tcp_ping received 768 bytes back
Round trip time was 40.3101 milliseconds in repetition 203
tcp_ping received 768 bytes back
Round trip time was 43.8032 milliseconds in repetition 204
tcp_ping received 768 bytes back
Round trip time was 32.6409 milliseconds in repetition 205
tcp_ping received 768 bytes back
Round trip time was 30.9942 milliseconds in repetition 206
tcp_ping received 768 bytes back
Round trip time was 31.9311 milliseconds in repetition 207
tcp_ping received 768 bytes back
Round trip time was 35.5801 milliseconds in repetition 208
tcp_ping received 768 bytes back
Round trip time was 41.3812 milliseconds in repetition 209
tcp_ping received 768 bytes back
Round trip time was 55.1542 milliseconds in repetition 210
tcp_ping received 768 bytes back
Round trip time was 54.6048 milliseconds in repetition 211
tcp_ping received 768 bytes back
Round trip time was 30.1709 milliseconds in repetition 212
tcp_ping received 768 bytes back
Round trip time was 44.2509 milliseconds in repetition 213
tcp_ping received 768 bytes back
Round trip time was 37.6269 milliseconds in repetition 214
tcp_ping received 768 bytes back
Round trip time was 32.0173 milliseconds in repetition 215
tcp_ping received 768 bytes back
Round trip time was 37.7624 milliseconds in repetition 216
tcp_ping received 768 bytes back
Round trip time was 35.9054 milliseconds in repetition 217
tcp_ping received 768 bytes back
Round trip time was 33.5195 milliseconds in repetition 218
tcp_ping received 768 bytes back
Round trip time was 35.4352 milliseconds in repetition 219
tcp_ping received 768 bytes back
Round trip time was 33.4052 milliseconds in repetition 220
tcp_ping received 768 bytes back
Round trip time was 32.8618 milliseconds in repetition 221
tcp_ping received 768 bytes back
Round trip time was 41.7892 milliseconds in repetition 222
tcp_ping received 768 bytes back
Round trip time was 37.6281 milliseconds in repetition 223
tcp_ping received 768 bytes back
Round trip time was 30.1014 milliseconds in repetition 224
tcp_ping received 768 bytes back
Round trip time was 29.985 milliseconds in repetition 225
tcp_ping received 768 bytes back
Round trip time was 32.6913 milliseconds in repetition 226
tcp_ping received 768 bytes back
Round trip time was 32.1672 milliseconds in repetition 227
tcp_ping received 768 bytes back
Round trip time was 34.4996 milliseconds in repetition 228
tcp_ping received 768 bytes back
Round trip time was 30.286 milliseconds in repetition 229
tcp_ping received 768 bytes back
Round trip time was 61.355 milliseconds in repetition 230
tcp_ping received 768 bytes back
Round trip time was 33.7114 milliseconds in repetition 231
tcp_ping received 768 bytes back
Round trip time was 56.9577 milliseconds in repetition 232
tcp_ping received 768 bytes back
Round trip time was 32.9332 milliseconds in repetition 233
tcp_ping received 768 bytes back
Round trip time was 42.6109 milliseconds in repetition 234
tcp_ping received 768 bytes back
Round trip time was 33.2986 milliseconds in repetition 235
tcp_ping received 768 bytes back
Round trip time was 38.0118 milliseconds in repetition 236
tcp_ping received 768 bytes back
Round trip time was 30.3434 milliseconds in repetition 237
tcp_ping received 768 bytes back
Round trip time was 30.99 milliseconds in repetition 238
tcp_ping received 768 bytes back
Round trip time was 31.3829 milliseconds in repetition 239
tcp_ping received 768 bytes back
Round trip time was 45.2806 milliseconds in repetition 240
tcp_ping received 768 bytes back
Round trip time was 33.9023 milliseconds in repetition 241
tcp_ping received 768 bytes back
Round trip time was 31.1257 milliseconds in repetition 242
tcp_ping received 768 bytes back
Round trip time was 29.8979 milliseconds in repetition 243
tcp_ping received 768 bytes back
Round trip time was 30.0785 milliseconds in repetition 244
tcp_ping received 768 bytes back
Round trip time was 32.452 milliseconds in repetition 245
tcp_ping received 768 bytes back
Round trip time was 39.4435 milliseconds in repetition 246
tcp_ping received 768 bytes back
Round trip time was 29.6628 milliseconds in repetition 247
tcp_ping received 768 bytes back
Round trip time was 35.9757 milliseconds in repetition 248
tcp_ping received 768 bytes back
Round trip time was 37.6957 milliseconds in repetition 249
tcp_ping received 768 bytes back
Round trip time was 30.3992 milliseconds in repetition 250
tcp_ping received 768 bytes back
Round trip time was 31.3143 milliseconds in repetition 251
tcp_ping received 768 bytes back
Round trip time was 49.5094 milliseconds in repetition 252
tcp_ping received 768 bytes back
Round trip time was 342.224 milliseconds in repetition 253
tcp_ping received 768 bytes back
Round trip time was 30.6637 milliseconds in repetition 254
tcp_ping received 768 bytes back
Round trip time was 31.5976 milliseconds in repetition 255
tcp_ping received 768 bytes back
Round trip time was 32.0762 milliseconds in repetition 256
tcp_ping received 768 bytes back
Round trip time was 39.0702 milliseconds in repetition 257
tcp_ping received 768 bytes back
Round trip time was 35.4421 milliseconds in repetition 258
tcp_ping received 768 bytes back
Round trip time was 32.0759 milliseconds in repetition 259
tcp_ping received 768 bytes back
Round trip time was 33.0692 milliseconds in repetition 260
tcp_ping received 768 bytes back
Round trip time was 39.961 milliseconds in repetition 261
tcp_ping received 768 bytes back
Round trip time was 39.7119 milliseconds in repetition 262
tcp_ping received 768 bytes back
Round trip time was 49.9249 milliseconds in repetition 263
tcp_ping received 768 bytes back
Round trip time was 37.6584 milliseconds in repetition 264
tcp_ping received 768 bytes back
Round trip time was 31.9471 milliseconds in repetition 265
tcp_ping received 768 bytes back
Round trip time was 33.3754 milliseconds in repetition 266
tcp_ping received 768 bytes back
Round trip time was 29.7435 milliseconds in repetition 267
tcp_ping received 768 bytes back
Round trip time was 33.2202 milliseconds in repetition 268
tcp_ping received 768 bytes back
Round trip time was 40.1304 milliseconds in repetition 269
tcp_ping received 768 bytes back
Round trip time was 30.1736 milliseconds in repetition 270
tcp_ping received 768 bytes back
Round trip time was 32.885 milliseconds in repetition 271
tcp_ping received 768 bytes back
Round trip time was 32.4683 milliseconds in repetition 272
tcp_ping received 768 bytes back
Round trip time was 30.2614 milliseconds in repetition 273
tcp_ping received 768 bytes back
Round trip time was 33.51 milliseconds in repetition 274
tcp_ping received 768 bytes back
Round trip time was 35.2615 milliseconds in repetition 275
tcp_ping received 768 bytes back
Round trip time was 37.7003 milliseconds in repetition 276
tcp_ping received 768 bytes back
Round trip time was 32.5024 milliseconds in repetition 277
tcp_ping received 768 bytes back
Round trip time was 31.2853 milliseconds in repetition 278
tcp_ping received 768 bytes back
Round trip time was 29.7137 milliseconds in repetition 279
tcp_ping received 768 bytes back
Round trip time was 33.2331 milliseconds in repetition 280
tcp_ping received 768 bytes back
Round trip time was 31.2666 milliseconds in repetition 281
tcp_ping received 768 bytes back
Round trip time was 47.3469 milliseconds in repetition 282
tcp_ping received 768 bytes back
Round trip time was 77.655 milliseconds in repetition 283
tcp_ping received 768 bytes back
Round trip time was 37.3276 milliseconds in repetition 284
tcp_ping received 768 bytes back
Round trip time was 34.9786 milliseconds in repetition 285
tcp_ping received 768 bytes back
Round trip time was 33.9674 milliseconds in repetition 286
tcp_ping received 768 bytes back
Round trip time was 30.5212 milliseconds in repetition 287
tcp_ping received 768 bytes back
Round trip time was 34.1969 milliseconds in repetition 288
tcp_ping received 768 bytes back
Round trip time was 30.8806 milliseconds in repetition 289
tcp_ping received 768 bytes back
Round trip time was 32.2135 milliseconds in repetition 290
tcp_ping received 768 bytes back
Round trip time was 29.996 milliseconds in repetition 291
tcp_ping received 768 bytes back
Round trip time was 30.5472 milliseconds in repetition 292
tcp_ping received 768 bytes back
Round trip time was 29.8199 milliseconds in repetition 293
tcp_ping received 768 bytes back
Round trip time was 35.8142 milliseconds in repetition 294
tcp_ping received 768 bytes back
Round trip time was 66.9758 milliseconds in repetition 295
tcp_ping received 768 bytes back
Round trip time was 33.3552 milliseconds in repetition 296
tcp_ping received 768 bytes back
Round trip time was 30.9009 milliseconds in repetition 297
tcp_ping received 768 bytes back
Round trip time was 32.5523 milliseconds in repetition 298
tcp_ping received 768 bytes back
Round trip time was 36.1281 milliseconds in repetition 299
tcp_ping received 768 bytes back
Round trip time was 31.8525 milliseconds in repetition 300
tcp_ping received 768 bytes back
Round trip time was 30.5928 milliseconds in repetition 301
tcp_ping received 768 bytes back
Round trip time was 50.5166 milliseconds in repetition 302
tcp_ping received 768 bytes back
Round trip time was 30.7482 milliseconds in repetition 303
tcp_ping received 768 bytes back
Round trip time was 30.8592 milliseconds in repetition 304
tcp_ping received 768 bytes back
Round trip time was 32.031 milliseconds in repetition 305
tcp_ping received 768 bytes back
Round trip time was 37.0314 milliseconds in repetition 306
tcp_ping received 768 bytes back
Round trip time was 31.2982 milliseconds in repetition 307
tcp_ping received 768 bytes back
Round trip time was 38.2158 milliseconds in repetition 308
tcp_ping received 768 bytes back
Round trip time was 34.2337 milliseconds in repetition 309
tcp_ping received 768 bytes back
Round trip time was 30.7057 milliseconds in repetition 310
tcp_ping received 768 bytes back
Round trip time was 34.4596 milliseconds in repetition 311
tcp_ping received 768 bytes back
Round trip time was 31.6728 milliseconds in repetition 312
tcp_ping received 768 bytes back
Round trip time was 31.3161 milliseconds in repetition 313
tcp_ping received 768 bytes back
Round trip time was 30.6581 milliseconds in repetition 314
tcp_ping received 768 bytes back
Round trip time was 32.3144 milliseconds in repetition 315
tcp_ping received 768 bytes back
Round trip time was 30.7041 milliseconds in repetition 316
tcp_ping received 768 bytes back
Round trip time was 29.7606 milliseconds in repetition 317
tcp_ping received 768 bytes back
Round trip time was 35.131 milliseconds in repetition 318
tcp_ping received 768 bytes back
Round trip time was 30.3098 milliseconds in repetition 319
tcp_ping received 768 bytes back
Round trip time was 30.7823 milliseconds in repetition 320
tcp_ping received 768 bytes back
Round trip time was 30.4555 milliseconds in repetition 321
tcp_ping received 768 bytes back
Round trip time was 32.556 milliseconds in repetition 322
tcp_ping received 768 bytes back
Round trip time was 66.1294 milliseconds in repetition 323
tcp_ping received 768 bytes back
Round trip time was 33.99 milliseconds in repetition 324
tcp_ping received 768 bytes back
Round trip time was 30.2557 milliseconds in repetition 325
tcp_ping received 768 bytes back
Round trip time was 40.9716 milliseconds in repetition 326
tcp_ping received 768 bytes back
Round trip time was 31.5129 milliseconds in repetition 327
tcp_ping received 768 bytes back
Round trip time was 30.2143 milliseconds in repetition 328
tcp_ping received 768 bytes back
Round trip time was 34.4438 milliseconds in repetition 329
tcp_ping received 768 bytes back
Round trip time was 31.2368 milliseconds in repetition 330
tcp_ping received 768 bytes back
Round trip time was 38.2326 milliseconds in repetition 331
tcp_ping received 768 bytes back
Round trip time was 31.7877 milliseconds in repetition 332
tcp_ping received 768 bytes back
Round trip time was 30.1868 milliseconds in repetition 333
tcp_ping received 768 bytes back
Round trip time was 34.2785 milliseconds in repetition 334
tcp_ping received 768 bytes back
Round trip time was 39.3989 milliseconds in repetition 335
tcp_ping received 768 bytes back
Round trip time was 57.3024 milliseconds in repetition 336
tcp_ping received 768 bytes back
Round trip time was 33.8557 milliseconds in repetition 337
tcp_ping received 768 bytes back
Round trip time was 40.8471 milliseconds in repetition 338
tcp_ping received 768 bytes back
Round trip time was 31.6363 milliseconds in repetition 339
tcp_ping received 768 bytes back
Round trip time was 31.9947 milliseconds in repetition 340
tcp_ping received 768 bytes back
Round trip time was 36.6209 milliseconds in repetition 341
tcp_ping received 768 bytes back
Round trip time was 48.1063 milliseconds in repetition 342
tcp_ping received 768 bytes back
Round trip time was 32.2832 milliseconds in repetition 343
tcp_ping received 768 bytes back
Round trip time was 31.5559 milliseconds in repetition 344
tcp_ping received 768 bytes back
Round trip time was 32.6593 milliseconds in repetition 345
tcp_ping received 768 bytes back
Round trip time was 30.2911 milliseconds in repetition 346
tcp_ping received 768 bytes back
Round trip time was 30.1617 milliseconds in repetition 347
tcp_ping received 768 bytes back
Round trip time was 32.7777 milliseconds in repetition 348
tcp_ping received 768 bytes back
Round trip time was 31.067 milliseconds in repetition 349
tcp_ping received 768 bytes back
Round trip time was 29.7832 milliseconds in repetition 350
tcp_ping received 768 bytes back
Round trip time was 30.4607 milliseconds in repetition 351
tcp_ping received 768 bytes back
Round trip time was 32.7262 milliseconds in repetition 352
tcp_ping received 768 bytes back
Round trip time was 32.2701 milliseconds in repetition 353
tcp_ping received 768 bytes back
Round trip time was 34.547 milliseconds in repetition 354
tcp_ping received 768 bytes back
Round trip time was 34.5188 milliseconds in repetition 355
tcp_ping received 768 bytes back
Round trip time was 30.4487 milliseconds in repetition 356
tcp_ping received 768 bytes back
Round trip time was 38.181 milliseconds in repetition 357
tcp_ping received 768 bytes back
Round trip time was 32.0935 milliseconds in repetition 358
tcp_ping received 768 bytes back
Round trip time was 31.4683 milliseconds in repetition 359
tcp_ping received 768 bytes back
Round trip time was 31.2105 milliseconds in repetition 360
tcp_ping received 768 bytes back
Round trip time was 33.0396 milliseconds in repetition 361
tcp_ping received 768 bytes back
Round trip time was 30.3185 milliseconds in repetition 362
tcp_ping received 768 bytes back
Round trip time was 56.6212 milliseconds in repetition 363
tcp_ping received 768 bytes back
Round trip time was 32.0985 milliseconds in repetition 364
tcp_ping received 768 bytes back
Round trip time was 29.9469 milliseconds in repetition 365
tcp_ping received 768 bytes back
Round trip time was 31.6078 milliseconds in repetition 366
tcp_ping received 768 bytes back
Round trip time was 31.243 milliseconds in repetition 367
tcp_ping received 768 bytes back
Round trip time was 30.9783 milliseconds in repetition 368
tcp_ping received 768 bytes back
Round trip time was 32.6606 milliseconds in repetition 369
tcp_ping received 768 bytes back
Round trip time was 30.6537 milliseconds in repetition 370
tcp_ping received 768 bytes back
Round trip time was 35.9561 milliseconds in repetition 371
tcp_ping received 768 bytes back
Round trip time was 31.2737 milliseconds in repetition 372
tcp_ping received 768 bytes back
Round trip time was 30.126 milliseconds in repetition 373
tcp_ping received 768 bytes back
Round trip time was 34.5785 milliseconds in repetition 374
tcp_ping received 768 bytes back
Round trip time was 30.8319 milliseconds in repetition 375
tcp_ping received 768 bytes back
Round trip time was 30.3764 milliseconds in repetition 376
tcp_ping received 768 bytes back
Round trip time was 29.4553 milliseconds in repetition 377
tcp_ping received 768 bytes back
Round trip time was 30.72 milliseconds in repetition 378
tcp_ping received 768 bytes back
Round trip time was 29.9766 milliseconds in repetition 379
tcp_ping received 768 bytes back
Round trip time was 30.3907 milliseconds in repetition 380
tcp_ping received 768 bytes back
Round trip time was 31.2101 milliseconds in repetition 381
tcp_ping received 768 bytes back
Round trip time was 37.4673 milliseconds in repetition 382
tcp_ping received 768 bytes back
Round trip time was 30.2475 milliseconds in repetition 383
tcp_ping received 768 bytes back
Round trip time was 33.0042 milliseconds in repetition 384
tcp_ping received 768 bytes back
Round trip time was 36.9855 milliseconds in repetition 385
tcp_ping received 768 bytes back
Round trip time was 40.0788 milliseconds in repetition 386
tcp_ping received 768 bytes back
Round trip time was 65.157 milliseconds in repetition 387
tcp_ping received 768 bytes back
Round trip time was 43.224 milliseconds in repetition 388
tcp_ping received 768 bytes back
Round trip time was 36.9215 milliseconds in repetition 389
tcp_ping received 768 bytes back
Round trip time was 30.643 milliseconds in repetition 390
tcp_ping received 768 bytes back
Round trip time was 30.021 milliseconds in repetition 391
tcp_ping received 768 bytes back
Round trip time was 30.3243 milliseconds in repetition 392
tcp_ping received 768 bytes back
Round trip time was 33.1276 milliseconds in repetition 393
tcp_ping received 768 bytes back
Round trip time was 31.2305 milliseconds in repetition 394
tcp_ping received 768 bytes back
Round trip time was 31.0955 milliseconds in repetition 395
tcp_ping received 768 bytes back
Round trip time was 34.9582 milliseconds in repetition 396
tcp_ping received 768 bytes back
Round trip time was 31.1266 milliseconds in repetition 397
tcp_ping received 768 bytes back
Round trip time was 31.8642 milliseconds in repetition 398
tcp_ping received 768 bytes back
Round trip time was 35.093 milliseconds in repetition 399
tcp_ping received 768 bytes back
Round trip time was 30.8742 milliseconds in repetition 400
tcp_ping received 768 bytes back
Round trip time was 32.8068 milliseconds in repetition 401
tcp_ping received 768 bytes back
Round trip time was 32.5655 milliseconds in repetition 402
tcp_ping received 768 bytes back
Round trip time was 31.7306 milliseconds in repetition 403
tcp_ping received 768 bytes back
Round trip time was 30.4551 milliseconds in repetition 404
tcp_ping received 768 bytes back
Round trip time was 36.3333 milliseconds in repetition 405
tcp_ping received 768 bytes back
Round trip time was 35.3912 milliseconds in repetition 406
tcp_ping received 768 bytes back
Round trip time was 30.935 milliseconds in repetition 407
tcp_ping received 768 bytes back
Round trip time was 37.1756 milliseconds in repetition 408
tcp_ping received 768 bytes back
Round trip time was 38.4784 milliseconds in repetition 409
tcp_ping received 768 bytes back
Round trip time was 54.8976 milliseconds in repetition 410
tcp_ping received 768 bytes back
Round trip time was 32.2132 milliseconds in repetition 411
tcp_ping received 768 bytes back
Round trip time was 33.2683 milliseconds in repetition 412
tcp_ping received 768 bytes back
Round trip time was 36.6228 milliseconds in repetition 413
tcp_ping received 768 bytes back
Round trip time was 30.1631 milliseconds in repetition 414
tcp_ping received 768 bytes back
Round trip time was 29.49 milliseconds in repetition 415
tcp_ping received 768 bytes back
Round trip time was 29.7498 milliseconds in repetition 416
tcp_ping received 768 bytes back
Round trip time was 31.9798 milliseconds in repetition 417
tcp_ping received 768 bytes back
Round trip time was 37.3524 milliseconds in repetition 418
tcp_ping received 768 bytes back
Round trip time was 32.0159 milliseconds in repetition 419
tcp_ping received 768 bytes back
Round trip time was 35.257 milliseconds in repetition 420
tcp_ping received 768 bytes back
Round trip time was 30.2492 milliseconds in repetition 421
tcp_ping received 768 bytes back
Round trip time was 33.1443 milliseconds in repetition 422
tcp_ping received 768 bytes back
Round trip time was 35.7697 milliseconds in repetition 423
tcp_ping received 768 bytes back
Round trip time was 33.181 milliseconds in repetition 424
tcp_ping received 768 bytes back
Round trip time was 40.9151 milliseconds in repetition 425
tcp_ping received 768 bytes back
Round trip time was 32.2314 milliseconds in repetition 426
tcp_ping received 768 bytes back
Round trip time was 33.7055 milliseconds in repetition 427
tcp_ping received 768 bytes back
Round trip time was 33.8905 milliseconds in repetition 428
tcp_ping received 768 bytes back
Round trip time was 39.8539 milliseconds in repetition 429
tcp_ping received 768 bytes back
Round trip time was 32.8729 milliseconds in repetition 430
tcp_ping received 768 bytes back
Round trip time was 78.0193 milliseconds in repetition 431
tcp_ping received 768 bytes back
Round trip time was 30.5465 milliseconds in repetition 432
tcp_ping received 768 bytes back
Round trip time was 34.8428 milliseconds in repetition 433
tcp_ping received 768 bytes back
Round trip time was 36.7455 milliseconds in repetition 434
tcp_ping received 768 bytes back
Round trip time was 30.7499 milliseconds in repetition 435
tcp_ping received 768 bytes back
Round trip time was 71.1684 milliseconds in repetition 436
tcp_ping received 768 bytes back
Round trip time was 33.5942 milliseconds in repetition 437
tcp_ping received 768 bytes back
Round trip time was 85.0794 milliseconds in repetition 438
tcp_ping received 768 bytes back
Round trip time was 37.8891 milliseconds in repetition 439
tcp_ping received 768 bytes back
Round trip time was 31.0997 milliseconds in repetition 440
tcp_ping received 768 bytes back
Round trip time was 29.7151 milliseconds in repetition 441
tcp_ping received 768 bytes back
Round trip time was 55.5517 milliseconds in repetition 442
tcp_ping received 768 bytes back
Round trip time was 43.7222 milliseconds in repetition 443
tcp_ping received 768 bytes back
Round trip time was 32.8793 milliseconds in repetition 444
tcp_ping received 768 bytes back
Round trip time was 38.1718 milliseconds in repetition 445
tcp_ping received 768 bytes back
Round trip time was 41.8862 milliseconds in repetition 446
tcp_ping received 768 bytes back
Round trip time was 30.4188 milliseconds in repetition 447
tcp_ping received 768 bytes back
Round trip time was 32.6276 milliseconds in repetition 448
tcp_ping received 768 bytes back
Round trip time was 30.411 milliseconds in repetition 449
tcp_ping received 768 bytes back
Round trip time was 31.1727 milliseconds in repetition 450
tcp_ping received 768 bytes back
Round trip time was 41.104 milliseconds in repetition 451
tcp_ping received 768 bytes back
Round trip time was 35.6993 milliseconds in repetition 452
tcp_ping received 768 bytes back
Round trip time was 32.6971 milliseconds in repetition 453
tcp_ping received 768 bytes back
Round trip time was 33.1096 milliseconds in repetition 454
tcp_ping received 768 bytes back
Round trip time was 37.0078 milliseconds in repetition 455
tcp_ping received 768 bytes back
Round trip time was 30.4023 milliseconds in repetition 456
tcp_ping received 768 bytes back
Round trip time was 42.989 milliseconds in repetition 457
tcp_ping received 768 bytes back
Round trip time was 29.8801 milliseconds in repetition 458
tcp_ping received 768 bytes back
Round trip time was 35.5986 milliseconds in repetition 459
tcp_ping received 768 bytes back
Round trip time was 29.9534 milliseconds in repetition 460
tcp_ping received 768 bytes back
Round trip time was 40.6775 milliseconds in repetition 461
tcp_ping received 768 bytes back
Round trip time was 31.7633 milliseconds in repetition 462
tcp_ping received 768 bytes back
Round trip time was 30.6315 milliseconds in repetition 463
tcp_ping received 768 bytes back
Round trip time was 31.131 milliseconds in repetition 464
tcp_ping received 768 bytes back
Round trip time was 31.2221 milliseconds in repetition 465
tcp_ping received 768 bytes back
Round trip time was 33.9774 milliseconds in repetition 466
tcp_ping received 768 bytes back
Round trip time was 32.3664 milliseconds in repetition 467
tcp_ping received 768 bytes back
Round trip time was 37.3565 milliseconds in repetition 468
tcp_ping received 768 bytes back
Round trip time was 41.3605 milliseconds in repetition 469
tcp_ping received 768 bytes back
Round trip time was 34.1894 milliseconds in repetition 470
tcp_ping received 768 bytes back
Round trip time was 35.7461 milliseconds in repetition 471
tcp_ping received 768 bytes back
Round trip time was 34.2853 milliseconds in repetition 472
tcp_ping received 768 bytes back
Round trip time was 30.6484 milliseconds in repetition 473
tcp_ping received 768 bytes back
Round trip time was 36.4602 milliseconds in repetition 474
tcp_ping received 768 bytes back
Round trip time was 32.9208 milliseconds in repetition 475
tcp_ping received 768 bytes back
Round trip time was 30.7659 milliseconds in repetition 476
tcp_ping received 768 bytes back
Round trip time was 31.3695 milliseconds in repetition 477
tcp_ping received 768 bytes back
Round trip time was 31.4771 milliseconds in repetition 478
tcp_ping received 768 bytes back
Round trip time was 30.9422 milliseconds in repetition 479
tcp_ping received 768 bytes back
Round trip time was 29.6824 milliseconds in repetition 480
tcp_ping received 768 bytes back
Round trip time was 34.5777 milliseconds in repetition 481
tcp_ping received 768 bytes back
Round trip time was 37.8768 milliseconds in repetition 482
tcp_ping received 768 bytes back
Round trip time was 30.7479 milliseconds in repetition 483
tcp_ping received 768 bytes back
Round trip time was 30.5163 milliseconds in repetition 484
tcp_ping received 768 bytes back
Round trip time was 33.7209 milliseconds in repetition 485
tcp_ping received 768 bytes back
Round trip time was 30.0514 milliseconds in repetition 486
tcp_ping received 768 bytes back
Round trip time was 30.6512 milliseconds in repetition 487
tcp_ping received 768 bytes back
Round trip time was 32.2518 milliseconds in repetition 488
tcp_ping received 768 bytes back
Round trip time was 30.175 milliseconds in repetition 489
tcp_ping received 768 bytes back
Round trip time was 30.8126 milliseconds in repetition 490
tcp_ping received 768 bytes back
Round trip time was 31.8175 milliseconds in repetition 491
tcp_ping received 768 bytes back
Round trip time was 31.4592 milliseconds in repetition 492
tcp_ping received 768 bytes back
Round trip time was 36.4246 milliseconds in repetition 493
tcp_ping received 768 bytes back
Round trip time was 35.3832 milliseconds in repetition 494
tcp_ping received 768 bytes back
Round trip time was 31.1547 milliseconds in repetition 495
tcp_ping received 768 bytes back
Round trip time was 32.7305 milliseconds in repetition 496
tcp_ping received 768 bytes back
Round trip time was 31.0172 milliseconds in repetition 497
tcp_ping received 768 bytes back
Round trip time was 30.6115 milliseconds in repetition 498
tcp_ping received 768 bytes back
Round trip time was 31.1857 milliseconds in repetition 499
tcp_ping received 768 bytes back
Round trip time was 37.9942 milliseconds in repetition 500
tcp_ping received 768 bytes back
Round trip time was 32.3236 milliseconds in repetition 501

 ... clock resolution was 0.0001
TCP Ping:  Statistics over 501 repetitions of 768 byte messages

RTT : percentile 10: 30.3143, median: 32.9013, percentile 90: 43.7222, average: 37.512, variance: 645.319

RTT histogram:
29.4552 385
45.7835 91
62.1117 17
78.4399 5
94.7681 0
111.096 0
127.424 0
143.753 0
160.081 0
176.409 0
192.737 0
209.065 0
225.394 0
241.722 0
258.05 0
274.378 0
290.706 0
307.035 0
323.363 0
339.691 1
356.019 2

   median Throughput : 46.6851 KB/s   overall Throughput : 40.9468 KB/s

