UDP Ping trying to connect to server seti.dibris.unige.it (130.251.61.30) on TCP port 1491
 ... connected to Pong server: asking for 501 repetitions of 32768 _bytes UDP messages
 ... Pong server agreed to ping-pong using port 49834 :-)
Round trip time was 570.298 milliseconds in repetition 1
Round trip time was 71.803 milliseconds in repetition 2
Round trip time was 47.727 milliseconds in repetition 3
Round trip time was 46.563 milliseconds in repetition 4
Round trip time was 49.388 milliseconds in repetition 5
Round trip time was 51.014 milliseconds in repetition 6
Round trip time was 53.028 milliseconds in repetition 7
Round trip time was 43.961 milliseconds in repetition 8
Round trip time was 46.550 milliseconds in repetition 9
Round trip time was 63.504 milliseconds in repetition 10
Round trip time was 51.076 milliseconds in repetition 11
Round trip time was 49.511 milliseconds in repetition 12
Round trip time was 52.255 milliseconds in repetition 13
Round trip time was 48.627 milliseconds in repetition 14
Round trip time was 54.880 milliseconds in repetition 15
Round trip time was 46.789 milliseconds in repetition 16
Round trip time was 66.291 milliseconds in repetition 17
Round trip time was 50.042 milliseconds in repetition 18
Round trip time was 53.161 milliseconds in repetition 19
Round trip time was 49.292 milliseconds in repetition 20
Round trip time was 46.216 milliseconds in repetition 21
Round trip time was 44.526 milliseconds in repetition 22
Round trip time was 47.696 milliseconds in repetition 23
Round trip time was 42.168 milliseconds in repetition 24
Round trip time was 47.453 milliseconds in repetition 25
Round trip time was 61.889 milliseconds in repetition 26
Round trip time was 51.221 milliseconds in repetition 27
Round trip time was 43.590 milliseconds in repetition 28
Round trip time was 47.400 milliseconds in repetition 29
Round trip time was 46.957 milliseconds in repetition 30
Round trip time was 46.431 milliseconds in repetition 31
Round trip time was 52.675 milliseconds in repetition 32
Round trip time was 58.104 milliseconds in repetition 33
Round trip time was 47.882 milliseconds in repetition 34
Round trip time was 46.356 milliseconds in repetition 35
Round trip time was 44.875 milliseconds in repetition 36
Round trip time was 54.094 milliseconds in repetition 37
Round trip time was 49.277 milliseconds in repetition 38
Round trip time was 50.181 milliseconds in repetition 39
Round trip time was 63.212 milliseconds in repetition 40
Round trip time was 46.995 milliseconds in repetition 41
Round trip time was 44.758 milliseconds in repetition 42
Round trip time was 48.815 milliseconds in repetition 43
Round trip time was 51.865 milliseconds in repetition 44
Round trip time was 46.879 milliseconds in repetition 45
Round trip time was 43.123 milliseconds in repetition 46
Round trip time was 44.384 milliseconds in repetition 47
Round trip time was 47.312 milliseconds in repetition 48
Round trip time was 42.062 milliseconds in repetition 49
Round trip time was 59.274 milliseconds in repetition 50
Round trip time was 41.642 milliseconds in repetition 51
Round trip time was 48.632 milliseconds in repetition 52
Round trip time was 46.579 milliseconds in repetition 53
Round trip time was 45.922 milliseconds in repetition 54
Round trip time was 44.182 milliseconds in repetition 55
Round trip time was 47.176 milliseconds in repetition 56
Round trip time was 81.457 milliseconds in repetition 57
Round trip time was 45.551 milliseconds in repetition 58
Round trip time was 45.730 milliseconds in repetition 59
Round trip time was 61.405 milliseconds in repetition 60
Round trip time was 56.089 milliseconds in repetition 61
Round trip time was 43.149 milliseconds in repetition 62
Round trip time was 47.064 milliseconds in repetition 63
Round trip time was 50.202 milliseconds in repetition 64
Round trip time was 56.852 milliseconds in repetition 65
Round trip time was 45.932 milliseconds in repetition 66
Round trip time was 45.967 milliseconds in repetition 67
Round trip time was 58.260 milliseconds in repetition 68
Round trip time was 61.883 milliseconds in repetition 69
Round trip time was 56.343 milliseconds in repetition 70
Round trip time was 46.095 milliseconds in repetition 71
Round trip time was 42.920 milliseconds in repetition 72
Round trip time was 45.698 milliseconds in repetition 73
Round trip time was 45.326 milliseconds in repetition 74
Round trip time was 53.688 milliseconds in repetition 75
Round trip time was 46.924 milliseconds in repetition 76
Round trip time was 51.740 milliseconds in repetition 77
Round trip time was 46.748 milliseconds in repetition 78
Round trip time was 56.749 milliseconds in repetition 79
Round trip time was 45.831 milliseconds in repetition 80
Round trip time was 49.115 milliseconds in repetition 81
Round trip time was 64.962 milliseconds in repetition 82
Round trip time was 46.120 milliseconds in repetition 83
Round trip time was 47.686 milliseconds in repetition 84
Round trip time was 50.051 milliseconds in repetition 85
Round trip time was 47.268 milliseconds in repetition 86
Round trip time was 47.925 milliseconds in repetition 87
Round trip time was 74.025 milliseconds in repetition 88
Round trip time was 47.782 milliseconds in repetition 89
Round trip time was 52.083 milliseconds in repetition 90
Round trip time was 49.931 milliseconds in repetition 91
Round trip time was 49.086 milliseconds in repetition 92
Round trip time was 51.816 milliseconds in repetition 93
Round trip time was 48.406 milliseconds in repetition 94
Round trip time was 48.795 milliseconds in repetition 95
Round trip time was 49.358 milliseconds in repetition 96
Round trip time was 51.298 milliseconds in repetition 97
Round trip time was 71.154 milliseconds in repetition 98
Round trip time was 42.866 milliseconds in repetition 99
Round trip time was 101.364 milliseconds in repetition 100
Round trip time was 51.296 milliseconds in repetition 101
Round trip time was 43.801 milliseconds in repetition 102
Round trip time was 64.762 milliseconds in repetition 103
Round trip time was 46.479 milliseconds in repetition 104
Round trip time was 49.177 milliseconds in repetition 105
Round trip time was 45.370 milliseconds in repetition 106
Round trip time was 52.795 milliseconds in repetition 107
Round trip time was 65.684 milliseconds in repetition 108
Round trip time was 43.677 milliseconds in repetition 109
Round trip time was 43.726 milliseconds in repetition 110
Round trip time was 56.242 milliseconds in repetition 111
Round trip time was 45.591 milliseconds in repetition 112
Round trip time was 53.054 milliseconds in repetition 113
Round trip time was 44.688 milliseconds in repetition 114
Round trip time was 63.244 milliseconds in repetition 115
Round trip time was 45.035 milliseconds in repetition 116
Round trip time was 61.870 milliseconds in repetition 117
Round trip time was 42.736 milliseconds in repetition 118
Round trip time was 49.066 milliseconds in repetition 119
Round trip time was 45.116 milliseconds in repetition 120
Round trip time was 44.266 milliseconds in repetition 121
Round trip time was 58.685 milliseconds in repetition 122
Round trip time was 46.018 milliseconds in repetition 123
Round trip time was 87.260 milliseconds in repetition 124
Round trip time was 56.997 milliseconds in repetition 125
Round trip time was 44.293 milliseconds in repetition 126
Round trip time was 52.851 milliseconds in repetition 127
Round trip time was 44.592 milliseconds in repetition 128
Round trip time was 48.907 milliseconds in repetition 129
Round trip time was 47.759 milliseconds in repetition 130
Round trip time was 44.933 milliseconds in repetition 131
Round trip time was 50.562 milliseconds in repetition 132
Round trip time was 48.321 milliseconds in repetition 133
Round trip time was 50.621 milliseconds in repetition 134
Round trip time was 80.548 milliseconds in repetition 135
Round trip time was 48.691 milliseconds in repetition 136
Round trip time was 43.706 milliseconds in repetition 137
Round trip time was 45.886 milliseconds in repetition 138
Round trip time was 53.330 milliseconds in repetition 139
Round trip time was 43.857 milliseconds in repetition 140
Round trip time was 54.816 milliseconds in repetition 141
Round trip time was 47.105 milliseconds in repetition 142
Round trip time was 43.582 milliseconds in repetition 143
Round trip time was 45.093 milliseconds in repetition 144
Round trip time was 44.427 milliseconds in repetition 145
Round trip time was 50.160 milliseconds in repetition 146
Round trip time was 43.093 milliseconds in repetition 147
Round trip time was 54.032 milliseconds in repetition 148
Round trip time was 79.586 milliseconds in repetition 149
Round trip time was 48.610 milliseconds in repetition 150
Round trip time was 42.707 milliseconds in repetition 151
Round trip time was 43.874 milliseconds in repetition 152
Round trip time was 46.661 milliseconds in repetition 153
Round trip time was 53.793 milliseconds in repetition 154
Round trip time was 43.969 milliseconds in repetition 155
Round trip time was 46.288 milliseconds in repetition 156
Round trip time was 46.790 milliseconds in repetition 157
Round trip time was 41.593 milliseconds in repetition 158
Round trip time was 53.556 milliseconds in repetition 159
Round trip time was 45.323 milliseconds in repetition 160
Round trip time was 44.754 milliseconds in repetition 161
Round trip time was 46.556 milliseconds in repetition 162
Round trip time was 44.594 milliseconds in repetition 163
Round trip time was 54.737 milliseconds in repetition 164
Round trip time was 48.427 milliseconds in repetition 165
Round trip time was 50.832 milliseconds in repetition 166
Round trip time was 47.171 milliseconds in repetition 167
Round trip time was 50.016 milliseconds in repetition 168
Round trip time was 47.080 milliseconds in repetition 169
Round trip time was 45.369 milliseconds in repetition 170
Round trip time was 45.089 milliseconds in repetition 171
Round trip time was 42.832 milliseconds in repetition 172
Round trip time was 49.272 milliseconds in repetition 173
Round trip time was 54.901 milliseconds in repetition 174
Round trip time was 56.570 milliseconds in repetition 175
Round trip time was 53.130 milliseconds in repetition 176
Round trip time was 56.614 milliseconds in repetition 177
Round trip time was 93.227 milliseconds in repetition 178
Round trip time was 44.447 milliseconds in repetition 179
Round trip time was 51.382 milliseconds in repetition 180
Round trip time was 48.825 milliseconds in repetition 181
Round trip time was 53.410 milliseconds in repetition 182
Round trip time was 49.212 milliseconds in repetition 183
Round trip time was 47.310 milliseconds in repetition 184
Round trip time was 46.993 milliseconds in repetition 185
Round trip time was 49.130 milliseconds in repetition 186
Round trip time was 45.167 milliseconds in repetition 187
Round trip time was 54.270 milliseconds in repetition 188
Round trip time was 50.165 milliseconds in repetition 189
Round trip time was 47.832 milliseconds in repetition 190
Round trip time was 67.695 milliseconds in repetition 191
Round trip time was 46.314 milliseconds in repetition 192
Round trip time was 43.684 milliseconds in repetition 193
Round trip time was 51.155 milliseconds in repetition 194
Round trip time was 47.107 milliseconds in repetition 195
Round trip time was 53.609 milliseconds in repetition 196
Round trip time was 44.990 milliseconds in repetition 197
Round trip time was 47.889 milliseconds in repetition 198
Round trip time was 61.268 milliseconds in repetition 199
Round trip time was 53.448 milliseconds in repetition 200
Round trip time was 44.814 milliseconds in repetition 201
Round trip time was 114.573 milliseconds in repetition 202
Round trip time was 59.850 milliseconds in repetition 203
Round trip time was 48.215 milliseconds in repetition 204
Round trip time was 86.654 milliseconds in repetition 205
Round trip time was 49.307 milliseconds in repetition 206
Round trip time was 46.517 milliseconds in repetition 207
Round trip time was 49.041 milliseconds in repetition 208
Round trip time was 55.854 milliseconds in repetition 209
Round trip time was 48.292 milliseconds in repetition 210
Round trip time was 50.540 milliseconds in repetition 211
Round trip time was 70.204 milliseconds in repetition 212
Round trip time was 43.635 milliseconds in repetition 213
Round trip time was 49.094 milliseconds in repetition 214
Round trip time was 51.998 milliseconds in repetition 215
Round trip time was 47.295 milliseconds in repetition 216
Round trip time was 79.629 milliseconds in repetition 217
Round trip time was 43.180 milliseconds in repetition 218
Round trip time was 44.418 milliseconds in repetition 219
Round trip time was 42.606 milliseconds in repetition 220
Round trip time was 42.373 milliseconds in repetition 221
Round trip time was 44.645 milliseconds in repetition 222
Round trip time was 51.429 milliseconds in repetition 223
Round trip time was 46.602 milliseconds in repetition 224
Round trip time was 52.020 milliseconds in repetition 225
Round trip time was 47.744 milliseconds in repetition 226
Round trip time was 50.745 milliseconds in repetition 227
Round trip time was 47.751 milliseconds in repetition 228
Round trip time was 58.959 milliseconds in repetition 229
Round trip time was 45.329 milliseconds in repetition 230
Round trip time was 47.561 milliseconds in repetition 231
Round trip time was 41.837 milliseconds in repetition 232
Round trip time was 47.956 milliseconds in repetition 233
Round trip time was 49.081 milliseconds in repetition 234
Round trip time was 44.408 milliseconds in repetition 235
Round trip time was 44.428 milliseconds in repetition 236
Round trip time was 44.204 milliseconds in repetition 237
Round trip time was 51.438 milliseconds in repetition 238
Round trip time was 47.017 milliseconds in repetition 239
Round trip time was 73.318 milliseconds in repetition 240
Round trip time was 44.293 milliseconds in repetition 241
Round trip time was 46.149 milliseconds in repetition 242
Round trip time was 43.612 milliseconds in repetition 243
Round trip time was 53.330 milliseconds in repetition 244
Round trip time was 60.999 milliseconds in repetition 245
Round trip time was 46.199 milliseconds in repetition 246
Round trip time was 44.028 milliseconds in repetition 247
Round trip time was 75.648 milliseconds in repetition 248
Round trip time was 55.941 milliseconds in repetition 249
Round trip time was 49.980 milliseconds in repetition 250
Round trip time was 92.443 milliseconds in repetition 251
Round trip time was 49.825 milliseconds in repetition 252
Round trip time was 47.038 milliseconds in repetition 253
Round trip time was 47.607 milliseconds in repetition 254
Round trip time was 49.017 milliseconds in repetition 255
Round trip time was 52.203 milliseconds in repetition 256
Round trip time was 64.206 milliseconds in repetition 257
Round trip time was 102.363 milliseconds in repetition 258
Round trip time was 47.670 milliseconds in repetition 259
Round trip time was 46.966 milliseconds in repetition 260
Round trip time was 50.226 milliseconds in repetition 261
Round trip time was 48.532 milliseconds in repetition 262
Round trip time was 52.383 milliseconds in repetition 263
Round trip time was 44.550 milliseconds in repetition 264
Round trip time was 48.745 milliseconds in repetition 265
Round trip time was 52.805 milliseconds in repetition 266
Round trip time was 50.172 milliseconds in repetition 267
Round trip time was 46.713 milliseconds in repetition 268
Round trip time was 61.141 milliseconds in repetition 269
Round trip time was 72.532 milliseconds in repetition 270
Round trip time was 81.199 milliseconds in repetition 271
Round trip time was 51.889 milliseconds in repetition 272
Round trip time was 47.295 milliseconds in repetition 273
Round trip time was 48.750 milliseconds in repetition 274
Round trip time was 47.367 milliseconds in repetition 275
Round trip time was 54.160 milliseconds in repetition 276
Round trip time was 54.671 milliseconds in repetition 277
Round trip time was 53.991 milliseconds in repetition 278
Round trip time was 46.576 milliseconds in repetition 279
Round trip time was 63.882 milliseconds in repetition 280
Round trip time was 47.702 milliseconds in repetition 281
Round trip time was 47.149 milliseconds in repetition 282
Round trip time was 50.880 milliseconds in repetition 283
Round trip time was 54.615 milliseconds in repetition 284
Round trip time was 49.545 milliseconds in repetition 285
Round trip time was 42.866 milliseconds in repetition 286
Round trip time was 50.721 milliseconds in repetition 287
Round trip time was 42.647 milliseconds in repetition 288
Round trip time was 67.103 milliseconds in repetition 289
Round trip time was 44.968 milliseconds in repetition 290
Round trip time was 51.077 milliseconds in repetition 291
Round trip time was 46.686 milliseconds in repetition 292
Round trip time was 48.157 milliseconds in repetition 293
Round trip time was 48.597 milliseconds in repetition 294
Round trip time was 45.284 milliseconds in repetition 295
Round trip time was 66.377 milliseconds in repetition 296
Round trip time was 48.426 milliseconds in repetition 297
Round trip time was 49.241 milliseconds in repetition 298
Round trip time was 47.461 milliseconds in repetition 299
Round trip time was 47.386 milliseconds in repetition 300
Round trip time was 48.235 milliseconds in repetition 301
Round trip time was 52.876 milliseconds in repetition 302
Round trip time was 48.733 milliseconds in repetition 303
Round trip time was 46.617 milliseconds in repetition 304
Round trip time was 50.621 milliseconds in repetition 305
Round trip time was 44.263 milliseconds in repetition 306
Round trip time was 53.246 milliseconds in repetition 307
Round trip time was 46.253 milliseconds in repetition 308
Round trip time was 44.086 milliseconds in repetition 309
Round trip time was 47.201 milliseconds in repetition 310
Round trip time was 63.622 milliseconds in repetition 311
Round trip time was 52.353 milliseconds in repetition 312
Round trip time was 51.513 milliseconds in repetition 313
Round trip time was 55.167 milliseconds in repetition 314
Round trip time was 49.620 milliseconds in repetition 315
Round trip time was 51.270 milliseconds in repetition 316
Round trip time was 49.549 milliseconds in repetition 317
Round trip time was 51.862 milliseconds in repetition 318
Round trip time was 53.368 milliseconds in repetition 319
Round trip time was 45.870 milliseconds in repetition 320
Round trip time was 45.944 milliseconds in repetition 321
Round trip time was 134.824 milliseconds in repetition 322
Round trip time was 65.392 milliseconds in repetition 323
Round trip time was 48.089 milliseconds in repetition 324
Round trip time was 48.924 milliseconds in repetition 325
Round trip time was 53.030 milliseconds in repetition 326
Round trip time was 57.718 milliseconds in repetition 327
Round trip time was 46.839 milliseconds in repetition 328
Round trip time was 54.511 milliseconds in repetition 329
Round trip time was 44.730 milliseconds in repetition 330
Round trip time was 50.603 milliseconds in repetition 331
Round trip time was 43.796 milliseconds in repetition 332
Round trip time was 87.370 milliseconds in repetition 333
Round trip time was 52.998 milliseconds in repetition 334
Round trip time was 48.876 milliseconds in repetition 335
Round trip time was 50.444 milliseconds in repetition 336
Round trip time was 51.926 milliseconds in repetition 337
Round trip time was 45.309 milliseconds in repetition 338
Round trip time was 134.902 milliseconds in repetition 339
Round trip time was 54.369 milliseconds in repetition 340
Round trip time was 60.148 milliseconds in repetition 341
Round trip time was 44.295 milliseconds in repetition 342
Round trip time was 57.029 milliseconds in repetition 343
Round trip time was 46.976 milliseconds in repetition 344
Round trip time was 55.261 milliseconds in repetition 345
Round trip time was 47.282 milliseconds in repetition 346
Round trip time was 45.389 milliseconds in repetition 347
Round trip time was 70.190 milliseconds in repetition 348
Round trip time was 47.838 milliseconds in repetition 349
Round trip time was 44.202 milliseconds in repetition 350
Round trip time was 52.890 milliseconds in repetition 351
Round trip time was 49.749 milliseconds in repetition 352
Round trip time was 45.911 milliseconds in repetition 353
Round trip time was 47.284 milliseconds in repetition 354
Round trip time was 48.090 milliseconds in repetition 355
Round trip time was 50.453 milliseconds in repetition 356
Round trip time was 57.699 milliseconds in repetition 357
Round trip time was 54.660 milliseconds in repetition 358
Round trip time was 51.362 milliseconds in repetition 359
Round trip time was 57.121 milliseconds in repetition 360
Round trip time was 82.403 milliseconds in repetition 361
Round trip time was 61.059 milliseconds in repetition 362
Round trip time was 44.706 milliseconds in repetition 363
Round trip time was 50.230 milliseconds in repetition 364
Round trip time was 46.369 milliseconds in repetition 365
Round trip time was 47.859 milliseconds in repetition 366
Round trip time was 47.139 milliseconds in repetition 367
Round trip time was 49.081 milliseconds in repetition 368
Round trip time was 58.934 milliseconds in repetition 369
Round trip time was 50.019 milliseconds in repetition 370
Round trip time was 52.520 milliseconds in repetition 371
Round trip time was 50.983 milliseconds in repetition 372
Round trip time was 54.418 milliseconds in repetition 373
Round trip time was 47.316 milliseconds in repetition 374
Round trip time was 50.934 milliseconds in repetition 375
Round trip time was 52.025 milliseconds in repetition 376
Round trip time was 50.108 milliseconds in repetition 377
Round trip time was 51.072 milliseconds in repetition 378
Round trip time was 58.501 milliseconds in repetition 379
Round trip time was 64.264 milliseconds in repetition 380
Round trip time was 59.907 milliseconds in repetition 381
Round trip time was 58.529 milliseconds in repetition 382
Round trip time was 51.078 milliseconds in repetition 383
Round trip time was 59.650 milliseconds in repetition 384
Round trip time was 49.932 milliseconds in repetition 385
Round trip time was 51.381 milliseconds in repetition 386
Round trip time was 52.872 milliseconds in repetition 387
Round trip time was 55.113 milliseconds in repetition 388
Round trip time was 53.959 milliseconds in repetition 389
Round trip time was 56.990 milliseconds in repetition 390
Round trip time was 51.667 milliseconds in repetition 391
Round trip time was 47.868 milliseconds in repetition 392
Round trip time was 49.027 milliseconds in repetition 393
Round trip time was 51.986 milliseconds in repetition 394
Round trip time was 56.403 milliseconds in repetition 395
Round trip time was 47.772 milliseconds in repetition 396
Round trip time was 55.113 milliseconds in repetition 397
Round trip time was 52.385 milliseconds in repetition 398
Round trip time was 57.395 milliseconds in repetition 399
Round trip time was 54.645 milliseconds in repetition 400
Round trip time was 62.591 milliseconds in repetition 401
Round trip time was 51.172 milliseconds in repetition 402
Round trip time was 50.546 milliseconds in repetition 403
Round trip time was 55.904 milliseconds in repetition 404
Round trip time was 47.677 milliseconds in repetition 405
Round trip time was 51.246 milliseconds in repetition 406
Round trip time was 47.764 milliseconds in repetition 407
Round trip time was 51.628 milliseconds in repetition 408
Round trip time was 51.111 milliseconds in repetition 409
Round trip time was 46.818 milliseconds in repetition 410
Round trip time was 48.625 milliseconds in repetition 411
Round trip time was 49.914 milliseconds in repetition 412
Round trip time was 45.683 milliseconds in repetition 413
Round trip time was 76.729 milliseconds in repetition 414
Round trip time was 47.536 milliseconds in repetition 415
Round trip time was 44.380 milliseconds in repetition 416
Round trip time was 47.370 milliseconds in repetition 417
Round trip time was 61.788 milliseconds in repetition 418
Round trip time was 55.778 milliseconds in repetition 419
Round trip time was 47.215 milliseconds in repetition 420
Round trip time was 49.654 milliseconds in repetition 421
Round trip time was 45.302 milliseconds in repetition 422
Round trip time was 53.556 milliseconds in repetition 423
Round trip time was 48.725 milliseconds in repetition 424
Round trip time was 57.438 milliseconds in repetition 425
Round trip time was 43.916 milliseconds in repetition 426
Round trip time was 64.316 milliseconds in repetition 427
Round trip time was 45.064 milliseconds in repetition 428
Round trip time was 56.646 milliseconds in repetition 429
Round trip time was 47.142 milliseconds in repetition 430
Round trip time was 53.762 milliseconds in repetition 431
Round trip time was 51.771 milliseconds in repetition 432
Round trip time was 43.359 milliseconds in repetition 433
Round trip time was 45.020 milliseconds in repetition 434
Round trip time was 49.931 milliseconds in repetition 435
Round trip time was 42.990 milliseconds in repetition 436
Round trip time was 49.695 milliseconds in repetition 437
Round trip time was 45.363 milliseconds in repetition 438
Round trip time was 53.490 milliseconds in repetition 439
Round trip time was 43.894 milliseconds in repetition 440
Round trip time was 48.683 milliseconds in repetition 441
Round trip time was 64.296 milliseconds in repetition 442
Round trip time was 50.798 milliseconds in repetition 443
Round trip time was 55.064 milliseconds in repetition 444
Round trip time was 44.207 milliseconds in repetition 445
Round trip time was 45.937 milliseconds in repetition 446
Round trip time was 52.119 milliseconds in repetition 447
Round trip time was 51.732 milliseconds in repetition 448
Round trip time was 51.417 milliseconds in repetition 449
Round trip time was 45.962 milliseconds in repetition 450
Round trip time was 43.187 milliseconds in repetition 451
Round trip time was 46.015 milliseconds in repetition 452
Round trip time was 48.850 milliseconds in repetition 453
Round trip time was 52.896 milliseconds in repetition 454
Round trip time was 46.363 milliseconds in repetition 455
Round trip time was 62.489 milliseconds in repetition 456
Round trip time was 80.174 milliseconds in repetition 457
Round trip time was 48.822 milliseconds in repetition 458
Round trip time was 60.574 milliseconds in repetition 459
Round trip time was 90.329 milliseconds in repetition 460
Round trip time was 53.185 milliseconds in repetition 461
Round trip time was 43.620 milliseconds in repetition 462
Round trip time was 48.221 milliseconds in repetition 463
Round trip time was 52.803 milliseconds in repetition 464
Round trip time was 47.667 milliseconds in repetition 465
Round trip time was 67.855 milliseconds in repetition 466
Round trip time was 44.282 milliseconds in repetition 467
Round trip time was 66.862 milliseconds in repetition 468
Round trip time was 80.947 milliseconds in repetition 469
Round trip time was 43.462 milliseconds in repetition 470
Round trip time was 52.411 milliseconds in repetition 471
Round trip time was 45.215 milliseconds in repetition 472
Round trip time was 43.621 milliseconds in repetition 473
Round trip time was 49.434 milliseconds in repetition 474
Round trip time was 52.948 milliseconds in repetition 475
Round trip time was 52.496 milliseconds in repetition 476
Round trip time was 65.826 milliseconds in repetition 477
Round trip time was 43.467 milliseconds in repetition 478
Round trip time was 51.734 milliseconds in repetition 479
Round trip time was 46.294 milliseconds in repetition 480
Round trip time was 74.937 milliseconds in repetition 481
Round trip time was 48.291 milliseconds in repetition 482
Round trip time was 48.812 milliseconds in repetition 483
Round trip time was 43.584 milliseconds in repetition 484
Round trip time was 54.008 milliseconds in repetition 485
Round trip time was 45.313 milliseconds in repetition 486
Round trip time was 47.909 milliseconds in repetition 487
Round trip time was 48.990 milliseconds in repetition 488
Round trip time was 49.682 milliseconds in repetition 489
Round trip time was 56.539 milliseconds in repetition 490
Round trip time was 48.388 milliseconds in repetition 491
Round trip time was 47.409 milliseconds in repetition 492
Round trip time was 45.875 milliseconds in repetition 493
Round trip time was 47.199 milliseconds in repetition 494
Round trip time was 58.243 milliseconds in repetition 495
Round trip time was 49.254 milliseconds in repetition 496
Round trip time was 45.639 milliseconds in repetition 497
Round trip time was 59.172 milliseconds in repetition 498
Round trip time was 46.313 milliseconds in repetition 499
Round trip time was 61.126 milliseconds in repetition 500
Round trip time was 46.021 milliseconds in repetition 501

 ... clock resolution was 0.0001
UDP Ping:  Statistics over 501 repetitions of 32768 byte messages

RTT : percentile 10: 44.2819, median: 49.1151, percentile 90: 62.5906, average: 53.2009, variance: 651.998

RTT histogram:
41.5932 394
68.0285 93
94.4638 10
120.899 1
147.334 2
173.77 0
200.205 0
226.64 0
253.075 0
279.511 0
305.946 0
332.381 0
358.816 0
385.252 0
411.687 0
438.122 0
464.557 0
490.993 0
517.428 0
543.863 0
570.299 1

   median Throughput : 1334.34 KB/s   overall Throughput : 1231.86 KB/s

