UDP Ping trying to connect to server seti.dibris.unige.it (130.251.61.30) on TCP port 1491
 ... connected to Pong server: asking for 501 repetitions of 256 _bytes UDP messages
 ... Pong server agreed to ping-pong using port 49834 :-)
Round trip time was 36.745 milliseconds in repetition 1
Round trip time was 25.946 milliseconds in repetition 2
Round trip time was 26.145 milliseconds in repetition 3
Round trip time was 28.758 milliseconds in repetition 4
Round trip time was 25.807 milliseconds in repetition 5
Round trip time was 24.354 milliseconds in repetition 6
Round trip time was 25.572 milliseconds in repetition 7
Round trip time was 28.399 milliseconds in repetition 8
Round trip time was 25.322 milliseconds in repetition 9
Round trip time was 28.173 milliseconds in repetition 10
Round trip time was 24.627 milliseconds in repetition 11
Round trip time was 31.611 milliseconds in repetition 12
Round trip time was 24.499 milliseconds in repetition 13
Round trip time was 24.306 milliseconds in repetition 14
Round trip time was 29.421 milliseconds in repetition 15
Round trip time was 24.683 milliseconds in repetition 16
Round trip time was 24.204 milliseconds in repetition 17
Round trip time was 28.737 milliseconds in repetition 18
Round trip time was 24.339 milliseconds in repetition 19
Round trip time was 25.113 milliseconds in repetition 20
Round trip time was 27.056 milliseconds in repetition 21
Round trip time was 23.537 milliseconds in repetition 22
Round trip time was 27.593 milliseconds in repetition 23
Round trip time was 23.908 milliseconds in repetition 24
Round trip time was 25.340 milliseconds in repetition 25
Round trip time was 24.142 milliseconds in repetition 26
Round trip time was 25.460 milliseconds in repetition 27
Round trip time was 29.354 milliseconds in repetition 28
Round trip time was 25.128 milliseconds in repetition 29
Round trip time was 25.480 milliseconds in repetition 30
Round trip time was 25.271 milliseconds in repetition 31
Round trip time was 24.550 milliseconds in repetition 32
Round trip time was 24.148 milliseconds in repetition 33
Round trip time was 24.354 milliseconds in repetition 34
Round trip time was 26.811 milliseconds in repetition 35
Round trip time was 23.828 milliseconds in repetition 36
Round trip time was 28.908 milliseconds in repetition 37
Round trip time was 27.771 milliseconds in repetition 38
Round trip time was 43.154 milliseconds in repetition 39
Round trip time was 30.302 milliseconds in repetition 40
Round trip time was 24.788 milliseconds in repetition 41
Round trip time was 24.405 milliseconds in repetition 42
Round trip time was 23.539 milliseconds in repetition 43
Round trip time was 28.683 milliseconds in repetition 44
Round trip time was 38.945 milliseconds in repetition 45
Round trip time was 25.912 milliseconds in repetition 46
Round trip time was 30.379 milliseconds in repetition 47
Round trip time was 23.654 milliseconds in repetition 48
Round trip time was 25.830 milliseconds in repetition 49
Round trip time was 24.414 milliseconds in repetition 50
Round trip time was 29.666 milliseconds in repetition 51
Round trip time was 31.489 milliseconds in repetition 52
Round trip time was 27.748 milliseconds in repetition 53
Round trip time was 26.175 milliseconds in repetition 54
Round trip time was 26.008 milliseconds in repetition 55
Round trip time was 29.141 milliseconds in repetition 56
Round trip time was 26.168 milliseconds in repetition 57
Round trip time was 26.794 milliseconds in repetition 58
Round trip time was 24.549 milliseconds in repetition 59
Round trip time was 26.436 milliseconds in repetition 60
Round trip time was 28.070 milliseconds in repetition 61
Round trip time was 26.669 milliseconds in repetition 62
Round trip time was 25.695 milliseconds in repetition 63
Round trip time was 42.831 milliseconds in repetition 64
Round trip time was 24.360 milliseconds in repetition 65
Round trip time was 24.961 milliseconds in repetition 66
Round trip time was 28.260 milliseconds in repetition 67
Round trip time was 31.409 milliseconds in repetition 68
Round trip time was 24.561 milliseconds in repetition 69
Round trip time was 27.434 milliseconds in repetition 70
Round trip time was 24.133 milliseconds in repetition 71
Round trip time was 25.826 milliseconds in repetition 72
Round trip time was 25.828 milliseconds in repetition 73
Round trip time was 28.136 milliseconds in repetition 74
Round trip time was 25.971 milliseconds in repetition 75
Round trip time was 24.297 milliseconds in repetition 76
Round trip time was 23.409 milliseconds in repetition 77
Round trip time was 28.552 milliseconds in repetition 78
Round trip time was 25.451 milliseconds in repetition 79
Round trip time was 24.702 milliseconds in repetition 80
Round trip time was 39.681 milliseconds in repetition 81
Round trip time was 23.643 milliseconds in repetition 82
Round trip time was 25.033 milliseconds in repetition 83
Round trip time was 36.668 milliseconds in repetition 84
Round trip time was 25.280 milliseconds in repetition 85
Round trip time was 25.822 milliseconds in repetition 86
Round trip time was 32.266 milliseconds in repetition 87
Round trip time was 27.775 milliseconds in repetition 88
Round trip time was 45.873 milliseconds in repetition 89
Round trip time was 25.590 milliseconds in repetition 90
Round trip time was 23.976 milliseconds in repetition 91
Round trip time was 26.330 milliseconds in repetition 92
Round trip time was 25.863 milliseconds in repetition 93
Round trip time was 24.272 milliseconds in repetition 94
Round trip time was 24.492 milliseconds in repetition 95
Round trip time was 26.898 milliseconds in repetition 96
Round trip time was 23.868 milliseconds in repetition 97
Round trip time was 25.777 milliseconds in repetition 98
Round trip time was 25.781 milliseconds in repetition 99
Round trip time was 27.131 milliseconds in repetition 100
Round trip time was 27.104 milliseconds in repetition 101
Round trip time was 23.831 milliseconds in repetition 102
Round trip time was 23.542 milliseconds in repetition 103
Round trip time was 27.105 milliseconds in repetition 104
Round trip time was 23.543 milliseconds in repetition 105
Round trip time was 24.056 milliseconds in repetition 106
Round trip time was 24.093 milliseconds in repetition 107
Round trip time was 27.316 milliseconds in repetition 108
Round trip time was 23.487 milliseconds in repetition 109
Round trip time was 24.096 milliseconds in repetition 110
Round trip time was 24.434 milliseconds in repetition 111
Round trip time was 25.193 milliseconds in repetition 112
Round trip time was 24.800 milliseconds in repetition 113
Round trip time was 25.274 milliseconds in repetition 114
Round trip time was 27.077 milliseconds in repetition 115
Round trip time was 45.848 milliseconds in repetition 116
Round trip time was 24.463 milliseconds in repetition 117
Round trip time was 24.503 milliseconds in repetition 118
Round trip time was 23.881 milliseconds in repetition 119
Round trip time was 24.994 milliseconds in repetition 120
Round trip time was 23.845 milliseconds in repetition 121
Round trip time was 27.360 milliseconds in repetition 122
Round trip time was 25.387 milliseconds in repetition 123
Round trip time was 24.303 milliseconds in repetition 124
Round trip time was 24.191 milliseconds in repetition 125
Round trip time was 26.864 milliseconds in repetition 126
Round trip time was 38.641 milliseconds in repetition 127
Round trip time was 25.215 milliseconds in repetition 128
Round trip time was 25.500 milliseconds in repetition 129
Round trip time was 24.126 milliseconds in repetition 130
Round trip time was 25.045 milliseconds in repetition 131
Round trip time was 23.892 milliseconds in repetition 132
Round trip time was 28.960 milliseconds in repetition 133
Round trip time was 27.085 milliseconds in repetition 134
Round trip time was 31.399 milliseconds in repetition 135
Round trip time was 28.499 milliseconds in repetition 136
Round trip time was 28.356 milliseconds in repetition 137
Round trip time was 25.055 milliseconds in repetition 138
Round trip time was 39.134 milliseconds in repetition 139
Round trip time was 28.004 milliseconds in repetition 140
Round trip time was 56.159 milliseconds in repetition 141
Round trip time was 26.982 milliseconds in repetition 142
Round trip time was 23.964 milliseconds in repetition 143
Round trip time was 28.528 milliseconds in repetition 144
Round trip time was 23.869 milliseconds in repetition 145
Round trip time was 25.912 milliseconds in repetition 146
Round trip time was 24.284 milliseconds in repetition 147
Round trip time was 24.900 milliseconds in repetition 148
Round trip time was 29.165 milliseconds in repetition 149
Round trip time was 23.637 milliseconds in repetition 150
Round trip time was 23.983 milliseconds in repetition 151
Round trip time was 23.783 milliseconds in repetition 152

 ... received 0 bytes instead of 256 (lost count = 1); re-trying ...
 ... re-trying ...
Round trip time was 26.153 milliseconds in repetition 153
Round trip time was 27.370 milliseconds in repetition 154
Round trip time was 23.421 milliseconds in repetition 155
Round trip time was 29.568 milliseconds in repetition 156
Round trip time was 25.660 milliseconds in repetition 157
Round trip time was 24.351 milliseconds in repetition 158
Round trip time was 24.147 milliseconds in repetition 159
Round trip time was 26.860 milliseconds in repetition 160
Round trip time was 30.542 milliseconds in repetition 161
Round trip time was 26.429 milliseconds in repetition 162
Round trip time was 51.555 milliseconds in repetition 163
Round trip time was 26.286 milliseconds in repetition 164
Round trip time was 28.439 milliseconds in repetition 165
Round trip time was 27.111 milliseconds in repetition 166
Round trip time was 23.982 milliseconds in repetition 167
Round trip time was 23.771 milliseconds in repetition 168
Round trip time was 23.645 milliseconds in repetition 169
Round trip time was 23.381 milliseconds in repetition 170
Round trip time was 24.835 milliseconds in repetition 171
Round trip time was 23.928 milliseconds in repetition 172
Round trip time was 24.464 milliseconds in repetition 173
Round trip time was 25.115 milliseconds in repetition 174
Round trip time was 31.861 milliseconds in repetition 175
Round trip time was 28.714 milliseconds in repetition 176
Round trip time was 25.593 milliseconds in repetition 177
Round trip time was 27.313 milliseconds in repetition 178
Round trip time was 23.545 milliseconds in repetition 179
Round trip time was 24.695 milliseconds in repetition 180
Round trip time was 27.140 milliseconds in repetition 181
Round trip time was 24.456 milliseconds in repetition 182
Round trip time was 25.860 milliseconds in repetition 183
Round trip time was 41.891 milliseconds in repetition 184
Round trip time was 26.102 milliseconds in repetition 185
Round trip time was 24.667 milliseconds in repetition 186
Round trip time was 27.811 milliseconds in repetition 187
Round trip time was 26.769 milliseconds in repetition 188
Round trip time was 39.614 milliseconds in repetition 189
Round trip time was 24.570 milliseconds in repetition 190
Round trip time was 27.446 milliseconds in repetition 191
Round trip time was 24.032 milliseconds in repetition 192
Round trip time was 23.711 milliseconds in repetition 193
Round trip time was 23.403 milliseconds in repetition 194
Round trip time was 30.727 milliseconds in repetition 195
Round trip time was 23.886 milliseconds in repetition 196
Round trip time was 24.385 milliseconds in repetition 197
Round trip time was 26.588 milliseconds in repetition 198
Round trip time was 23.754 milliseconds in repetition 199
Round trip time was 24.572 milliseconds in repetition 200
Round trip time was 24.538 milliseconds in repetition 201
Round trip time was 23.758 milliseconds in repetition 202
Round trip time was 24.188 milliseconds in repetition 203
Round trip time was 27.113 milliseconds in repetition 204
Round trip time was 27.063 milliseconds in repetition 205
Round trip time was 24.276 milliseconds in repetition 206
Round trip time was 24.737 milliseconds in repetition 207
Round trip time was 30.256 milliseconds in repetition 208
Round trip time was 23.981 milliseconds in repetition 209
Round trip time was 24.846 milliseconds in repetition 210
Round trip time was 27.553 milliseconds in repetition 211
Round trip time was 25.927 milliseconds in repetition 212
Round trip time was 23.905 milliseconds in repetition 213
Round trip time was 23.949 milliseconds in repetition 214
Round trip time was 24.267 milliseconds in repetition 215
Round trip time was 40.357 milliseconds in repetition 216
Round trip time was 24.094 milliseconds in repetition 217
Round trip time was 24.003 milliseconds in repetition 218
Round trip time was 24.256 milliseconds in repetition 219
Round trip time was 28.777 milliseconds in repetition 220
Round trip time was 24.652 milliseconds in repetition 221
Round trip time was 24.106 milliseconds in repetition 222
Round trip time was 23.843 milliseconds in repetition 223
Round trip time was 23.946 milliseconds in repetition 224
Round trip time was 25.249 milliseconds in repetition 225
Round trip time was 24.067 milliseconds in repetition 226
Round trip time was 23.735 milliseconds in repetition 227
Round trip time was 25.281 milliseconds in repetition 228
Round trip time was 24.100 milliseconds in repetition 229
Round trip time was 23.863 milliseconds in repetition 230
Round trip time was 23.978 milliseconds in repetition 231
Round trip time was 28.249 milliseconds in repetition 232
Round trip time was 27.183 milliseconds in repetition 233
Round trip time was 23.782 milliseconds in repetition 234
Round trip time was 24.429 milliseconds in repetition 235
Round trip time was 26.645 milliseconds in repetition 236
Round trip time was 26.647 milliseconds in repetition 237
Round trip time was 27.997 milliseconds in repetition 238
Round trip time was 25.032 milliseconds in repetition 239
Round trip time was 24.369 milliseconds in repetition 240
Round trip time was 24.245 milliseconds in repetition 241
Round trip time was 24.137 milliseconds in repetition 242
Round trip time was 43.281 milliseconds in repetition 243
Round trip time was 27.026 milliseconds in repetition 244
Round trip time was 26.120 milliseconds in repetition 245
Round trip time was 23.828 milliseconds in repetition 246
Round trip time was 25.724 milliseconds in repetition 247
Round trip time was 44.727 milliseconds in repetition 248
Round trip time was 24.602 milliseconds in repetition 249
Round trip time was 31.618 milliseconds in repetition 250
Round trip time was 25.057 milliseconds in repetition 251
Round trip time was 25.432 milliseconds in repetition 252
Round trip time was 27.335 milliseconds in repetition 253
Round trip time was 41.483 milliseconds in repetition 254
Round trip time was 65.235 milliseconds in repetition 255
Round trip time was 25.897 milliseconds in repetition 256
Round trip time was 24.240 milliseconds in repetition 257
Round trip time was 41.893 milliseconds in repetition 258
Round trip time was 39.754 milliseconds in repetition 259
Round trip time was 29.675 milliseconds in repetition 260
Round trip time was 32.614 milliseconds in repetition 261
Round trip time was 30.343 milliseconds in repetition 262
Round trip time was 28.419 milliseconds in repetition 263
Round trip time was 26.295 milliseconds in repetition 264
Round trip time was 26.445 milliseconds in repetition 265
Round trip time was 24.418 milliseconds in repetition 266
Round trip time was 25.502 milliseconds in repetition 267
Round trip time was 23.886 milliseconds in repetition 268
Round trip time was 27.839 milliseconds in repetition 269
Round trip time was 28.644 milliseconds in repetition 270
Round trip time was 31.159 milliseconds in repetition 271
Round trip time was 24.989 milliseconds in repetition 272
Round trip time was 26.725 milliseconds in repetition 273
Round trip time was 25.822 milliseconds in repetition 274
Round trip time was 23.988 milliseconds in repetition 275
Round trip time was 23.456 milliseconds in repetition 276
Round trip time was 24.813 milliseconds in repetition 277
Round trip time was 27.768 milliseconds in repetition 278
Round trip time was 25.936 milliseconds in repetition 279
Round trip time was 24.708 milliseconds in repetition 280
Round trip time was 23.627 milliseconds in repetition 281
Round trip time was 23.355 milliseconds in repetition 282
Round trip time was 23.526 milliseconds in repetition 283
Round trip time was 24.975 milliseconds in repetition 284
Round trip time was 30.680 milliseconds in repetition 285
Round trip time was 26.665 milliseconds in repetition 286
Round trip time was 27.401 milliseconds in repetition 287
Round trip time was 24.206 milliseconds in repetition 288
Round trip time was 24.813 milliseconds in repetition 289
Round trip time was 28.866 milliseconds in repetition 290
Round trip time was 24.951 milliseconds in repetition 291
Round trip time was 55.422 milliseconds in repetition 292
Round trip time was 25.283 milliseconds in repetition 293
Round trip time was 23.561 milliseconds in repetition 294
Round trip time was 32.117 milliseconds in repetition 295
Round trip time was 24.493 milliseconds in repetition 296
Round trip time was 31.669 milliseconds in repetition 297
Round trip time was 26.229 milliseconds in repetition 298
Round trip time was 33.754 milliseconds in repetition 299
Round trip time was 29.709 milliseconds in repetition 300
Round trip time was 27.255 milliseconds in repetition 301
Round trip time was 24.436 milliseconds in repetition 302
Round trip time was 25.427 milliseconds in repetition 303
Round trip time was 24.248 milliseconds in repetition 304
Round trip time was 24.913 milliseconds in repetition 305
Round trip time was 23.704 milliseconds in repetition 306
Round trip time was 26.380 milliseconds in repetition 307
Round trip time was 26.886 milliseconds in repetition 308
Round trip time was 44.146 milliseconds in repetition 309
Round trip time was 24.849 milliseconds in repetition 310
Round trip time was 24.180 milliseconds in repetition 311
Round trip time was 28.112 milliseconds in repetition 312
Round trip time was 26.413 milliseconds in repetition 313
Round trip time was 23.763 milliseconds in repetition 314
Round trip time was 29.691 milliseconds in repetition 315
Round trip time was 29.366 milliseconds in repetition 316
Round trip time was 24.084 milliseconds in repetition 317
Round trip time was 24.225 milliseconds in repetition 318
Round trip time was 26.759 milliseconds in repetition 319
Round trip time was 26.778 milliseconds in repetition 320
Round trip time was 23.882 milliseconds in repetition 321
Round trip time was 23.556 milliseconds in repetition 322
Round trip time was 24.332 milliseconds in repetition 323
Round trip time was 23.881 milliseconds in repetition 324
Round trip time was 25.598 milliseconds in repetition 325
Round trip time was 27.759 milliseconds in repetition 326
Round trip time was 24.968 milliseconds in repetition 327
Round trip time was 27.104 milliseconds in repetition 328
Round trip time was 26.653 milliseconds in repetition 329
Round trip time was 35.995 milliseconds in repetition 330
Round trip time was 29.920 milliseconds in repetition 331
Round trip time was 27.297 milliseconds in repetition 332
Round trip time was 28.328 milliseconds in repetition 333
Round trip time was 29.908 milliseconds in repetition 334
Round trip time was 57.436 milliseconds in repetition 335
Round trip time was 25.485 milliseconds in repetition 336
Round trip time was 24.984 milliseconds in repetition 337
Round trip time was 24.616 milliseconds in repetition 338
Round trip time was 23.705 milliseconds in repetition 339
Round trip time was 24.517 milliseconds in repetition 340
Round trip time was 28.364 milliseconds in repetition 341
Round trip time was 31.507 milliseconds in repetition 342
Round trip time was 25.297 milliseconds in repetition 343
Round trip time was 24.041 milliseconds in repetition 344
Round trip time was 25.078 milliseconds in repetition 345
Round trip time was 23.715 milliseconds in repetition 346
Round trip time was 23.924 milliseconds in repetition 347
Round trip time was 24.128 milliseconds in repetition 348
Round trip time was 35.627 milliseconds in repetition 349
Round trip time was 25.594 milliseconds in repetition 350
Round trip time was 24.389 milliseconds in repetition 351
Round trip time was 24.796 milliseconds in repetition 352
Round trip time was 32.351 milliseconds in repetition 353
Round trip time was 27.076 milliseconds in repetition 354
Round trip time was 35.375 milliseconds in repetition 355
Round trip time was 49.051 milliseconds in repetition 356
Round trip time was 27.660 milliseconds in repetition 357
Round trip time was 25.454 milliseconds in repetition 358
Round trip time was 26.006 milliseconds in repetition 359
Round trip time was 27.805 milliseconds in repetition 360
Round trip time was 25.615 milliseconds in repetition 361
Round trip time was 26.025 milliseconds in repetition 362
Round trip time was 29.116 milliseconds in repetition 363
Round trip time was 25.600 milliseconds in repetition 364
Round trip time was 27.209 milliseconds in repetition 365
Round trip time was 26.839 milliseconds in repetition 366
Round trip time was 54.520 milliseconds in repetition 367
Round trip time was 41.109 milliseconds in repetition 368
Round trip time was 25.357 milliseconds in repetition 369
Round trip time was 27.021 milliseconds in repetition 370
Round trip time was 24.202 milliseconds in repetition 371
Round trip time was 26.773 milliseconds in repetition 372
Round trip time was 24.998 milliseconds in repetition 373
Round trip time was 25.599 milliseconds in repetition 374
Round trip time was 40.172 milliseconds in repetition 375
Round trip time was 26.279 milliseconds in repetition 376
Round trip time was 26.792 milliseconds in repetition 377
Round trip time was 38.902 milliseconds in repetition 378
Round trip time was 31.410 milliseconds in repetition 379
Round trip time was 68.314 milliseconds in repetition 380
Round trip time was 24.190 milliseconds in repetition 381
Round trip time was 25.617 milliseconds in repetition 382
Round trip time was 24.080 milliseconds in repetition 383
Round trip time was 23.971 milliseconds in repetition 384
Round trip time was 25.081 milliseconds in repetition 385
Round trip time was 26.041 milliseconds in repetition 386
Round trip time was 26.522 milliseconds in repetition 387
Round trip time was 24.468 milliseconds in repetition 388
Round trip time was 25.632 milliseconds in repetition 389
Round trip time was 52.270 milliseconds in repetition 390
Round trip time was 23.928 milliseconds in repetition 391
Round trip time was 24.837 milliseconds in repetition 392
Round trip time was 46.221 milliseconds in repetition 393
Round trip time was 27.025 milliseconds in repetition 394
Round trip time was 25.942 milliseconds in repetition 395
Round trip time was 49.533 milliseconds in repetition 396
Round trip time was 27.652 milliseconds in repetition 397
Round trip time was 35.486 milliseconds in repetition 398
Round trip time was 24.127 milliseconds in repetition 399
Round trip time was 28.800 milliseconds in repetition 400
Round trip time was 30.559 milliseconds in repetition 401
Round trip time was 31.212 milliseconds in repetition 402
Round trip time was 27.534 milliseconds in repetition 403
Round trip time was 27.045 milliseconds in repetition 404
Round trip time was 25.762 milliseconds in repetition 405
Round trip time was 25.224 milliseconds in repetition 406
Round trip time was 24.127 milliseconds in repetition 407
Round trip time was 27.323 milliseconds in repetition 408
Round trip time was 23.958 milliseconds in repetition 409
Round trip time was 23.978 milliseconds in repetition 410
Round trip time was 25.405 milliseconds in repetition 411
Round trip time was 26.402 milliseconds in repetition 412
Round trip time was 39.693 milliseconds in repetition 413
Round trip time was 25.737 milliseconds in repetition 414
Round trip time was 24.747 milliseconds in repetition 415
Round trip time was 23.437 milliseconds in repetition 416
Round trip time was 24.242 milliseconds in repetition 417
Round trip time was 23.935 milliseconds in repetition 418
Round trip time was 24.555 milliseconds in repetition 419
Round trip time was 23.795 milliseconds in repetition 420
Round trip time was 25.553 milliseconds in repetition 421
Round trip time was 27.705 milliseconds in repetition 422
Round trip time was 25.972 milliseconds in repetition 423
Round trip time was 23.811 milliseconds in repetition 424
Round trip time was 24.936 milliseconds in repetition 425
Round trip time was 27.470 milliseconds in repetition 426
Round trip time was 28.031 milliseconds in repetition 427
Round trip time was 23.811 milliseconds in repetition 428
Round trip time was 25.841 milliseconds in repetition 429
Round trip time was 27.223 milliseconds in repetition 430
Round trip time was 24.336 milliseconds in repetition 431
Round trip time was 25.642 milliseconds in repetition 432
Round trip time was 27.346 milliseconds in repetition 433
Round trip time was 25.474 milliseconds in repetition 434
Round trip time was 27.486 milliseconds in repetition 435
Round trip time was 26.060 milliseconds in repetition 436
Round trip time was 37.057 milliseconds in repetition 437
Round trip time was 26.696 milliseconds in repetition 438
Round trip time was 50.929 milliseconds in repetition 439
Round trip time was 24.356 milliseconds in repetition 440
Round trip time was 26.452 milliseconds in repetition 441
Round trip time was 23.573 milliseconds in repetition 442
Round trip time was 28.684 milliseconds in repetition 443
Round trip time was 24.659 milliseconds in repetition 444
Round trip time was 24.206 milliseconds in repetition 445
Round trip time was 25.681 milliseconds in repetition 446
Round trip time was 29.470 milliseconds in repetition 447
Round trip time was 25.681 milliseconds in repetition 448
Round trip time was 32.205 milliseconds in repetition 449
Round trip time was 28.583 milliseconds in repetition 450
Round trip time was 28.870 milliseconds in repetition 451
Round trip time was 24.176 milliseconds in repetition 452
Round trip time was 31.434 milliseconds in repetition 453
Round trip time was 23.519 milliseconds in repetition 454
Round trip time was 23.921 milliseconds in repetition 455
Round trip time was 27.324 milliseconds in repetition 456
Round trip time was 25.085 milliseconds in repetition 457
Round trip time was 23.933 milliseconds in repetition 458
Round trip time was 25.673 milliseconds in repetition 459
Round trip time was 23.594 milliseconds in repetition 460
Round trip time was 24.805 milliseconds in repetition 461
Round trip time was 24.293 milliseconds in repetition 462
Round trip time was 24.355 milliseconds in repetition 463
Round trip time was 24.834 milliseconds in repetition 464
Round trip time was 47.556 milliseconds in repetition 465
Round trip time was 23.726 milliseconds in repetition 466
Round trip time was 24.570 milliseconds in repetition 467
Round trip time was 23.999 milliseconds in repetition 468
Round trip time was 38.508 milliseconds in repetition 469
Round trip time was 24.430 milliseconds in repetition 470
Round trip time was 36.222 milliseconds in repetition 471
Round trip time was 24.609 milliseconds in repetition 472
Round trip time was 27.553 milliseconds in repetition 473
Round trip time was 26.415 milliseconds in repetition 474
Round trip time was 25.267 milliseconds in repetition 475
Round trip time was 24.203 milliseconds in repetition 476
Round trip time was 25.179 milliseconds in repetition 477
Round trip time was 25.007 milliseconds in repetition 478
Round trip time was 23.605 milliseconds in repetition 479
Round trip time was 24.248 milliseconds in repetition 480
Round trip time was 24.551 milliseconds in repetition 481
Round trip time was 29.069 milliseconds in repetition 482
Round trip time was 24.276 milliseconds in repetition 483
Round trip time was 26.238 milliseconds in repetition 484
Round trip time was 29.218 milliseconds in repetition 485
Round trip time was 24.519 milliseconds in repetition 486
Round trip time was 26.812 milliseconds in repetition 487
Round trip time was 24.963 milliseconds in repetition 488
Round trip time was 25.480 milliseconds in repetition 489
Round trip time was 24.015 milliseconds in repetition 490
Round trip time was 42.767 milliseconds in repetition 491
Round trip time was 50.599 milliseconds in repetition 492
Round trip time was 24.778 milliseconds in repetition 493
Round trip time was 25.060 milliseconds in repetition 494
Round trip time was 24.241 milliseconds in repetition 495
Round trip time was 25.098 milliseconds in repetition 496
Round trip time was 31.657 milliseconds in repetition 497
Round trip time was 23.687 milliseconds in repetition 498
Round trip time was 24.067 milliseconds in repetition 499
Round trip time was 33.765 milliseconds in repetition 500
Round trip time was 24.380 milliseconds in repetition 501

 ... clock resolution was 0.0001
UDP Ping:  Statistics over 501 repetitions of 256 byte messages

RTT : percentile 10: 23.8815, median: 25.5991, percentile 90: 32.2046, average: 27.5891, variance: 37.3434

RTT histogram:
23.3552 150
25.6032 168
27.8512 94
30.0991 26
32.3471 16
34.595 5
36.843 5
39.091 10
41.3389 5
43.5869 5
45.8348 4
48.0828 2
50.3308 3
52.5787 2
54.8267 2
57.0746 2
59.3226 0
61.5706 0
63.8185 0
66.0665 1
68.3144 1

   median Throughput : 20.0007 KB/s   overall Throughput : 18.5581 KB/s

