UDP Ping trying to connect to server seti.dibris.unige.it (130.251.61.30) on TCP port 1491
 ... connected to Pong server: asking for 501 repetitions of 2048 _bytes UDP messages
 ... Pong server agreed to ping-pong using port 49834 :-)
Round trip time was 58.841 milliseconds in repetition 1
Round trip time was 31.628 milliseconds in repetition 2
Round trip time was 30.648 milliseconds in repetition 3
Round trip time was 34.697 milliseconds in repetition 4
Round trip time was 37.657 milliseconds in repetition 5
Round trip time was 38.806 milliseconds in repetition 6
Round trip time was 28.577 milliseconds in repetition 7
Round trip time was 29.500 milliseconds in repetition 8
Round trip time was 51.706 milliseconds in repetition 9
Round trip time was 28.742 milliseconds in repetition 10
Round trip time was 28.142 milliseconds in repetition 11
Round trip time was 29.422 milliseconds in repetition 12
Round trip time was 28.856 milliseconds in repetition 13
Round trip time was 32.292 milliseconds in repetition 14
Round trip time was 27.663 milliseconds in repetition 15
Round trip time was 31.687 milliseconds in repetition 16
Round trip time was 31.248 milliseconds in repetition 17
Round trip time was 30.055 milliseconds in repetition 18
Round trip time was 29.924 milliseconds in repetition 19
Round trip time was 28.992 milliseconds in repetition 20
Round trip time was 27.958 milliseconds in repetition 21
Round trip time was 31.588 milliseconds in repetition 22
Round trip time was 42.993 milliseconds in repetition 23
Round trip time was 26.612 milliseconds in repetition 24
Round trip time was 29.150 milliseconds in repetition 25
Round trip time was 39.271 milliseconds in repetition 26
Round trip time was 31.838 milliseconds in repetition 27
Round trip time was 26.774 milliseconds in repetition 28
Round trip time was 30.381 milliseconds in repetition 29
Round trip time was 27.416 milliseconds in repetition 30
Round trip time was 28.207 milliseconds in repetition 31
Round trip time was 31.355 milliseconds in repetition 32
Round trip time was 36.298 milliseconds in repetition 33
Round trip time was 45.231 milliseconds in repetition 34
Round trip time was 58.738 milliseconds in repetition 35
Round trip time was 27.208 milliseconds in repetition 36
Round trip time was 28.382 milliseconds in repetition 37
Round trip time was 28.523 milliseconds in repetition 38
Round trip time was 30.169 milliseconds in repetition 39
Round trip time was 35.525 milliseconds in repetition 40
Round trip time was 30.643 milliseconds in repetition 41
Round trip time was 29.041 milliseconds in repetition 42
Round trip time was 28.291 milliseconds in repetition 43
Round trip time was 33.280 milliseconds in repetition 44
Round trip time was 31.325 milliseconds in repetition 45
Round trip time was 26.689 milliseconds in repetition 46
Round trip time was 27.242 milliseconds in repetition 47
Round trip time was 28.947 milliseconds in repetition 48
Round trip time was 28.821 milliseconds in repetition 49
Round trip time was 28.754 milliseconds in repetition 50
Round trip time was 31.318 milliseconds in repetition 51
Round trip time was 32.606 milliseconds in repetition 52
Round trip time was 48.421 milliseconds in repetition 53
Round trip time was 27.558 milliseconds in repetition 54
Round trip time was 36.314 milliseconds in repetition 55
Round trip time was 29.122 milliseconds in repetition 56
Round trip time was 31.959 milliseconds in repetition 57
Round trip time was 31.791 milliseconds in repetition 58
Round trip time was 28.492 milliseconds in repetition 59
Round trip time was 26.849 milliseconds in repetition 60
Round trip time was 28.685 milliseconds in repetition 61
Round trip time was 31.785 milliseconds in repetition 62
Round trip time was 27.610 milliseconds in repetition 63
Round trip time was 29.496 milliseconds in repetition 64
Round trip time was 32.402 milliseconds in repetition 65
Round trip time was 32.931 milliseconds in repetition 66
Round trip time was 27.989 milliseconds in repetition 67
Round trip time was 26.663 milliseconds in repetition 68
Round trip time was 27.953 milliseconds in repetition 69
Round trip time was 27.967 milliseconds in repetition 70
Round trip time was 30.480 milliseconds in repetition 71
Round trip time was 30.948 milliseconds in repetition 72
Round trip time was 26.592 milliseconds in repetition 73
Round trip time was 30.245 milliseconds in repetition 74
Round trip time was 31.876 milliseconds in repetition 75
Round trip time was 41.642 milliseconds in repetition 76
Round trip time was 41.085 milliseconds in repetition 77
Round trip time was 34.848 milliseconds in repetition 78
Round trip time was 26.994 milliseconds in repetition 79
Round trip time was 26.711 milliseconds in repetition 80
Round trip time was 29.849 milliseconds in repetition 81
Round trip time was 29.743 milliseconds in repetition 82
Round trip time was 28.264 milliseconds in repetition 83
Round trip time was 33.678 milliseconds in repetition 84
Round trip time was 33.374 milliseconds in repetition 85
Round trip time was 30.586 milliseconds in repetition 86
Round trip time was 40.021 milliseconds in repetition 87
Round trip time was 26.663 milliseconds in repetition 88
Round trip time was 26.961 milliseconds in repetition 89
Round trip time was 29.696 milliseconds in repetition 90
Round trip time was 28.436 milliseconds in repetition 91
Round trip time was 27.019 milliseconds in repetition 92
Round trip time was 26.965 milliseconds in repetition 93
Round trip time was 30.921 milliseconds in repetition 94
Round trip time was 29.724 milliseconds in repetition 95
Round trip time was 27.491 milliseconds in repetition 96
Round trip time was 47.469 milliseconds in repetition 97
Round trip time was 50.121 milliseconds in repetition 98
Round trip time was 30.018 milliseconds in repetition 99
Round trip time was 33.230 milliseconds in repetition 100
Round trip time was 27.626 milliseconds in repetition 101
Round trip time was 27.567 milliseconds in repetition 102
Round trip time was 37.828 milliseconds in repetition 103
Round trip time was 29.984 milliseconds in repetition 104
Round trip time was 28.513 milliseconds in repetition 105
Round trip time was 29.072 milliseconds in repetition 106
Round trip time was 27.059 milliseconds in repetition 107
Round trip time was 28.185 milliseconds in repetition 108
Round trip time was 27.868 milliseconds in repetition 109
Round trip time was 30.373 milliseconds in repetition 110
Round trip time was 29.227 milliseconds in repetition 111
Round trip time was 28.371 milliseconds in repetition 112
Round trip time was 27.424 milliseconds in repetition 113
Round trip time was 29.526 milliseconds in repetition 114
Round trip time was 27.017 milliseconds in repetition 115
Round trip time was 28.234 milliseconds in repetition 116
Round trip time was 28.757 milliseconds in repetition 117
Round trip time was 35.137 milliseconds in repetition 118
Round trip time was 29.858 milliseconds in repetition 119
Round trip time was 27.407 milliseconds in repetition 120
Round trip time was 48.358 milliseconds in repetition 121
Round trip time was 27.212 milliseconds in repetition 122
Round trip time was 30.784 milliseconds in repetition 123
Round trip time was 32.742 milliseconds in repetition 124
Round trip time was 28.447 milliseconds in repetition 125
Round trip time was 30.241 milliseconds in repetition 126
Round trip time was 28.709 milliseconds in repetition 127
Round trip time was 28.970 milliseconds in repetition 128
Round trip time was 26.919 milliseconds in repetition 129
Round trip time was 27.214 milliseconds in repetition 130
Round trip time was 27.582 milliseconds in repetition 131
Round trip time was 27.312 milliseconds in repetition 132
Round trip time was 26.737 milliseconds in repetition 133
Round trip time was 27.064 milliseconds in repetition 134
Round trip time was 43.191 milliseconds in repetition 135
Round trip time was 28.264 milliseconds in repetition 136
Round trip time was 30.767 milliseconds in repetition 137
Round trip time was 29.986 milliseconds in repetition 138
Round trip time was 27.951 milliseconds in repetition 139
Round trip time was 39.494 milliseconds in repetition 140
Round trip time was 31.382 milliseconds in repetition 141
Round trip time was 27.784 milliseconds in repetition 142
Round trip time was 26.588 milliseconds in repetition 143
Round trip time was 48.272 milliseconds in repetition 144
Round trip time was 42.407 milliseconds in repetition 145
Round trip time was 28.742 milliseconds in repetition 146
Round trip time was 29.686 milliseconds in repetition 147
Round trip time was 28.351 milliseconds in repetition 148
Round trip time was 79.735 milliseconds in repetition 149
Round trip time was 28.095 milliseconds in repetition 150
Round trip time was 28.867 milliseconds in repetition 151
Round trip time was 27.021 milliseconds in repetition 152
Round trip time was 28.542 milliseconds in repetition 153
Round trip time was 48.718 milliseconds in repetition 154
Round trip time was 30.941 milliseconds in repetition 155
Round trip time was 27.025 milliseconds in repetition 156
Round trip time was 28.578 milliseconds in repetition 157
Round trip time was 34.059 milliseconds in repetition 158
Round trip time was 29.850 milliseconds in repetition 159
Round trip time was 29.947 milliseconds in repetition 160
Round trip time was 27.151 milliseconds in repetition 161
Round trip time was 31.154 milliseconds in repetition 162
Round trip time was 38.368 milliseconds in repetition 163
Round trip time was 65.588 milliseconds in repetition 164
Round trip time was 28.591 milliseconds in repetition 165
Round trip time was 34.108 milliseconds in repetition 166
Round trip time was 27.296 milliseconds in repetition 167
Round trip time was 29.742 milliseconds in repetition 168
Round trip time was 26.789 milliseconds in repetition 169
Round trip time was 27.406 milliseconds in repetition 170
Round trip time was 29.945 milliseconds in repetition 171
Round trip time was 27.293 milliseconds in repetition 172
Round trip time was 29.062 milliseconds in repetition 173
Round trip time was 29.976 milliseconds in repetition 174
Round trip time was 33.377 milliseconds in repetition 175
Round trip time was 28.199 milliseconds in repetition 176
Round trip time was 30.032 milliseconds in repetition 177
Round trip time was 40.069 milliseconds in repetition 178
Round trip time was 29.122 milliseconds in repetition 179
Round trip time was 26.881 milliseconds in repetition 180
Round trip time was 32.076 milliseconds in repetition 181
Round trip time was 30.577 milliseconds in repetition 182
Round trip time was 38.233 milliseconds in repetition 183
Round trip time was 30.712 milliseconds in repetition 184
Round trip time was 27.473 milliseconds in repetition 185
Round trip time was 41.357 milliseconds in repetition 186
Round trip time was 27.524 milliseconds in repetition 187
Round trip time was 33.680 milliseconds in repetition 188
Round trip time was 30.149 milliseconds in repetition 189
Round trip time was 32.371 milliseconds in repetition 190
Round trip time was 33.561 milliseconds in repetition 191
Round trip time was 28.186 milliseconds in repetition 192
Round trip time was 32.352 milliseconds in repetition 193
Round trip time was 62.452 milliseconds in repetition 194
Round trip time was 29.423 milliseconds in repetition 195
Round trip time was 30.768 milliseconds in repetition 196
Round trip time was 27.782 milliseconds in repetition 197
Round trip time was 28.831 milliseconds in repetition 198
Round trip time was 27.322 milliseconds in repetition 199
Round trip time was 26.753 milliseconds in repetition 200
Round trip time was 28.137 milliseconds in repetition 201
Round trip time was 26.649 milliseconds in repetition 202
Round trip time was 38.936 milliseconds in repetition 203
Round trip time was 27.736 milliseconds in repetition 204
Round trip time was 32.265 milliseconds in repetition 205
Round trip time was 33.256 milliseconds in repetition 206
Round trip time was 30.271 milliseconds in repetition 207
Round trip time was 34.496 milliseconds in repetition 208
Round trip time was 29.419 milliseconds in repetition 209
Round trip time was 38.661 milliseconds in repetition 210
Round trip time was 26.785 milliseconds in repetition 211
Round trip time was 27.277 milliseconds in repetition 212
Round trip time was 29.836 milliseconds in repetition 213
Round trip time was 27.970 milliseconds in repetition 214
Round trip time was 26.868 milliseconds in repetition 215
Round trip time was 27.230 milliseconds in repetition 216
Round trip time was 34.514 milliseconds in repetition 217
Round trip time was 26.859 milliseconds in repetition 218
Round trip time was 29.877 milliseconds in repetition 219
Round trip time was 30.158 milliseconds in repetition 220
Round trip time was 34.947 milliseconds in repetition 221
Round trip time was 27.209 milliseconds in repetition 222
Round trip time was 28.963 milliseconds in repetition 223
Round trip time was 30.024 milliseconds in repetition 224
Round trip time was 28.065 milliseconds in repetition 225
Round trip time was 33.011 milliseconds in repetition 226
Round trip time was 26.906 milliseconds in repetition 227
Round trip time was 29.287 milliseconds in repetition 228
Round trip time was 42.843 milliseconds in repetition 229
Round trip time was 28.156 milliseconds in repetition 230
Round trip time was 35.257 milliseconds in repetition 231
Round trip time was 29.948 milliseconds in repetition 232
Round trip time was 27.255 milliseconds in repetition 233
Round trip time was 30.259 milliseconds in repetition 234
Round trip time was 27.920 milliseconds in repetition 235
Round trip time was 33.005 milliseconds in repetition 236
Round trip time was 29.071 milliseconds in repetition 237
Round trip time was 26.596 milliseconds in repetition 238
Round trip time was 30.829 milliseconds in repetition 239
Round trip time was 34.885 milliseconds in repetition 240
Round trip time was 27.818 milliseconds in repetition 241
Round trip time was 29.415 milliseconds in repetition 242
Round trip time was 30.541 milliseconds in repetition 243
Round trip time was 29.569 milliseconds in repetition 244
Round trip time was 27.088 milliseconds in repetition 245
Round trip time was 31.522 milliseconds in repetition 246
Round trip time was 43.468 milliseconds in repetition 247
Round trip time was 71.893 milliseconds in repetition 248
Round trip time was 47.100 milliseconds in repetition 249
Round trip time was 42.567 milliseconds in repetition 250
Round trip time was 49.421 milliseconds in repetition 251
Round trip time was 33.466 milliseconds in repetition 252
Round trip time was 27.315 milliseconds in repetition 253
Round trip time was 36.421 milliseconds in repetition 254
Round trip time was 30.720 milliseconds in repetition 255
Round trip time was 31.584 milliseconds in repetition 256
Round trip time was 29.004 milliseconds in repetition 257
Round trip time was 28.304 milliseconds in repetition 258
Round trip time was 28.112 milliseconds in repetition 259
Round trip time was 41.304 milliseconds in repetition 260
Round trip time was 29.398 milliseconds in repetition 261
Round trip time was 27.269 milliseconds in repetition 262
Round trip time was 32.233 milliseconds in repetition 263
Round trip time was 29.544 milliseconds in repetition 264
Round trip time was 27.728 milliseconds in repetition 265
Round trip time was 30.938 milliseconds in repetition 266
Round trip time was 51.521 milliseconds in repetition 267
Round trip time was 59.234 milliseconds in repetition 268
Round trip time was 78.036 milliseconds in repetition 269
Round trip time was 45.969 milliseconds in repetition 270
Round trip time was 29.645 milliseconds in repetition 271
Round trip time was 28.274 milliseconds in repetition 272
Round trip time was 34.606 milliseconds in repetition 273
Round trip time was 27.648 milliseconds in repetition 274
Round trip time was 30.760 milliseconds in repetition 275
Round trip time was 27.773 milliseconds in repetition 276
Round trip time was 27.152 milliseconds in repetition 277
Round trip time was 29.100 milliseconds in repetition 278
Round trip time was 27.518 milliseconds in repetition 279
Round trip time was 30.964 milliseconds in repetition 280
Round trip time was 36.225 milliseconds in repetition 281
Round trip time was 48.920 milliseconds in repetition 282
Round trip time was 32.684 milliseconds in repetition 283
Round trip time was 32.171 milliseconds in repetition 284
Round trip time was 69.765 milliseconds in repetition 285
Round trip time was 27.327 milliseconds in repetition 286
Round trip time was 27.608 milliseconds in repetition 287
Round trip time was 30.253 milliseconds in repetition 288
Round trip time was 31.681 milliseconds in repetition 289
Round trip time was 26.997 milliseconds in repetition 290
Round trip time was 45.852 milliseconds in repetition 291
Round trip time was 31.524 milliseconds in repetition 292
Round trip time was 29.759 milliseconds in repetition 293
Round trip time was 27.015 milliseconds in repetition 294
Round trip time was 29.421 milliseconds in repetition 295
Round trip time was 27.523 milliseconds in repetition 296
Round trip time was 27.899 milliseconds in repetition 297
Round trip time was 32.456 milliseconds in repetition 298
Round trip time was 45.635 milliseconds in repetition 299
Round trip time was 37.350 milliseconds in repetition 300
Round trip time was 27.690 milliseconds in repetition 301
Round trip time was 27.272 milliseconds in repetition 302
Round trip time was 28.201 milliseconds in repetition 303
Round trip time was 34.866 milliseconds in repetition 304
Round trip time was 39.180 milliseconds in repetition 305
Round trip time was 30.999 milliseconds in repetition 306
Round trip time was 31.917 milliseconds in repetition 307
Round trip time was 28.761 milliseconds in repetition 308
Round trip time was 27.137 milliseconds in repetition 309
Round trip time was 27.590 milliseconds in repetition 310
Round trip time was 34.149 milliseconds in repetition 311
Round trip time was 27.798 milliseconds in repetition 312
Round trip time was 43.510 milliseconds in repetition 313
Round trip time was 29.294 milliseconds in repetition 314
Round trip time was 31.382 milliseconds in repetition 315
Round trip time was 36.569 milliseconds in repetition 316
Round trip time was 38.403 milliseconds in repetition 317
Round trip time was 27.698 milliseconds in repetition 318
Round trip time was 33.195 milliseconds in repetition 319
Round trip time was 30.272 milliseconds in repetition 320
Round trip time was 30.059 milliseconds in repetition 321
Round trip time was 28.968 milliseconds in repetition 322
Round trip time was 29.698 milliseconds in repetition 323
Round trip time was 26.625 milliseconds in repetition 324
Round trip time was 27.313 milliseconds in repetition 325
Round trip time was 27.129 milliseconds in repetition 326
Round trip time was 29.997 milliseconds in repetition 327

 ... received 0 bytes instead of 2048 (lost count = 1); re-trying ...
 ... re-trying ...
Round trip time was 37.045 milliseconds in repetition 328

 ... received 0 bytes instead of 2048 (lost count = 1); re-trying ...
 ... re-trying ...
Round trip time was 35.858 milliseconds in repetition 329
Round trip time was 30.481 milliseconds in repetition 330
Round trip time was 27.696 milliseconds in repetition 331
Round trip time was 28.052 milliseconds in repetition 332
Round trip time was 30.226 milliseconds in repetition 333
Round trip time was 30.890 milliseconds in repetition 334
Round trip time was 33.221 milliseconds in repetition 335
Round trip time was 31.108 milliseconds in repetition 336
Round trip time was 36.195 milliseconds in repetition 337
Round trip time was 33.713 milliseconds in repetition 338
Round trip time was 54.954 milliseconds in repetition 339
Round trip time was 51.359 milliseconds in repetition 340
Round trip time was 74.882 milliseconds in repetition 341
Round trip time was 36.062 milliseconds in repetition 342
Round trip time was 75.109 milliseconds in repetition 343
Round trip time was 32.087 milliseconds in repetition 344
Round trip time was 93.923 milliseconds in repetition 345
Round trip time was 38.022 milliseconds in repetition 346
Round trip time was 44.854 milliseconds in repetition 347
Round trip time was 44.483 milliseconds in repetition 348
Round trip time was 45.659 milliseconds in repetition 349
Round trip time was 46.117 milliseconds in repetition 350
Round trip time was 49.323 milliseconds in repetition 351
Round trip time was 43.377 milliseconds in repetition 352
Round trip time was 56.215 milliseconds in repetition 353
Round trip time was 48.101 milliseconds in repetition 354
Round trip time was 45.551 milliseconds in repetition 355
Round trip time was 41.594 milliseconds in repetition 356
Round trip time was 79.824 milliseconds in repetition 357
Round trip time was 34.083 milliseconds in repetition 358
Round trip time was 35.108 milliseconds in repetition 359
Round trip time was 56.220 milliseconds in repetition 360
Round trip time was 35.938 milliseconds in repetition 361
Round trip time was 28.466 milliseconds in repetition 362
Round trip time was 28.380 milliseconds in repetition 363
Round trip time was 33.620 milliseconds in repetition 364
Round trip time was 47.756 milliseconds in repetition 365
Round trip time was 29.718 milliseconds in repetition 366
Round trip time was 36.207 milliseconds in repetition 367
Round trip time was 26.969 milliseconds in repetition 368
Round trip time was 27.186 milliseconds in repetition 369
Round trip time was 34.119 milliseconds in repetition 370
Round trip time was 29.207 milliseconds in repetition 371
Round trip time was 30.492 milliseconds in repetition 372
Round trip time was 31.852 milliseconds in repetition 373
Round trip time was 26.985 milliseconds in repetition 374
Round trip time was 29.619 milliseconds in repetition 375
Round trip time was 28.095 milliseconds in repetition 376
Round trip time was 28.881 milliseconds in repetition 377
Round trip time was 28.793 milliseconds in repetition 378
Round trip time was 28.784 milliseconds in repetition 379
Round trip time was 26.836 milliseconds in repetition 380
Round trip time was 29.284 milliseconds in repetition 381
Round trip time was 39.778 milliseconds in repetition 382
Round trip time was 30.108 milliseconds in repetition 383
Round trip time was 27.212 milliseconds in repetition 384
Round trip time was 27.746 milliseconds in repetition 385
Round trip time was 26.944 milliseconds in repetition 386
Round trip time was 26.925 milliseconds in repetition 387
Round trip time was 29.198 milliseconds in repetition 388
Round trip time was 28.348 milliseconds in repetition 389
Round trip time was 59.949 milliseconds in repetition 390
Round trip time was 44.833 milliseconds in repetition 391
Round trip time was 76.528 milliseconds in repetition 392
Round trip time was 28.846 milliseconds in repetition 393
Round trip time was 36.523 milliseconds in repetition 394
Round trip time was 46.663 milliseconds in repetition 395
Round trip time was 39.281 milliseconds in repetition 396
Round trip time was 34.174 milliseconds in repetition 397
Round trip time was 33.551 milliseconds in repetition 398
Round trip time was 26.764 milliseconds in repetition 399
Round trip time was 30.526 milliseconds in repetition 400
Round trip time was 50.540 milliseconds in repetition 401
Round trip time was 28.884 milliseconds in repetition 402
Round trip time was 31.703 milliseconds in repetition 403
Round trip time was 28.437 milliseconds in repetition 404
Round trip time was 27.770 milliseconds in repetition 405
Round trip time was 27.400 milliseconds in repetition 406
Round trip time was 99.475 milliseconds in repetition 407
Round trip time was 30.996 milliseconds in repetition 408
Round trip time was 34.678 milliseconds in repetition 409
Round trip time was 30.881 milliseconds in repetition 410
Round trip time was 29.513 milliseconds in repetition 411
Round trip time was 27.102 milliseconds in repetition 412
Round trip time was 27.862 milliseconds in repetition 413
Round trip time was 28.454 milliseconds in repetition 414
Round trip time was 30.492 milliseconds in repetition 415
Round trip time was 28.571 milliseconds in repetition 416
Round trip time was 28.398 milliseconds in repetition 417
Round trip time was 40.416 milliseconds in repetition 418
Round trip time was 29.085 milliseconds in repetition 419
Round trip time was 27.444 milliseconds in repetition 420
Round trip time was 28.994 milliseconds in repetition 421
Round trip time was 59.693 milliseconds in repetition 422
Round trip time was 33.541 milliseconds in repetition 423
Round trip time was 30.753 milliseconds in repetition 424
Round trip time was 28.076 milliseconds in repetition 425
Round trip time was 31.331 milliseconds in repetition 426
Round trip time was 32.324 milliseconds in repetition 427
Round trip time was 32.717 milliseconds in repetition 428
Round trip time was 26.388 milliseconds in repetition 429
Round trip time was 27.148 milliseconds in repetition 430
Round trip time was 30.652 milliseconds in repetition 431
Round trip time was 29.221 milliseconds in repetition 432
Round trip time was 29.032 milliseconds in repetition 433
Round trip time was 29.880 milliseconds in repetition 434
Round trip time was 28.116 milliseconds in repetition 435
Round trip time was 28.832 milliseconds in repetition 436
Round trip time was 27.228 milliseconds in repetition 437
Round trip time was 32.732 milliseconds in repetition 438
Round trip time was 27.415 milliseconds in repetition 439
Round trip time was 27.608 milliseconds in repetition 440
Round trip time was 31.380 milliseconds in repetition 441
Round trip time was 29.649 milliseconds in repetition 442
Round trip time was 33.535 milliseconds in repetition 443
Round trip time was 41.596 milliseconds in repetition 444
Round trip time was 31.576 milliseconds in repetition 445
Round trip time was 28.646 milliseconds in repetition 446
Round trip time was 31.892 milliseconds in repetition 447
Round trip time was 30.255 milliseconds in repetition 448
Round trip time was 27.954 milliseconds in repetition 449
Round trip time was 35.942 milliseconds in repetition 450
Round trip time was 32.337 milliseconds in repetition 451
Round trip time was 27.438 milliseconds in repetition 452
Round trip time was 26.943 milliseconds in repetition 453
Round trip time was 31.789 milliseconds in repetition 454
Round trip time was 74.306 milliseconds in repetition 455
Round trip time was 35.096 milliseconds in repetition 456
Round trip time was 27.638 milliseconds in repetition 457
Round trip time was 27.259 milliseconds in repetition 458
Round trip time was 45.127 milliseconds in repetition 459
Round trip time was 34.923 milliseconds in repetition 460
Round trip time was 27.986 milliseconds in repetition 461
Round trip time was 28.724 milliseconds in repetition 462
Round trip time was 34.843 milliseconds in repetition 463
Round trip time was 28.646 milliseconds in repetition 464
Round trip time was 38.591 milliseconds in repetition 465
Round trip time was 35.874 milliseconds in repetition 466
Round trip time was 30.286 milliseconds in repetition 467
Round trip time was 37.228 milliseconds in repetition 468
Round trip time was 39.491 milliseconds in repetition 469
Round trip time was 35.818 milliseconds in repetition 470
Round trip time was 38.685 milliseconds in repetition 471
Round trip time was 30.213 milliseconds in repetition 472
Round trip time was 28.738 milliseconds in repetition 473
Round trip time was 30.570 milliseconds in repetition 474
Round trip time was 27.765 milliseconds in repetition 475
Round trip time was 34.340 milliseconds in repetition 476
Round trip time was 27.086 milliseconds in repetition 477
Round trip time was 31.165 milliseconds in repetition 478
Round trip time was 28.151 milliseconds in repetition 479
Round trip time was 28.572 milliseconds in repetition 480
Round trip time was 28.667 milliseconds in repetition 481
Round trip time was 28.799 milliseconds in repetition 482
Round trip time was 27.968 milliseconds in repetition 483
Round trip time was 28.189 milliseconds in repetition 484
Round trip time was 38.222 milliseconds in repetition 485
Round trip time was 27.532 milliseconds in repetition 486
Round trip time was 28.198 milliseconds in repetition 487
Round trip time was 38.143 milliseconds in repetition 488
Round trip time was 28.670 milliseconds in repetition 489
Round trip time was 29.172 milliseconds in repetition 490
Round trip time was 27.136 milliseconds in repetition 491
Round trip time was 28.668 milliseconds in repetition 492
Round trip time was 28.695 milliseconds in repetition 493
Round trip time was 28.301 milliseconds in repetition 494
Round trip time was 31.112 milliseconds in repetition 495
Round trip time was 29.389 milliseconds in repetition 496
Round trip time was 80.174 milliseconds in repetition 497
Round trip time was 30.858 milliseconds in repetition 498
Round trip time was 27.198 milliseconds in repetition 499
Round trip time was 32.972 milliseconds in repetition 500
Round trip time was 33.240 milliseconds in repetition 501

 ... clock resolution was 0.0001
UDP Ping:  Statistics over 501 repetitions of 2048 byte messages

RTT : percentile 10: 27.1985, median: 29.9469, percentile 90: 43.5103, average: 33.3404, variance: 97.3389

RTT histogram:
26.3881 140
30.0425 193
33.6968 64
37.3511 31
41.0054 17
44.6597 17
48.3141 13
51.9684 4
55.6227 3
59.277 5
62.9313 1
66.5857 1
70.24 2
73.8943 3
77.5486 2
81.2029 3
84.8573 0
88.5116 0
92.1659 1
95.8202 0
99.4745 1

   median Throughput : 136.775 KB/s   overall Throughput : 122.854 KB/s

