UDP Ping trying to connect to server seti.dibris.unige.it (130.251.61.30) on TCP port 1491
 ... connected to Pong server: asking for 501 repetitions of 128 _bytes UDP messages
 ... Pong server agreed to ping-pong using port 49834 :-)
Round trip time was 34.326 milliseconds in repetition 1
Round trip time was 32.689 milliseconds in repetition 2
Round trip time was 27.779 milliseconds in repetition 3
Round trip time was 28.210 milliseconds in repetition 4
Round trip time was 27.965 milliseconds in repetition 5
Round trip time was 26.470 milliseconds in repetition 6
Round trip time was 27.041 milliseconds in repetition 7
Round trip time was 27.163 milliseconds in repetition 8
Round trip time was 25.639 milliseconds in repetition 9
Round trip time was 25.772 milliseconds in repetition 10
Round trip time was 30.599 milliseconds in repetition 11
Round trip time was 27.579 milliseconds in repetition 12
Round trip time was 71.311 milliseconds in repetition 13
Round trip time was 26.631 milliseconds in repetition 14
Round trip time was 44.010 milliseconds in repetition 15
Round trip time was 41.932 milliseconds in repetition 16
Round trip time was 28.975 milliseconds in repetition 17
Round trip time was 26.878 milliseconds in repetition 18
Round trip time was 26.126 milliseconds in repetition 19
Round trip time was 37.145 milliseconds in repetition 20
Round trip time was 27.847 milliseconds in repetition 21
Round trip time was 25.268 milliseconds in repetition 22
Round trip time was 24.587 milliseconds in repetition 23
Round trip time was 27.810 milliseconds in repetition 24
Round trip time was 25.033 milliseconds in repetition 25
Round trip time was 47.372 milliseconds in repetition 26
Round trip time was 30.389 milliseconds in repetition 27
Round trip time was 29.715 milliseconds in repetition 28
Round trip time was 28.166 milliseconds in repetition 29
Round trip time was 26.947 milliseconds in repetition 30
Round trip time was 28.425 milliseconds in repetition 31
Round trip time was 42.779 milliseconds in repetition 32
Round trip time was 26.126 milliseconds in repetition 33
Round trip time was 27.529 milliseconds in repetition 34
Round trip time was 49.265 milliseconds in repetition 35
Round trip time was 25.686 milliseconds in repetition 36
Round trip time was 36.722 milliseconds in repetition 37
Round trip time was 43.364 milliseconds in repetition 38
Round trip time was 26.999 milliseconds in repetition 39
Round trip time was 28.643 milliseconds in repetition 40
Round trip time was 27.290 milliseconds in repetition 41
Round trip time was 29.225 milliseconds in repetition 42
Round trip time was 27.451 milliseconds in repetition 43
Round trip time was 27.042 milliseconds in repetition 44
Round trip time was 25.242 milliseconds in repetition 45
Round trip time was 25.977 milliseconds in repetition 46
Round trip time was 28.707 milliseconds in repetition 47
Round trip time was 26.039 milliseconds in repetition 48
Round trip time was 24.995 milliseconds in repetition 49
Round trip time was 29.181 milliseconds in repetition 50
Round trip time was 28.914 milliseconds in repetition 51
Round trip time was 25.374 milliseconds in repetition 52
Round trip time was 25.221 milliseconds in repetition 53
Round trip time was 25.282 milliseconds in repetition 54
Round trip time was 24.956 milliseconds in repetition 55
Round trip time was 34.557 milliseconds in repetition 56
Round trip time was 25.154 milliseconds in repetition 57
Round trip time was 33.580 milliseconds in repetition 58
Round trip time was 39.517 milliseconds in repetition 59
Round trip time was 24.766 milliseconds in repetition 60
Round trip time was 26.979 milliseconds in repetition 61
Round trip time was 25.294 milliseconds in repetition 62
Round trip time was 25.922 milliseconds in repetition 63
Round trip time was 34.587 milliseconds in repetition 64
Round trip time was 30.048 milliseconds in repetition 65
Round trip time was 26.279 milliseconds in repetition 66
Round trip time was 46.984 milliseconds in repetition 67
Round trip time was 29.614 milliseconds in repetition 68
Round trip time was 36.427 milliseconds in repetition 69
Round trip time was 25.176 milliseconds in repetition 70
Round trip time was 27.019 milliseconds in repetition 71
Round trip time was 25.186 milliseconds in repetition 72
Round trip time was 25.271 milliseconds in repetition 73
Round trip time was 24.942 milliseconds in repetition 74
Round trip time was 26.137 milliseconds in repetition 75
Round trip time was 29.274 milliseconds in repetition 76
Round trip time was 32.977 milliseconds in repetition 77
Round trip time was 41.802 milliseconds in repetition 78
Round trip time was 27.634 milliseconds in repetition 79
Round trip time was 25.822 milliseconds in repetition 80
Round trip time was 24.611 milliseconds in repetition 81
Round trip time was 32.622 milliseconds in repetition 82
Round trip time was 25.861 milliseconds in repetition 83
Round trip time was 27.156 milliseconds in repetition 84
Round trip time was 25.489 milliseconds in repetition 85
Round trip time was 25.370 milliseconds in repetition 86
Round trip time was 27.686 milliseconds in repetition 87
Round trip time was 25.893 milliseconds in repetition 88
Round trip time was 25.783 milliseconds in repetition 89
Round trip time was 26.368 milliseconds in repetition 90
Round trip time was 26.215 milliseconds in repetition 91
Round trip time was 27.449 milliseconds in repetition 92
Round trip time was 24.627 milliseconds in repetition 93
Round trip time was 30.930 milliseconds in repetition 94
Round trip time was 26.158 milliseconds in repetition 95
Round trip time was 26.218 milliseconds in repetition 96
Round trip time was 27.898 milliseconds in repetition 97
Round trip time was 28.007 milliseconds in repetition 98
Round trip time was 25.634 milliseconds in repetition 99
Round trip time was 25.079 milliseconds in repetition 100
Round trip time was 29.031 milliseconds in repetition 101
Round trip time was 26.139 milliseconds in repetition 102
Round trip time was 25.697 milliseconds in repetition 103
Round trip time was 26.050 milliseconds in repetition 104
Round trip time was 28.835 milliseconds in repetition 105
Round trip time was 27.189 milliseconds in repetition 106
Round trip time was 25.181 milliseconds in repetition 107
Round trip time was 28.837 milliseconds in repetition 108
Round trip time was 30.698 milliseconds in repetition 109
Round trip time was 33.134 milliseconds in repetition 110
Round trip time was 25.117 milliseconds in repetition 111
Round trip time was 26.607 milliseconds in repetition 112
Round trip time was 32.457 milliseconds in repetition 113
Round trip time was 26.954 milliseconds in repetition 114
Round trip time was 26.247 milliseconds in repetition 115
Round trip time was 25.001 milliseconds in repetition 116
Round trip time was 27.550 milliseconds in repetition 117
Round trip time was 29.250 milliseconds in repetition 118
Round trip time was 28.224 milliseconds in repetition 119
Round trip time was 29.998 milliseconds in repetition 120
Round trip time was 29.759 milliseconds in repetition 121
Round trip time was 25.215 milliseconds in repetition 122
Round trip time was 26.396 milliseconds in repetition 123
Round trip time was 65.526 milliseconds in repetition 124
Round trip time was 26.785 milliseconds in repetition 125
Round trip time was 29.320 milliseconds in repetition 126
Round trip time was 25.689 milliseconds in repetition 127
Round trip time was 24.686 milliseconds in repetition 128
Round trip time was 26.676 milliseconds in repetition 129
Round trip time was 29.954 milliseconds in repetition 130
Round trip time was 24.950 milliseconds in repetition 131
Round trip time was 26.428 milliseconds in repetition 132
Round trip time was 64.797 milliseconds in repetition 133
Round trip time was 50.934 milliseconds in repetition 134
Round trip time was 26.823 milliseconds in repetition 135
Round trip time was 27.530 milliseconds in repetition 136
Round trip time was 52.972 milliseconds in repetition 137
Round trip time was 30.603 milliseconds in repetition 138
Round trip time was 29.215 milliseconds in repetition 139
Round trip time was 25.232 milliseconds in repetition 140
Round trip time was 41.155 milliseconds in repetition 141
Round trip time was 26.070 milliseconds in repetition 142
Round trip time was 30.370 milliseconds in repetition 143
Round trip time was 25.013 milliseconds in repetition 144
Round trip time was 24.832 milliseconds in repetition 145
Round trip time was 25.596 milliseconds in repetition 146
Round trip time was 26.340 milliseconds in repetition 147
Round trip time was 25.340 milliseconds in repetition 148
Round trip time was 26.276 milliseconds in repetition 149
Round trip time was 25.242 milliseconds in repetition 150
Round trip time was 24.581 milliseconds in repetition 151
Round trip time was 32.316 milliseconds in repetition 152
Round trip time was 32.594 milliseconds in repetition 153
Round trip time was 26.809 milliseconds in repetition 154
Round trip time was 26.169 milliseconds in repetition 155
Round trip time was 26.910 milliseconds in repetition 156
Round trip time was 28.383 milliseconds in repetition 157
Round trip time was 25.671 milliseconds in repetition 158
Round trip time was 25.496 milliseconds in repetition 159
Round trip time was 31.075 milliseconds in repetition 160
Round trip time was 26.254 milliseconds in repetition 161
Round trip time was 25.245 milliseconds in repetition 162
Round trip time was 27.225 milliseconds in repetition 163
Round trip time was 26.271 milliseconds in repetition 164
Round trip time was 30.214 milliseconds in repetition 165
Round trip time was 37.450 milliseconds in repetition 166
Round trip time was 29.416 milliseconds in repetition 167
Round trip time was 25.840 milliseconds in repetition 168
Round trip time was 25.241 milliseconds in repetition 169
Round trip time was 24.903 milliseconds in repetition 170
Round trip time was 28.887 milliseconds in repetition 171
Round trip time was 26.811 milliseconds in repetition 172
Round trip time was 24.642 milliseconds in repetition 173
Round trip time was 26.366 milliseconds in repetition 174
Round trip time was 26.153 milliseconds in repetition 175
Round trip time was 24.983 milliseconds in repetition 176
Round trip time was 25.775 milliseconds in repetition 177
Round trip time was 25.614 milliseconds in repetition 178
Round trip time was 71.889 milliseconds in repetition 179
Round trip time was 25.936 milliseconds in repetition 180
Round trip time was 27.497 milliseconds in repetition 181
Round trip time was 33.557 milliseconds in repetition 182
Round trip time was 40.272 milliseconds in repetition 183
Round trip time was 28.449 milliseconds in repetition 184
Round trip time was 26.193 milliseconds in repetition 185
Round trip time was 26.882 milliseconds in repetition 186
Round trip time was 31.349 milliseconds in repetition 187
Round trip time was 25.133 milliseconds in repetition 188
Round trip time was 24.679 milliseconds in repetition 189
Round trip time was 25.299 milliseconds in repetition 190
Round trip time was 30.914 milliseconds in repetition 191
Round trip time was 32.233 milliseconds in repetition 192
Round trip time was 26.581 milliseconds in repetition 193
Round trip time was 28.738 milliseconds in repetition 194
Round trip time was 28.142 milliseconds in repetition 195
Round trip time was 38.825 milliseconds in repetition 196
Round trip time was 26.208 milliseconds in repetition 197
Round trip time was 31.514 milliseconds in repetition 198
Round trip time was 25.148 milliseconds in repetition 199
Round trip time was 25.160 milliseconds in repetition 200
Round trip time was 24.977 milliseconds in repetition 201
Round trip time was 29.316 milliseconds in repetition 202
Round trip time was 36.618 milliseconds in repetition 203
Round trip time was 25.279 milliseconds in repetition 204
Round trip time was 26.221 milliseconds in repetition 205
Round trip time was 26.337 milliseconds in repetition 206
Round trip time was 25.117 milliseconds in repetition 207
Round trip time was 28.262 milliseconds in repetition 208
Round trip time was 72.855 milliseconds in repetition 209
Round trip time was 30.151 milliseconds in repetition 210
Round trip time was 31.019 milliseconds in repetition 211
Round trip time was 25.085 milliseconds in repetition 212
Round trip time was 27.673 milliseconds in repetition 213
Round trip time was 30.988 milliseconds in repetition 214
Round trip time was 42.850 milliseconds in repetition 215
Round trip time was 25.844 milliseconds in repetition 216
Round trip time was 27.519 milliseconds in repetition 217
Round trip time was 25.385 milliseconds in repetition 218
Round trip time was 27.283 milliseconds in repetition 219
Round trip time was 25.655 milliseconds in repetition 220
Round trip time was 26.685 milliseconds in repetition 221
Round trip time was 33.956 milliseconds in repetition 222
Round trip time was 26.343 milliseconds in repetition 223
Round trip time was 24.957 milliseconds in repetition 224
Round trip time was 30.333 milliseconds in repetition 225
Round trip time was 43.359 milliseconds in repetition 226
Round trip time was 44.436 milliseconds in repetition 227
Round trip time was 28.689 milliseconds in repetition 228
Round trip time was 27.263 milliseconds in repetition 229
Round trip time was 24.861 milliseconds in repetition 230
Round trip time was 31.501 milliseconds in repetition 231
Round trip time was 25.797 milliseconds in repetition 232
Round trip time was 25.329 milliseconds in repetition 233
Round trip time was 25.082 milliseconds in repetition 234
Round trip time was 26.925 milliseconds in repetition 235
Round trip time was 27.289 milliseconds in repetition 236
Round trip time was 26.467 milliseconds in repetition 237
Round trip time was 25.020 milliseconds in repetition 238
Round trip time was 25.175 milliseconds in repetition 239
Round trip time was 26.660 milliseconds in repetition 240
Round trip time was 26.844 milliseconds in repetition 241
Round trip time was 26.375 milliseconds in repetition 242
Round trip time was 26.171 milliseconds in repetition 243
Round trip time was 37.127 milliseconds in repetition 244
Round trip time was 26.478 milliseconds in repetition 245
Round trip time was 26.580 milliseconds in repetition 246
Round trip time was 26.391 milliseconds in repetition 247
Round trip time was 26.341 milliseconds in repetition 248
Round trip time was 25.057 milliseconds in repetition 249
Round trip time was 59.720 milliseconds in repetition 250
Round trip time was 26.008 milliseconds in repetition 251
Round trip time was 27.072 milliseconds in repetition 252
Round trip time was 25.885 milliseconds in repetition 253
Round trip time was 24.693 milliseconds in repetition 254
Round trip time was 50.230 milliseconds in repetition 255
Round trip time was 40.805 milliseconds in repetition 256
Round trip time was 52.565 milliseconds in repetition 257
Round trip time was 25.911 milliseconds in repetition 258
Round trip time was 31.692 milliseconds in repetition 259
Round trip time was 25.387 milliseconds in repetition 260
Round trip time was 26.053 milliseconds in repetition 261
Round trip time was 25.442 milliseconds in repetition 262
Round trip time was 26.975 milliseconds in repetition 263
Round trip time was 25.196 milliseconds in repetition 264
Round trip time was 25.547 milliseconds in repetition 265
Round trip time was 25.306 milliseconds in repetition 266
Round trip time was 39.046 milliseconds in repetition 267
Round trip time was 46.657 milliseconds in repetition 268
Round trip time was 30.110 milliseconds in repetition 269
Round trip time was 25.723 milliseconds in repetition 270
Round trip time was 24.805 milliseconds in repetition 271
Round trip time was 41.670 milliseconds in repetition 272
Round trip time was 27.327 milliseconds in repetition 273
Round trip time was 24.951 milliseconds in repetition 274
Round trip time was 27.115 milliseconds in repetition 275
Round trip time was 36.595 milliseconds in repetition 276
Round trip time was 32.572 milliseconds in repetition 277
Round trip time was 25.189 milliseconds in repetition 278
Round trip time was 27.545 milliseconds in repetition 279
Round trip time was 27.244 milliseconds in repetition 280
Round trip time was 25.286 milliseconds in repetition 281
Round trip time was 26.862 milliseconds in repetition 282
Round trip time was 25.418 milliseconds in repetition 283
Round trip time was 24.861 milliseconds in repetition 284
Round trip time was 29.124 milliseconds in repetition 285
Round trip time was 25.110 milliseconds in repetition 286
Round trip time was 32.037 milliseconds in repetition 287
Round trip time was 28.693 milliseconds in repetition 288
Round trip time was 37.547 milliseconds in repetition 289
Round trip time was 27.525 milliseconds in repetition 290
Round trip time was 25.239 milliseconds in repetition 291
Round trip time was 25.051 milliseconds in repetition 292
Round trip time was 26.123 milliseconds in repetition 293
Round trip time was 27.118 milliseconds in repetition 294
Round trip time was 41.902 milliseconds in repetition 295
Round trip time was 42.586 milliseconds in repetition 296
Round trip time was 33.163 milliseconds in repetition 297
Round trip time was 25.642 milliseconds in repetition 298
Round trip time was 25.231 milliseconds in repetition 299
Round trip time was 56.980 milliseconds in repetition 300
Round trip time was 25.498 milliseconds in repetition 301
Round trip time was 30.170 milliseconds in repetition 302
Round trip time was 25.101 milliseconds in repetition 303
Round trip time was 25.299 milliseconds in repetition 304
Round trip time was 25.424 milliseconds in repetition 305
Round trip time was 25.219 milliseconds in repetition 306
Round trip time was 25.826 milliseconds in repetition 307
Round trip time was 25.662 milliseconds in repetition 308
Round trip time was 25.801 milliseconds in repetition 309
Round trip time was 25.751 milliseconds in repetition 310
Round trip time was 25.698 milliseconds in repetition 311
Round trip time was 25.373 milliseconds in repetition 312
Round trip time was 25.535 milliseconds in repetition 313
Round trip time was 25.422 milliseconds in repetition 314
Round trip time was 27.016 milliseconds in repetition 315
Round trip time was 31.555 milliseconds in repetition 316
Round trip time was 27.852 milliseconds in repetition 317
Round trip time was 25.576 milliseconds in repetition 318
Round trip time was 25.525 milliseconds in repetition 319
Round trip time was 27.210 milliseconds in repetition 320
Round trip time was 32.738 milliseconds in repetition 321
Round trip time was 27.110 milliseconds in repetition 322
Round trip time was 29.140 milliseconds in repetition 323
Round trip time was 27.092 milliseconds in repetition 324
Round trip time was 24.760 milliseconds in repetition 325
Round trip time was 26.928 milliseconds in repetition 326
Round trip time was 25.590 milliseconds in repetition 327
Round trip time was 27.619 milliseconds in repetition 328
Round trip time was 28.860 milliseconds in repetition 329
Round trip time was 43.667 milliseconds in repetition 330
Round trip time was 30.675 milliseconds in repetition 331
Round trip time was 27.007 milliseconds in repetition 332
Round trip time was 31.700 milliseconds in repetition 333
Round trip time was 26.405 milliseconds in repetition 334
Round trip time was 29.387 milliseconds in repetition 335
Round trip time was 27.980 milliseconds in repetition 336
Round trip time was 28.189 milliseconds in repetition 337
Round trip time was 26.297 milliseconds in repetition 338
Round trip time was 29.172 milliseconds in repetition 339
Round trip time was 47.290 milliseconds in repetition 340
Round trip time was 34.535 milliseconds in repetition 341
Round trip time was 25.299 milliseconds in repetition 342
Round trip time was 31.195 milliseconds in repetition 343
Round trip time was 42.281 milliseconds in repetition 344
Round trip time was 25.944 milliseconds in repetition 345
Round trip time was 43.227 milliseconds in repetition 346
Round trip time was 25.088 milliseconds in repetition 347
Round trip time was 29.268 milliseconds in repetition 348
Round trip time was 28.239 milliseconds in repetition 349
Round trip time was 26.948 milliseconds in repetition 350
Round trip time was 25.381 milliseconds in repetition 351
Round trip time was 26.655 milliseconds in repetition 352
Round trip time was 25.259 milliseconds in repetition 353
Round trip time was 25.220 milliseconds in repetition 354
Round trip time was 25.257 milliseconds in repetition 355
Round trip time was 25.105 milliseconds in repetition 356
Round trip time was 27.197 milliseconds in repetition 357
Round trip time was 31.609 milliseconds in repetition 358
Round trip time was 24.882 milliseconds in repetition 359
Round trip time was 28.101 milliseconds in repetition 360
Round trip time was 25.256 milliseconds in repetition 361
Round trip time was 25.245 milliseconds in repetition 362
Round trip time was 27.476 milliseconds in repetition 363
Round trip time was 24.873 milliseconds in repetition 364
Round trip time was 25.115 milliseconds in repetition 365
Round trip time was 27.779 milliseconds in repetition 366
Round trip time was 25.256 milliseconds in repetition 367
Round trip time was 25.220 milliseconds in repetition 368
Round trip time was 24.935 milliseconds in repetition 369
Round trip time was 26.825 milliseconds in repetition 370
Round trip time was 26.062 milliseconds in repetition 371
Round trip time was 61.686 milliseconds in repetition 372
Round trip time was 26.842 milliseconds in repetition 373
Round trip time was 25.579 milliseconds in repetition 374
Round trip time was 24.675 milliseconds in repetition 375
Round trip time was 25.451 milliseconds in repetition 376
Round trip time was 25.117 milliseconds in repetition 377
Round trip time was 26.522 milliseconds in repetition 378
Round trip time was 29.681 milliseconds in repetition 379
Round trip time was 60.698 milliseconds in repetition 380
Round trip time was 24.826 milliseconds in repetition 381
Round trip time was 28.616 milliseconds in repetition 382
Round trip time was 42.711 milliseconds in repetition 383
Round trip time was 25.643 milliseconds in repetition 384
Round trip time was 77.523 milliseconds in repetition 385
Round trip time was 26.047 milliseconds in repetition 386
Round trip time was 28.244 milliseconds in repetition 387
Round trip time was 25.381 milliseconds in repetition 388
Round trip time was 28.236 milliseconds in repetition 389
Round trip time was 26.102 milliseconds in repetition 390
Round trip time was 36.295 milliseconds in repetition 391
Round trip time was 30.537 milliseconds in repetition 392
Round trip time was 34.422 milliseconds in repetition 393
Round trip time was 30.116 milliseconds in repetition 394
Round trip time was 25.109 milliseconds in repetition 395
Round trip time was 25.013 milliseconds in repetition 396
Round trip time was 26.924 milliseconds in repetition 397
Round trip time was 28.343 milliseconds in repetition 398
Round trip time was 29.054 milliseconds in repetition 399
Round trip time was 27.707 milliseconds in repetition 400
Round trip time was 35.882 milliseconds in repetition 401
Round trip time was 28.871 milliseconds in repetition 402
Round trip time was 25.153 milliseconds in repetition 403
Round trip time was 25.617 milliseconds in repetition 404
Round trip time was 26.301 milliseconds in repetition 405
Round trip time was 25.467 milliseconds in repetition 406
Round trip time was 35.812 milliseconds in repetition 407
Round trip time was 25.197 milliseconds in repetition 408
Round trip time was 27.052 milliseconds in repetition 409
Round trip time was 33.537 milliseconds in repetition 410
Round trip time was 25.992 milliseconds in repetition 411
Round trip time was 32.179 milliseconds in repetition 412
Round trip time was 28.484 milliseconds in repetition 413
Round trip time was 30.868 milliseconds in repetition 414
Round trip time was 39.724 milliseconds in repetition 415
Round trip time was 27.157 milliseconds in repetition 416
Round trip time was 25.202 milliseconds in repetition 417
Round trip time was 26.345 milliseconds in repetition 418
Round trip time was 24.909 milliseconds in repetition 419
Round trip time was 27.456 milliseconds in repetition 420
Round trip time was 25.544 milliseconds in repetition 421
Round trip time was 24.724 milliseconds in repetition 422
Round trip time was 25.496 milliseconds in repetition 423
Round trip time was 26.248 milliseconds in repetition 424
Round trip time was 26.434 milliseconds in repetition 425
Round trip time was 25.360 milliseconds in repetition 426
Round trip time was 26.942 milliseconds in repetition 427
Round trip time was 44.760 milliseconds in repetition 428
Round trip time was 32.306 milliseconds in repetition 429
Round trip time was 32.136 milliseconds in repetition 430
Round trip time was 25.851 milliseconds in repetition 431
Round trip time was 33.003 milliseconds in repetition 432
Round trip time was 31.017 milliseconds in repetition 433
Round trip time was 28.490 milliseconds in repetition 434
Round trip time was 29.416 milliseconds in repetition 435
Round trip time was 33.536 milliseconds in repetition 436
Round trip time was 25.850 milliseconds in repetition 437
Round trip time was 38.260 milliseconds in repetition 438
Round trip time was 25.985 milliseconds in repetition 439
Round trip time was 29.361 milliseconds in repetition 440
Round trip time was 32.171 milliseconds in repetition 441
Round trip time was 26.886 milliseconds in repetition 442
Round trip time was 42.384 milliseconds in repetition 443
Round trip time was 25.648 milliseconds in repetition 444
Round trip time was 31.464 milliseconds in repetition 445
Round trip time was 25.942 milliseconds in repetition 446
Round trip time was 28.085 milliseconds in repetition 447
Round trip time was 27.603 milliseconds in repetition 448
Round trip time was 28.572 milliseconds in repetition 449
Round trip time was 28.612 milliseconds in repetition 450
Round trip time was 27.545 milliseconds in repetition 451
Round trip time was 30.566 milliseconds in repetition 452
Round trip time was 31.047 milliseconds in repetition 453
Round trip time was 29.759 milliseconds in repetition 454
Round trip time was 29.993 milliseconds in repetition 455
Round trip time was 40.235 milliseconds in repetition 456
Round trip time was 31.696 milliseconds in repetition 457
Round trip time was 25.380 milliseconds in repetition 458
Round trip time was 32.586 milliseconds in repetition 459
Round trip time was 25.723 milliseconds in repetition 460
Round trip time was 30.075 milliseconds in repetition 461
Round trip time was 37.754 milliseconds in repetition 462
Round trip time was 27.262 milliseconds in repetition 463
Round trip time was 41.645 milliseconds in repetition 464
Round trip time was 25.239 milliseconds in repetition 465
Round trip time was 25.050 milliseconds in repetition 466
Round trip time was 25.788 milliseconds in repetition 467
Round trip time was 26.402 milliseconds in repetition 468
Round trip time was 25.545 milliseconds in repetition 469
Round trip time was 32.526 milliseconds in repetition 470
Round trip time was 28.402 milliseconds in repetition 471
Round trip time was 34.411 milliseconds in repetition 472
Round trip time was 25.425 milliseconds in repetition 473
Round trip time was 30.565 milliseconds in repetition 474
Round trip time was 27.857 milliseconds in repetition 475
Round trip time was 26.193 milliseconds in repetition 476
Round trip time was 26.712 milliseconds in repetition 477
Round trip time was 27.121 milliseconds in repetition 478
Round trip time was 27.107 milliseconds in repetition 479
Round trip time was 25.575 milliseconds in repetition 480
Round trip time was 25.068 milliseconds in repetition 481
Round trip time was 32.592 milliseconds in repetition 482
Round trip time was 27.176 milliseconds in repetition 483
Round trip time was 25.797 milliseconds in repetition 484
Round trip time was 28.663 milliseconds in repetition 485
Round trip time was 52.941 milliseconds in repetition 486
Round trip time was 31.312 milliseconds in repetition 487
Round trip time was 26.863 milliseconds in repetition 488
Round trip time was 26.048 milliseconds in repetition 489
Round trip time was 26.160 milliseconds in repetition 490
Round trip time was 25.849 milliseconds in repetition 491
Round trip time was 25.777 milliseconds in repetition 492
Round trip time was 25.096 milliseconds in repetition 493
Round trip time was 25.714 milliseconds in repetition 494
Round trip time was 25.584 milliseconds in repetition 495
Round trip time was 26.833 milliseconds in repetition 496
Round trip time was 25.729 milliseconds in repetition 497
Round trip time was 27.930 milliseconds in repetition 498
Round trip time was 26.384 milliseconds in repetition 499
Round trip time was 29.812 milliseconds in repetition 500
Round trip time was 25.541 milliseconds in repetition 501

 ... clock resolution was 0.0001
UDP Ping:  Statistics over 501 repetitions of 128 byte messages

RTT : percentile 10: 25.1171, median: 26.9418, percentile 90: 37.145, average: 29.5397, variance: 55.0252

RTT histogram:
24.5808 164
27.228 169
29.8751 68
32.5222 34
35.1694 11
37.8165 11
40.4636 8
43.1108 14
45.7579 4
48.405 3
51.0522 2
53.6993 3
56.3464 1
58.9935 1
61.6407 2
64.2878 2
66.9349 0
69.5821 0
72.2292 3
74.8763 0
77.5235 1

   median Throughput : 9.50196 KB/s   overall Throughput : 8.66631 KB/s

