UDP Ping trying to connect to server seti.dibris.unige.it (130.251.61.30) on TCP port 1491
 ... connected to Pong server: asking for 501 repetitions of 768 _bytes UDP messages
 ... Pong server agreed to ping-pong using port 49834 :-)
Round trip time was 38.453 milliseconds in repetition 1
Round trip time was 29.979 milliseconds in repetition 2
Round trip time was 24.831 milliseconds in repetition 3
Round trip time was 28.225 milliseconds in repetition 4
Round trip time was 28.283 milliseconds in repetition 5
Round trip time was 27.660 milliseconds in repetition 6
Round trip time was 25.093 milliseconds in repetition 7
Round trip time was 24.764 milliseconds in repetition 8
Round trip time was 25.172 milliseconds in repetition 9
Round trip time was 27.997 milliseconds in repetition 10
Round trip time was 28.132 milliseconds in repetition 11
Round trip time was 33.054 milliseconds in repetition 12
Round trip time was 26.497 milliseconds in repetition 13
Round trip time was 26.525 milliseconds in repetition 14
Round trip time was 40.075 milliseconds in repetition 15
Round trip time was 31.819 milliseconds in repetition 16
Round trip time was 24.496 milliseconds in repetition 17
Round trip time was 31.152 milliseconds in repetition 18
Round trip time was 25.277 milliseconds in repetition 19
Round trip time was 24.378 milliseconds in repetition 20
Round trip time was 29.977 milliseconds in repetition 21
Round trip time was 37.559 milliseconds in repetition 22
Round trip time was 28.797 milliseconds in repetition 23
Round trip time was 50.327 milliseconds in repetition 24
Round trip time was 29.250 milliseconds in repetition 25
Round trip time was 30.660 milliseconds in repetition 26
Round trip time was 23.649 milliseconds in repetition 27
Round trip time was 38.540 milliseconds in repetition 28
Round trip time was 25.855 milliseconds in repetition 29
Round trip time was 30.780 milliseconds in repetition 30
Round trip time was 25.272 milliseconds in repetition 31
Round trip time was 27.433 milliseconds in repetition 32
Round trip time was 38.384 milliseconds in repetition 33
Round trip time was 24.238 milliseconds in repetition 34
Round trip time was 29.634 milliseconds in repetition 35
Round trip time was 71.651 milliseconds in repetition 36
Round trip time was 24.147 milliseconds in repetition 37
Round trip time was 24.552 milliseconds in repetition 38
Round trip time was 24.983 milliseconds in repetition 39
Round trip time was 24.725 milliseconds in repetition 40
Round trip time was 24.879 milliseconds in repetition 41
Round trip time was 24.560 milliseconds in repetition 42
Round trip time was 38.786 milliseconds in repetition 43
Round trip time was 65.492 milliseconds in repetition 44
Round trip time was 30.424 milliseconds in repetition 45
Round trip time was 28.328 milliseconds in repetition 46
Round trip time was 41.154 milliseconds in repetition 47
Round trip time was 24.348 milliseconds in repetition 48
Round trip time was 26.855 milliseconds in repetition 49
Round trip time was 26.918 milliseconds in repetition 50
Round trip time was 38.691 milliseconds in repetition 51
Round trip time was 27.511 milliseconds in repetition 52
Round trip time was 31.035 milliseconds in repetition 53
Round trip time was 29.010 milliseconds in repetition 54
Round trip time was 24.153 milliseconds in repetition 55
Round trip time was 27.689 milliseconds in repetition 56
Round trip time was 29.349 milliseconds in repetition 57
Round trip time was 24.113 milliseconds in repetition 58
Round trip time was 25.598 milliseconds in repetition 59
Round trip time was 70.714 milliseconds in repetition 60
Round trip time was 26.829 milliseconds in repetition 61
Round trip time was 24.061 milliseconds in repetition 62
Round trip time was 24.842 milliseconds in repetition 63
Round trip time was 32.438 milliseconds in repetition 64
Round trip time was 23.961 milliseconds in repetition 65
Round trip time was 23.701 milliseconds in repetition 66
Round trip time was 23.824 milliseconds in repetition 67
Round trip time was 43.131 milliseconds in repetition 68
Round trip time was 27.088 milliseconds in repetition 69
Round trip time was 25.602 milliseconds in repetition 70
Round trip time was 31.648 milliseconds in repetition 71
Round trip time was 25.866 milliseconds in repetition 72
Round trip time was 24.619 milliseconds in repetition 73
Round trip time was 30.007 milliseconds in repetition 74
Round trip time was 26.689 milliseconds in repetition 75
Round trip time was 25.241 milliseconds in repetition 76
Round trip time was 28.603 milliseconds in repetition 77
Round trip time was 25.866 milliseconds in repetition 78
Round trip time was 23.981 milliseconds in repetition 79
Round trip time was 24.678 milliseconds in repetition 80
Round trip time was 24.659 milliseconds in repetition 81
Round trip time was 25.338 milliseconds in repetition 82
Round trip time was 24.577 milliseconds in repetition 83
Round trip time was 42.730 milliseconds in repetition 84
Round trip time was 23.643 milliseconds in repetition 85
Round trip time was 32.034 milliseconds in repetition 86
Round trip time was 27.735 milliseconds in repetition 87
Round trip time was 25.873 milliseconds in repetition 88
Round trip time was 27.156 milliseconds in repetition 89
Round trip time was 24.347 milliseconds in repetition 90
Round trip time was 25.625 milliseconds in repetition 91
Round trip time was 27.420 milliseconds in repetition 92
Round trip time was 47.744 milliseconds in repetition 93
Round trip time was 25.485 milliseconds in repetition 94
Round trip time was 44.022 milliseconds in repetition 95
Round trip time was 45.300 milliseconds in repetition 96
Round trip time was 23.944 milliseconds in repetition 97
Round trip time was 24.310 milliseconds in repetition 98
Round trip time was 23.956 milliseconds in repetition 99
Round trip time was 24.319 milliseconds in repetition 100
Round trip time was 25.947 milliseconds in repetition 101
Round trip time was 41.458 milliseconds in repetition 102
Round trip time was 29.634 milliseconds in repetition 103
Round trip time was 38.023 milliseconds in repetition 104
Round trip time was 31.770 milliseconds in repetition 105
Round trip time was 48.690 milliseconds in repetition 106
Round trip time was 26.185 milliseconds in repetition 107
Round trip time was 23.691 milliseconds in repetition 108
Round trip time was 24.173 milliseconds in repetition 109
Round trip time was 29.799 milliseconds in repetition 110
Round trip time was 30.738 milliseconds in repetition 111
Round trip time was 26.066 milliseconds in repetition 112
Round trip time was 27.033 milliseconds in repetition 113
Round trip time was 26.938 milliseconds in repetition 114
Round trip time was 64.207 milliseconds in repetition 115
Round trip time was 24.322 milliseconds in repetition 116
Round trip time was 24.362 milliseconds in repetition 117
Round trip time was 29.121 milliseconds in repetition 118
Round trip time was 29.590 milliseconds in repetition 119
Round trip time was 24.455 milliseconds in repetition 120
Round trip time was 25.378 milliseconds in repetition 121
Round trip time was 24.637 milliseconds in repetition 122
Round trip time was 24.707 milliseconds in repetition 123
Round trip time was 41.303 milliseconds in repetition 124
Round trip time was 38.367 milliseconds in repetition 125
Round trip time was 24.606 milliseconds in repetition 126
Round trip time was 25.634 milliseconds in repetition 127
Round trip time was 31.122 milliseconds in repetition 128
Round trip time was 24.263 milliseconds in repetition 129
Round trip time was 25.146 milliseconds in repetition 130
Round trip time was 27.141 milliseconds in repetition 131
Round trip time was 25.012 milliseconds in repetition 132
Round trip time was 26.983 milliseconds in repetition 133
Round trip time was 25.816 milliseconds in repetition 134
Round trip time was 24.749 milliseconds in repetition 135
Round trip time was 25.097 milliseconds in repetition 136
Round trip time was 33.638 milliseconds in repetition 137
Round trip time was 24.486 milliseconds in repetition 138
Round trip time was 23.573 milliseconds in repetition 139
Round trip time was 42.035 milliseconds in repetition 140
Round trip time was 26.828 milliseconds in repetition 141
Round trip time was 32.512 milliseconds in repetition 142
Round trip time was 27.096 milliseconds in repetition 143
Round trip time was 24.839 milliseconds in repetition 144
Round trip time was 39.302 milliseconds in repetition 145
Round trip time was 31.382 milliseconds in repetition 146
Round trip time was 33.381 milliseconds in repetition 147
Round trip time was 52.775 milliseconds in repetition 148
Round trip time was 23.828 milliseconds in repetition 149
Round trip time was 24.910 milliseconds in repetition 150
Round trip time was 30.136 milliseconds in repetition 151
Round trip time was 23.818 milliseconds in repetition 152
Round trip time was 24.444 milliseconds in repetition 153
Round trip time was 27.692 milliseconds in repetition 154
Round trip time was 24.122 milliseconds in repetition 155
Round trip time was 25.903 milliseconds in repetition 156
Round trip time was 23.899 milliseconds in repetition 157
Round trip time was 24.447 milliseconds in repetition 158
Round trip time was 26.040 milliseconds in repetition 159
Round trip time was 27.596 milliseconds in repetition 160
Round trip time was 26.269 milliseconds in repetition 161
Round trip time was 24.610 milliseconds in repetition 162
Round trip time was 24.876 milliseconds in repetition 163
Round trip time was 47.519 milliseconds in repetition 164
Round trip time was 23.929 milliseconds in repetition 165
Round trip time was 26.548 milliseconds in repetition 166
Round trip time was 25.412 milliseconds in repetition 167
Round trip time was 24.856 milliseconds in repetition 168
Round trip time was 28.831 milliseconds in repetition 169
Round trip time was 25.476 milliseconds in repetition 170
Round trip time was 66.759 milliseconds in repetition 171
Round trip time was 24.888 milliseconds in repetition 172
Round trip time was 27.091 milliseconds in repetition 173
Round trip time was 27.837 milliseconds in repetition 174
Round trip time was 24.203 milliseconds in repetition 175
Round trip time was 26.378 milliseconds in repetition 176
Round trip time was 28.178 milliseconds in repetition 177
Round trip time was 24.000 milliseconds in repetition 178
Round trip time was 26.432 milliseconds in repetition 179
Round trip time was 27.469 milliseconds in repetition 180
Round trip time was 39.207 milliseconds in repetition 181
Round trip time was 25.266 milliseconds in repetition 182
Round trip time was 30.112 milliseconds in repetition 183
Round trip time was 26.235 milliseconds in repetition 184
Round trip time was 24.879 milliseconds in repetition 185
Round trip time was 25.099 milliseconds in repetition 186
Round trip time was 24.319 milliseconds in repetition 187
Round trip time was 44.445 milliseconds in repetition 188
Round trip time was 24.697 milliseconds in repetition 189
Round trip time was 25.103 milliseconds in repetition 190
Round trip time was 24.480 milliseconds in repetition 191
Round trip time was 25.289 milliseconds in repetition 192
Round trip time was 40.080 milliseconds in repetition 193
Round trip time was 25.698 milliseconds in repetition 194
Round trip time was 32.807 milliseconds in repetition 195
Round trip time was 31.560 milliseconds in repetition 196
Round trip time was 29.589 milliseconds in repetition 197
Round trip time was 27.596 milliseconds in repetition 198
Round trip time was 24.447 milliseconds in repetition 199
Round trip time was 23.762 milliseconds in repetition 200
Round trip time was 39.347 milliseconds in repetition 201
Round trip time was 27.184 milliseconds in repetition 202
Round trip time was 23.707 milliseconds in repetition 203
Round trip time was 26.195 milliseconds in repetition 204
Round trip time was 28.929 milliseconds in repetition 205
Round trip time was 24.892 milliseconds in repetition 206
Round trip time was 23.657 milliseconds in repetition 207
Round trip time was 25.335 milliseconds in repetition 208
Round trip time was 28.884 milliseconds in repetition 209
Round trip time was 24.420 milliseconds in repetition 210
Round trip time was 24.689 milliseconds in repetition 211
Round trip time was 27.227 milliseconds in repetition 212
Round trip time was 40.141 milliseconds in repetition 213
Round trip time was 26.160 milliseconds in repetition 214
Round trip time was 25.449 milliseconds in repetition 215
Round trip time was 26.770 milliseconds in repetition 216
Round trip time was 37.636 milliseconds in repetition 217
Round trip time was 24.715 milliseconds in repetition 218
Round trip time was 33.548 milliseconds in repetition 219
Round trip time was 24.910 milliseconds in repetition 220
Round trip time was 24.987 milliseconds in repetition 221
Round trip time was 24.795 milliseconds in repetition 222
Round trip time was 29.392 milliseconds in repetition 223
Round trip time was 24.080 milliseconds in repetition 224
Round trip time was 25.154 milliseconds in repetition 225
Round trip time was 23.697 milliseconds in repetition 226
Round trip time was 30.769 milliseconds in repetition 227
Round trip time was 27.646 milliseconds in repetition 228
Round trip time was 24.343 milliseconds in repetition 229
Round trip time was 25.983 milliseconds in repetition 230
Round trip time was 26.171 milliseconds in repetition 231
Round trip time was 25.723 milliseconds in repetition 232
Round trip time was 27.817 milliseconds in repetition 233
Round trip time was 30.966 milliseconds in repetition 234
Round trip time was 26.163 milliseconds in repetition 235
Round trip time was 25.740 milliseconds in repetition 236
Round trip time was 23.539 milliseconds in repetition 237
Round trip time was 26.164 milliseconds in repetition 238
Round trip time was 31.010 milliseconds in repetition 239
Round trip time was 23.951 milliseconds in repetition 240
Round trip time was 23.975 milliseconds in repetition 241
Round trip time was 27.353 milliseconds in repetition 242
Round trip time was 24.634 milliseconds in repetition 243
Round trip time was 24.422 milliseconds in repetition 244
Round trip time was 24.078 milliseconds in repetition 245
Round trip time was 26.902 milliseconds in repetition 246
Round trip time was 28.262 milliseconds in repetition 247
Round trip time was 24.108 milliseconds in repetition 248
Round trip time was 29.659 milliseconds in repetition 249
Round trip time was 28.818 milliseconds in repetition 250
Round trip time was 27.376 milliseconds in repetition 251
Round trip time was 25.345 milliseconds in repetition 252
Round trip time was 24.591 milliseconds in repetition 253
Round trip time was 24.715 milliseconds in repetition 254
Round trip time was 34.637 milliseconds in repetition 255
Round trip time was 26.056 milliseconds in repetition 256
Round trip time was 25.393 milliseconds in repetition 257
Round trip time was 35.290 milliseconds in repetition 258
Round trip time was 24.044 milliseconds in repetition 259
Round trip time was 24.175 milliseconds in repetition 260
Round trip time was 24.520 milliseconds in repetition 261
Round trip time was 26.546 milliseconds in repetition 262
Round trip time was 24.540 milliseconds in repetition 263
Round trip time was 23.767 milliseconds in repetition 264
Round trip time was 46.214 milliseconds in repetition 265
Round trip time was 26.251 milliseconds in repetition 266
Round trip time was 29.513 milliseconds in repetition 267
Round trip time was 25.907 milliseconds in repetition 268
Round trip time was 24.878 milliseconds in repetition 269
Round trip time was 30.754 milliseconds in repetition 270
Round trip time was 32.103 milliseconds in repetition 271
Round trip time was 24.828 milliseconds in repetition 272
Round trip time was 24.540 milliseconds in repetition 273
Round trip time was 26.439 milliseconds in repetition 274
Round trip time was 25.640 milliseconds in repetition 275
Round trip time was 26.332 milliseconds in repetition 276
Round trip time was 23.915 milliseconds in repetition 277
Round trip time was 27.889 milliseconds in repetition 278
Round trip time was 24.788 milliseconds in repetition 279
Round trip time was 26.098 milliseconds in repetition 280
Round trip time was 26.604 milliseconds in repetition 281
Round trip time was 38.640 milliseconds in repetition 282
Round trip time was 25.176 milliseconds in repetition 283
Round trip time was 24.222 milliseconds in repetition 284
Round trip time was 29.325 milliseconds in repetition 285
Round trip time was 24.214 milliseconds in repetition 286
Round trip time was 24.509 milliseconds in repetition 287
Round trip time was 29.427 milliseconds in repetition 288
Round trip time was 24.694 milliseconds in repetition 289
Round trip time was 49.541 milliseconds in repetition 290
Round trip time was 24.324 milliseconds in repetition 291
Round trip time was 32.211 milliseconds in repetition 292
Round trip time was 25.550 milliseconds in repetition 293
Round trip time was 38.515 milliseconds in repetition 294
Round trip time was 24.469 milliseconds in repetition 295
Round trip time was 37.293 milliseconds in repetition 296
Round trip time was 24.509 milliseconds in repetition 297
Round trip time was 27.127 milliseconds in repetition 298
Round trip time was 25.040 milliseconds in repetition 299
Round trip time was 23.851 milliseconds in repetition 300
Round trip time was 24.723 milliseconds in repetition 301
Round trip time was 24.338 milliseconds in repetition 302
Round trip time was 30.756 milliseconds in repetition 303
Round trip time was 23.655 milliseconds in repetition 304
Round trip time was 23.578 milliseconds in repetition 305
Round trip time was 27.028 milliseconds in repetition 306
Round trip time was 24.806 milliseconds in repetition 307
Round trip time was 24.555 milliseconds in repetition 308
Round trip time was 25.197 milliseconds in repetition 309
Round trip time was 29.333 milliseconds in repetition 310
Round trip time was 23.833 milliseconds in repetition 311
Round trip time was 23.555 milliseconds in repetition 312
Round trip time was 24.492 milliseconds in repetition 313
Round trip time was 25.949 milliseconds in repetition 314
Round trip time was 30.977 milliseconds in repetition 315
Round trip time was 26.864 milliseconds in repetition 316
Round trip time was 26.514 milliseconds in repetition 317
Round trip time was 26.177 milliseconds in repetition 318
Round trip time was 37.013 milliseconds in repetition 319
Round trip time was 28.203 milliseconds in repetition 320
Round trip time was 27.422 milliseconds in repetition 321
Round trip time was 25.787 milliseconds in repetition 322
Round trip time was 47.830 milliseconds in repetition 323
Round trip time was 25.388 milliseconds in repetition 324
Round trip time was 26.777 milliseconds in repetition 325
Round trip time was 27.291 milliseconds in repetition 326
Round trip time was 26.622 milliseconds in repetition 327
Round trip time was 26.307 milliseconds in repetition 328
Round trip time was 31.322 milliseconds in repetition 329
Round trip time was 23.910 milliseconds in repetition 330
Round trip time was 25.192 milliseconds in repetition 331
Round trip time was 26.597 milliseconds in repetition 332
Round trip time was 26.886 milliseconds in repetition 333
Round trip time was 23.876 milliseconds in repetition 334
Round trip time was 31.290 milliseconds in repetition 335
Round trip time was 25.801 milliseconds in repetition 336
Round trip time was 24.956 milliseconds in repetition 337
Round trip time was 26.584 milliseconds in repetition 338
Round trip time was 27.279 milliseconds in repetition 339
Round trip time was 24.083 milliseconds in repetition 340
Round trip time was 26.816 milliseconds in repetition 341
Round trip time was 42.275 milliseconds in repetition 342
Round trip time was 26.554 milliseconds in repetition 343
Round trip time was 24.356 milliseconds in repetition 344
Round trip time was 25.209 milliseconds in repetition 345
Round trip time was 30.710 milliseconds in repetition 346
Round trip time was 24.972 milliseconds in repetition 347
Round trip time was 23.979 milliseconds in repetition 348
Round trip time was 25.981 milliseconds in repetition 349
Round trip time was 50.435 milliseconds in repetition 350
Round trip time was 25.930 milliseconds in repetition 351
Round trip time was 25.001 milliseconds in repetition 352
Round trip time was 24.957 milliseconds in repetition 353
Round trip time was 40.305 milliseconds in repetition 354
Round trip time was 38.023 milliseconds in repetition 355
Round trip time was 23.952 milliseconds in repetition 356
Round trip time was 31.543 milliseconds in repetition 357
Round trip time was 29.003 milliseconds in repetition 358
Round trip time was 26.184 milliseconds in repetition 359
Round trip time was 24.230 milliseconds in repetition 360
Round trip time was 30.051 milliseconds in repetition 361
Round trip time was 24.431 milliseconds in repetition 362
Round trip time was 25.459 milliseconds in repetition 363
Round trip time was 28.664 milliseconds in repetition 364
Round trip time was 31.972 milliseconds in repetition 365
Round trip time was 24.445 milliseconds in repetition 366
Round trip time was 29.010 milliseconds in repetition 367
Round trip time was 37.512 milliseconds in repetition 368
Round trip time was 26.273 milliseconds in repetition 369
Round trip time was 28.385 milliseconds in repetition 370
Round trip time was 27.441 milliseconds in repetition 371
Round trip time was 24.585 milliseconds in repetition 372
Round trip time was 23.621 milliseconds in repetition 373
Round trip time was 26.861 milliseconds in repetition 374
Round trip time was 27.143 milliseconds in repetition 375
Round trip time was 24.009 milliseconds in repetition 376
Round trip time was 26.621 milliseconds in repetition 377
Round trip time was 23.848 milliseconds in repetition 378
Round trip time was 28.032 milliseconds in repetition 379
Round trip time was 25.234 milliseconds in repetition 380
Round trip time was 27.156 milliseconds in repetition 381
Round trip time was 25.978 milliseconds in repetition 382
Round trip time was 25.978 milliseconds in repetition 383
Round trip time was 25.502 milliseconds in repetition 384
Round trip time was 24.568 milliseconds in repetition 385
Round trip time was 38.839 milliseconds in repetition 386
Round trip time was 26.727 milliseconds in repetition 387
Round trip time was 23.985 milliseconds in repetition 388
Round trip time was 24.026 milliseconds in repetition 389
Round trip time was 24.087 milliseconds in repetition 390
Round trip time was 30.602 milliseconds in repetition 391
Round trip time was 24.399 milliseconds in repetition 392
Round trip time was 24.581 milliseconds in repetition 393
Round trip time was 25.949 milliseconds in repetition 394
Round trip time was 24.293 milliseconds in repetition 395
Round trip time was 26.178 milliseconds in repetition 396
Round trip time was 24.881 milliseconds in repetition 397
Round trip time was 26.195 milliseconds in repetition 398
Round trip time was 25.169 milliseconds in repetition 399
Round trip time was 25.862 milliseconds in repetition 400
Round trip time was 24.373 milliseconds in repetition 401
Round trip time was 27.680 milliseconds in repetition 402
Round trip time was 28.191 milliseconds in repetition 403
Round trip time was 25.300 milliseconds in repetition 404
Round trip time was 24.250 milliseconds in repetition 405
Round trip time was 30.205 milliseconds in repetition 406
Round trip time was 26.351 milliseconds in repetition 407
Round trip time was 25.763 milliseconds in repetition 408
Round trip time was 24.345 milliseconds in repetition 409
Round trip time was 25.235 milliseconds in repetition 410
Round trip time was 24.256 milliseconds in repetition 411
Round trip time was 25.266 milliseconds in repetition 412
Round trip time was 24.334 milliseconds in repetition 413
Round trip time was 25.160 milliseconds in repetition 414
Round trip time was 24.640 milliseconds in repetition 415
Round trip time was 24.043 milliseconds in repetition 416
Round trip time was 24.116 milliseconds in repetition 417
Round trip time was 40.999 milliseconds in repetition 418
Round trip time was 24.554 milliseconds in repetition 419
Round trip time was 26.270 milliseconds in repetition 420
Round trip time was 27.161 milliseconds in repetition 421
Round trip time was 25.250 milliseconds in repetition 422
Round trip time was 26.883 milliseconds in repetition 423
Round trip time was 24.427 milliseconds in repetition 424
Round trip time was 24.808 milliseconds in repetition 425
Round trip time was 24.104 milliseconds in repetition 426
Round trip time was 24.578 milliseconds in repetition 427
Round trip time was 24.887 milliseconds in repetition 428
Round trip time was 28.555 milliseconds in repetition 429
Round trip time was 24.439 milliseconds in repetition 430
Round trip time was 24.096 milliseconds in repetition 431
Round trip time was 25.426 milliseconds in repetition 432
Round trip time was 24.564 milliseconds in repetition 433
Round trip time was 28.910 milliseconds in repetition 434
Round trip time was 27.785 milliseconds in repetition 435
Round trip time was 26.179 milliseconds in repetition 436
Round trip time was 24.794 milliseconds in repetition 437
Round trip time was 26.407 milliseconds in repetition 438
Round trip time was 24.863 milliseconds in repetition 439
Round trip time was 26.297 milliseconds in repetition 440
Round trip time was 24.781 milliseconds in repetition 441
Round trip time was 29.064 milliseconds in repetition 442
Round trip time was 35.764 milliseconds in repetition 443
Round trip time was 43.457 milliseconds in repetition 444
Round trip time was 27.118 milliseconds in repetition 445
Round trip time was 24.339 milliseconds in repetition 446
Round trip time was 25.396 milliseconds in repetition 447
Round trip time was 31.647 milliseconds in repetition 448
Round trip time was 39.209 milliseconds in repetition 449
Round trip time was 23.843 milliseconds in repetition 450
Round trip time was 26.152 milliseconds in repetition 451
Round trip time was 24.742 milliseconds in repetition 452
Round trip time was 24.044 milliseconds in repetition 453
Round trip time was 26.210 milliseconds in repetition 454
Round trip time was 27.245 milliseconds in repetition 455
Round trip time was 24.438 milliseconds in repetition 456
Round trip time was 24.200 milliseconds in repetition 457
Round trip time was 25.256 milliseconds in repetition 458
Round trip time was 31.199 milliseconds in repetition 459
Round trip time was 33.980 milliseconds in repetition 460
Round trip time was 24.350 milliseconds in repetition 461
Round trip time was 39.606 milliseconds in repetition 462
Round trip time was 40.954 milliseconds in repetition 463
Round trip time was 26.326 milliseconds in repetition 464
Round trip time was 24.410 milliseconds in repetition 465
Round trip time was 29.212 milliseconds in repetition 466
Round trip time was 25.222 milliseconds in repetition 467
Round trip time was 52.859 milliseconds in repetition 468
Round trip time was 24.490 milliseconds in repetition 469
Round trip time was 43.371 milliseconds in repetition 470
Round trip time was 37.595 milliseconds in repetition 471
Round trip time was 37.126 milliseconds in repetition 472
Round trip time was 25.618 milliseconds in repetition 473
Round trip time was 24.390 milliseconds in repetition 474
Round trip time was 35.736 milliseconds in repetition 475
Round trip time was 59.239 milliseconds in repetition 476
Round trip time was 27.742 milliseconds in repetition 477
Round trip time was 39.791 milliseconds in repetition 478
Round trip time was 26.138 milliseconds in repetition 479
Round trip time was 24.509 milliseconds in repetition 480
Round trip time was 34.695 milliseconds in repetition 481
Round trip time was 30.128 milliseconds in repetition 482
Round trip time was 26.679 milliseconds in repetition 483
Round trip time was 23.932 milliseconds in repetition 484
Round trip time was 27.753 milliseconds in repetition 485
Round trip time was 25.214 milliseconds in repetition 486
Round trip time was 31.566 milliseconds in repetition 487
Round trip time was 24.415 milliseconds in repetition 488
Round trip time was 31.482 milliseconds in repetition 489
Round trip time was 33.052 milliseconds in repetition 490
Round trip time was 25.291 milliseconds in repetition 491
Round trip time was 48.172 milliseconds in repetition 492
Round trip time was 24.589 milliseconds in repetition 493
Round trip time was 34.468 milliseconds in repetition 494
Round trip time was 23.549 milliseconds in repetition 495
Round trip time was 24.837 milliseconds in repetition 496
Round trip time was 29.677 milliseconds in repetition 497
Round trip time was 26.317 milliseconds in repetition 498
Round trip time was 33.364 milliseconds in repetition 499
Round trip time was 24.232 milliseconds in repetition 500
Round trip time was 27.067 milliseconds in repetition 501

 ... clock resolution was 0.0001
UDP Ping:  Statistics over 501 repetitions of 768 byte messages

RTT : percentile 10: 24.1042, median: 26.1384, percentile 90: 38.0233, average: 28.5608, variance: 47.9532

RTT histogram:
23.539 142
25.9446 175
28.3502 63
30.7558 42
33.1614 14
35.567 6
37.9726 18
40.3782 15
42.7838 6
45.1894 4
47.595 5
50.0005 3
52.4061 2
54.8117 0
57.2173 0
59.6229 1
62.0285 0
64.4341 2
66.8397 1
69.2453 0
71.6509 2

   median Throughput : 58.7641 KB/s   overall Throughput : 53.7799 KB/s

