UDP Ping trying to connect to server seti.dibris.unige.it (130.251.61.30) on TCP port 1491
 ... connected to Pong server: asking for 501 repetitions of 3072 _bytes UDP messages
 ... Pong server agreed to ping-pong using port 49834 :-)
Round trip time was 72.767 milliseconds in repetition 1
Round trip time was 41.226 milliseconds in repetition 2
Round trip time was 29.320 milliseconds in repetition 3
Round trip time was 30.005 milliseconds in repetition 4
Round trip time was 31.517 milliseconds in repetition 5
Round trip time was 30.205 milliseconds in repetition 6
Round trip time was 35.027 milliseconds in repetition 7
Round trip time was 32.632 milliseconds in repetition 8
Round trip time was 35.008 milliseconds in repetition 9
Round trip time was 36.979 milliseconds in repetition 10
Round trip time was 35.464 milliseconds in repetition 11
Round trip time was 42.012 milliseconds in repetition 12
Round trip time was 31.770 milliseconds in repetition 13
Round trip time was 27.931 milliseconds in repetition 14
Round trip time was 28.168 milliseconds in repetition 15
Round trip time was 31.448 milliseconds in repetition 16
Round trip time was 37.640 milliseconds in repetition 17
Round trip time was 34.282 milliseconds in repetition 18
Round trip time was 32.418 milliseconds in repetition 19
Round trip time was 40.343 milliseconds in repetition 20
Round trip time was 31.790 milliseconds in repetition 21
Round trip time was 31.978 milliseconds in repetition 22
Round trip time was 34.990 milliseconds in repetition 23
Round trip time was 30.279 milliseconds in repetition 24
Round trip time was 32.737 milliseconds in repetition 25
Round trip time was 28.884 milliseconds in repetition 26
Round trip time was 31.956 milliseconds in repetition 27
Round trip time was 42.688 milliseconds in repetition 28
Round trip time was 30.973 milliseconds in repetition 29
Round trip time was 29.056 milliseconds in repetition 30
Round trip time was 31.550 milliseconds in repetition 31
Round trip time was 32.462 milliseconds in repetition 32
Round trip time was 60.569 milliseconds in repetition 33
Round trip time was 39.602 milliseconds in repetition 34
Round trip time was 32.193 milliseconds in repetition 35
Round trip time was 30.346 milliseconds in repetition 36
Round trip time was 32.823 milliseconds in repetition 37
Round trip time was 27.774 milliseconds in repetition 38
Round trip time was 29.586 milliseconds in repetition 39
Round trip time was 34.238 milliseconds in repetition 40
Round trip time was 32.518 milliseconds in repetition 41
Round trip time was 29.033 milliseconds in repetition 42
Round trip time was 28.484 milliseconds in repetition 43
Round trip time was 29.879 milliseconds in repetition 44
Round trip time was 27.128 milliseconds in repetition 45
Round trip time was 56.116 milliseconds in repetition 46
Round trip time was 31.030 milliseconds in repetition 47
Round trip time was 29.620 milliseconds in repetition 48
Round trip time was 31.702 milliseconds in repetition 49
Round trip time was 28.889 milliseconds in repetition 50
Round trip time was 28.267 milliseconds in repetition 51
Round trip time was 30.768 milliseconds in repetition 52
Round trip time was 29.092 milliseconds in repetition 53
Round trip time was 28.672 milliseconds in repetition 54
Round trip time was 28.669 milliseconds in repetition 55
Round trip time was 29.107 milliseconds in repetition 56
Round trip time was 30.123 milliseconds in repetition 57
Round trip time was 28.043 milliseconds in repetition 58
Round trip time was 30.071 milliseconds in repetition 59
Round trip time was 35.151 milliseconds in repetition 60
Round trip time was 30.641 milliseconds in repetition 61
Round trip time was 35.076 milliseconds in repetition 62
Round trip time was 30.745 milliseconds in repetition 63
Round trip time was 43.591 milliseconds in repetition 64
Round trip time was 29.872 milliseconds in repetition 65
Round trip time was 30.133 milliseconds in repetition 66
Round trip time was 29.057 milliseconds in repetition 67
Round trip time was 29.374 milliseconds in repetition 68
Round trip time was 30.359 milliseconds in repetition 69
Round trip time was 27.378 milliseconds in repetition 70
Round trip time was 29.573 milliseconds in repetition 71
Round trip time was 30.829 milliseconds in repetition 72
Round trip time was 35.388 milliseconds in repetition 73
Round trip time was 41.273 milliseconds in repetition 74
Round trip time was 31.325 milliseconds in repetition 75
Round trip time was 30.687 milliseconds in repetition 76
Round trip time was 29.091 milliseconds in repetition 77
Round trip time was 29.052 milliseconds in repetition 78
Round trip time was 30.776 milliseconds in repetition 79
Round trip time was 32.346 milliseconds in repetition 80
Round trip time was 27.725 milliseconds in repetition 81
Round trip time was 27.214 milliseconds in repetition 82
Round trip time was 32.629 milliseconds in repetition 83
Round trip time was 27.247 milliseconds in repetition 84
Round trip time was 27.299 milliseconds in repetition 85
Round trip time was 29.119 milliseconds in repetition 86
Round trip time was 39.716 milliseconds in repetition 87
Round trip time was 48.845 milliseconds in repetition 88
Round trip time was 41.990 milliseconds in repetition 89
Round trip time was 31.927 milliseconds in repetition 90
Round trip time was 30.684 milliseconds in repetition 91
Round trip time was 36.327 milliseconds in repetition 92
Round trip time was 28.837 milliseconds in repetition 93
Round trip time was 27.899 milliseconds in repetition 94
Round trip time was 30.342 milliseconds in repetition 95
Round trip time was 29.653 milliseconds in repetition 96
Round trip time was 26.916 milliseconds in repetition 97
Round trip time was 28.583 milliseconds in repetition 98
Round trip time was 27.268 milliseconds in repetition 99
Round trip time was 27.959 milliseconds in repetition 100
Round trip time was 43.545 milliseconds in repetition 101
Round trip time was 44.621 milliseconds in repetition 102
Round trip time was 27.530 milliseconds in repetition 103
Round trip time was 32.303 milliseconds in repetition 104
Round trip time was 31.973 milliseconds in repetition 105
Round trip time was 31.020 milliseconds in repetition 106
Round trip time was 30.878 milliseconds in repetition 107
Round trip time was 28.855 milliseconds in repetition 108
Round trip time was 33.999 milliseconds in repetition 109
Round trip time was 27.833 milliseconds in repetition 110
Round trip time was 29.203 milliseconds in repetition 111
Round trip time was 28.801 milliseconds in repetition 112
Round trip time was 28.083 milliseconds in repetition 113
Round trip time was 28.841 milliseconds in repetition 114
Round trip time was 29.583 milliseconds in repetition 115
Round trip time was 41.802 milliseconds in repetition 116
Round trip time was 30.094 milliseconds in repetition 117
Round trip time was 29.224 milliseconds in repetition 118
Round trip time was 27.686 milliseconds in repetition 119
Round trip time was 28.357 milliseconds in repetition 120
Round trip time was 28.260 milliseconds in repetition 121
Round trip time was 31.760 milliseconds in repetition 122
Round trip time was 28.481 milliseconds in repetition 123
Round trip time was 31.883 milliseconds in repetition 124
Round trip time was 37.137 milliseconds in repetition 125
Round trip time was 30.475 milliseconds in repetition 126
Round trip time was 28.061 milliseconds in repetition 127
Round trip time was 30.065 milliseconds in repetition 128
Round trip time was 32.288 milliseconds in repetition 129
Round trip time was 29.938 milliseconds in repetition 130
Round trip time was 32.591 milliseconds in repetition 131
Round trip time was 60.134 milliseconds in repetition 132
Round trip time was 45.004 milliseconds in repetition 133
Round trip time was 35.239 milliseconds in repetition 134
Round trip time was 28.915 milliseconds in repetition 135
Round trip time was 30.237 milliseconds in repetition 136
Round trip time was 39.496 milliseconds in repetition 137
Round trip time was 31.108 milliseconds in repetition 138
Round trip time was 29.992 milliseconds in repetition 139
Round trip time was 28.250 milliseconds in repetition 140
Round trip time was 28.681 milliseconds in repetition 141
Round trip time was 30.923 milliseconds in repetition 142
Round trip time was 34.719 milliseconds in repetition 143
Round trip time was 35.292 milliseconds in repetition 144
Round trip time was 31.746 milliseconds in repetition 145
Round trip time was 34.011 milliseconds in repetition 146
Round trip time was 36.783 milliseconds in repetition 147
Round trip time was 30.932 milliseconds in repetition 148
Round trip time was 29.014 milliseconds in repetition 149
Round trip time was 29.137 milliseconds in repetition 150
Round trip time was 34.459 milliseconds in repetition 151
Round trip time was 36.667 milliseconds in repetition 152
Round trip time was 34.874 milliseconds in repetition 153
Round trip time was 30.116 milliseconds in repetition 154
Round trip time was 61.475 milliseconds in repetition 155
Round trip time was 29.461 milliseconds in repetition 156
Round trip time was 38.249 milliseconds in repetition 157
Round trip time was 52.386 milliseconds in repetition 158
Round trip time was 51.029 milliseconds in repetition 159
Round trip time was 49.583 milliseconds in repetition 160
Round trip time was 35.294 milliseconds in repetition 161
Round trip time was 46.564 milliseconds in repetition 162
Round trip time was 28.508 milliseconds in repetition 163
Round trip time was 28.768 milliseconds in repetition 164
Round trip time was 43.751 milliseconds in repetition 165
Round trip time was 32.598 milliseconds in repetition 166
Round trip time was 29.226 milliseconds in repetition 167
Round trip time was 32.521 milliseconds in repetition 168
Round trip time was 28.804 milliseconds in repetition 169
Round trip time was 28.754 milliseconds in repetition 170
Round trip time was 53.097 milliseconds in repetition 171
Round trip time was 28.288 milliseconds in repetition 172
Round trip time was 28.720 milliseconds in repetition 173
Round trip time was 28.217 milliseconds in repetition 174
Round trip time was 31.557 milliseconds in repetition 175
Round trip time was 28.468 milliseconds in repetition 176
Round trip time was 29.184 milliseconds in repetition 177
Round trip time was 27.661 milliseconds in repetition 178
Round trip time was 30.973 milliseconds in repetition 179
Round trip time was 28.041 milliseconds in repetition 180
Round trip time was 28.133 milliseconds in repetition 181
Round trip time was 29.935 milliseconds in repetition 182
Round trip time was 28.073 milliseconds in repetition 183
Round trip time was 33.187 milliseconds in repetition 184
Round trip time was 59.482 milliseconds in repetition 185
Round trip time was 28.361 milliseconds in repetition 186
Round trip time was 56.664 milliseconds in repetition 187
Round trip time was 27.981 milliseconds in repetition 188
Round trip time was 29.474 milliseconds in repetition 189
Round trip time was 36.678 milliseconds in repetition 190
Round trip time was 29.025 milliseconds in repetition 191
Round trip time was 57.107 milliseconds in repetition 192
Round trip time was 28.012 milliseconds in repetition 193
Round trip time was 29.824 milliseconds in repetition 194
Round trip time was 32.734 milliseconds in repetition 195
Round trip time was 33.154 milliseconds in repetition 196
Round trip time was 30.173 milliseconds in repetition 197
Round trip time was 31.837 milliseconds in repetition 198
Round trip time was 34.169 milliseconds in repetition 199
Round trip time was 34.014 milliseconds in repetition 200
Round trip time was 29.822 milliseconds in repetition 201
Round trip time was 29.062 milliseconds in repetition 202
Round trip time was 33.282 milliseconds in repetition 203
Round trip time was 28.512 milliseconds in repetition 204
Round trip time was 40.479 milliseconds in repetition 205
Round trip time was 32.724 milliseconds in repetition 206
Round trip time was 29.706 milliseconds in repetition 207
Round trip time was 28.682 milliseconds in repetition 208
Round trip time was 31.199 milliseconds in repetition 209
Round trip time was 27.942 milliseconds in repetition 210
Round trip time was 40.065 milliseconds in repetition 211
Round trip time was 30.761 milliseconds in repetition 212
Round trip time was 30.050 milliseconds in repetition 213
Round trip time was 28.658 milliseconds in repetition 214
Round trip time was 27.481 milliseconds in repetition 215
Round trip time was 29.986 milliseconds in repetition 216
Round trip time was 27.999 milliseconds in repetition 217
Round trip time was 33.116 milliseconds in repetition 218
Round trip time was 29.589 milliseconds in repetition 219
Round trip time was 28.939 milliseconds in repetition 220
Round trip time was 30.174 milliseconds in repetition 221
Round trip time was 35.556 milliseconds in repetition 222
Round trip time was 30.996 milliseconds in repetition 223
Round trip time was 29.366 milliseconds in repetition 224
Round trip time was 29.860 milliseconds in repetition 225
Round trip time was 34.804 milliseconds in repetition 226
Round trip time was 29.367 milliseconds in repetition 227
Round trip time was 33.320 milliseconds in repetition 228
Round trip time was 31.085 milliseconds in repetition 229
Round trip time was 30.438 milliseconds in repetition 230
Round trip time was 35.633 milliseconds in repetition 231
Round trip time was 29.456 milliseconds in repetition 232
Round trip time was 30.180 milliseconds in repetition 233
Round trip time was 28.306 milliseconds in repetition 234
Round trip time was 39.380 milliseconds in repetition 235
Round trip time was 44.499 milliseconds in repetition 236
Round trip time was 31.228 milliseconds in repetition 237
Round trip time was 29.446 milliseconds in repetition 238
Round trip time was 46.470 milliseconds in repetition 239
Round trip time was 32.219 milliseconds in repetition 240
Round trip time was 29.032 milliseconds in repetition 241
Round trip time was 27.866 milliseconds in repetition 242
Round trip time was 28.438 milliseconds in repetition 243
Round trip time was 36.436 milliseconds in repetition 244
Round trip time was 30.114 milliseconds in repetition 245
Round trip time was 27.800 milliseconds in repetition 246
Round trip time was 30.569 milliseconds in repetition 247
Round trip time was 38.040 milliseconds in repetition 248
Round trip time was 28.104 milliseconds in repetition 249
Round trip time was 32.170 milliseconds in repetition 250
Round trip time was 32.534 milliseconds in repetition 251
Round trip time was 28.807 milliseconds in repetition 252
Round trip time was 32.290 milliseconds in repetition 253
Round trip time was 29.138 milliseconds in repetition 254
Round trip time was 28.250 milliseconds in repetition 255
Round trip time was 28.140 milliseconds in repetition 256
Round trip time was 33.237 milliseconds in repetition 257
Round trip time was 37.688 milliseconds in repetition 258
Round trip time was 27.821 milliseconds in repetition 259
Round trip time was 33.458 milliseconds in repetition 260
Round trip time was 27.969 milliseconds in repetition 261
Round trip time was 28.645 milliseconds in repetition 262
Round trip time was 28.741 milliseconds in repetition 263
Round trip time was 28.494 milliseconds in repetition 264
Round trip time was 29.968 milliseconds in repetition 265
Round trip time was 29.665 milliseconds in repetition 266
Round trip time was 32.137 milliseconds in repetition 267
Round trip time was 29.210 milliseconds in repetition 268
Round trip time was 28.192 milliseconds in repetition 269
Round trip time was 34.306 milliseconds in repetition 270
Round trip time was 32.775 milliseconds in repetition 271
Round trip time was 40.947 milliseconds in repetition 272
Round trip time was 33.511 milliseconds in repetition 273
Round trip time was 31.366 milliseconds in repetition 274
Round trip time was 27.458 milliseconds in repetition 275
Round trip time was 32.173 milliseconds in repetition 276
Round trip time was 33.095 milliseconds in repetition 277
Round trip time was 28.482 milliseconds in repetition 278
Round trip time was 43.167 milliseconds in repetition 279
Round trip time was 39.132 milliseconds in repetition 280
Round trip time was 27.711 milliseconds in repetition 281
Round trip time was 32.589 milliseconds in repetition 282
Round trip time was 28.696 milliseconds in repetition 283
Round trip time was 29.030 milliseconds in repetition 284
Round trip time was 28.433 milliseconds in repetition 285
Round trip time was 31.421 milliseconds in repetition 286
Round trip time was 29.533 milliseconds in repetition 287
Round trip time was 30.370 milliseconds in repetition 288
Round trip time was 30.507 milliseconds in repetition 289
Round trip time was 28.700 milliseconds in repetition 290
Round trip time was 27.441 milliseconds in repetition 291
Round trip time was 66.026 milliseconds in repetition 292
Round trip time was 27.386 milliseconds in repetition 293
Round trip time was 29.319 milliseconds in repetition 294
Round trip time was 33.342 milliseconds in repetition 295
Round trip time was 31.618 milliseconds in repetition 296
Round trip time was 29.639 milliseconds in repetition 297
Round trip time was 30.532 milliseconds in repetition 298
Round trip time was 32.342 milliseconds in repetition 299
Round trip time was 31.341 milliseconds in repetition 300
Round trip time was 33.162 milliseconds in repetition 301
Round trip time was 39.212 milliseconds in repetition 302
Round trip time was 28.773 milliseconds in repetition 303
Round trip time was 33.047 milliseconds in repetition 304
Round trip time was 33.370 milliseconds in repetition 305
Round trip time was 27.692 milliseconds in repetition 306
Round trip time was 37.302 milliseconds in repetition 307
Round trip time was 28.057 milliseconds in repetition 308
Round trip time was 27.833 milliseconds in repetition 309
Round trip time was 28.855 milliseconds in repetition 310
Round trip time was 34.221 milliseconds in repetition 311
Round trip time was 29.587 milliseconds in repetition 312
Round trip time was 28.566 milliseconds in repetition 313
Round trip time was 30.949 milliseconds in repetition 314
Round trip time was 38.527 milliseconds in repetition 315
Round trip time was 28.996 milliseconds in repetition 316
Round trip time was 34.861 milliseconds in repetition 317
Round trip time was 27.977 milliseconds in repetition 318
Round trip time was 28.694 milliseconds in repetition 319
Round trip time was 29.721 milliseconds in repetition 320
Round trip time was 29.286 milliseconds in repetition 321
Round trip time was 29.296 milliseconds in repetition 322
Round trip time was 28.242 milliseconds in repetition 323
Round trip time was 48.317 milliseconds in repetition 324
Round trip time was 30.169 milliseconds in repetition 325
Round trip time was 30.079 milliseconds in repetition 326
Round trip time was 32.534 milliseconds in repetition 327
Round trip time was 30.981 milliseconds in repetition 328
Round trip time was 32.444 milliseconds in repetition 329
Round trip time was 33.625 milliseconds in repetition 330
Round trip time was 39.926 milliseconds in repetition 331
Round trip time was 35.368 milliseconds in repetition 332
Round trip time was 35.072 milliseconds in repetition 333
Round trip time was 32.703 milliseconds in repetition 334
Round trip time was 31.312 milliseconds in repetition 335
Round trip time was 34.791 milliseconds in repetition 336
Round trip time was 29.092 milliseconds in repetition 337
Round trip time was 30.939 milliseconds in repetition 338
Round trip time was 49.329 milliseconds in repetition 339
Round trip time was 35.145 milliseconds in repetition 340
Round trip time was 30.200 milliseconds in repetition 341
Round trip time was 30.308 milliseconds in repetition 342
Round trip time was 34.709 milliseconds in repetition 343
Round trip time was 34.355 milliseconds in repetition 344
Round trip time was 27.202 milliseconds in repetition 345
Round trip time was 41.527 milliseconds in repetition 346
Round trip time was 34.208 milliseconds in repetition 347
Round trip time was 74.308 milliseconds in repetition 348
Round trip time was 29.492 milliseconds in repetition 349
Round trip time was 32.944 milliseconds in repetition 350
Round trip time was 31.217 milliseconds in repetition 351
Round trip time was 29.590 milliseconds in repetition 352
Round trip time was 31.186 milliseconds in repetition 353
Round trip time was 28.871 milliseconds in repetition 354
Round trip time was 34.830 milliseconds in repetition 355
Round trip time was 29.763 milliseconds in repetition 356
Round trip time was 42.414 milliseconds in repetition 357
Round trip time was 49.193 milliseconds in repetition 358
Round trip time was 34.112 milliseconds in repetition 359
Round trip time was 29.848 milliseconds in repetition 360
Round trip time was 29.413 milliseconds in repetition 361
Round trip time was 28.461 milliseconds in repetition 362
Round trip time was 27.767 milliseconds in repetition 363
Round trip time was 30.048 milliseconds in repetition 364
Round trip time was 54.157 milliseconds in repetition 365
Round trip time was 29.551 milliseconds in repetition 366
Round trip time was 33.042 milliseconds in repetition 367
Round trip time was 32.812 milliseconds in repetition 368
Round trip time was 39.054 milliseconds in repetition 369
Round trip time was 42.315 milliseconds in repetition 370
Round trip time was 30.352 milliseconds in repetition 371
Round trip time was 35.220 milliseconds in repetition 372
Round trip time was 29.450 milliseconds in repetition 373
Round trip time was 28.335 milliseconds in repetition 374
Round trip time was 41.626 milliseconds in repetition 375
Round trip time was 33.200 milliseconds in repetition 376
Round trip time was 27.652 milliseconds in repetition 377
Round trip time was 39.606 milliseconds in repetition 378
Round trip time was 27.621 milliseconds in repetition 379
Round trip time was 30.002 milliseconds in repetition 380
Round trip time was 30.456 milliseconds in repetition 381
Round trip time was 28.908 milliseconds in repetition 382
Round trip time was 30.237 milliseconds in repetition 383
Round trip time was 27.448 milliseconds in repetition 384
Round trip time was 28.895 milliseconds in repetition 385
Round trip time was 27.524 milliseconds in repetition 386
Round trip time was 28.420 milliseconds in repetition 387
Round trip time was 31.253 milliseconds in repetition 388
Round trip time was 36.218 milliseconds in repetition 389
Round trip time was 33.576 milliseconds in repetition 390
Round trip time was 49.546 milliseconds in repetition 391
Round trip time was 30.056 milliseconds in repetition 392
Round trip time was 30.895 milliseconds in repetition 393
Round trip time was 28.094 milliseconds in repetition 394
Round trip time was 28.324 milliseconds in repetition 395
Round trip time was 36.065 milliseconds in repetition 396
Round trip time was 30.360 milliseconds in repetition 397
Round trip time was 28.490 milliseconds in repetition 398
Round trip time was 29.524 milliseconds in repetition 399
Round trip time was 31.218 milliseconds in repetition 400
Round trip time was 31.154 milliseconds in repetition 401
Round trip time was 28.682 milliseconds in repetition 402
Round trip time was 28.267 milliseconds in repetition 403
Round trip time was 30.712 milliseconds in repetition 404
Round trip time was 30.575 milliseconds in repetition 405
Round trip time was 32.548 milliseconds in repetition 406
Round trip time was 35.478 milliseconds in repetition 407
Round trip time was 31.059 milliseconds in repetition 408
Round trip time was 31.581 milliseconds in repetition 409
Round trip time was 33.689 milliseconds in repetition 410
Round trip time was 36.518 milliseconds in repetition 411
Round trip time was 27.985 milliseconds in repetition 412
Round trip time was 37.070 milliseconds in repetition 413
Round trip time was 30.033 milliseconds in repetition 414
Round trip time was 30.760 milliseconds in repetition 415
Round trip time was 41.818 milliseconds in repetition 416
Round trip time was 34.560 milliseconds in repetition 417
Round trip time was 32.097 milliseconds in repetition 418
Round trip time was 32.031 milliseconds in repetition 419
Round trip time was 31.039 milliseconds in repetition 420
Round trip time was 30.952 milliseconds in repetition 421
Round trip time was 37.226 milliseconds in repetition 422
Round trip time was 33.696 milliseconds in repetition 423
Round trip time was 29.977 milliseconds in repetition 424
Round trip time was 29.738 milliseconds in repetition 425
Round trip time was 29.433 milliseconds in repetition 426
Round trip time was 30.584 milliseconds in repetition 427
Round trip time was 29.691 milliseconds in repetition 428
Round trip time was 54.575 milliseconds in repetition 429
Round trip time was 29.948 milliseconds in repetition 430
Round trip time was 30.485 milliseconds in repetition 431
Round trip time was 29.085 milliseconds in repetition 432
Round trip time was 27.666 milliseconds in repetition 433
Round trip time was 30.716 milliseconds in repetition 434
Round trip time was 28.793 milliseconds in repetition 435
Round trip time was 30.277 milliseconds in repetition 436
Round trip time was 28.352 milliseconds in repetition 437
Round trip time was 52.622 milliseconds in repetition 438
Round trip time was 31.529 milliseconds in repetition 439
Round trip time was 33.737 milliseconds in repetition 440
Round trip time was 43.245 milliseconds in repetition 441
Round trip time was 28.837 milliseconds in repetition 442
Round trip time was 31.081 milliseconds in repetition 443
Round trip time was 28.794 milliseconds in repetition 444
Round trip time was 29.435 milliseconds in repetition 445
Round trip time was 28.561 milliseconds in repetition 446
Round trip time was 46.725 milliseconds in repetition 447
Round trip time was 34.645 milliseconds in repetition 448
Round trip time was 28.078 milliseconds in repetition 449
Round trip time was 31.649 milliseconds in repetition 450
Round trip time was 33.318 milliseconds in repetition 451
Round trip time was 28.089 milliseconds in repetition 452
Round trip time was 33.257 milliseconds in repetition 453
Round trip time was 27.945 milliseconds in repetition 454
Round trip time was 28.968 milliseconds in repetition 455
Round trip time was 30.342 milliseconds in repetition 456
Round trip time was 28.376 milliseconds in repetition 457
Round trip time was 37.987 milliseconds in repetition 458
Round trip time was 31.562 milliseconds in repetition 459
Round trip time was 73.167 milliseconds in repetition 460
Round trip time was 28.256 milliseconds in repetition 461
Round trip time was 31.380 milliseconds in repetition 462
Round trip time was 28.795 milliseconds in repetition 463
Round trip time was 29.818 milliseconds in repetition 464
Round trip time was 32.922 milliseconds in repetition 465
Round trip time was 27.879 milliseconds in repetition 466
Round trip time was 28.213 milliseconds in repetition 467
Round trip time was 34.317 milliseconds in repetition 468
Round trip time was 32.258 milliseconds in repetition 469
Round trip time was 28.764 milliseconds in repetition 470
Round trip time was 54.828 milliseconds in repetition 471
Round trip time was 35.090 milliseconds in repetition 472
Round trip time was 27.913 milliseconds in repetition 473
Round trip time was 33.492 milliseconds in repetition 474
Round trip time was 28.944 milliseconds in repetition 475
Round trip time was 27.550 milliseconds in repetition 476
Round trip time was 30.009 milliseconds in repetition 477
Round trip time was 33.475 milliseconds in repetition 478
Round trip time was 28.395 milliseconds in repetition 479
Round trip time was 27.468 milliseconds in repetition 480
Round trip time was 32.929 milliseconds in repetition 481
Round trip time was 33.605 milliseconds in repetition 482
Round trip time was 28.733 milliseconds in repetition 483
Round trip time was 27.447 milliseconds in repetition 484
Round trip time was 34.099 milliseconds in repetition 485
Round trip time was 30.897 milliseconds in repetition 486
Round trip time was 28.580 milliseconds in repetition 487
Round trip time was 32.309 milliseconds in repetition 488
Round trip time was 30.111 milliseconds in repetition 489
Round trip time was 28.768 milliseconds in repetition 490
Round trip time was 39.331 milliseconds in repetition 491
Round trip time was 38.346 milliseconds in repetition 492
Round trip time was 55.198 milliseconds in repetition 493
Round trip time was 29.242 milliseconds in repetition 494
Round trip time was 40.305 milliseconds in repetition 495
Round trip time was 27.678 milliseconds in repetition 496
Round trip time was 27.957 milliseconds in repetition 497
Round trip time was 29.371 milliseconds in repetition 498
Round trip time was 28.834 milliseconds in repetition 499
Round trip time was 33.756 milliseconds in repetition 500
Round trip time was 34.872 milliseconds in repetition 501

 ... clock resolution was 0.0001
UDP Ping:  Statistics over 501 repetitions of 3072 byte messages

RTT : percentile 10: 28.0571, median: 30.5837, percentile 90: 40.3053, average: 32.8772, variance: 47.5647

RTT histogram:
26.9157 57
29.2854 187
31.655 104
34.0246 61
36.3942 23
38.7638 17
41.1334 14
43.5031 9
45.8727 4
48.2423 4
50.6119 3
52.9815 4
55.3511 4
57.7207 2
60.0904 3
62.46 1
64.8296 0
67.1992 1
69.5688 0
71.9384 1
74.3081 2

   median Throughput : 200.891 KB/s   overall Throughput : 186.877 KB/s

