UDP Ping trying to connect to server seti.dibris.unige.it (130.251.61.30) on TCP port 1491
 ... connected to Pong server: asking for 501 repetitions of 16384 _bytes UDP messages
 ... Pong server agreed to ping-pong using port 49834 :-)
Round trip time was 319.897 milliseconds in repetition 1
Round trip time was 41.172 milliseconds in repetition 2
Round trip time was 64.987 milliseconds in repetition 3
Round trip time was 37.867 milliseconds in repetition 4
Round trip time was 52.211 milliseconds in repetition 5
Round trip time was 40.868 milliseconds in repetition 6
Round trip time was 40.357 milliseconds in repetition 7
Round trip time was 43.649 milliseconds in repetition 8
Round trip time was 38.438 milliseconds in repetition 9
Round trip time was 39.801 milliseconds in repetition 10
Round trip time was 43.982 milliseconds in repetition 11
Round trip time was 47.160 milliseconds in repetition 12
Round trip time was 42.656 milliseconds in repetition 13
Round trip time was 38.832 milliseconds in repetition 14
Round trip time was 41.156 milliseconds in repetition 15
Round trip time was 36.770 milliseconds in repetition 16
Round trip time was 36.884 milliseconds in repetition 17
Round trip time was 44.030 milliseconds in repetition 18
Round trip time was 38.456 milliseconds in repetition 19
Round trip time was 38.293 milliseconds in repetition 20
Round trip time was 39.903 milliseconds in repetition 21
Round trip time was 55.489 milliseconds in repetition 22
Round trip time was 37.688 milliseconds in repetition 23
Round trip time was 40.216 milliseconds in repetition 24
Round trip time was 43.193 milliseconds in repetition 25
Round trip time was 51.839 milliseconds in repetition 26
Round trip time was 39.147 milliseconds in repetition 27
Round trip time was 51.944 milliseconds in repetition 28
Round trip time was 40.322 milliseconds in repetition 29
Round trip time was 34.707 milliseconds in repetition 30
Round trip time was 39.224 milliseconds in repetition 31
Round trip time was 36.235 milliseconds in repetition 32
Round trip time was 35.550 milliseconds in repetition 33
Round trip time was 36.973 milliseconds in repetition 34
Round trip time was 39.224 milliseconds in repetition 35
Round trip time was 37.851 milliseconds in repetition 36
Round trip time was 39.577 milliseconds in repetition 37
Round trip time was 40.235 milliseconds in repetition 38
Round trip time was 47.251 milliseconds in repetition 39
Round trip time was 42.867 milliseconds in repetition 40
Round trip time was 39.603 milliseconds in repetition 41
Round trip time was 41.639 milliseconds in repetition 42
Round trip time was 36.955 milliseconds in repetition 43
Round trip time was 36.825 milliseconds in repetition 44
Round trip time was 38.394 milliseconds in repetition 45
Round trip time was 44.243 milliseconds in repetition 46
Round trip time was 36.859 milliseconds in repetition 47
Round trip time was 44.916 milliseconds in repetition 48
Round trip time was 35.333 milliseconds in repetition 49
Round trip time was 64.074 milliseconds in repetition 50
Round trip time was 37.334 milliseconds in repetition 51
Round trip time was 34.314 milliseconds in repetition 52
Round trip time was 37.215 milliseconds in repetition 53
Round trip time was 36.584 milliseconds in repetition 54
Round trip time was 37.959 milliseconds in repetition 55
Round trip time was 43.802 milliseconds in repetition 56
Round trip time was 38.695 milliseconds in repetition 57
Round trip time was 45.323 milliseconds in repetition 58
Round trip time was 34.016 milliseconds in repetition 59
Round trip time was 34.968 milliseconds in repetition 60
Round trip time was 34.501 milliseconds in repetition 61
Round trip time was 38.544 milliseconds in repetition 62
Round trip time was 33.645 milliseconds in repetition 63
Round trip time was 39.631 milliseconds in repetition 64
Round trip time was 44.006 milliseconds in repetition 65
Round trip time was 48.609 milliseconds in repetition 66
Round trip time was 58.716 milliseconds in repetition 67
Round trip time was 46.309 milliseconds in repetition 68
Round trip time was 41.691 milliseconds in repetition 69
Round trip time was 57.947 milliseconds in repetition 70
Round trip time was 36.591 milliseconds in repetition 71
Round trip time was 39.232 milliseconds in repetition 72
Round trip time was 38.615 milliseconds in repetition 73
Round trip time was 44.405 milliseconds in repetition 74
Round trip time was 58.006 milliseconds in repetition 75
Round trip time was 42.100 milliseconds in repetition 76
Round trip time was 36.411 milliseconds in repetition 77
Round trip time was 37.603 milliseconds in repetition 78
Round trip time was 39.618 milliseconds in repetition 79
Round trip time was 38.415 milliseconds in repetition 80
Round trip time was 52.620 milliseconds in repetition 81
Round trip time was 45.468 milliseconds in repetition 82
Round trip time was 36.187 milliseconds in repetition 83
Round trip time was 36.984 milliseconds in repetition 84
Round trip time was 46.036 milliseconds in repetition 85
Round trip time was 36.102 milliseconds in repetition 86
Round trip time was 37.469 milliseconds in repetition 87
Round trip time was 35.976 milliseconds in repetition 88
Round trip time was 35.773 milliseconds in repetition 89
Round trip time was 46.173 milliseconds in repetition 90
Round trip time was 35.651 milliseconds in repetition 91
Round trip time was 35.660 milliseconds in repetition 92
Round trip time was 72.351 milliseconds in repetition 93
Round trip time was 61.030 milliseconds in repetition 94
Round trip time was 37.690 milliseconds in repetition 95
Round trip time was 64.301 milliseconds in repetition 96
Round trip time was 38.992 milliseconds in repetition 97
Round trip time was 69.322 milliseconds in repetition 98
Round trip time was 56.046 milliseconds in repetition 99
Round trip time was 44.509 milliseconds in repetition 100
Round trip time was 52.611 milliseconds in repetition 101
Round trip time was 46.603 milliseconds in repetition 102
Round trip time was 41.827 milliseconds in repetition 103
Round trip time was 46.753 milliseconds in repetition 104
Round trip time was 40.420 milliseconds in repetition 105
Round trip time was 39.455 milliseconds in repetition 106
Round trip time was 37.259 milliseconds in repetition 107
Round trip time was 35.527 milliseconds in repetition 108
Round trip time was 38.709 milliseconds in repetition 109
Round trip time was 41.945 milliseconds in repetition 110
Round trip time was 40.366 milliseconds in repetition 111
Round trip time was 45.605 milliseconds in repetition 112
Round trip time was 44.706 milliseconds in repetition 113
Round trip time was 36.458 milliseconds in repetition 114
Round trip time was 40.318 milliseconds in repetition 115
Round trip time was 37.856 milliseconds in repetition 116
Round trip time was 44.004 milliseconds in repetition 117
Round trip time was 34.841 milliseconds in repetition 118
Round trip time was 37.466 milliseconds in repetition 119
Round trip time was 37.526 milliseconds in repetition 120
Round trip time was 57.990 milliseconds in repetition 121
Round trip time was 38.092 milliseconds in repetition 122
Round trip time was 39.912 milliseconds in repetition 123
Round trip time was 47.641 milliseconds in repetition 124
Round trip time was 35.463 milliseconds in repetition 125
Round trip time was 42.178 milliseconds in repetition 126
Round trip time was 41.074 milliseconds in repetition 127
Round trip time was 38.776 milliseconds in repetition 128
Round trip time was 50.957 milliseconds in repetition 129
Round trip time was 39.076 milliseconds in repetition 130
Round trip time was 38.953 milliseconds in repetition 131
Round trip time was 34.808 milliseconds in repetition 132
Round trip time was 40.841 milliseconds in repetition 133
Round trip time was 48.625 milliseconds in repetition 134
Round trip time was 37.495 milliseconds in repetition 135
Round trip time was 35.228 milliseconds in repetition 136
Round trip time was 42.069 milliseconds in repetition 137
Round trip time was 48.148 milliseconds in repetition 138
Round trip time was 42.767 milliseconds in repetition 139
Round trip time was 38.033 milliseconds in repetition 140
Round trip time was 47.682 milliseconds in repetition 141
Round trip time was 44.897 milliseconds in repetition 142
Round trip time was 40.288 milliseconds in repetition 143
Round trip time was 44.146 milliseconds in repetition 144
Round trip time was 39.666 milliseconds in repetition 145
Round trip time was 43.281 milliseconds in repetition 146
Round trip time was 44.029 milliseconds in repetition 147
Round trip time was 47.804 milliseconds in repetition 148
Round trip time was 54.778 milliseconds in repetition 149
Round trip time was 36.080 milliseconds in repetition 150
Round trip time was 43.853 milliseconds in repetition 151
Round trip time was 35.943 milliseconds in repetition 152
Round trip time was 34.750 milliseconds in repetition 153
Round trip time was 59.020 milliseconds in repetition 154
Round trip time was 38.478 milliseconds in repetition 155
Round trip time was 37.945 milliseconds in repetition 156
Round trip time was 43.157 milliseconds in repetition 157
Round trip time was 43.801 milliseconds in repetition 158
Round trip time was 41.217 milliseconds in repetition 159
Round trip time was 37.132 milliseconds in repetition 160
Round trip time was 37.620 milliseconds in repetition 161
Round trip time was 43.530 milliseconds in repetition 162
Round trip time was 43.759 milliseconds in repetition 163
Round trip time was 36.870 milliseconds in repetition 164
Round trip time was 42.502 milliseconds in repetition 165
Round trip time was 37.876 milliseconds in repetition 166
Round trip time was 37.507 milliseconds in repetition 167
Round trip time was 52.050 milliseconds in repetition 168
Round trip time was 37.243 milliseconds in repetition 169
Round trip time was 41.428 milliseconds in repetition 170
Round trip time was 50.147 milliseconds in repetition 171
Round trip time was 42.067 milliseconds in repetition 172
Round trip time was 36.773 milliseconds in repetition 173
Round trip time was 38.143 milliseconds in repetition 174
Round trip time was 38.404 milliseconds in repetition 175
Round trip time was 40.209 milliseconds in repetition 176
Round trip time was 36.675 milliseconds in repetition 177
Round trip time was 39.333 milliseconds in repetition 178
Round trip time was 40.436 milliseconds in repetition 179
Round trip time was 36.471 milliseconds in repetition 180
Round trip time was 38.163 milliseconds in repetition 181
Round trip time was 40.288 milliseconds in repetition 182
Round trip time was 35.842 milliseconds in repetition 183
Round trip time was 35.714 milliseconds in repetition 184
Round trip time was 36.385 milliseconds in repetition 185
Round trip time was 38.605 milliseconds in repetition 186
Round trip time was 35.596 milliseconds in repetition 187
Round trip time was 36.889 milliseconds in repetition 188
Round trip time was 55.310 milliseconds in repetition 189
Round trip time was 36.365 milliseconds in repetition 190
Round trip time was 36.561 milliseconds in repetition 191
Round trip time was 60.717 milliseconds in repetition 192
Round trip time was 40.165 milliseconds in repetition 193
Round trip time was 44.623 milliseconds in repetition 194
Round trip time was 36.089 milliseconds in repetition 195
Round trip time was 44.412 milliseconds in repetition 196
Round trip time was 38.312 milliseconds in repetition 197
Round trip time was 37.494 milliseconds in repetition 198
Round trip time was 36.457 milliseconds in repetition 199
Round trip time was 34.648 milliseconds in repetition 200
Round trip time was 36.461 milliseconds in repetition 201
Round trip time was 36.821 milliseconds in repetition 202
Round trip time was 39.131 milliseconds in repetition 203
Round trip time was 35.156 milliseconds in repetition 204
Round trip time was 42.258 milliseconds in repetition 205
Round trip time was 35.836 milliseconds in repetition 206
Round trip time was 50.299 milliseconds in repetition 207
Round trip time was 36.030 milliseconds in repetition 208
Round trip time was 38.079 milliseconds in repetition 209
Round trip time was 45.859 milliseconds in repetition 210
Round trip time was 50.402 milliseconds in repetition 211
Round trip time was 37.576 milliseconds in repetition 212
Round trip time was 39.413 milliseconds in repetition 213
Round trip time was 40.834 milliseconds in repetition 214
Round trip time was 37.602 milliseconds in repetition 215
Round trip time was 36.012 milliseconds in repetition 216
Round trip time was 42.281 milliseconds in repetition 217
Round trip time was 40.873 milliseconds in repetition 218
Round trip time was 36.154 milliseconds in repetition 219
Round trip time was 37.104 milliseconds in repetition 220
Round trip time was 41.279 milliseconds in repetition 221
Round trip time was 38.378 milliseconds in repetition 222
Round trip time was 35.089 milliseconds in repetition 223
Round trip time was 41.231 milliseconds in repetition 224
Round trip time was 37.868 milliseconds in repetition 225
Round trip time was 39.377 milliseconds in repetition 226
Round trip time was 51.319 milliseconds in repetition 227
Round trip time was 36.371 milliseconds in repetition 228
Round trip time was 41.275 milliseconds in repetition 229
Round trip time was 37.359 milliseconds in repetition 230
Round trip time was 34.644 milliseconds in repetition 231
Round trip time was 40.844 milliseconds in repetition 232
Round trip time was 41.184 milliseconds in repetition 233
Round trip time was 84.801 milliseconds in repetition 234
Round trip time was 35.102 milliseconds in repetition 235
Round trip time was 42.416 milliseconds in repetition 236
Round trip time was 39.570 milliseconds in repetition 237
Round trip time was 46.169 milliseconds in repetition 238
Round trip time was 43.700 milliseconds in repetition 239
Round trip time was 38.457 milliseconds in repetition 240
Round trip time was 63.802 milliseconds in repetition 241
Round trip time was 43.396 milliseconds in repetition 242
Round trip time was 36.356 milliseconds in repetition 243
Round trip time was 48.133 milliseconds in repetition 244
Round trip time was 38.819 milliseconds in repetition 245
Round trip time was 39.193 milliseconds in repetition 246
Round trip time was 39.674 milliseconds in repetition 247
Round trip time was 40.391 milliseconds in repetition 248
Round trip time was 41.941 milliseconds in repetition 249
Round trip time was 35.372 milliseconds in repetition 250
Round trip time was 35.403 milliseconds in repetition 251
Round trip time was 36.323 milliseconds in repetition 252
Round trip time was 34.538 milliseconds in repetition 253
Round trip time was 41.706 milliseconds in repetition 254
Round trip time was 35.288 milliseconds in repetition 255
Round trip time was 38.060 milliseconds in repetition 256
Round trip time was 35.515 milliseconds in repetition 257
Round trip time was 65.661 milliseconds in repetition 258
Round trip time was 36.540 milliseconds in repetition 259
Round trip time was 35.716 milliseconds in repetition 260
Round trip time was 39.456 milliseconds in repetition 261
Round trip time was 49.244 milliseconds in repetition 262
Round trip time was 37.041 milliseconds in repetition 263
Round trip time was 42.586 milliseconds in repetition 264
Round trip time was 34.752 milliseconds in repetition 265
Round trip time was 35.783 milliseconds in repetition 266
Round trip time was 35.242 milliseconds in repetition 267
Round trip time was 36.390 milliseconds in repetition 268
Round trip time was 42.230 milliseconds in repetition 269
Round trip time was 38.987 milliseconds in repetition 270
Round trip time was 42.281 milliseconds in repetition 271
Round trip time was 34.541 milliseconds in repetition 272
Round trip time was 34.618 milliseconds in repetition 273
Round trip time was 35.141 milliseconds in repetition 274
Round trip time was 35.920 milliseconds in repetition 275
Round trip time was 35.225 milliseconds in repetition 276
Round trip time was 41.514 milliseconds in repetition 277
Round trip time was 39.715 milliseconds in repetition 278
Round trip time was 36.633 milliseconds in repetition 279
Round trip time was 36.481 milliseconds in repetition 280
Round trip time was 34.427 milliseconds in repetition 281
Round trip time was 37.121 milliseconds in repetition 282
Round trip time was 43.586 milliseconds in repetition 283
Round trip time was 36.376 milliseconds in repetition 284
Round trip time was 35.342 milliseconds in repetition 285
Round trip time was 34.738 milliseconds in repetition 286
Round trip time was 35.856 milliseconds in repetition 287
Round trip time was 34.827 milliseconds in repetition 288
Round trip time was 37.101 milliseconds in repetition 289
Round trip time was 35.352 milliseconds in repetition 290
Round trip time was 37.193 milliseconds in repetition 291
Round trip time was 38.682 milliseconds in repetition 292
Round trip time was 36.383 milliseconds in repetition 293
Round trip time was 40.794 milliseconds in repetition 294
Round trip time was 42.501 milliseconds in repetition 295
Round trip time was 37.882 milliseconds in repetition 296
Round trip time was 43.469 milliseconds in repetition 297
Round trip time was 40.994 milliseconds in repetition 298
Round trip time was 35.329 milliseconds in repetition 299
Round trip time was 34.940 milliseconds in repetition 300
Round trip time was 36.748 milliseconds in repetition 301
Round trip time was 53.755 milliseconds in repetition 302
Round trip time was 38.772 milliseconds in repetition 303
Round trip time was 38.417 milliseconds in repetition 304
Round trip time was 34.945 milliseconds in repetition 305
Round trip time was 38.728 milliseconds in repetition 306
Round trip time was 42.283 milliseconds in repetition 307
Round trip time was 38.774 milliseconds in repetition 308
Round trip time was 38.471 milliseconds in repetition 309
Round trip time was 40.572 milliseconds in repetition 310
Round trip time was 40.320 milliseconds in repetition 311
Round trip time was 66.790 milliseconds in repetition 312
Round trip time was 37.644 milliseconds in repetition 313
Round trip time was 43.193 milliseconds in repetition 314
Round trip time was 41.391 milliseconds in repetition 315
Round trip time was 38.403 milliseconds in repetition 316
Round trip time was 41.059 milliseconds in repetition 317
Round trip time was 35.041 milliseconds in repetition 318
Round trip time was 38.087 milliseconds in repetition 319
Round trip time was 35.379 milliseconds in repetition 320
Round trip time was 42.173 milliseconds in repetition 321
Round trip time was 38.668 milliseconds in repetition 322
Round trip time was 35.948 milliseconds in repetition 323
Round trip time was 35.059 milliseconds in repetition 324
Round trip time was 42.353 milliseconds in repetition 325
Round trip time was 37.263 milliseconds in repetition 326
Round trip time was 37.827 milliseconds in repetition 327
Round trip time was 37.160 milliseconds in repetition 328
Round trip time was 44.459 milliseconds in repetition 329
Round trip time was 40.421 milliseconds in repetition 330
Round trip time was 49.826 milliseconds in repetition 331
Round trip time was 36.633 milliseconds in repetition 332
Round trip time was 37.868 milliseconds in repetition 333
Round trip time was 39.728 milliseconds in repetition 334
Round trip time was 36.874 milliseconds in repetition 335
Round trip time was 35.764 milliseconds in repetition 336
Round trip time was 42.885 milliseconds in repetition 337
Round trip time was 39.837 milliseconds in repetition 338
Round trip time was 75.502 milliseconds in repetition 339
Round trip time was 60.600 milliseconds in repetition 340
Round trip time was 42.294 milliseconds in repetition 341
Round trip time was 37.473 milliseconds in repetition 342
Round trip time was 47.510 milliseconds in repetition 343
Round trip time was 44.033 milliseconds in repetition 344
Round trip time was 37.009 milliseconds in repetition 345
Round trip time was 46.927 milliseconds in repetition 346
Round trip time was 68.840 milliseconds in repetition 347
Round trip time was 40.094 milliseconds in repetition 348
Round trip time was 38.332 milliseconds in repetition 349
Round trip time was 37.309 milliseconds in repetition 350
Round trip time was 51.180 milliseconds in repetition 351
Round trip time was 36.214 milliseconds in repetition 352
Round trip time was 53.730 milliseconds in repetition 353
Round trip time was 35.510 milliseconds in repetition 354
Round trip time was 35.611 milliseconds in repetition 355
Round trip time was 63.676 milliseconds in repetition 356
Round trip time was 43.137 milliseconds in repetition 357
Round trip time was 43.136 milliseconds in repetition 358
Round trip time was 43.906 milliseconds in repetition 359
Round trip time was 56.935 milliseconds in repetition 360
Round trip time was 39.013 milliseconds in repetition 361
Round trip time was 36.726 milliseconds in repetition 362
Round trip time was 42.166 milliseconds in repetition 363
Round trip time was 45.613 milliseconds in repetition 364
Round trip time was 36.470 milliseconds in repetition 365
Round trip time was 39.176 milliseconds in repetition 366
Round trip time was 35.789 milliseconds in repetition 367
Round trip time was 37.109 milliseconds in repetition 368
Round trip time was 39.816 milliseconds in repetition 369
Round trip time was 41.230 milliseconds in repetition 370
Round trip time was 37.229 milliseconds in repetition 371
Round trip time was 36.945 milliseconds in repetition 372
Round trip time was 38.362 milliseconds in repetition 373
Round trip time was 40.172 milliseconds in repetition 374
Round trip time was 37.201 milliseconds in repetition 375
Round trip time was 37.638 milliseconds in repetition 376
Round trip time was 36.485 milliseconds in repetition 377
Round trip time was 45.857 milliseconds in repetition 378
Round trip time was 41.779 milliseconds in repetition 379
Round trip time was 43.169 milliseconds in repetition 380
Round trip time was 35.690 milliseconds in repetition 381
Round trip time was 50.788 milliseconds in repetition 382
Round trip time was 43.174 milliseconds in repetition 383
Round trip time was 41.641 milliseconds in repetition 384
Round trip time was 45.442 milliseconds in repetition 385
Round trip time was 37.428 milliseconds in repetition 386
Round trip time was 37.126 milliseconds in repetition 387
Round trip time was 36.927 milliseconds in repetition 388
Round trip time was 35.513 milliseconds in repetition 389
Round trip time was 43.240 milliseconds in repetition 390
Round trip time was 41.173 milliseconds in repetition 391
Round trip time was 39.612 milliseconds in repetition 392
Round trip time was 39.898 milliseconds in repetition 393
Round trip time was 35.201 milliseconds in repetition 394
Round trip time was 40.964 milliseconds in repetition 395
Round trip time was 37.663 milliseconds in repetition 396
Round trip time was 38.384 milliseconds in repetition 397
Round trip time was 36.151 milliseconds in repetition 398
Round trip time was 35.490 milliseconds in repetition 399
Round trip time was 39.939 milliseconds in repetition 400
Round trip time was 47.053 milliseconds in repetition 401
Round trip time was 37.441 milliseconds in repetition 402
Round trip time was 47.544 milliseconds in repetition 403
Round trip time was 36.464 milliseconds in repetition 404
Round trip time was 39.536 milliseconds in repetition 405
Round trip time was 40.232 milliseconds in repetition 406
Round trip time was 36.181 milliseconds in repetition 407
Round trip time was 45.774 milliseconds in repetition 408
Round trip time was 35.216 milliseconds in repetition 409
Round trip time was 34.950 milliseconds in repetition 410
Round trip time was 40.833 milliseconds in repetition 411
Round trip time was 41.352 milliseconds in repetition 412
Round trip time was 40.579 milliseconds in repetition 413
Round trip time was 35.367 milliseconds in repetition 414
Round trip time was 42.172 milliseconds in repetition 415
Round trip time was 37.614 milliseconds in repetition 416
Round trip time was 38.012 milliseconds in repetition 417
Round trip time was 40.913 milliseconds in repetition 418
Round trip time was 42.958 milliseconds in repetition 419
Round trip time was 73.292 milliseconds in repetition 420
Round trip time was 38.468 milliseconds in repetition 421
Round trip time was 38.646 milliseconds in repetition 422
Round trip time was 35.801 milliseconds in repetition 423
Round trip time was 65.065 milliseconds in repetition 424
Round trip time was 36.290 milliseconds in repetition 425
Round trip time was 37.134 milliseconds in repetition 426
Round trip time was 52.934 milliseconds in repetition 427
Round trip time was 38.140 milliseconds in repetition 428
Round trip time was 43.483 milliseconds in repetition 429
Round trip time was 36.394 milliseconds in repetition 430
Round trip time was 35.538 milliseconds in repetition 431
Round trip time was 41.379 milliseconds in repetition 432
Round trip time was 41.718 milliseconds in repetition 433
Round trip time was 37.201 milliseconds in repetition 434
Round trip time was 44.986 milliseconds in repetition 435
Round trip time was 39.764 milliseconds in repetition 436
Round trip time was 35.342 milliseconds in repetition 437
Round trip time was 36.524 milliseconds in repetition 438
Round trip time was 38.968 milliseconds in repetition 439
Round trip time was 41.990 milliseconds in repetition 440
Round trip time was 39.514 milliseconds in repetition 441
Round trip time was 38.657 milliseconds in repetition 442
Round trip time was 54.779 milliseconds in repetition 443
Round trip time was 38.109 milliseconds in repetition 444
Round trip time was 45.362 milliseconds in repetition 445
Round trip time was 55.561 milliseconds in repetition 446
Round trip time was 36.879 milliseconds in repetition 447
Round trip time was 39.446 milliseconds in repetition 448
Round trip time was 39.422 milliseconds in repetition 449
Round trip time was 35.401 milliseconds in repetition 450
Round trip time was 36.170 milliseconds in repetition 451
Round trip time was 35.313 milliseconds in repetition 452
Round trip time was 35.873 milliseconds in repetition 453
Round trip time was 44.400 milliseconds in repetition 454
Round trip time was 56.423 milliseconds in repetition 455
Round trip time was 37.989 milliseconds in repetition 456
Round trip time was 46.892 milliseconds in repetition 457
Round trip time was 49.973 milliseconds in repetition 458
Round trip time was 40.628 milliseconds in repetition 459
Round trip time was 40.773 milliseconds in repetition 460
Round trip time was 42.786 milliseconds in repetition 461
Round trip time was 45.856 milliseconds in repetition 462
Round trip time was 40.588 milliseconds in repetition 463
Round trip time was 39.024 milliseconds in repetition 464
Round trip time was 39.053 milliseconds in repetition 465
Round trip time was 36.238 milliseconds in repetition 466
Round trip time was 40.506 milliseconds in repetition 467
Round trip time was 82.554 milliseconds in repetition 468
Round trip time was 44.739 milliseconds in repetition 469
Round trip time was 37.609 milliseconds in repetition 470
Round trip time was 38.749 milliseconds in repetition 471
Round trip time was 39.350 milliseconds in repetition 472
Round trip time was 40.339 milliseconds in repetition 473
Round trip time was 39.488 milliseconds in repetition 474
Round trip time was 38.744 milliseconds in repetition 475
Round trip time was 36.163 milliseconds in repetition 476
Round trip time was 41.857 milliseconds in repetition 477
Round trip time was 37.647 milliseconds in repetition 478
Round trip time was 109.622 milliseconds in repetition 479
Round trip time was 60.514 milliseconds in repetition 480
Round trip time was 36.099 milliseconds in repetition 481
Round trip time was 62.730 milliseconds in repetition 482
Round trip time was 50.135 milliseconds in repetition 483
Round trip time was 41.980 milliseconds in repetition 484
Round trip time was 37.270 milliseconds in repetition 485
Round trip time was 39.513 milliseconds in repetition 486
Round trip time was 38.880 milliseconds in repetition 487
Round trip time was 42.811 milliseconds in repetition 488
Round trip time was 36.234 milliseconds in repetition 489
Round trip time was 38.285 milliseconds in repetition 490
Round trip time was 39.523 milliseconds in repetition 491
Round trip time was 43.914 milliseconds in repetition 492
Round trip time was 34.011 milliseconds in repetition 493
Round trip time was 39.143 milliseconds in repetition 494
Round trip time was 35.848 milliseconds in repetition 495
Round trip time was 37.050 milliseconds in repetition 496
Round trip time was 35.457 milliseconds in repetition 497
Round trip time was 37.927 milliseconds in repetition 498
Round trip time was 36.896 milliseconds in repetition 499
Round trip time was 38.510 milliseconds in repetition 500
Round trip time was 37.057 milliseconds in repetition 501

 ... clock resolution was 0.0001
UDP Ping:  Statistics over 501 repetitions of 16384 byte messages

RTT : percentile 10: 35.5147, median: 39.1465, percentile 90: 50.1469, average: 42.0227, variance: 217.437

RTT histogram:
33.645 313
47.9577 155
62.2703 26
76.5829 4
90.8955 1
105.208 1
119.521 0
133.833 0
148.146 0
162.458 0
176.771 0
191.084 0
205.396 0
219.709 0
234.022 0
248.334 0
262.647 0
276.959 0
291.272 0
305.585 0
319.897 1

   median Throughput : 837.061 KB/s   overall Throughput : 779.769 KB/s

