UDP Ping trying to connect to server seti.dibris.unige.it (130.251.61.30) on TCP port 1491
 ... connected to Pong server: asking for 501 repetitions of 4096 _bytes UDP messages
 ... Pong server agreed to ping-pong using port 49834 :-)
Round trip time was 89.940 milliseconds in repetition 1
Round trip time was 30.203 milliseconds in repetition 2
Round trip time was 63.501 milliseconds in repetition 3
Round trip time was 28.802 milliseconds in repetition 4
Round trip time was 30.520 milliseconds in repetition 5
Round trip time was 29.099 milliseconds in repetition 6
Round trip time was 47.199 milliseconds in repetition 7
Round trip time was 51.033 milliseconds in repetition 8
Round trip time was 33.625 milliseconds in repetition 9
Round trip time was 29.869 milliseconds in repetition 10
Round trip time was 32.785 milliseconds in repetition 11
Round trip time was 28.724 milliseconds in repetition 12
Round trip time was 29.123 milliseconds in repetition 13
Round trip time was 29.733 milliseconds in repetition 14
Round trip time was 39.627 milliseconds in repetition 15
Round trip time was 31.667 milliseconds in repetition 16
Round trip time was 28.282 milliseconds in repetition 17
Round trip time was 29.386 milliseconds in repetition 18
Round trip time was 29.580 milliseconds in repetition 19
Round trip time was 28.477 milliseconds in repetition 20
Round trip time was 36.409 milliseconds in repetition 21
Round trip time was 28.604 milliseconds in repetition 22
Round trip time was 27.915 milliseconds in repetition 23
Round trip time was 29.316 milliseconds in repetition 24
Round trip time was 27.448 milliseconds in repetition 25
Round trip time was 28.366 milliseconds in repetition 26
Round trip time was 30.211 milliseconds in repetition 27
Round trip time was 33.695 milliseconds in repetition 28
Round trip time was 32.039 milliseconds in repetition 29
Round trip time was 28.655 milliseconds in repetition 30
Round trip time was 28.514 milliseconds in repetition 31
Round trip time was 27.340 milliseconds in repetition 32
Round trip time was 28.215 milliseconds in repetition 33
Round trip time was 30.502 milliseconds in repetition 34
Round trip time was 33.769 milliseconds in repetition 35
Round trip time was 29.375 milliseconds in repetition 36
Round trip time was 55.061 milliseconds in repetition 37
Round trip time was 41.383 milliseconds in repetition 38
Round trip time was 27.216 milliseconds in repetition 39
Round trip time was 27.037 milliseconds in repetition 40
Round trip time was 58.793 milliseconds in repetition 41
Round trip time was 28.261 milliseconds in repetition 42
Round trip time was 29.123 milliseconds in repetition 43
Round trip time was 37.840 milliseconds in repetition 44
Round trip time was 27.735 milliseconds in repetition 45
Round trip time was 49.574 milliseconds in repetition 46
Round trip time was 29.713 milliseconds in repetition 47
Round trip time was 32.979 milliseconds in repetition 48
Round trip time was 57.867 milliseconds in repetition 49
Round trip time was 37.482 milliseconds in repetition 50
Round trip time was 28.477 milliseconds in repetition 51
Round trip time was 40.204 milliseconds in repetition 52
Round trip time was 27.791 milliseconds in repetition 53
Round trip time was 64.377 milliseconds in repetition 54
Round trip time was 31.788 milliseconds in repetition 55
Round trip time was 59.251 milliseconds in repetition 56
Round trip time was 28.530 milliseconds in repetition 57
Round trip time was 72.093 milliseconds in repetition 58
Round trip time was 27.979 milliseconds in repetition 59
Round trip time was 29.247 milliseconds in repetition 60
Round trip time was 28.106 milliseconds in repetition 61
Round trip time was 37.782 milliseconds in repetition 62
Round trip time was 28.513 milliseconds in repetition 63
Round trip time was 31.309 milliseconds in repetition 64
Round trip time was 29.151 milliseconds in repetition 65
Round trip time was 27.824 milliseconds in repetition 66
Round trip time was 40.752 milliseconds in repetition 67
Round trip time was 56.357 milliseconds in repetition 68
Round trip time was 27.886 milliseconds in repetition 69
Round trip time was 32.889 milliseconds in repetition 70
Round trip time was 41.325 milliseconds in repetition 71
Round trip time was 28.959 milliseconds in repetition 72
Round trip time was 32.017 milliseconds in repetition 73
Round trip time was 35.768 milliseconds in repetition 74
Round trip time was 28.611 milliseconds in repetition 75
Round trip time was 28.748 milliseconds in repetition 76
Round trip time was 29.551 milliseconds in repetition 77
Round trip time was 28.815 milliseconds in repetition 78
Round trip time was 29.767 milliseconds in repetition 79
Round trip time was 27.074 milliseconds in repetition 80
Round trip time was 33.479 milliseconds in repetition 81
Round trip time was 27.373 milliseconds in repetition 82
Round trip time was 51.101 milliseconds in repetition 83
Round trip time was 29.792 milliseconds in repetition 84
Round trip time was 30.172 milliseconds in repetition 85
Round trip time was 29.220 milliseconds in repetition 86
Round trip time was 32.479 milliseconds in repetition 87
Round trip time was 27.321 milliseconds in repetition 88
Round trip time was 56.067 milliseconds in repetition 89
Round trip time was 59.543 milliseconds in repetition 90
Round trip time was 29.736 milliseconds in repetition 91
Round trip time was 33.899 milliseconds in repetition 92
Round trip time was 27.518 milliseconds in repetition 93
Round trip time was 29.820 milliseconds in repetition 94
Round trip time was 30.345 milliseconds in repetition 95
Round trip time was 27.956 milliseconds in repetition 96
Round trip time was 33.492 milliseconds in repetition 97
Round trip time was 33.670 milliseconds in repetition 98
Round trip time was 27.676 milliseconds in repetition 99
Round trip time was 30.887 milliseconds in repetition 100
Round trip time was 30.967 milliseconds in repetition 101
Round trip time was 32.261 milliseconds in repetition 102
Round trip time was 27.910 milliseconds in repetition 103
Round trip time was 27.831 milliseconds in repetition 104
Round trip time was 30.150 milliseconds in repetition 105
Round trip time was 28.591 milliseconds in repetition 106
Round trip time was 27.445 milliseconds in repetition 107
Round trip time was 31.496 milliseconds in repetition 108
Round trip time was 30.649 milliseconds in repetition 109
Round trip time was 40.912 milliseconds in repetition 110
Round trip time was 39.492 milliseconds in repetition 111
Round trip time was 32.448 milliseconds in repetition 112
Round trip time was 31.544 milliseconds in repetition 113
Round trip time was 33.066 milliseconds in repetition 114
Round trip time was 30.216 milliseconds in repetition 115
Round trip time was 30.122 milliseconds in repetition 116
Round trip time was 29.757 milliseconds in repetition 117
Round trip time was 40.828 milliseconds in repetition 118
Round trip time was 27.481 milliseconds in repetition 119
Round trip time was 36.044 milliseconds in repetition 120
Round trip time was 40.176 milliseconds in repetition 121
Round trip time was 28.182 milliseconds in repetition 122
Round trip time was 42.760 milliseconds in repetition 123
Round trip time was 30.220 milliseconds in repetition 124
Round trip time was 27.649 milliseconds in repetition 125
Round trip time was 28.094 milliseconds in repetition 126
Round trip time was 31.120 milliseconds in repetition 127
Round trip time was 28.284 milliseconds in repetition 128
Round trip time was 32.810 milliseconds in repetition 129
Round trip time was 27.973 milliseconds in repetition 130
Round trip time was 31.587 milliseconds in repetition 131
Round trip time was 55.434 milliseconds in repetition 132
Round trip time was 30.126 milliseconds in repetition 133
Round trip time was 28.778 milliseconds in repetition 134
Round trip time was 30.824 milliseconds in repetition 135
Round trip time was 29.391 milliseconds in repetition 136
Round trip time was 31.881 milliseconds in repetition 137
Round trip time was 27.775 milliseconds in repetition 138
Round trip time was 42.588 milliseconds in repetition 139
Round trip time was 29.698 milliseconds in repetition 140
Round trip time was 27.931 milliseconds in repetition 141
Round trip time was 28.225 milliseconds in repetition 142
Round trip time was 28.244 milliseconds in repetition 143
Round trip time was 29.147 milliseconds in repetition 144
Round trip time was 28.074 milliseconds in repetition 145
Round trip time was 30.992 milliseconds in repetition 146
Round trip time was 29.746 milliseconds in repetition 147
Round trip time was 29.325 milliseconds in repetition 148
Round trip time was 29.879 milliseconds in repetition 149
Round trip time was 27.970 milliseconds in repetition 150
Round trip time was 31.177 milliseconds in repetition 151
Round trip time was 32.562 milliseconds in repetition 152
Round trip time was 32.676 milliseconds in repetition 153
Round trip time was 34.291 milliseconds in repetition 154
Round trip time was 28.977 milliseconds in repetition 155
Round trip time was 30.598 milliseconds in repetition 156
Round trip time was 28.203 milliseconds in repetition 157
Round trip time was 30.700 milliseconds in repetition 158
Round trip time was 29.349 milliseconds in repetition 159
Round trip time was 30.363 milliseconds in repetition 160
Round trip time was 33.611 milliseconds in repetition 161
Round trip time was 27.172 milliseconds in repetition 162
Round trip time was 52.966 milliseconds in repetition 163
Round trip time was 28.142 milliseconds in repetition 164
Round trip time was 35.886 milliseconds in repetition 165
Round trip time was 27.705 milliseconds in repetition 166
Round trip time was 36.298 milliseconds in repetition 167
Round trip time was 30.102 milliseconds in repetition 168
Round trip time was 31.235 milliseconds in repetition 169
Round trip time was 30.588 milliseconds in repetition 170
Round trip time was 32.323 milliseconds in repetition 171
Round trip time was 29.990 milliseconds in repetition 172
Round trip time was 28.824 milliseconds in repetition 173
Round trip time was 69.164 milliseconds in repetition 174
Round trip time was 38.127 milliseconds in repetition 175
Round trip time was 33.213 milliseconds in repetition 176
Round trip time was 32.900 milliseconds in repetition 177
Round trip time was 31.133 milliseconds in repetition 178
Round trip time was 30.389 milliseconds in repetition 179
Round trip time was 31.654 milliseconds in repetition 180
Round trip time was 33.395 milliseconds in repetition 181
Round trip time was 31.088 milliseconds in repetition 182
Round trip time was 29.004 milliseconds in repetition 183
Round trip time was 29.884 milliseconds in repetition 184
Round trip time was 29.333 milliseconds in repetition 185
Round trip time was 28.387 milliseconds in repetition 186
Round trip time was 29.610 milliseconds in repetition 187
Round trip time was 32.282 milliseconds in repetition 188
Round trip time was 46.930 milliseconds in repetition 189
Round trip time was 33.560 milliseconds in repetition 190
Round trip time was 31.547 milliseconds in repetition 191
Round trip time was 28.008 milliseconds in repetition 192
Round trip time was 32.339 milliseconds in repetition 193
Round trip time was 31.069 milliseconds in repetition 194
Round trip time was 28.901 milliseconds in repetition 195
Round trip time was 28.632 milliseconds in repetition 196
Round trip time was 53.354 milliseconds in repetition 197
Round trip time was 27.831 milliseconds in repetition 198
Round trip time was 34.550 milliseconds in repetition 199
Round trip time was 28.163 milliseconds in repetition 200
Round trip time was 30.898 milliseconds in repetition 201
Round trip time was 33.315 milliseconds in repetition 202
Round trip time was 31.826 milliseconds in repetition 203
Round trip time was 27.433 milliseconds in repetition 204
Round trip time was 31.119 milliseconds in repetition 205
Round trip time was 32.220 milliseconds in repetition 206
Round trip time was 31.181 milliseconds in repetition 207
Round trip time was 29.727 milliseconds in repetition 208
Round trip time was 33.778 milliseconds in repetition 209
Round trip time was 32.136 milliseconds in repetition 210
Round trip time was 27.672 milliseconds in repetition 211
Round trip time was 29.807 milliseconds in repetition 212
Round trip time was 29.812 milliseconds in repetition 213
Round trip time was 27.601 milliseconds in repetition 214
Round trip time was 30.697 milliseconds in repetition 215
Round trip time was 30.409 milliseconds in repetition 216
Round trip time was 34.542 milliseconds in repetition 217
Round trip time was 28.571 milliseconds in repetition 218
Round trip time was 35.447 milliseconds in repetition 219
Round trip time was 30.247 milliseconds in repetition 220
Round trip time was 37.658 milliseconds in repetition 221
Round trip time was 31.720 milliseconds in repetition 222
Round trip time was 31.372 milliseconds in repetition 223
Round trip time was 29.721 milliseconds in repetition 224
Round trip time was 29.895 milliseconds in repetition 225
Round trip time was 30.041 milliseconds in repetition 226
Round trip time was 45.422 milliseconds in repetition 227
Round trip time was 28.992 milliseconds in repetition 228
Round trip time was 29.895 milliseconds in repetition 229
Round trip time was 27.402 milliseconds in repetition 230
Round trip time was 32.127 milliseconds in repetition 231
Round trip time was 32.011 milliseconds in repetition 232
Round trip time was 27.828 milliseconds in repetition 233
Round trip time was 68.323 milliseconds in repetition 234
Round trip time was 31.170 milliseconds in repetition 235
Round trip time was 30.040 milliseconds in repetition 236
Round trip time was 31.321 milliseconds in repetition 237
Round trip time was 50.003 milliseconds in repetition 238
Round trip time was 40.252 milliseconds in repetition 239
Round trip time was 30.709 milliseconds in repetition 240
Round trip time was 29.878 milliseconds in repetition 241
Round trip time was 27.844 milliseconds in repetition 242
Round trip time was 45.535 milliseconds in repetition 243
Round trip time was 29.737 milliseconds in repetition 244
Round trip time was 28.054 milliseconds in repetition 245
Round trip time was 32.843 milliseconds in repetition 246
Round trip time was 77.610 milliseconds in repetition 247
Round trip time was 34.934 milliseconds in repetition 248
Round trip time was 34.336 milliseconds in repetition 249
Round trip time was 34.023 milliseconds in repetition 250
Round trip time was 34.408 milliseconds in repetition 251
Round trip time was 27.858 milliseconds in repetition 252
Round trip time was 28.696 milliseconds in repetition 253
Round trip time was 28.119 milliseconds in repetition 254
Round trip time was 36.578 milliseconds in repetition 255
Round trip time was 27.737 milliseconds in repetition 256
Round trip time was 30.191 milliseconds in repetition 257
Round trip time was 28.143 milliseconds in repetition 258
Round trip time was 49.995 milliseconds in repetition 259
Round trip time was 30.185 milliseconds in repetition 260
Round trip time was 41.511 milliseconds in repetition 261
Round trip time was 34.170 milliseconds in repetition 262
Round trip time was 27.903 milliseconds in repetition 263
Round trip time was 39.958 milliseconds in repetition 264
Round trip time was 30.721 milliseconds in repetition 265
Round trip time was 31.428 milliseconds in repetition 266
Round trip time was 30.718 milliseconds in repetition 267
Round trip time was 29.349 milliseconds in repetition 268
Round trip time was 30.406 milliseconds in repetition 269
Round trip time was 30.613 milliseconds in repetition 270
Round trip time was 30.686 milliseconds in repetition 271
Round trip time was 28.541 milliseconds in repetition 272
Round trip time was 33.389 milliseconds in repetition 273
Round trip time was 29.939 milliseconds in repetition 274
Round trip time was 28.239 milliseconds in repetition 275
Round trip time was 30.206 milliseconds in repetition 276
Round trip time was 30.762 milliseconds in repetition 277
Round trip time was 27.960 milliseconds in repetition 278
Round trip time was 32.040 milliseconds in repetition 279
Round trip time was 34.160 milliseconds in repetition 280
Round trip time was 36.905 milliseconds in repetition 281
Round trip time was 47.572 milliseconds in repetition 282
Round trip time was 40.102 milliseconds in repetition 283
Round trip time was 30.553 milliseconds in repetition 284
Round trip time was 39.627 milliseconds in repetition 285
Round trip time was 32.237 milliseconds in repetition 286
Round trip time was 45.924 milliseconds in repetition 287
Round trip time was 34.087 milliseconds in repetition 288
Round trip time was 28.377 milliseconds in repetition 289
Round trip time was 39.549 milliseconds in repetition 290
Round trip time was 29.317 milliseconds in repetition 291
Round trip time was 29.214 milliseconds in repetition 292
Round trip time was 29.012 milliseconds in repetition 293
Round trip time was 30.723 milliseconds in repetition 294
Round trip time was 28.672 milliseconds in repetition 295
Round trip time was 28.755 milliseconds in repetition 296
Round trip time was 29.209 milliseconds in repetition 297
Round trip time was 29.175 milliseconds in repetition 298
Round trip time was 29.445 milliseconds in repetition 299
Round trip time was 28.406 milliseconds in repetition 300
Round trip time was 28.947 milliseconds in repetition 301
Round trip time was 40.972 milliseconds in repetition 302
Round trip time was 34.603 milliseconds in repetition 303
Round trip time was 27.963 milliseconds in repetition 304
Round trip time was 29.829 milliseconds in repetition 305
Round trip time was 27.971 milliseconds in repetition 306
Round trip time was 29.785 milliseconds in repetition 307
Round trip time was 31.165 milliseconds in repetition 308
Round trip time was 28.372 milliseconds in repetition 309
Round trip time was 30.832 milliseconds in repetition 310
Round trip time was 28.004 milliseconds in repetition 311
Round trip time was 27.871 milliseconds in repetition 312
Round trip time was 28.140 milliseconds in repetition 313
Round trip time was 30.036 milliseconds in repetition 314
Round trip time was 37.457 milliseconds in repetition 315
Round trip time was 28.413 milliseconds in repetition 316
Round trip time was 27.634 milliseconds in repetition 317
Round trip time was 33.335 milliseconds in repetition 318
Round trip time was 32.461 milliseconds in repetition 319
Round trip time was 27.967 milliseconds in repetition 320
Round trip time was 31.506 milliseconds in repetition 321
Round trip time was 28.969 milliseconds in repetition 322
Round trip time was 30.670 milliseconds in repetition 323
Round trip time was 30.288 milliseconds in repetition 324
Round trip time was 44.654 milliseconds in repetition 325
Round trip time was 29.102 milliseconds in repetition 326
Round trip time was 28.808 milliseconds in repetition 327
Round trip time was 34.928 milliseconds in repetition 328
Round trip time was 28.665 milliseconds in repetition 329
Round trip time was 32.376 milliseconds in repetition 330
Round trip time was 43.919 milliseconds in repetition 331
Round trip time was 32.035 milliseconds in repetition 332
Round trip time was 30.901 milliseconds in repetition 333
Round trip time was 33.830 milliseconds in repetition 334
Round trip time was 30.692 milliseconds in repetition 335
Round trip time was 27.862 milliseconds in repetition 336
Round trip time was 31.135 milliseconds in repetition 337
Round trip time was 35.699 milliseconds in repetition 338
Round trip time was 29.551 milliseconds in repetition 339
Round trip time was 32.121 milliseconds in repetition 340
Round trip time was 27.559 milliseconds in repetition 341
Round trip time was 29.286 milliseconds in repetition 342
Round trip time was 53.164 milliseconds in repetition 343
Round trip time was 31.716 milliseconds in repetition 344
Round trip time was 61.213 milliseconds in repetition 345
Round trip time was 41.745 milliseconds in repetition 346
Round trip time was 29.770 milliseconds in repetition 347
Round trip time was 32.180 milliseconds in repetition 348
Round trip time was 27.747 milliseconds in repetition 349
Round trip time was 28.925 milliseconds in repetition 350
Round trip time was 30.495 milliseconds in repetition 351
Round trip time was 28.744 milliseconds in repetition 352
Round trip time was 33.504 milliseconds in repetition 353
Round trip time was 32.458 milliseconds in repetition 354
Round trip time was 35.654 milliseconds in repetition 355
Round trip time was 28.157 milliseconds in repetition 356
Round trip time was 29.618 milliseconds in repetition 357
Round trip time was 28.517 milliseconds in repetition 358
Round trip time was 34.736 milliseconds in repetition 359
Round trip time was 34.625 milliseconds in repetition 360
Round trip time was 29.086 milliseconds in repetition 361
Round trip time was 32.685 milliseconds in repetition 362
Round trip time was 27.781 milliseconds in repetition 363
Round trip time was 29.709 milliseconds in repetition 364
Round trip time was 32.528 milliseconds in repetition 365
Round trip time was 32.492 milliseconds in repetition 366
Round trip time was 49.339 milliseconds in repetition 367
Round trip time was 30.603 milliseconds in repetition 368
Round trip time was 29.130 milliseconds in repetition 369
Round trip time was 49.317 milliseconds in repetition 370
Round trip time was 49.198 milliseconds in repetition 371
Round trip time was 28.270 milliseconds in repetition 372
Round trip time was 46.006 milliseconds in repetition 373
Round trip time was 28.852 milliseconds in repetition 374
Round trip time was 31.105 milliseconds in repetition 375
Round trip time was 48.298 milliseconds in repetition 376
Round trip time was 34.635 milliseconds in repetition 377
Round trip time was 29.540 milliseconds in repetition 378
Round trip time was 31.092 milliseconds in repetition 379
Round trip time was 30.747 milliseconds in repetition 380
Round trip time was 36.993 milliseconds in repetition 381
Round trip time was 35.380 milliseconds in repetition 382
Round trip time was 42.367 milliseconds in repetition 383
Round trip time was 27.491 milliseconds in repetition 384
Round trip time was 35.065 milliseconds in repetition 385
Round trip time was 48.743 milliseconds in repetition 386
Round trip time was 28.276 milliseconds in repetition 387
Round trip time was 30.210 milliseconds in repetition 388
Round trip time was 27.284 milliseconds in repetition 389
Round trip time was 31.429 milliseconds in repetition 390
Round trip time was 36.790 milliseconds in repetition 391
Round trip time was 29.493 milliseconds in repetition 392
Round trip time was 31.603 milliseconds in repetition 393
Round trip time was 32.868 milliseconds in repetition 394
Round trip time was 29.116 milliseconds in repetition 395
Round trip time was 29.797 milliseconds in repetition 396
Round trip time was 31.657 milliseconds in repetition 397
Round trip time was 38.539 milliseconds in repetition 398
Round trip time was 32.093 milliseconds in repetition 399
Round trip time was 31.292 milliseconds in repetition 400
Round trip time was 27.568 milliseconds in repetition 401
Round trip time was 27.929 milliseconds in repetition 402
Round trip time was 30.627 milliseconds in repetition 403
Round trip time was 36.515 milliseconds in repetition 404
Round trip time was 29.119 milliseconds in repetition 405
Round trip time was 32.306 milliseconds in repetition 406
Round trip time was 36.358 milliseconds in repetition 407
Round trip time was 41.602 milliseconds in repetition 408
Round trip time was 30.215 milliseconds in repetition 409
Round trip time was 33.501 milliseconds in repetition 410
Round trip time was 29.259 milliseconds in repetition 411
Round trip time was 28.292 milliseconds in repetition 412
Round trip time was 42.194 milliseconds in repetition 413
Round trip time was 29.548 milliseconds in repetition 414
Round trip time was 31.382 milliseconds in repetition 415
Round trip time was 35.347 milliseconds in repetition 416
Round trip time was 28.327 milliseconds in repetition 417
Round trip time was 31.577 milliseconds in repetition 418
Round trip time was 28.574 milliseconds in repetition 419
Round trip time was 29.770 milliseconds in repetition 420
Round trip time was 28.056 milliseconds in repetition 421
Round trip time was 32.264 milliseconds in repetition 422
Round trip time was 27.427 milliseconds in repetition 423
Round trip time was 28.293 milliseconds in repetition 424
Round trip time was 28.118 milliseconds in repetition 425
Round trip time was 30.169 milliseconds in repetition 426
Round trip time was 31.156 milliseconds in repetition 427
Round trip time was 32.239 milliseconds in repetition 428
Round trip time was 30.078 milliseconds in repetition 429
Round trip time was 53.863 milliseconds in repetition 430
Round trip time was 28.187 milliseconds in repetition 431
Round trip time was 31.397 milliseconds in repetition 432
Round trip time was 29.968 milliseconds in repetition 433
Round trip time was 29.800 milliseconds in repetition 434
Round trip time was 29.617 milliseconds in repetition 435
Round trip time was 35.184 milliseconds in repetition 436
Round trip time was 32.194 milliseconds in repetition 437
Round trip time was 38.814 milliseconds in repetition 438
Round trip time was 31.342 milliseconds in repetition 439
Round trip time was 29.047 milliseconds in repetition 440
Round trip time was 48.967 milliseconds in repetition 441
Round trip time was 30.640 milliseconds in repetition 442
Round trip time was 47.401 milliseconds in repetition 443
Round trip time was 42.095 milliseconds in repetition 444
Round trip time was 30.105 milliseconds in repetition 445
Round trip time was 58.887 milliseconds in repetition 446
Round trip time was 28.457 milliseconds in repetition 447
Round trip time was 30.643 milliseconds in repetition 448
Round trip time was 38.616 milliseconds in repetition 449
Round trip time was 82.169 milliseconds in repetition 450
Round trip time was 31.841 milliseconds in repetition 451
Round trip time was 30.161 milliseconds in repetition 452
Round trip time was 28.227 milliseconds in repetition 453
Round trip time was 28.576 milliseconds in repetition 454
Round trip time was 30.377 milliseconds in repetition 455
Round trip time was 45.627 milliseconds in repetition 456
Round trip time was 34.225 milliseconds in repetition 457
Round trip time was 31.589 milliseconds in repetition 458
Round trip time was 28.419 milliseconds in repetition 459
Round trip time was 30.279 milliseconds in repetition 460
Round trip time was 31.824 milliseconds in repetition 461
Round trip time was 30.478 milliseconds in repetition 462
Round trip time was 36.532 milliseconds in repetition 463
Round trip time was 29.088 milliseconds in repetition 464
Round trip time was 31.717 milliseconds in repetition 465
Round trip time was 32.306 milliseconds in repetition 466
Round trip time was 31.874 milliseconds in repetition 467
Round trip time was 30.449 milliseconds in repetition 468
Round trip time was 41.894 milliseconds in repetition 469
Round trip time was 35.903 milliseconds in repetition 470
Round trip time was 38.639 milliseconds in repetition 471
Round trip time was 68.279 milliseconds in repetition 472
Round trip time was 32.753 milliseconds in repetition 473
Round trip time was 27.479 milliseconds in repetition 474
Round trip time was 34.490 milliseconds in repetition 475
Round trip time was 29.399 milliseconds in repetition 476
Round trip time was 30.297 milliseconds in repetition 477
Round trip time was 30.244 milliseconds in repetition 478
Round trip time was 28.819 milliseconds in repetition 479
Round trip time was 43.411 milliseconds in repetition 480
Round trip time was 47.435 milliseconds in repetition 481
Round trip time was 28.592 milliseconds in repetition 482
Round trip time was 28.325 milliseconds in repetition 483
Round trip time was 30.243 milliseconds in repetition 484
Round trip time was 28.770 milliseconds in repetition 485
Round trip time was 28.195 milliseconds in repetition 486
Round trip time was 31.839 milliseconds in repetition 487
Round trip time was 32.962 milliseconds in repetition 488
Round trip time was 27.892 milliseconds in repetition 489
Round trip time was 47.346 milliseconds in repetition 490
Round trip time was 30.671 milliseconds in repetition 491
Round trip time was 30.684 milliseconds in repetition 492
Round trip time was 29.471 milliseconds in repetition 493
Round trip time was 30.823 milliseconds in repetition 494
Round trip time was 35.504 milliseconds in repetition 495
Round trip time was 30.077 milliseconds in repetition 496
Round trip time was 34.416 milliseconds in repetition 497
Round trip time was 32.273 milliseconds in repetition 498
Round trip time was 28.378 milliseconds in repetition 499
Round trip time was 29.310 milliseconds in repetition 500
Round trip time was 36.404 milliseconds in repetition 501

 ... clock resolution was 0.0001
UDP Ping:  Statistics over 501 repetitions of 4096 byte messages

RTT : percentile 10: 27.9703, median: 30.6273, percentile 90: 42.3668, average: 33.4594, variance: 69.6178

RTT histogram:
27.0369 108
30.182 204
33.3272 83
36.4724 29
39.6175 18
42.7627 13
45.9079 11
49.053 10
52.1982 5
55.3434 5
58.4886 5
61.6337 1
64.7789 2
67.9241 3
71.0692 1
74.2144 0
77.3596 1
80.5047 0
83.6499 1
86.7951 0
89.9403 1

   median Throughput : 267.474 KB/s   overall Throughput : 244.834 KB/s

