UDP Ping trying to connect to server seti.dibris.unige.it (130.251.61.30) on TCP port 1491
 ... connected to Pong server: asking for 501 repetitions of 64 _bytes UDP messages
 ... Pong server agreed to ping-pong using port 49834 :-)
Round trip time was 37.196 milliseconds in repetition 1
Round trip time was 33.922 milliseconds in repetition 2
Round trip time was 33.039 milliseconds in repetition 3
Round trip time was 39.766 milliseconds in repetition 4
Round trip time was 29.401 milliseconds in repetition 5
Round trip time was 29.297 milliseconds in repetition 6
Round trip time was 28.827 milliseconds in repetition 7
Round trip time was 32.522 milliseconds in repetition 8
Round trip time was 28.547 milliseconds in repetition 9
Round trip time was 29.047 milliseconds in repetition 10
Round trip time was 28.949 milliseconds in repetition 11
Round trip time was 29.264 milliseconds in repetition 12
Round trip time was 31.269 milliseconds in repetition 13
Round trip time was 28.425 milliseconds in repetition 14
Round trip time was 28.257 milliseconds in repetition 15
Round trip time was 71.243 milliseconds in repetition 16
Round trip time was 29.002 milliseconds in repetition 17
Round trip time was 50.589 milliseconds in repetition 18
Round trip time was 29.272 milliseconds in repetition 19
Round trip time was 28.428 milliseconds in repetition 20
Round trip time was 31.073 milliseconds in repetition 21
Round trip time was 30.868 milliseconds in repetition 22
Round trip time was 48.478 milliseconds in repetition 23
Round trip time was 28.882 milliseconds in repetition 24
Round trip time was 58.222 milliseconds in repetition 25
Round trip time was 32.431 milliseconds in repetition 26
Round trip time was 28.733 milliseconds in repetition 27
Round trip time was 29.346 milliseconds in repetition 28
Round trip time was 27.930 milliseconds in repetition 29
Round trip time was 33.176 milliseconds in repetition 30
Round trip time was 36.276 milliseconds in repetition 31
Round trip time was 54.228 milliseconds in repetition 32
Round trip time was 30.926 milliseconds in repetition 33
Round trip time was 28.308 milliseconds in repetition 34
Round trip time was 35.521 milliseconds in repetition 35
Round trip time was 30.467 milliseconds in repetition 36
Round trip time was 44.481 milliseconds in repetition 37
Round trip time was 27.703 milliseconds in repetition 38
Round trip time was 28.369 milliseconds in repetition 39
Round trip time was 32.080 milliseconds in repetition 40
Round trip time was 29.246 milliseconds in repetition 41
Round trip time was 30.369 milliseconds in repetition 42
Round trip time was 28.742 milliseconds in repetition 43
Round trip time was 28.978 milliseconds in repetition 44
Round trip time was 27.712 milliseconds in repetition 45
Round trip time was 30.480 milliseconds in repetition 46
Round trip time was 27.878 milliseconds in repetition 47
Round trip time was 28.572 milliseconds in repetition 48
Round trip time was 37.488 milliseconds in repetition 49
Round trip time was 28.110 milliseconds in repetition 50
Round trip time was 28.998 milliseconds in repetition 51
Round trip time was 29.368 milliseconds in repetition 52
Round trip time was 31.145 milliseconds in repetition 53
Round trip time was 29.502 milliseconds in repetition 54
Round trip time was 27.992 milliseconds in repetition 55
Round trip time was 29.445 milliseconds in repetition 56
Round trip time was 28.796 milliseconds in repetition 57
Round trip time was 27.838 milliseconds in repetition 58
Round trip time was 34.496 milliseconds in repetition 59
Round trip time was 30.725 milliseconds in repetition 60
Round trip time was 30.653 milliseconds in repetition 61
Round trip time was 28.312 milliseconds in repetition 62
Round trip time was 29.352 milliseconds in repetition 63
Round trip time was 32.384 milliseconds in repetition 64
Round trip time was 28.292 milliseconds in repetition 65
Round trip time was 32.476 milliseconds in repetition 66
Round trip time was 27.816 milliseconds in repetition 67
Round trip time was 31.611 milliseconds in repetition 68
Round trip time was 31.366 milliseconds in repetition 69
Round trip time was 30.574 milliseconds in repetition 70
Round trip time was 36.652 milliseconds in repetition 71
Round trip time was 29.666 milliseconds in repetition 72
Round trip time was 29.333 milliseconds in repetition 73
Round trip time was 34.106 milliseconds in repetition 74
Round trip time was 34.129 milliseconds in repetition 75
Round trip time was 27.829 milliseconds in repetition 76
Round trip time was 30.486 milliseconds in repetition 77
Round trip time was 32.175 milliseconds in repetition 78
Round trip time was 27.917 milliseconds in repetition 79
Round trip time was 29.187 milliseconds in repetition 80
Round trip time was 28.622 milliseconds in repetition 81
Round trip time was 28.453 milliseconds in repetition 82
Round trip time was 27.985 milliseconds in repetition 83
Round trip time was 30.376 milliseconds in repetition 84
Round trip time was 31.188 milliseconds in repetition 85
Round trip time was 28.193 milliseconds in repetition 86
Round trip time was 31.863 milliseconds in repetition 87
Round trip time was 28.057 milliseconds in repetition 88
Round trip time was 30.349 milliseconds in repetition 89
Round trip time was 31.677 milliseconds in repetition 90
Round trip time was 28.148 milliseconds in repetition 91
Round trip time was 28.153 milliseconds in repetition 92
Round trip time was 28.277 milliseconds in repetition 93
Round trip time was 30.450 milliseconds in repetition 94
Round trip time was 28.522 milliseconds in repetition 95
Round trip time was 29.058 milliseconds in repetition 96
Round trip time was 31.076 milliseconds in repetition 97
Round trip time was 27.795 milliseconds in repetition 98
Round trip time was 28.255 milliseconds in repetition 99
Round trip time was 38.808 milliseconds in repetition 100
Round trip time was 29.737 milliseconds in repetition 101
Round trip time was 29.773 milliseconds in repetition 102
Round trip time was 31.910 milliseconds in repetition 103
Round trip time was 34.280 milliseconds in repetition 104
Round trip time was 30.725 milliseconds in repetition 105
Round trip time was 32.260 milliseconds in repetition 106
Round trip time was 30.247 milliseconds in repetition 107
Round trip time was 28.200 milliseconds in repetition 108
Round trip time was 27.678 milliseconds in repetition 109
Round trip time was 28.166 milliseconds in repetition 110
Round trip time was 29.935 milliseconds in repetition 111
Round trip time was 30.059 milliseconds in repetition 112
Round trip time was 30.155 milliseconds in repetition 113
Round trip time was 28.335 milliseconds in repetition 114
Round trip time was 28.152 milliseconds in repetition 115
Round trip time was 28.468 milliseconds in repetition 116
Round trip time was 28.566 milliseconds in repetition 117
Round trip time was 30.371 milliseconds in repetition 118
Round trip time was 28.913 milliseconds in repetition 119
Round trip time was 28.077 milliseconds in repetition 120
Round trip time was 34.111 milliseconds in repetition 121
Round trip time was 37.811 milliseconds in repetition 122
Round trip time was 27.806 milliseconds in repetition 123
Round trip time was 28.681 milliseconds in repetition 124
Round trip time was 30.468 milliseconds in repetition 125
Round trip time was 28.019 milliseconds in repetition 126
Round trip time was 28.178 milliseconds in repetition 127
Round trip time was 34.807 milliseconds in repetition 128
Round trip time was 28.215 milliseconds in repetition 129
Round trip time was 32.354 milliseconds in repetition 130
Round trip time was 27.873 milliseconds in repetition 131
Round trip time was 29.983 milliseconds in repetition 132
Round trip time was 27.648 milliseconds in repetition 133
Round trip time was 34.947 milliseconds in repetition 134
Round trip time was 34.923 milliseconds in repetition 135
Round trip time was 27.480 milliseconds in repetition 136
Round trip time was 30.034 milliseconds in repetition 137
Round trip time was 28.712 milliseconds in repetition 138
Round trip time was 43.544 milliseconds in repetition 139
Round trip time was 28.677 milliseconds in repetition 140
Round trip time was 29.810 milliseconds in repetition 141
Round trip time was 31.167 milliseconds in repetition 142
Round trip time was 28.499 milliseconds in repetition 143
Round trip time was 31.561 milliseconds in repetition 144
Round trip time was 27.617 milliseconds in repetition 145
Round trip time was 28.756 milliseconds in repetition 146
Round trip time was 27.944 milliseconds in repetition 147
Round trip time was 28.069 milliseconds in repetition 148
Round trip time was 28.669 milliseconds in repetition 149
Round trip time was 27.748 milliseconds in repetition 150
Round trip time was 48.399 milliseconds in repetition 151
Round trip time was 29.874 milliseconds in repetition 152
Round trip time was 30.184 milliseconds in repetition 153
Round trip time was 35.266 milliseconds in repetition 154
Round trip time was 31.094 milliseconds in repetition 155
Round trip time was 28.488 milliseconds in repetition 156
Round trip time was 44.866 milliseconds in repetition 157
Round trip time was 33.728 milliseconds in repetition 158
Round trip time was 28.198 milliseconds in repetition 159
Round trip time was 31.823 milliseconds in repetition 160
Round trip time was 28.673 milliseconds in repetition 161
Round trip time was 28.515 milliseconds in repetition 162
Round trip time was 36.254 milliseconds in repetition 163
Round trip time was 27.985 milliseconds in repetition 164
Round trip time was 29.307 milliseconds in repetition 165
Round trip time was 29.830 milliseconds in repetition 166
Round trip time was 28.420 milliseconds in repetition 167
Round trip time was 29.642 milliseconds in repetition 168
Round trip time was 29.929 milliseconds in repetition 169
Round trip time was 59.305 milliseconds in repetition 170
Round trip time was 27.908 milliseconds in repetition 171
Round trip time was 56.135 milliseconds in repetition 172
Round trip time was 27.793 milliseconds in repetition 173
Round trip time was 31.041 milliseconds in repetition 174
Round trip time was 41.231 milliseconds in repetition 175
Round trip time was 33.638 milliseconds in repetition 176
Round trip time was 33.177 milliseconds in repetition 177
Round trip time was 32.042 milliseconds in repetition 178
Round trip time was 31.599 milliseconds in repetition 179
Round trip time was 38.635 milliseconds in repetition 180
Round trip time was 28.603 milliseconds in repetition 181
Round trip time was 30.390 milliseconds in repetition 182
Round trip time was 28.303 milliseconds in repetition 183
Round trip time was 28.666 milliseconds in repetition 184
Round trip time was 27.929 milliseconds in repetition 185
Round trip time was 31.196 milliseconds in repetition 186
Round trip time was 31.428 milliseconds in repetition 187
Round trip time was 33.206 milliseconds in repetition 188
Round trip time was 29.806 milliseconds in repetition 189
Round trip time was 27.771 milliseconds in repetition 190
Round trip time was 28.373 milliseconds in repetition 191
Round trip time was 30.409 milliseconds in repetition 192
Round trip time was 29.667 milliseconds in repetition 193
Round trip time was 40.692 milliseconds in repetition 194
Round trip time was 34.538 milliseconds in repetition 195
Round trip time was 27.888 milliseconds in repetition 196
Round trip time was 27.759 milliseconds in repetition 197
Round trip time was 31.385 milliseconds in repetition 198
Round trip time was 39.232 milliseconds in repetition 199
Round trip time was 29.119 milliseconds in repetition 200
Round trip time was 34.561 milliseconds in repetition 201
Round trip time was 46.914 milliseconds in repetition 202
Round trip time was 29.600 milliseconds in repetition 203
Round trip time was 30.519 milliseconds in repetition 204
Round trip time was 33.715 milliseconds in repetition 205
Round trip time was 28.233 milliseconds in repetition 206
Round trip time was 30.525 milliseconds in repetition 207
Round trip time was 32.117 milliseconds in repetition 208
Round trip time was 37.236 milliseconds in repetition 209
Round trip time was 33.043 milliseconds in repetition 210
Round trip time was 32.288 milliseconds in repetition 211
Round trip time was 27.829 milliseconds in repetition 212
Round trip time was 28.110 milliseconds in repetition 213
Round trip time was 40.324 milliseconds in repetition 214
Round trip time was 40.629 milliseconds in repetition 215
Round trip time was 27.744 milliseconds in repetition 216
Round trip time was 28.011 milliseconds in repetition 217
Round trip time was 27.567 milliseconds in repetition 218
Round trip time was 27.481 milliseconds in repetition 219
Round trip time was 56.824 milliseconds in repetition 220
Round trip time was 34.103 milliseconds in repetition 221
Round trip time was 29.901 milliseconds in repetition 222
Round trip time was 31.119 milliseconds in repetition 223
Round trip time was 28.267 milliseconds in repetition 224
Round trip time was 30.360 milliseconds in repetition 225
Round trip time was 35.154 milliseconds in repetition 226
Round trip time was 29.381 milliseconds in repetition 227
Round trip time was 28.013 milliseconds in repetition 228
Round trip time was 30.743 milliseconds in repetition 229
Round trip time was 32.210 milliseconds in repetition 230
Round trip time was 30.041 milliseconds in repetition 231
Round trip time was 28.541 milliseconds in repetition 232
Round trip time was 30.645 milliseconds in repetition 233
Round trip time was 27.975 milliseconds in repetition 234
Round trip time was 27.904 milliseconds in repetition 235
Round trip time was 52.923 milliseconds in repetition 236
Round trip time was 52.924 milliseconds in repetition 237
Round trip time was 30.438 milliseconds in repetition 238
Round trip time was 73.328 milliseconds in repetition 239
Round trip time was 33.076 milliseconds in repetition 240
Round trip time was 28.988 milliseconds in repetition 241
Round trip time was 44.216 milliseconds in repetition 242
Round trip time was 29.995 milliseconds in repetition 243
Round trip time was 30.768 milliseconds in repetition 244
Round trip time was 28.533 milliseconds in repetition 245
Round trip time was 38.211 milliseconds in repetition 246
Round trip time was 27.774 milliseconds in repetition 247
Round trip time was 30.074 milliseconds in repetition 248
Round trip time was 30.122 milliseconds in repetition 249
Round trip time was 28.091 milliseconds in repetition 250
Round trip time was 32.321 milliseconds in repetition 251
Round trip time was 28.731 milliseconds in repetition 252
Round trip time was 27.629 milliseconds in repetition 253
Round trip time was 27.508 milliseconds in repetition 254
Round trip time was 27.768 milliseconds in repetition 255
Round trip time was 27.990 milliseconds in repetition 256
Round trip time was 54.681 milliseconds in repetition 257
Round trip time was 33.012 milliseconds in repetition 258
Round trip time was 33.420 milliseconds in repetition 259
Round trip time was 27.721 milliseconds in repetition 260
Round trip time was 27.725 milliseconds in repetition 261
Round trip time was 28.584 milliseconds in repetition 262
Round trip time was 37.271 milliseconds in repetition 263
Round trip time was 27.849 milliseconds in repetition 264
Round trip time was 28.806 milliseconds in repetition 265
Round trip time was 27.397 milliseconds in repetition 266
Round trip time was 27.841 milliseconds in repetition 267
Round trip time was 29.162 milliseconds in repetition 268
Round trip time was 30.198 milliseconds in repetition 269
Round trip time was 28.510 milliseconds in repetition 270
Round trip time was 27.974 milliseconds in repetition 271
Round trip time was 27.697 milliseconds in repetition 272
Round trip time was 29.741 milliseconds in repetition 273
Round trip time was 29.297 milliseconds in repetition 274
Round trip time was 27.650 milliseconds in repetition 275
Round trip time was 34.534 milliseconds in repetition 276
Round trip time was 27.983 milliseconds in repetition 277
Round trip time was 29.132 milliseconds in repetition 278
Round trip time was 33.667 milliseconds in repetition 279
Round trip time was 41.957 milliseconds in repetition 280
Round trip time was 28.132 milliseconds in repetition 281
Round trip time was 30.784 milliseconds in repetition 282
Round trip time was 28.256 milliseconds in repetition 283
Round trip time was 29.300 milliseconds in repetition 284
Round trip time was 28.765 milliseconds in repetition 285
Round trip time was 28.116 milliseconds in repetition 286
Round trip time was 27.711 milliseconds in repetition 287
Round trip time was 28.046 milliseconds in repetition 288
Round trip time was 28.636 milliseconds in repetition 289
Round trip time was 54.444 milliseconds in repetition 290
Round trip time was 29.253 milliseconds in repetition 291
Round trip time was 28.994 milliseconds in repetition 292
Round trip time was 31.434 milliseconds in repetition 293
Round trip time was 31.211 milliseconds in repetition 294
Round trip time was 27.767 milliseconds in repetition 295
Round trip time was 28.291 milliseconds in repetition 296
Round trip time was 32.772 milliseconds in repetition 297
Round trip time was 29.384 milliseconds in repetition 298
Round trip time was 27.500 milliseconds in repetition 299
Round trip time was 31.820 milliseconds in repetition 300
Round trip time was 28.326 milliseconds in repetition 301
Round trip time was 33.458 milliseconds in repetition 302
Round trip time was 28.467 milliseconds in repetition 303
Round trip time was 29.128 milliseconds in repetition 304
Round trip time was 36.923 milliseconds in repetition 305
Round trip time was 32.197 milliseconds in repetition 306
Round trip time was 30.022 milliseconds in repetition 307
Round trip time was 27.993 milliseconds in repetition 308
Round trip time was 28.242 milliseconds in repetition 309
Round trip time was 31.773 milliseconds in repetition 310
Round trip time was 28.226 milliseconds in repetition 311
Round trip time was 28.064 milliseconds in repetition 312
Round trip time was 30.381 milliseconds in repetition 313
Round trip time was 29.291 milliseconds in repetition 314
Round trip time was 28.125 milliseconds in repetition 315
Round trip time was 27.663 milliseconds in repetition 316
Round trip time was 29.042 milliseconds in repetition 317
Round trip time was 31.180 milliseconds in repetition 318
Round trip time was 27.762 milliseconds in repetition 319
Round trip time was 31.742 milliseconds in repetition 320
Round trip time was 29.326 milliseconds in repetition 321
Round trip time was 27.704 milliseconds in repetition 322
Round trip time was 28.155 milliseconds in repetition 323
Round trip time was 28.189 milliseconds in repetition 324
Round trip time was 32.620 milliseconds in repetition 325
Round trip time was 38.530 milliseconds in repetition 326
Round trip time was 31.468 milliseconds in repetition 327
Round trip time was 30.827 milliseconds in repetition 328
Round trip time was 28.060 milliseconds in repetition 329
Round trip time was 29.901 milliseconds in repetition 330
Round trip time was 27.670 milliseconds in repetition 331
Round trip time was 27.862 milliseconds in repetition 332
Round trip time was 28.947 milliseconds in repetition 333
Round trip time was 31.171 milliseconds in repetition 334
Round trip time was 32.241 milliseconds in repetition 335
Round trip time was 30.460 milliseconds in repetition 336
Round trip time was 31.223 milliseconds in repetition 337
Round trip time was 28.955 milliseconds in repetition 338
Round trip time was 28.217 milliseconds in repetition 339
Round trip time was 30.741 milliseconds in repetition 340
Round trip time was 29.707 milliseconds in repetition 341
Round trip time was 29.221 milliseconds in repetition 342
Round trip time was 35.665 milliseconds in repetition 343
Round trip time was 30.359 milliseconds in repetition 344
Round trip time was 29.137 milliseconds in repetition 345
Round trip time was 29.724 milliseconds in repetition 346
Round trip time was 32.617 milliseconds in repetition 347
Round trip time was 29.150 milliseconds in repetition 348
Round trip time was 36.377 milliseconds in repetition 349
Round trip time was 29.445 milliseconds in repetition 350
Round trip time was 27.816 milliseconds in repetition 351
Round trip time was 28.294 milliseconds in repetition 352
Round trip time was 29.658 milliseconds in repetition 353
Round trip time was 30.773 milliseconds in repetition 354
Round trip time was 34.324 milliseconds in repetition 355
Round trip time was 28.049 milliseconds in repetition 356
Round trip time was 29.817 milliseconds in repetition 357
Round trip time was 29.164 milliseconds in repetition 358
Round trip time was 31.523 milliseconds in repetition 359
Round trip time was 27.841 milliseconds in repetition 360
Round trip time was 31.062 milliseconds in repetition 361
Round trip time was 27.579 milliseconds in repetition 362
Round trip time was 27.708 milliseconds in repetition 363
Round trip time was 30.219 milliseconds in repetition 364
Round trip time was 27.848 milliseconds in repetition 365
Round trip time was 32.774 milliseconds in repetition 366
Round trip time was 28.493 milliseconds in repetition 367
Round trip time was 29.972 milliseconds in repetition 368
Round trip time was 28.022 milliseconds in repetition 369
Round trip time was 29.232 milliseconds in repetition 370
Round trip time was 28.155 milliseconds in repetition 371
Round trip time was 52.534 milliseconds in repetition 372
Round trip time was 30.167 milliseconds in repetition 373
Round trip time was 29.515 milliseconds in repetition 374
Round trip time was 28.630 milliseconds in repetition 375
Round trip time was 27.627 milliseconds in repetition 376
Round trip time was 31.339 milliseconds in repetition 377
Round trip time was 27.506 milliseconds in repetition 378
Round trip time was 27.470 milliseconds in repetition 379
Round trip time was 32.284 milliseconds in repetition 380
Round trip time was 37.087 milliseconds in repetition 381
Round trip time was 29.716 milliseconds in repetition 382
Round trip time was 30.374 milliseconds in repetition 383
Round trip time was 31.589 milliseconds in repetition 384
Round trip time was 28.160 milliseconds in repetition 385
Round trip time was 27.820 milliseconds in repetition 386
Round trip time was 30.719 milliseconds in repetition 387
Round trip time was 27.682 milliseconds in repetition 388
Round trip time was 27.652 milliseconds in repetition 389
Round trip time was 63.543 milliseconds in repetition 390
Round trip time was 31.080 milliseconds in repetition 391
Round trip time was 61.270 milliseconds in repetition 392
Round trip time was 55.503 milliseconds in repetition 393
Round trip time was 30.969 milliseconds in repetition 394
Round trip time was 28.235 milliseconds in repetition 395
Round trip time was 28.919 milliseconds in repetition 396
Round trip time was 27.619 milliseconds in repetition 397
Round trip time was 29.749 milliseconds in repetition 398
Round trip time was 30.070 milliseconds in repetition 399
Round trip time was 27.692 milliseconds in repetition 400
Round trip time was 30.247 milliseconds in repetition 401
Round trip time was 27.943 milliseconds in repetition 402
Round trip time was 29.112 milliseconds in repetition 403
Round trip time was 29.502 milliseconds in repetition 404
Round trip time was 29.384 milliseconds in repetition 405
Round trip time was 30.003 milliseconds in repetition 406
Round trip time was 35.389 milliseconds in repetition 407
Round trip time was 28.487 milliseconds in repetition 408
Round trip time was 32.859 milliseconds in repetition 409
Round trip time was 29.122 milliseconds in repetition 410
Round trip time was 28.954 milliseconds in repetition 411
Round trip time was 30.159 milliseconds in repetition 412
Round trip time was 33.584 milliseconds in repetition 413
Round trip time was 48.042 milliseconds in repetition 414
Round trip time was 39.904 milliseconds in repetition 415
Round trip time was 27.676 milliseconds in repetition 416
Round trip time was 30.822 milliseconds in repetition 417
Round trip time was 27.708 milliseconds in repetition 418
Round trip time was 28.404 milliseconds in repetition 419
Round trip time was 27.774 milliseconds in repetition 420
Round trip time was 27.530 milliseconds in repetition 421
Round trip time was 32.160 milliseconds in repetition 422
Round trip time was 30.243 milliseconds in repetition 423
Round trip time was 28.116 milliseconds in repetition 424
Round trip time was 34.013 milliseconds in repetition 425
Round trip time was 34.685 milliseconds in repetition 426
Round trip time was 28.026 milliseconds in repetition 427
Round trip time was 29.731 milliseconds in repetition 428
Round trip time was 31.759 milliseconds in repetition 429
Round trip time was 37.316 milliseconds in repetition 430
Round trip time was 51.696 milliseconds in repetition 431
Round trip time was 35.888 milliseconds in repetition 432
Round trip time was 27.748 milliseconds in repetition 433
Round trip time was 28.605 milliseconds in repetition 434
Round trip time was 105.766 milliseconds in repetition 435
Round trip time was 38.001 milliseconds in repetition 436
Round trip time was 32.133 milliseconds in repetition 437
Round trip time was 27.847 milliseconds in repetition 438
Round trip time was 32.501 milliseconds in repetition 439
Round trip time was 31.447 milliseconds in repetition 440
Round trip time was 28.188 milliseconds in repetition 441
Round trip time was 30.059 milliseconds in repetition 442
Round trip time was 27.836 milliseconds in repetition 443
Round trip time was 31.564 milliseconds in repetition 444
Round trip time was 32.511 milliseconds in repetition 445
Round trip time was 37.153 milliseconds in repetition 446
Round trip time was 28.486 milliseconds in repetition 447
Round trip time was 30.044 milliseconds in repetition 448
Round trip time was 29.216 milliseconds in repetition 449
Round trip time was 30.752 milliseconds in repetition 450
Round trip time was 32.567 milliseconds in repetition 451
Round trip time was 31.938 milliseconds in repetition 452
Round trip time was 29.468 milliseconds in repetition 453
Round trip time was 31.424 milliseconds in repetition 454
Round trip time was 29.703 milliseconds in repetition 455
Round trip time was 28.320 milliseconds in repetition 456
Round trip time was 39.694 milliseconds in repetition 457
Round trip time was 29.092 milliseconds in repetition 458
Round trip time was 31.018 milliseconds in repetition 459
Round trip time was 27.804 milliseconds in repetition 460
Round trip time was 28.866 milliseconds in repetition 461
Round trip time was 32.285 milliseconds in repetition 462
Round trip time was 27.628 milliseconds in repetition 463
Round trip time was 29.710 milliseconds in repetition 464
Round trip time was 32.154 milliseconds in repetition 465
Round trip time was 29.275 milliseconds in repetition 466
Round trip time was 27.496 milliseconds in repetition 467
Round trip time was 40.187 milliseconds in repetition 468
Round trip time was 28.190 milliseconds in repetition 469
Round trip time was 28.579 milliseconds in repetition 470
Round trip time was 27.567 milliseconds in repetition 471
Round trip time was 30.316 milliseconds in repetition 472
Round trip time was 30.662 milliseconds in repetition 473
Round trip time was 27.844 milliseconds in repetition 474
Round trip time was 33.330 milliseconds in repetition 475
Round trip time was 29.477 milliseconds in repetition 476
Round trip time was 27.812 milliseconds in repetition 477
Round trip time was 28.716 milliseconds in repetition 478
Round trip time was 29.402 milliseconds in repetition 479
Round trip time was 41.652 milliseconds in repetition 480
Round trip time was 27.891 milliseconds in repetition 481
Round trip time was 30.927 milliseconds in repetition 482
Round trip time was 28.066 milliseconds in repetition 483
Round trip time was 27.895 milliseconds in repetition 484
Round trip time was 28.658 milliseconds in repetition 485
Round trip time was 28.535 milliseconds in repetition 486
Round trip time was 27.778 milliseconds in repetition 487
Round trip time was 28.019 milliseconds in repetition 488
Round trip time was 28.846 milliseconds in repetition 489
Round trip time was 28.459 milliseconds in repetition 490
Round trip time was 27.662 milliseconds in repetition 491
Round trip time was 28.526 milliseconds in repetition 492
Round trip time was 28.120 milliseconds in repetition 493
Round trip time was 28.395 milliseconds in repetition 494
Round trip time was 27.994 milliseconds in repetition 495
Round trip time was 29.384 milliseconds in repetition 496
Round trip time was 29.553 milliseconds in repetition 497
Round trip time was 28.639 milliseconds in repetition 498
Round trip time was 34.187 milliseconds in repetition 499
Round trip time was 28.246 milliseconds in repetition 500
Round trip time was 27.869 milliseconds in repetition 501

 ... clock resolution was 0.0001
UDP Ping:  Statistics over 501 repetitions of 64 byte messages

RTT : percentile 10: 27.8062, median: 29.4769, percentile 90: 36.9226, average: 31.602, variance: 48.2486

RTT histogram:
27.3969 240
31.3153 175
35.2338 38
39.1522 19
43.0707 7
46.9891 4
50.9076 3
54.826 7
58.7445 3
62.6629 2
66.5814 0
70.4999 1
74.4183 1
78.3368 0
82.2552 0
86.1737 0
90.0921 0
94.0106 0
97.929 0
101.847 0
105.766 1

   median Throughput : 4.34238 KB/s   overall Throughput : 4.05037 KB/s

