UDP Ping trying to connect to server seti.dibris.unige.it (130.251.61.30) on TCP port 1491
 ... connected to Pong server: asking for 501 repetitions of 24576 _bytes UDP messages
 ... Pong server agreed to ping-pong using port 49834 :-)
Round trip time was 460.504 milliseconds in repetition 1
Round trip time was 47.604 milliseconds in repetition 2
Round trip time was 45.859 milliseconds in repetition 3
Round trip time was 45.842 milliseconds in repetition 4
Round trip time was 45.199 milliseconds in repetition 5
Round trip time was 43.986 milliseconds in repetition 6
Round trip time was 47.387 milliseconds in repetition 7
Round trip time was 45.411 milliseconds in repetition 8
Round trip time was 44.502 milliseconds in repetition 9
Round trip time was 50.596 milliseconds in repetition 10
Round trip time was 49.245 milliseconds in repetition 11
Round trip time was 52.926 milliseconds in repetition 12
Round trip time was 44.114 milliseconds in repetition 13
Round trip time was 44.100 milliseconds in repetition 14
Round trip time was 41.915 milliseconds in repetition 15
Round trip time was 41.780 milliseconds in repetition 16
Round trip time was 44.308 milliseconds in repetition 17
Round trip time was 41.406 milliseconds in repetition 18
Round trip time was 52.028 milliseconds in repetition 19
Round trip time was 43.420 milliseconds in repetition 20
Round trip time was 45.988 milliseconds in repetition 21
Round trip time was 40.977 milliseconds in repetition 22
Round trip time was 55.447 milliseconds in repetition 23
Round trip time was 38.178 milliseconds in repetition 24
Round trip time was 55.632 milliseconds in repetition 25
Round trip time was 60.589 milliseconds in repetition 26
Round trip time was 42.303 milliseconds in repetition 27
Round trip time was 45.170 milliseconds in repetition 28
Round trip time was 49.393 milliseconds in repetition 29
Round trip time was 45.143 milliseconds in repetition 30
Round trip time was 40.498 milliseconds in repetition 31
Round trip time was 52.308 milliseconds in repetition 32
Round trip time was 43.342 milliseconds in repetition 33
Round trip time was 48.414 milliseconds in repetition 34
Round trip time was 42.752 milliseconds in repetition 35
Round trip time was 44.998 milliseconds in repetition 36
Round trip time was 43.018 milliseconds in repetition 37
Round trip time was 45.538 milliseconds in repetition 38
Round trip time was 69.227 milliseconds in repetition 39
Round trip time was 56.690 milliseconds in repetition 40
Round trip time was 61.105 milliseconds in repetition 41
Round trip time was 43.044 milliseconds in repetition 42
Round trip time was 45.969 milliseconds in repetition 43
Round trip time was 43.115 milliseconds in repetition 44
Round trip time was 45.605 milliseconds in repetition 45
Round trip time was 43.556 milliseconds in repetition 46
Round trip time was 50.020 milliseconds in repetition 47
Round trip time was 41.302 milliseconds in repetition 48
Round trip time was 51.867 milliseconds in repetition 49
Round trip time was 43.308 milliseconds in repetition 50
Round trip time was 46.301 milliseconds in repetition 51
Round trip time was 115.768 milliseconds in repetition 52
Round trip time was 45.214 milliseconds in repetition 53
Round trip time was 42.242 milliseconds in repetition 54
Round trip time was 43.747 milliseconds in repetition 55
Round trip time was 43.732 milliseconds in repetition 56
Round trip time was 71.632 milliseconds in repetition 57
Round trip time was 45.630 milliseconds in repetition 58
Round trip time was 41.299 milliseconds in repetition 59
Round trip time was 75.622 milliseconds in repetition 60
Round trip time was 47.020 milliseconds in repetition 61
Round trip time was 46.412 milliseconds in repetition 62
Round trip time was 55.617 milliseconds in repetition 63
Round trip time was 41.086 milliseconds in repetition 64
Round trip time was 39.598 milliseconds in repetition 65
Round trip time was 42.007 milliseconds in repetition 66
Round trip time was 49.677 milliseconds in repetition 67
Round trip time was 45.548 milliseconds in repetition 68
Round trip time was 41.693 milliseconds in repetition 69
Round trip time was 45.201 milliseconds in repetition 70
Round trip time was 59.857 milliseconds in repetition 71
Round trip time was 82.445 milliseconds in repetition 72
Round trip time was 42.855 milliseconds in repetition 73
Round trip time was 41.690 milliseconds in repetition 74
Round trip time was 44.426 milliseconds in repetition 75
Round trip time was 39.971 milliseconds in repetition 76
Round trip time was 49.454 milliseconds in repetition 77
Round trip time was 42.977 milliseconds in repetition 78
Round trip time was 52.065 milliseconds in repetition 79
Round trip time was 39.888 milliseconds in repetition 80
Round trip time was 43.290 milliseconds in repetition 81
Round trip time was 45.212 milliseconds in repetition 82
Round trip time was 39.302 milliseconds in repetition 83
Round trip time was 42.413 milliseconds in repetition 84
Round trip time was 41.965 milliseconds in repetition 85
Round trip time was 49.265 milliseconds in repetition 86
Round trip time was 39.594 milliseconds in repetition 87
Round trip time was 40.473 milliseconds in repetition 88
Round trip time was 41.331 milliseconds in repetition 89
Round trip time was 38.947 milliseconds in repetition 90
Round trip time was 44.318 milliseconds in repetition 91
Round trip time was 40.574 milliseconds in repetition 92
Round trip time was 40.167 milliseconds in repetition 93
Round trip time was 47.415 milliseconds in repetition 94
Round trip time was 39.352 milliseconds in repetition 95
Round trip time was 49.347 milliseconds in repetition 96
Round trip time was 42.123 milliseconds in repetition 97
Round trip time was 46.074 milliseconds in repetition 98
Round trip time was 39.445 milliseconds in repetition 99
Round trip time was 43.169 milliseconds in repetition 100
Round trip time was 52.210 milliseconds in repetition 101
Round trip time was 53.756 milliseconds in repetition 102
Round trip time was 52.617 milliseconds in repetition 103
Round trip time was 43.371 milliseconds in repetition 104
Round trip time was 48.953 milliseconds in repetition 105
Round trip time was 41.480 milliseconds in repetition 106
Round trip time was 41.477 milliseconds in repetition 107
Round trip time was 39.842 milliseconds in repetition 108
Round trip time was 45.567 milliseconds in repetition 109
Round trip time was 44.402 milliseconds in repetition 110
Round trip time was 44.604 milliseconds in repetition 111
Round trip time was 40.508 milliseconds in repetition 112
Round trip time was 45.577 milliseconds in repetition 113
Round trip time was 41.317 milliseconds in repetition 114
Round trip time was 42.500 milliseconds in repetition 115
Round trip time was 40.532 milliseconds in repetition 116
Round trip time was 38.760 milliseconds in repetition 117
Round trip time was 47.114 milliseconds in repetition 118
Round trip time was 48.463 milliseconds in repetition 119
Round trip time was 52.536 milliseconds in repetition 120
Round trip time was 49.454 milliseconds in repetition 121
Round trip time was 41.421 milliseconds in repetition 122
Round trip time was 46.669 milliseconds in repetition 123
Round trip time was 44.773 milliseconds in repetition 124
Round trip time was 41.978 milliseconds in repetition 125
Round trip time was 47.916 milliseconds in repetition 126
Round trip time was 42.745 milliseconds in repetition 127
Round trip time was 73.166 milliseconds in repetition 128
Round trip time was 45.778 milliseconds in repetition 129
Round trip time was 61.395 milliseconds in repetition 130
Round trip time was 43.991 milliseconds in repetition 131
Round trip time was 80.302 milliseconds in repetition 132
Round trip time was 43.753 milliseconds in repetition 133
Round trip time was 46.395 milliseconds in repetition 134
Round trip time was 44.399 milliseconds in repetition 135
Round trip time was 40.834 milliseconds in repetition 136
Round trip time was 48.314 milliseconds in repetition 137
Round trip time was 43.345 milliseconds in repetition 138
Round trip time was 51.542 milliseconds in repetition 139
Round trip time was 44.264 milliseconds in repetition 140
Round trip time was 38.647 milliseconds in repetition 141
Round trip time was 44.869 milliseconds in repetition 142
Round trip time was 41.334 milliseconds in repetition 143
Round trip time was 39.807 milliseconds in repetition 144
Round trip time was 45.943 milliseconds in repetition 145
Round trip time was 45.534 milliseconds in repetition 146
Round trip time was 58.443 milliseconds in repetition 147
Round trip time was 44.789 milliseconds in repetition 148
Round trip time was 44.193 milliseconds in repetition 149
Round trip time was 38.714 milliseconds in repetition 150
Round trip time was 47.880 milliseconds in repetition 151
Round trip time was 41.187 milliseconds in repetition 152
Round trip time was 42.479 milliseconds in repetition 153
Round trip time was 41.273 milliseconds in repetition 154
Round trip time was 44.825 milliseconds in repetition 155
Round trip time was 45.543 milliseconds in repetition 156
Round trip time was 42.709 milliseconds in repetition 157
Round trip time was 44.102 milliseconds in repetition 158
Round trip time was 55.556 milliseconds in repetition 159
Round trip time was 43.094 milliseconds in repetition 160
Round trip time was 41.219 milliseconds in repetition 161
Round trip time was 45.166 milliseconds in repetition 162
Round trip time was 47.359 milliseconds in repetition 163
Round trip time was 45.541 milliseconds in repetition 164
Round trip time was 50.884 milliseconds in repetition 165
Round trip time was 39.976 milliseconds in repetition 166
Round trip time was 42.548 milliseconds in repetition 167
Round trip time was 43.007 milliseconds in repetition 168
Round trip time was 51.009 milliseconds in repetition 169
Round trip time was 44.306 milliseconds in repetition 170
Round trip time was 41.597 milliseconds in repetition 171
Round trip time was 41.307 milliseconds in repetition 172
Round trip time was 42.026 milliseconds in repetition 173
Round trip time was 43.050 milliseconds in repetition 174
Round trip time was 42.101 milliseconds in repetition 175
Round trip time was 41.533 milliseconds in repetition 176
Round trip time was 49.675 milliseconds in repetition 177
Round trip time was 42.431 milliseconds in repetition 178
Round trip time was 42.697 milliseconds in repetition 179
Round trip time was 46.431 milliseconds in repetition 180
Round trip time was 41.790 milliseconds in repetition 181
Round trip time was 43.612 milliseconds in repetition 182
Round trip time was 46.047 milliseconds in repetition 183
Round trip time was 40.613 milliseconds in repetition 184
Round trip time was 41.349 milliseconds in repetition 185
Round trip time was 47.120 milliseconds in repetition 186
Round trip time was 44.172 milliseconds in repetition 187
Round trip time was 45.943 milliseconds in repetition 188
Round trip time was 47.639 milliseconds in repetition 189
Round trip time was 39.677 milliseconds in repetition 190
Round trip time was 49.971 milliseconds in repetition 191
Round trip time was 42.147 milliseconds in repetition 192
Round trip time was 49.760 milliseconds in repetition 193
Round trip time was 63.305 milliseconds in repetition 194
Round trip time was 47.530 milliseconds in repetition 195
Round trip time was 45.419 milliseconds in repetition 196
Round trip time was 48.438 milliseconds in repetition 197
Round trip time was 44.193 milliseconds in repetition 198
Round trip time was 61.926 milliseconds in repetition 199
Round trip time was 48.690 milliseconds in repetition 200
Round trip time was 61.378 milliseconds in repetition 201
Round trip time was 43.800 milliseconds in repetition 202
Round trip time was 61.762 milliseconds in repetition 203
Round trip time was 48.794 milliseconds in repetition 204
Round trip time was 40.373 milliseconds in repetition 205
Round trip time was 67.391 milliseconds in repetition 206
Round trip time was 45.100 milliseconds in repetition 207
Round trip time was 75.234 milliseconds in repetition 208
Round trip time was 54.934 milliseconds in repetition 209
Round trip time was 64.245 milliseconds in repetition 210
Round trip time was 44.794 milliseconds in repetition 211
Round trip time was 46.893 milliseconds in repetition 212
Round trip time was 43.383 milliseconds in repetition 213
Round trip time was 52.708 milliseconds in repetition 214
Round trip time was 46.390 milliseconds in repetition 215
Round trip time was 47.974 milliseconds in repetition 216

 ... received 0 bytes instead of 24576 (lost count = 1); re-trying ...
 ... re-trying ...
Round trip time was 53.591 milliseconds in repetition 217
Round trip time was 114.022 milliseconds in repetition 218
Round trip time was 48.310 milliseconds in repetition 219
Round trip time was 41.532 milliseconds in repetition 220
Round trip time was 42.386 milliseconds in repetition 221
Round trip time was 42.246 milliseconds in repetition 222
Round trip time was 43.365 milliseconds in repetition 223
Round trip time was 43.491 milliseconds in repetition 224
Round trip time was 42.146 milliseconds in repetition 225
Round trip time was 42.677 milliseconds in repetition 226
Round trip time was 49.544 milliseconds in repetition 227
Round trip time was 42.995 milliseconds in repetition 228
Round trip time was 46.804 milliseconds in repetition 229
Round trip time was 53.739 milliseconds in repetition 230
Round trip time was 42.851 milliseconds in repetition 231
Round trip time was 41.639 milliseconds in repetition 232
Round trip time was 67.492 milliseconds in repetition 233
Round trip time was 47.225 milliseconds in repetition 234
Round trip time was 50.890 milliseconds in repetition 235
Round trip time was 50.922 milliseconds in repetition 236
Round trip time was 53.078 milliseconds in repetition 237
Round trip time was 46.383 milliseconds in repetition 238
Round trip time was 58.397 milliseconds in repetition 239
Round trip time was 39.915 milliseconds in repetition 240
Round trip time was 42.907 milliseconds in repetition 241
Round trip time was 46.053 milliseconds in repetition 242
Round trip time was 48.994 milliseconds in repetition 243
Round trip time was 41.895 milliseconds in repetition 244
Round trip time was 41.546 milliseconds in repetition 245
Round trip time was 40.238 milliseconds in repetition 246
Round trip time was 40.757 milliseconds in repetition 247
Round trip time was 79.442 milliseconds in repetition 248
Round trip time was 42.985 milliseconds in repetition 249
Round trip time was 44.826 milliseconds in repetition 250
Round trip time was 39.068 milliseconds in repetition 251
Round trip time was 43.543 milliseconds in repetition 252
Round trip time was 45.849 milliseconds in repetition 253
Round trip time was 49.268 milliseconds in repetition 254
Round trip time was 39.311 milliseconds in repetition 255
Round trip time was 39.821 milliseconds in repetition 256
Round trip time was 44.795 milliseconds in repetition 257
Round trip time was 40.149 milliseconds in repetition 258
Round trip time was 43.593 milliseconds in repetition 259
Round trip time was 61.773 milliseconds in repetition 260
Round trip time was 48.105 milliseconds in repetition 261
Round trip time was 39.700 milliseconds in repetition 262
Round trip time was 44.777 milliseconds in repetition 263
Round trip time was 44.855 milliseconds in repetition 264
Round trip time was 38.772 milliseconds in repetition 265
Round trip time was 41.463 milliseconds in repetition 266
Round trip time was 46.805 milliseconds in repetition 267
Round trip time was 41.392 milliseconds in repetition 268
Round trip time was 40.737 milliseconds in repetition 269
Round trip time was 39.602 milliseconds in repetition 270
Round trip time was 45.098 milliseconds in repetition 271
Round trip time was 44.447 milliseconds in repetition 272
Round trip time was 97.584 milliseconds in repetition 273
Round trip time was 168.819 milliseconds in repetition 274
Round trip time was 95.794 milliseconds in repetition 275
Round trip time was 63.627 milliseconds in repetition 276
Round trip time was 81.388 milliseconds in repetition 277
Round trip time was 44.669 milliseconds in repetition 278
Round trip time was 75.549 milliseconds in repetition 279
Round trip time was 85.730 milliseconds in repetition 280
Round trip time was 59.300 milliseconds in repetition 281
Round trip time was 43.320 milliseconds in repetition 282
Round trip time was 50.981 milliseconds in repetition 283
Round trip time was 44.165 milliseconds in repetition 284
Round trip time was 45.410 milliseconds in repetition 285
Round trip time was 59.247 milliseconds in repetition 286
Round trip time was 44.279 milliseconds in repetition 287
Round trip time was 51.209 milliseconds in repetition 288
Round trip time was 40.654 milliseconds in repetition 289
Round trip time was 47.624 milliseconds in repetition 290
Round trip time was 44.533 milliseconds in repetition 291
Round trip time was 46.350 milliseconds in repetition 292
Round trip time was 46.622 milliseconds in repetition 293
Round trip time was 41.146 milliseconds in repetition 294
Round trip time was 41.949 milliseconds in repetition 295
Round trip time was 46.025 milliseconds in repetition 296
Round trip time was 47.965 milliseconds in repetition 297
Round trip time was 40.392 milliseconds in repetition 298
Round trip time was 43.489 milliseconds in repetition 299
Round trip time was 43.713 milliseconds in repetition 300
Round trip time was 52.631 milliseconds in repetition 301
Round trip time was 42.799 milliseconds in repetition 302
Round trip time was 42.048 milliseconds in repetition 303
Round trip time was 41.113 milliseconds in repetition 304
Round trip time was 43.342 milliseconds in repetition 305
Round trip time was 49.748 milliseconds in repetition 306
Round trip time was 47.982 milliseconds in repetition 307
Round trip time was 43.953 milliseconds in repetition 308
Round trip time was 59.590 milliseconds in repetition 309
Round trip time was 42.987 milliseconds in repetition 310
Round trip time was 48.938 milliseconds in repetition 311
Round trip time was 53.036 milliseconds in repetition 312
Round trip time was 47.786 milliseconds in repetition 313
Round trip time was 51.062 milliseconds in repetition 314
Round trip time was 43.764 milliseconds in repetition 315
Round trip time was 65.112 milliseconds in repetition 316
Round trip time was 47.263 milliseconds in repetition 317
Round trip time was 41.599 milliseconds in repetition 318
Round trip time was 48.906 milliseconds in repetition 319
Round trip time was 49.532 milliseconds in repetition 320
Round trip time was 56.097 milliseconds in repetition 321
Round trip time was 43.242 milliseconds in repetition 322
Round trip time was 45.824 milliseconds in repetition 323
Round trip time was 46.743 milliseconds in repetition 324
Round trip time was 57.594 milliseconds in repetition 325
Round trip time was 43.927 milliseconds in repetition 326
Round trip time was 42.407 milliseconds in repetition 327
Round trip time was 43.354 milliseconds in repetition 328
Round trip time was 41.127 milliseconds in repetition 329
Round trip time was 40.521 milliseconds in repetition 330
Round trip time was 51.301 milliseconds in repetition 331
Round trip time was 49.753 milliseconds in repetition 332
Round trip time was 75.936 milliseconds in repetition 333
Round trip time was 46.771 milliseconds in repetition 334
Round trip time was 46.430 milliseconds in repetition 335
Round trip time was 40.751 milliseconds in repetition 336
Round trip time was 41.396 milliseconds in repetition 337
Round trip time was 56.627 milliseconds in repetition 338
Round trip time was 48.461 milliseconds in repetition 339
Round trip time was 45.617 milliseconds in repetition 340
Round trip time was 40.526 milliseconds in repetition 341
Round trip time was 44.534 milliseconds in repetition 342
Round trip time was 43.155 milliseconds in repetition 343
Round trip time was 46.178 milliseconds in repetition 344
Round trip time was 40.616 milliseconds in repetition 345
Round trip time was 76.343 milliseconds in repetition 346
Round trip time was 61.732 milliseconds in repetition 347
Round trip time was 40.596 milliseconds in repetition 348
Round trip time was 41.043 milliseconds in repetition 349
Round trip time was 49.044 milliseconds in repetition 350
Round trip time was 40.313 milliseconds in repetition 351
Round trip time was 40.981 milliseconds in repetition 352
Round trip time was 52.714 milliseconds in repetition 353
Round trip time was 68.788 milliseconds in repetition 354
Round trip time was 42.639 milliseconds in repetition 355
Round trip time was 39.321 milliseconds in repetition 356
Round trip time was 71.807 milliseconds in repetition 357
Round trip time was 78.752 milliseconds in repetition 358
Round trip time was 64.153 milliseconds in repetition 359
Round trip time was 48.633 milliseconds in repetition 360
Round trip time was 42.820 milliseconds in repetition 361
Round trip time was 47.277 milliseconds in repetition 362
Round trip time was 42.918 milliseconds in repetition 363
Round trip time was 71.755 milliseconds in repetition 364
Round trip time was 44.017 milliseconds in repetition 365
Round trip time was 43.464 milliseconds in repetition 366
Round trip time was 43.342 milliseconds in repetition 367
Round trip time was 46.882 milliseconds in repetition 368
Round trip time was 39.972 milliseconds in repetition 369
Round trip time was 49.000 milliseconds in repetition 370
Round trip time was 42.643 milliseconds in repetition 371
Round trip time was 42.614 milliseconds in repetition 372
Round trip time was 57.823 milliseconds in repetition 373
Round trip time was 41.353 milliseconds in repetition 374
Round trip time was 48.195 milliseconds in repetition 375
Round trip time was 45.069 milliseconds in repetition 376
Round trip time was 42.574 milliseconds in repetition 377
Round trip time was 39.151 milliseconds in repetition 378
Round trip time was 40.498 milliseconds in repetition 379
Round trip time was 50.345 milliseconds in repetition 380
Round trip time was 48.890 milliseconds in repetition 381
Round trip time was 43.910 milliseconds in repetition 382
Round trip time was 46.944 milliseconds in repetition 383
Round trip time was 43.247 milliseconds in repetition 384
Round trip time was 42.789 milliseconds in repetition 385
Round trip time was 57.656 milliseconds in repetition 386
Round trip time was 41.136 milliseconds in repetition 387
Round trip time was 40.277 milliseconds in repetition 388
Round trip time was 40.986 milliseconds in repetition 389
Round trip time was 46.895 milliseconds in repetition 390
Round trip time was 45.850 milliseconds in repetition 391
Round trip time was 39.662 milliseconds in repetition 392
Round trip time was 62.337 milliseconds in repetition 393
Round trip time was 40.537 milliseconds in repetition 394
Round trip time was 39.838 milliseconds in repetition 395
Round trip time was 42.328 milliseconds in repetition 396
Round trip time was 41.637 milliseconds in repetition 397
Round trip time was 52.156 milliseconds in repetition 398
Round trip time was 40.916 milliseconds in repetition 399
Round trip time was 51.231 milliseconds in repetition 400
Round trip time was 38.153 milliseconds in repetition 401
Round trip time was 94.489 milliseconds in repetition 402
Round trip time was 45.145 milliseconds in repetition 403
Round trip time was 48.047 milliseconds in repetition 404
Round trip time was 40.996 milliseconds in repetition 405
Round trip time was 46.684 milliseconds in repetition 406
Round trip time was 43.449 milliseconds in repetition 407
Round trip time was 41.394 milliseconds in repetition 408
Round trip time was 43.017 milliseconds in repetition 409
Round trip time was 42.968 milliseconds in repetition 410
Round trip time was 45.698 milliseconds in repetition 411
Round trip time was 44.782 milliseconds in repetition 412
Round trip time was 43.336 milliseconds in repetition 413
Round trip time was 100.264 milliseconds in repetition 414
Round trip time was 40.135 milliseconds in repetition 415
Round trip time was 46.231 milliseconds in repetition 416
Round trip time was 40.757 milliseconds in repetition 417
Round trip time was 45.263 milliseconds in repetition 418
Round trip time was 43.336 milliseconds in repetition 419
Round trip time was 44.914 milliseconds in repetition 420
Round trip time was 42.093 milliseconds in repetition 421
Round trip time was 40.842 milliseconds in repetition 422
Round trip time was 44.730 milliseconds in repetition 423
Round trip time was 40.650 milliseconds in repetition 424
Round trip time was 44.142 milliseconds in repetition 425
Round trip time was 49.108 milliseconds in repetition 426
Round trip time was 41.777 milliseconds in repetition 427
Round trip time was 50.177 milliseconds in repetition 428
Round trip time was 40.924 milliseconds in repetition 429
Round trip time was 44.627 milliseconds in repetition 430
Round trip time was 41.720 milliseconds in repetition 431
Round trip time was 47.101 milliseconds in repetition 432
Round trip time was 41.705 milliseconds in repetition 433
Round trip time was 40.644 milliseconds in repetition 434
Round trip time was 43.066 milliseconds in repetition 435
Round trip time was 43.247 milliseconds in repetition 436
Round trip time was 39.677 milliseconds in repetition 437
Round trip time was 42.136 milliseconds in repetition 438
Round trip time was 47.118 milliseconds in repetition 439
Round trip time was 43.016 milliseconds in repetition 440
Round trip time was 40.478 milliseconds in repetition 441
Round trip time was 44.695 milliseconds in repetition 442
Round trip time was 39.042 milliseconds in repetition 443
Round trip time was 52.996 milliseconds in repetition 444
Round trip time was 45.209 milliseconds in repetition 445
Round trip time was 56.275 milliseconds in repetition 446
Round trip time was 42.363 milliseconds in repetition 447
Round trip time was 41.651 milliseconds in repetition 448
Round trip time was 40.054 milliseconds in repetition 449
Round trip time was 38.373 milliseconds in repetition 450
Round trip time was 38.968 milliseconds in repetition 451
Round trip time was 50.976 milliseconds in repetition 452
Round trip time was 41.908 milliseconds in repetition 453
Round trip time was 40.647 milliseconds in repetition 454
Round trip time was 45.608 milliseconds in repetition 455
Round trip time was 45.717 milliseconds in repetition 456
Round trip time was 41.561 milliseconds in repetition 457
Round trip time was 38.949 milliseconds in repetition 458
Round trip time was 45.329 milliseconds in repetition 459
Round trip time was 39.709 milliseconds in repetition 460
Round trip time was 40.755 milliseconds in repetition 461
Round trip time was 43.974 milliseconds in repetition 462
Round trip time was 39.748 milliseconds in repetition 463
Round trip time was 42.344 milliseconds in repetition 464
Round trip time was 40.588 milliseconds in repetition 465
Round trip time was 58.510 milliseconds in repetition 466
Round trip time was 45.221 milliseconds in repetition 467
Round trip time was 40.269 milliseconds in repetition 468
Round trip time was 48.379 milliseconds in repetition 469
Round trip time was 41.648 milliseconds in repetition 470
Round trip time was 39.937 milliseconds in repetition 471
Round trip time was 42.850 milliseconds in repetition 472
Round trip time was 40.278 milliseconds in repetition 473
Round trip time was 42.306 milliseconds in repetition 474
Round trip time was 37.615 milliseconds in repetition 475
Round trip time was 39.876 milliseconds in repetition 476
Round trip time was 40.151 milliseconds in repetition 477
Round trip time was 44.123 milliseconds in repetition 478
Round trip time was 43.957 milliseconds in repetition 479
Round trip time was 42.613 milliseconds in repetition 480
Round trip time was 38.503 milliseconds in repetition 481
Round trip time was 67.390 milliseconds in repetition 482
Round trip time was 39.463 milliseconds in repetition 483
Round trip time was 43.910 milliseconds in repetition 484
Round trip time was 51.409 milliseconds in repetition 485
Round trip time was 51.999 milliseconds in repetition 486
Round trip time was 43.324 milliseconds in repetition 487
Round trip time was 44.602 milliseconds in repetition 488
Round trip time was 41.493 milliseconds in repetition 489
Round trip time was 39.094 milliseconds in repetition 490
Round trip time was 46.192 milliseconds in repetition 491
Round trip time was 38.224 milliseconds in repetition 492
Round trip time was 41.083 milliseconds in repetition 493
Round trip time was 48.120 milliseconds in repetition 494
Round trip time was 40.444 milliseconds in repetition 495
Round trip time was 48.453 milliseconds in repetition 496
Round trip time was 36.322 milliseconds in repetition 497
Round trip time was 40.952 milliseconds in repetition 498
Round trip time was 41.157 milliseconds in repetition 499
Round trip time was 52.077 milliseconds in repetition 500
Round trip time was 46.067 milliseconds in repetition 501

 ... clock resolution was 0.0001
UDP Ping:  Statistics over 501 repetitions of 24576 byte messages

RTT : percentile 10: 40.2693, median: 44.3084, percentile 90: 57.6564, average: 48.2465, variance: 469.634

RTT histogram:
36.322 344
57.5312 132
78.7403 17
99.9494 4
121.159 2
142.368 0
163.577 1
184.786 0
205.995 0
227.204 0
248.413 0
269.622 0
290.831 0
312.041 0
333.25 0
354.459 0
375.668 0
396.877 0
418.086 0
439.295 0
460.504 1

   median Throughput : 1109.32 KB/s   overall Throughput : 1018.77 KB/s

