UDP Ping trying to connect to server seti.dibris.unige.it (130.251.61.30) on TCP port 1491
 ... connected to Pong server: asking for 501 repetitions of 512 _bytes UDP messages
 ... Pong server agreed to ping-pong using port 49834 :-)
Round trip time was 41.041 milliseconds in repetition 1
Round trip time was 31.079 milliseconds in repetition 2
Round trip time was 30.216 milliseconds in repetition 3
Round trip time was 31.672 milliseconds in repetition 4
Round trip time was 30.539 milliseconds in repetition 5
Round trip time was 30.086 milliseconds in repetition 6
Round trip time was 30.903 milliseconds in repetition 7
Round trip time was 30.660 milliseconds in repetition 8
Round trip time was 31.662 milliseconds in repetition 9
Round trip time was 31.286 milliseconds in repetition 10
Round trip time was 38.800 milliseconds in repetition 11
Round trip time was 30.230 milliseconds in repetition 12
Round trip time was 33.469 milliseconds in repetition 13
Round trip time was 31.193 milliseconds in repetition 14
Round trip time was 34.388 milliseconds in repetition 15
Round trip time was 31.345 milliseconds in repetition 16
Round trip time was 30.867 milliseconds in repetition 17
Round trip time was 34.361 milliseconds in repetition 18
Round trip time was 30.365 milliseconds in repetition 19
Round trip time was 31.973 milliseconds in repetition 20
Round trip time was 30.265 milliseconds in repetition 21
Round trip time was 32.353 milliseconds in repetition 22
Round trip time was 32.873 milliseconds in repetition 23
Round trip time was 30.903 milliseconds in repetition 24
Round trip time was 36.054 milliseconds in repetition 25
Round trip time was 29.434 milliseconds in repetition 26
Round trip time was 30.009 milliseconds in repetition 27
Round trip time was 29.614 milliseconds in repetition 28
Round trip time was 32.036 milliseconds in repetition 29
Round trip time was 29.220 milliseconds in repetition 30
Round trip time was 39.688 milliseconds in repetition 31
Round trip time was 30.224 milliseconds in repetition 32
Round trip time was 32.875 milliseconds in repetition 33
Round trip time was 32.976 milliseconds in repetition 34
Round trip time was 30.169 milliseconds in repetition 35
Round trip time was 31.300 milliseconds in repetition 36
Round trip time was 32.450 milliseconds in repetition 37
Round trip time was 29.421 milliseconds in repetition 38
Round trip time was 29.072 milliseconds in repetition 39
Round trip time was 32.108 milliseconds in repetition 40
Round trip time was 33.727 milliseconds in repetition 41
Round trip time was 29.840 milliseconds in repetition 42
Round trip time was 30.118 milliseconds in repetition 43
Round trip time was 28.953 milliseconds in repetition 44
Round trip time was 29.265 milliseconds in repetition 45
Round trip time was 31.992 milliseconds in repetition 46
Round trip time was 32.352 milliseconds in repetition 47
Round trip time was 29.561 milliseconds in repetition 48
Round trip time was 32.156 milliseconds in repetition 49
Round trip time was 33.526 milliseconds in repetition 50
Round trip time was 30.696 milliseconds in repetition 51
Round trip time was 29.480 milliseconds in repetition 52
Round trip time was 29.456 milliseconds in repetition 53
Round trip time was 35.479 milliseconds in repetition 54
Round trip time was 30.104 milliseconds in repetition 55
Round trip time was 32.133 milliseconds in repetition 56
Round trip time was 29.457 milliseconds in repetition 57
Round trip time was 31.323 milliseconds in repetition 58
Round trip time was 29.975 milliseconds in repetition 59
Round trip time was 29.465 milliseconds in repetition 60
Round trip time was 31.411 milliseconds in repetition 61
Round trip time was 30.084 milliseconds in repetition 62
Round trip time was 53.904 milliseconds in repetition 63
Round trip time was 30.133 milliseconds in repetition 64
Round trip time was 29.532 milliseconds in repetition 65
Round trip time was 31.851 milliseconds in repetition 66
Round trip time was 29.939 milliseconds in repetition 67
Round trip time was 29.946 milliseconds in repetition 68
Round trip time was 32.824 milliseconds in repetition 69
Round trip time was 29.584 milliseconds in repetition 70
Round trip time was 30.121 milliseconds in repetition 71
Round trip time was 36.821 milliseconds in repetition 72
Round trip time was 34.790 milliseconds in repetition 73
Round trip time was 30.333 milliseconds in repetition 74
Round trip time was 32.210 milliseconds in repetition 75
Round trip time was 29.664 milliseconds in repetition 76
Round trip time was 29.909 milliseconds in repetition 77
Round trip time was 30.383 milliseconds in repetition 78
Round trip time was 29.977 milliseconds in repetition 79
Round trip time was 32.203 milliseconds in repetition 80
Round trip time was 33.956 milliseconds in repetition 81
Round trip time was 29.967 milliseconds in repetition 82
Round trip time was 29.222 milliseconds in repetition 83
Round trip time was 29.168 milliseconds in repetition 84
Round trip time was 50.220 milliseconds in repetition 85
Round trip time was 29.998 milliseconds in repetition 86
Round trip time was 29.515 milliseconds in repetition 87
Round trip time was 29.825 milliseconds in repetition 88
Round trip time was 35.907 milliseconds in repetition 89
Round trip time was 29.286 milliseconds in repetition 90
Round trip time was 35.978 milliseconds in repetition 91
Round trip time was 30.801 milliseconds in repetition 92
Round trip time was 29.000 milliseconds in repetition 93
Round trip time was 29.147 milliseconds in repetition 94
Round trip time was 31.619 milliseconds in repetition 95
Round trip time was 32.427 milliseconds in repetition 96
Round trip time was 39.062 milliseconds in repetition 97
Round trip time was 35.521 milliseconds in repetition 98
Round trip time was 30.846 milliseconds in repetition 99
Round trip time was 35.517 milliseconds in repetition 100
Round trip time was 32.070 milliseconds in repetition 101
Round trip time was 32.455 milliseconds in repetition 102
Round trip time was 43.423 milliseconds in repetition 103
Round trip time was 32.461 milliseconds in repetition 104
Round trip time was 33.561 milliseconds in repetition 105
Round trip time was 43.883 milliseconds in repetition 106
Round trip time was 29.593 milliseconds in repetition 107
Round trip time was 29.992 milliseconds in repetition 108
Round trip time was 34.809 milliseconds in repetition 109
Round trip time was 29.112 milliseconds in repetition 110
Round trip time was 29.519 milliseconds in repetition 111
Round trip time was 29.860 milliseconds in repetition 112
Round trip time was 29.780 milliseconds in repetition 113
Round trip time was 29.886 milliseconds in repetition 114
Round trip time was 30.063 milliseconds in repetition 115
Round trip time was 31.658 milliseconds in repetition 116
Round trip time was 32.781 milliseconds in repetition 117
Round trip time was 29.680 milliseconds in repetition 118
Round trip time was 29.639 milliseconds in repetition 119
Round trip time was 31.800 milliseconds in repetition 120
Round trip time was 30.738 milliseconds in repetition 121
Round trip time was 29.830 milliseconds in repetition 122
Round trip time was 30.594 milliseconds in repetition 123
Round trip time was 29.454 milliseconds in repetition 124
Round trip time was 29.454 milliseconds in repetition 125
Round trip time was 29.191 milliseconds in repetition 126
Round trip time was 31.948 milliseconds in repetition 127
Round trip time was 29.340 milliseconds in repetition 128
Round trip time was 32.194 milliseconds in repetition 129
Round trip time was 29.944 milliseconds in repetition 130
Round trip time was 31.905 milliseconds in repetition 131
Round trip time was 29.414 milliseconds in repetition 132
Round trip time was 28.990 milliseconds in repetition 133
Round trip time was 34.242 milliseconds in repetition 134
Round trip time was 29.642 milliseconds in repetition 135
Round trip time was 29.813 milliseconds in repetition 136
Round trip time was 32.320 milliseconds in repetition 137
Round trip time was 29.480 milliseconds in repetition 138
Round trip time was 35.873 milliseconds in repetition 139
Round trip time was 30.124 milliseconds in repetition 140
Round trip time was 38.416 milliseconds in repetition 141
Round trip time was 30.932 milliseconds in repetition 142
Round trip time was 50.495 milliseconds in repetition 143
Round trip time was 29.998 milliseconds in repetition 144
Round trip time was 31.919 milliseconds in repetition 145
Round trip time was 30.145 milliseconds in repetition 146
Round trip time was 29.731 milliseconds in repetition 147
Round trip time was 31.890 milliseconds in repetition 148
Round trip time was 31.951 milliseconds in repetition 149
Round trip time was 43.899 milliseconds in repetition 150
Round trip time was 30.820 milliseconds in repetition 151
Round trip time was 30.354 milliseconds in repetition 152
Round trip time was 37.103 milliseconds in repetition 153
Round trip time was 31.819 milliseconds in repetition 154
Round trip time was 37.938 milliseconds in repetition 155
Round trip time was 29.805 milliseconds in repetition 156
Round trip time was 31.673 milliseconds in repetition 157
Round trip time was 32.941 milliseconds in repetition 158
Round trip time was 33.663 milliseconds in repetition 159
Round trip time was 28.993 milliseconds in repetition 160
Round trip time was 32.515 milliseconds in repetition 161
Round trip time was 30.867 milliseconds in repetition 162
Round trip time was 31.181 milliseconds in repetition 163
Round trip time was 31.455 milliseconds in repetition 164
Round trip time was 31.575 milliseconds in repetition 165
Round trip time was 30.204 milliseconds in repetition 166
Round trip time was 35.995 milliseconds in repetition 167
Round trip time was 29.755 milliseconds in repetition 168
Round trip time was 30.009 milliseconds in repetition 169
Round trip time was 30.817 milliseconds in repetition 170
Round trip time was 29.942 milliseconds in repetition 171
Round trip time was 31.509 milliseconds in repetition 172
Round trip time was 29.641 milliseconds in repetition 173
Round trip time was 38.267 milliseconds in repetition 174
Round trip time was 32.471 milliseconds in repetition 175
Round trip time was 29.375 milliseconds in repetition 176
Round trip time was 38.023 milliseconds in repetition 177
Round trip time was 34.574 milliseconds in repetition 178
Round trip time was 30.682 milliseconds in repetition 179
Round trip time was 29.619 milliseconds in repetition 180
Round trip time was 29.271 milliseconds in repetition 181
Round trip time was 31.794 milliseconds in repetition 182
Round trip time was 29.805 milliseconds in repetition 183
Round trip time was 30.226 milliseconds in repetition 184
Round trip time was 30.345 milliseconds in repetition 185
Round trip time was 29.303 milliseconds in repetition 186
Round trip time was 34.382 milliseconds in repetition 187
Round trip time was 31.243 milliseconds in repetition 188
Round trip time was 30.827 milliseconds in repetition 189
Round trip time was 39.252 milliseconds in repetition 190
Round trip time was 29.206 milliseconds in repetition 191
Round trip time was 30.452 milliseconds in repetition 192
Round trip time was 29.353 milliseconds in repetition 193
Round trip time was 32.540 milliseconds in repetition 194
Round trip time was 29.651 milliseconds in repetition 195
Round trip time was 31.213 milliseconds in repetition 196
Round trip time was 32.921 milliseconds in repetition 197
Round trip time was 30.388 milliseconds in repetition 198
Round trip time was 44.121 milliseconds in repetition 199
Round trip time was 35.570 milliseconds in repetition 200
Round trip time was 29.612 milliseconds in repetition 201
Round trip time was 33.028 milliseconds in repetition 202
Round trip time was 34.082 milliseconds in repetition 203
Round trip time was 71.610 milliseconds in repetition 204
Round trip time was 33.654 milliseconds in repetition 205
Round trip time was 29.668 milliseconds in repetition 206
Round trip time was 30.023 milliseconds in repetition 207
Round trip time was 31.226 milliseconds in repetition 208
Round trip time was 33.671 milliseconds in repetition 209
Round trip time was 30.630 milliseconds in repetition 210
Round trip time was 30.225 milliseconds in repetition 211
Round trip time was 29.568 milliseconds in repetition 212
Round trip time was 34.614 milliseconds in repetition 213
Round trip time was 72.428 milliseconds in repetition 214
Round trip time was 37.180 milliseconds in repetition 215
Round trip time was 37.750 milliseconds in repetition 216
Round trip time was 41.015 milliseconds in repetition 217
Round trip time was 32.191 milliseconds in repetition 218
Round trip time was 32.326 milliseconds in repetition 219
Round trip time was 29.735 milliseconds in repetition 220
Round trip time was 29.448 milliseconds in repetition 221
Round trip time was 33.403 milliseconds in repetition 222
Round trip time was 29.819 milliseconds in repetition 223
Round trip time was 32.761 milliseconds in repetition 224
Round trip time was 39.767 milliseconds in repetition 225
Round trip time was 35.966 milliseconds in repetition 226
Round trip time was 29.240 milliseconds in repetition 227
Round trip time was 31.156 milliseconds in repetition 228
Round trip time was 34.999 milliseconds in repetition 229
Round trip time was 29.317 milliseconds in repetition 230
Round trip time was 32.515 milliseconds in repetition 231
Round trip time was 29.677 milliseconds in repetition 232
Round trip time was 29.309 milliseconds in repetition 233
Round trip time was 48.510 milliseconds in repetition 234
Round trip time was 49.622 milliseconds in repetition 235
Round trip time was 30.215 milliseconds in repetition 236
Round trip time was 31.493 milliseconds in repetition 237
Round trip time was 32.990 milliseconds in repetition 238
Round trip time was 30.020 milliseconds in repetition 239
Round trip time was 31.164 milliseconds in repetition 240
Round trip time was 34.904 milliseconds in repetition 241
Round trip time was 29.149 milliseconds in repetition 242
Round trip time was 32.125 milliseconds in repetition 243
Round trip time was 29.458 milliseconds in repetition 244
Round trip time was 33.257 milliseconds in repetition 245
Round trip time was 31.304 milliseconds in repetition 246
Round trip time was 34.322 milliseconds in repetition 247
Round trip time was 33.103 milliseconds in repetition 248
Round trip time was 33.452 milliseconds in repetition 249
Round trip time was 30.611 milliseconds in repetition 250
Round trip time was 31.066 milliseconds in repetition 251
Round trip time was 30.000 milliseconds in repetition 252
Round trip time was 29.658 milliseconds in repetition 253
Round trip time was 31.900 milliseconds in repetition 254
Round trip time was 52.822 milliseconds in repetition 255
Round trip time was 31.303 milliseconds in repetition 256
Round trip time was 36.191 milliseconds in repetition 257
Round trip time was 31.806 milliseconds in repetition 258
Round trip time was 33.606 milliseconds in repetition 259
Round trip time was 29.668 milliseconds in repetition 260
Round trip time was 29.898 milliseconds in repetition 261
Round trip time was 30.213 milliseconds in repetition 262
Round trip time was 39.848 milliseconds in repetition 263
Round trip time was 30.290 milliseconds in repetition 264
Round trip time was 34.612 milliseconds in repetition 265
Round trip time was 29.878 milliseconds in repetition 266
Round trip time was 31.372 milliseconds in repetition 267
Round trip time was 30.035 milliseconds in repetition 268
Round trip time was 32.478 milliseconds in repetition 269
Round trip time was 29.588 milliseconds in repetition 270
Round trip time was 34.113 milliseconds in repetition 271
Round trip time was 30.275 milliseconds in repetition 272
Round trip time was 31.119 milliseconds in repetition 273
Round trip time was 29.893 milliseconds in repetition 274
Round trip time was 57.655 milliseconds in repetition 275
Round trip time was 29.347 milliseconds in repetition 276
Round trip time was 61.265 milliseconds in repetition 277
Round trip time was 39.288 milliseconds in repetition 278
Round trip time was 62.514 milliseconds in repetition 279
Round trip time was 45.422 milliseconds in repetition 280
Round trip time was 53.973 milliseconds in repetition 281
Round trip time was 29.593 milliseconds in repetition 282
Round trip time was 30.388 milliseconds in repetition 283
Round trip time was 29.467 milliseconds in repetition 284
Round trip time was 29.399 milliseconds in repetition 285
Round trip time was 34.710 milliseconds in repetition 286
Round trip time was 29.477 milliseconds in repetition 287
Round trip time was 30.839 milliseconds in repetition 288
Round trip time was 31.721 milliseconds in repetition 289
Round trip time was 30.119 milliseconds in repetition 290
Round trip time was 34.283 milliseconds in repetition 291
Round trip time was 29.437 milliseconds in repetition 292
Round trip time was 31.731 milliseconds in repetition 293
Round trip time was 33.020 milliseconds in repetition 294
Round trip time was 32.000 milliseconds in repetition 295
Round trip time was 29.888 milliseconds in repetition 296
Round trip time was 32.154 milliseconds in repetition 297
Round trip time was 34.727 milliseconds in repetition 298
Round trip time was 29.423 milliseconds in repetition 299
Round trip time was 37.353 milliseconds in repetition 300
Round trip time was 29.477 milliseconds in repetition 301
Round trip time was 39.817 milliseconds in repetition 302
Round trip time was 33.499 milliseconds in repetition 303
Round trip time was 30.340 milliseconds in repetition 304
Round trip time was 33.660 milliseconds in repetition 305
Round trip time was 30.579 milliseconds in repetition 306
Round trip time was 29.184 milliseconds in repetition 307
Round trip time was 29.753 milliseconds in repetition 308
Round trip time was 32.066 milliseconds in repetition 309
Round trip time was 30.695 milliseconds in repetition 310
Round trip time was 31.950 milliseconds in repetition 311
Round trip time was 31.566 milliseconds in repetition 312
Round trip time was 31.410 milliseconds in repetition 313
Round trip time was 31.276 milliseconds in repetition 314
Round trip time was 32.253 milliseconds in repetition 315
Round trip time was 63.206 milliseconds in repetition 316
Round trip time was 32.917 milliseconds in repetition 317
Round trip time was 30.108 milliseconds in repetition 318
Round trip time was 29.686 milliseconds in repetition 319
Round trip time was 31.070 milliseconds in repetition 320
Round trip time was 30.820 milliseconds in repetition 321
Round trip time was 37.848 milliseconds in repetition 322
Round trip time was 29.439 milliseconds in repetition 323
Round trip time was 33.812 milliseconds in repetition 324
Round trip time was 33.681 milliseconds in repetition 325
Round trip time was 32.255 milliseconds in repetition 326
Round trip time was 31.829 milliseconds in repetition 327
Round trip time was 37.398 milliseconds in repetition 328
Round trip time was 31.128 milliseconds in repetition 329
Round trip time was 38.696 milliseconds in repetition 330
Round trip time was 33.034 milliseconds in repetition 331
Round trip time was 31.460 milliseconds in repetition 332
Round trip time was 36.623 milliseconds in repetition 333
Round trip time was 30.036 milliseconds in repetition 334
Round trip time was 32.749 milliseconds in repetition 335
Round trip time was 31.776 milliseconds in repetition 336
Round trip time was 40.393 milliseconds in repetition 337
Round trip time was 36.496 milliseconds in repetition 338
Round trip time was 33.116 milliseconds in repetition 339
Round trip time was 30.492 milliseconds in repetition 340
Round trip time was 33.102 milliseconds in repetition 341
Round trip time was 29.928 milliseconds in repetition 342
Round trip time was 29.809 milliseconds in repetition 343
Round trip time was 31.733 milliseconds in repetition 344
Round trip time was 31.183 milliseconds in repetition 345
Round trip time was 34.115 milliseconds in repetition 346
Round trip time was 29.575 milliseconds in repetition 347
Round trip time was 30.349 milliseconds in repetition 348
Round trip time was 30.045 milliseconds in repetition 349
Round trip time was 31.184 milliseconds in repetition 350
Round trip time was 46.429 milliseconds in repetition 351
Round trip time was 33.305 milliseconds in repetition 352
Round trip time was 29.144 milliseconds in repetition 353
Round trip time was 29.887 milliseconds in repetition 354
Round trip time was 31.406 milliseconds in repetition 355
Round trip time was 30.213 milliseconds in repetition 356
Round trip time was 41.098 milliseconds in repetition 357
Round trip time was 49.250 milliseconds in repetition 358
Round trip time was 34.385 milliseconds in repetition 359
Round trip time was 30.775 milliseconds in repetition 360
Round trip time was 33.021 milliseconds in repetition 361
Round trip time was 29.833 milliseconds in repetition 362
Round trip time was 31.381 milliseconds in repetition 363
Round trip time was 31.110 milliseconds in repetition 364
Round trip time was 31.087 milliseconds in repetition 365
Round trip time was 29.362 milliseconds in repetition 366
Round trip time was 29.744 milliseconds in repetition 367
Round trip time was 33.813 milliseconds in repetition 368
Round trip time was 41.211 milliseconds in repetition 369
Round trip time was 36.993 milliseconds in repetition 370
Round trip time was 32.037 milliseconds in repetition 371
Round trip time was 29.836 milliseconds in repetition 372
Round trip time was 31.300 milliseconds in repetition 373
Round trip time was 37.895 milliseconds in repetition 374
Round trip time was 33.020 milliseconds in repetition 375
Round trip time was 31.694 milliseconds in repetition 376
Round trip time was 30.927 milliseconds in repetition 377
Round trip time was 30.056 milliseconds in repetition 378
Round trip time was 50.558 milliseconds in repetition 379
Round trip time was 39.951 milliseconds in repetition 380
Round trip time was 29.599 milliseconds in repetition 381
Round trip time was 31.669 milliseconds in repetition 382
Round trip time was 29.309 milliseconds in repetition 383
Round trip time was 29.466 milliseconds in repetition 384
Round trip time was 32.546 milliseconds in repetition 385
Round trip time was 35.152 milliseconds in repetition 386
Round trip time was 29.263 milliseconds in repetition 387
Round trip time was 30.097 milliseconds in repetition 388
Round trip time was 30.425 milliseconds in repetition 389
Round trip time was 29.951 milliseconds in repetition 390
Round trip time was 29.578 milliseconds in repetition 391
Round trip time was 32.107 milliseconds in repetition 392
Round trip time was 34.732 milliseconds in repetition 393
Round trip time was 61.738 milliseconds in repetition 394
Round trip time was 30.221 milliseconds in repetition 395
Round trip time was 33.982 milliseconds in repetition 396
Round trip time was 29.178 milliseconds in repetition 397
Round trip time was 29.866 milliseconds in repetition 398
Round trip time was 29.395 milliseconds in repetition 399
Round trip time was 74.588 milliseconds in repetition 400
Round trip time was 52.253 milliseconds in repetition 401
Round trip time was 32.344 milliseconds in repetition 402
Round trip time was 30.417 milliseconds in repetition 403
Round trip time was 31.708 milliseconds in repetition 404
Round trip time was 29.467 milliseconds in repetition 405
Round trip time was 49.606 milliseconds in repetition 406
Round trip time was 31.683 milliseconds in repetition 407
Round trip time was 32.649 milliseconds in repetition 408
Round trip time was 38.946 milliseconds in repetition 409
Round trip time was 29.756 milliseconds in repetition 410
Round trip time was 32.215 milliseconds in repetition 411
Round trip time was 30.435 milliseconds in repetition 412
Round trip time was 29.422 milliseconds in repetition 413
Round trip time was 31.523 milliseconds in repetition 414
Round trip time was 34.838 milliseconds in repetition 415
Round trip time was 30.109 milliseconds in repetition 416
Round trip time was 29.337 milliseconds in repetition 417
Round trip time was 35.591 milliseconds in repetition 418
Round trip time was 49.171 milliseconds in repetition 419
Round trip time was 29.914 milliseconds in repetition 420
Round trip time was 39.858 milliseconds in repetition 421
Round trip time was 29.349 milliseconds in repetition 422
Round trip time was 29.809 milliseconds in repetition 423
Round trip time was 37.768 milliseconds in repetition 424
Round trip time was 30.468 milliseconds in repetition 425
Round trip time was 30.716 milliseconds in repetition 426
Round trip time was 30.827 milliseconds in repetition 427
Round trip time was 29.113 milliseconds in repetition 428
Round trip time was 29.449 milliseconds in repetition 429
Round trip time was 29.699 milliseconds in repetition 430
Round trip time was 33.625 milliseconds in repetition 431
Round trip time was 29.973 milliseconds in repetition 432
Round trip time was 29.675 milliseconds in repetition 433
Round trip time was 30.770 milliseconds in repetition 434
Round trip time was 29.020 milliseconds in repetition 435
Round trip time was 30.136 milliseconds in repetition 436
Round trip time was 30.977 milliseconds in repetition 437
Round trip time was 32.129 milliseconds in repetition 438
Round trip time was 29.983 milliseconds in repetition 439
Round trip time was 29.624 milliseconds in repetition 440
Round trip time was 61.782 milliseconds in repetition 441
Round trip time was 29.345 milliseconds in repetition 442
Round trip time was 35.749 milliseconds in repetition 443
Round trip time was 32.467 milliseconds in repetition 444
Round trip time was 29.956 milliseconds in repetition 445
Round trip time was 31.653 milliseconds in repetition 446
Round trip time was 35.584 milliseconds in repetition 447
Round trip time was 36.730 milliseconds in repetition 448
Round trip time was 29.153 milliseconds in repetition 449
Round trip time was 29.681 milliseconds in repetition 450
Round trip time was 42.864 milliseconds in repetition 451
Round trip time was 36.747 milliseconds in repetition 452
Round trip time was 31.789 milliseconds in repetition 453
Round trip time was 32.069 milliseconds in repetition 454
Round trip time was 30.243 milliseconds in repetition 455
Round trip time was 33.755 milliseconds in repetition 456
Round trip time was 31.944 milliseconds in repetition 457
Round trip time was 33.100 milliseconds in repetition 458
Round trip time was 29.386 milliseconds in repetition 459
Round trip time was 29.665 milliseconds in repetition 460
Round trip time was 30.745 milliseconds in repetition 461
Round trip time was 35.417 milliseconds in repetition 462
Round trip time was 31.392 milliseconds in repetition 463
Round trip time was 29.296 milliseconds in repetition 464
Round trip time was 30.345 milliseconds in repetition 465
Round trip time was 29.257 milliseconds in repetition 466
Round trip time was 29.423 milliseconds in repetition 467
Round trip time was 30.205 milliseconds in repetition 468
Round trip time was 29.721 milliseconds in repetition 469
Round trip time was 30.694 milliseconds in repetition 470
Round trip time was 31.497 milliseconds in repetition 471
Round trip time was 30.468 milliseconds in repetition 472
Round trip time was 33.605 milliseconds in repetition 473
Round trip time was 31.212 milliseconds in repetition 474
Round trip time was 37.842 milliseconds in repetition 475
Round trip time was 31.022 milliseconds in repetition 476
Round trip time was 40.698 milliseconds in repetition 477
Round trip time was 36.219 milliseconds in repetition 478
Round trip time was 29.407 milliseconds in repetition 479
Round trip time was 29.738 milliseconds in repetition 480
Round trip time was 31.377 milliseconds in repetition 481
Round trip time was 34.701 milliseconds in repetition 482
Round trip time was 30.266 milliseconds in repetition 483
Round trip time was 31.066 milliseconds in repetition 484
Round trip time was 31.186 milliseconds in repetition 485
Round trip time was 40.598 milliseconds in repetition 486
Round trip time was 29.893 milliseconds in repetition 487
Round trip time was 29.438 milliseconds in repetition 488
Round trip time was 31.474 milliseconds in repetition 489
Round trip time was 33.091 milliseconds in repetition 490
Round trip time was 31.935 milliseconds in repetition 491
Round trip time was 29.405 milliseconds in repetition 492
Round trip time was 32.193 milliseconds in repetition 493
Round trip time was 29.695 milliseconds in repetition 494
Round trip time was 32.751 milliseconds in repetition 495
Round trip time was 31.037 milliseconds in repetition 496
Round trip time was 29.619 milliseconds in repetition 497
Round trip time was 32.324 milliseconds in repetition 498
Round trip time was 36.994 milliseconds in repetition 499
Round trip time was 29.189 milliseconds in repetition 500
Round trip time was 48.543 milliseconds in repetition 501

 ... clock resolution was 0.0001
UDP Ping:  Statistics over 501 repetitions of 512 byte messages

RTT : percentile 10: 29.4371, median: 31.1928, percentile 90: 38.0225, average: 33.0729, variance: 37.3899

RTT histogram:
28.9528 159
31.2346 179
33.5163 69
35.7981 31
38.0798 19
40.3615 15
42.6433 2
44.925 4
47.2068 1
49.4885 9
51.7702 2
54.052 2
56.3337 0
58.6155 1
60.8972 3
63.1789 2
65.4607 0
67.7424 0
70.0242 0
72.3059 2
74.5876 1

   median Throughput : 32.8281 KB/s   overall Throughput : 30.9619 KB/s

