UDP Ping trying to connect to server seti.dibris.unige.it (130.251.61.30) on TCP port 1491
 ... connected to Pong server: asking for 501 repetitions of 384 _bytes UDP messages
 ... Pong server agreed to ping-pong using port 49834 :-)
Round trip time was 36.478 milliseconds in repetition 1
Round trip time was 28.644 milliseconds in repetition 2
Round trip time was 37.492 milliseconds in repetition 3
Round trip time was 33.612 milliseconds in repetition 4
Round trip time was 28.024 milliseconds in repetition 5
Round trip time was 29.538 milliseconds in repetition 6
Round trip time was 34.048 milliseconds in repetition 7
Round trip time was 38.287 milliseconds in repetition 8
Round trip time was 40.079 milliseconds in repetition 9
Round trip time was 27.545 milliseconds in repetition 10
Round trip time was 29.282 milliseconds in repetition 11
Round trip time was 30.831 milliseconds in repetition 12
Round trip time was 28.011 milliseconds in repetition 13
Round trip time was 27.471 milliseconds in repetition 14
Round trip time was 32.442 milliseconds in repetition 15
Round trip time was 29.170 milliseconds in repetition 16
Round trip time was 39.971 milliseconds in repetition 17
Round trip time was 30.481 milliseconds in repetition 18
Round trip time was 31.692 milliseconds in repetition 19
Round trip time was 29.655 milliseconds in repetition 20
Round trip time was 26.660 milliseconds in repetition 21
Round trip time was 28.827 milliseconds in repetition 22
Round trip time was 27.332 milliseconds in repetition 23
Round trip time was 27.041 milliseconds in repetition 24
Round trip time was 29.428 milliseconds in repetition 25
Round trip time was 26.743 milliseconds in repetition 26
Round trip time was 26.902 milliseconds in repetition 27
Round trip time was 26.607 milliseconds in repetition 28
Round trip time was 29.662 milliseconds in repetition 29
Round trip time was 27.156 milliseconds in repetition 30
Round trip time was 26.756 milliseconds in repetition 31
Round trip time was 26.104 milliseconds in repetition 32
Round trip time was 36.883 milliseconds in repetition 33
Round trip time was 27.918 milliseconds in repetition 34
Round trip time was 26.262 milliseconds in repetition 35
Round trip time was 35.468 milliseconds in repetition 36
Round trip time was 54.125 milliseconds in repetition 37
Round trip time was 27.120 milliseconds in repetition 38
Round trip time was 29.102 milliseconds in repetition 39
Round trip time was 27.334 milliseconds in repetition 40
Round trip time was 27.138 milliseconds in repetition 41
Round trip time was 29.888 milliseconds in repetition 42
Round trip time was 27.475 milliseconds in repetition 43
Round trip time was 26.923 milliseconds in repetition 44
Round trip time was 55.033 milliseconds in repetition 45
Round trip time was 26.279 milliseconds in repetition 46
Round trip time was 29.398 milliseconds in repetition 47
Round trip time was 27.172 milliseconds in repetition 48
Round trip time was 40.995 milliseconds in repetition 49
Round trip time was 28.248 milliseconds in repetition 50
Round trip time was 28.988 milliseconds in repetition 51
Round trip time was 26.451 milliseconds in repetition 52
Round trip time was 27.563 milliseconds in repetition 53
Round trip time was 26.497 milliseconds in repetition 54
Round trip time was 42.937 milliseconds in repetition 55
Round trip time was 26.609 milliseconds in repetition 56
Round trip time was 39.527 milliseconds in repetition 57
Round trip time was 27.119 milliseconds in repetition 58
Round trip time was 26.714 milliseconds in repetition 59
Round trip time was 27.584 milliseconds in repetition 60
Round trip time was 29.478 milliseconds in repetition 61
Round trip time was 28.274 milliseconds in repetition 62
Round trip time was 27.747 milliseconds in repetition 63
Round trip time was 27.949 milliseconds in repetition 64
Round trip time was 26.806 milliseconds in repetition 65
Round trip time was 27.316 milliseconds in repetition 66
Round trip time was 27.395 milliseconds in repetition 67
Round trip time was 29.528 milliseconds in repetition 68
Round trip time was 44.490 milliseconds in repetition 69
Round trip time was 37.447 milliseconds in repetition 70
Round trip time was 27.412 milliseconds in repetition 71
Round trip time was 33.131 milliseconds in repetition 72
Round trip time was 26.065 milliseconds in repetition 73
Round trip time was 28.215 milliseconds in repetition 74
Round trip time was 27.451 milliseconds in repetition 75
Round trip time was 31.537 milliseconds in repetition 76
Round trip time was 42.135 milliseconds in repetition 77
Round trip time was 51.399 milliseconds in repetition 78
Round trip time was 34.341 milliseconds in repetition 79
Round trip time was 26.770 milliseconds in repetition 80
Round trip time was 26.972 milliseconds in repetition 81
Round trip time was 28.570 milliseconds in repetition 82
Round trip time was 28.613 milliseconds in repetition 83
Round trip time was 26.851 milliseconds in repetition 84
Round trip time was 28.907 milliseconds in repetition 85
Round trip time was 27.448 milliseconds in repetition 86
Round trip time was 28.858 milliseconds in repetition 87
Round trip time was 29.976 milliseconds in repetition 88
Round trip time was 28.214 milliseconds in repetition 89
Round trip time was 29.977 milliseconds in repetition 90
Round trip time was 27.477 milliseconds in repetition 91
Round trip time was 28.512 milliseconds in repetition 92
Round trip time was 29.712 milliseconds in repetition 93
Round trip time was 27.846 milliseconds in repetition 94
Round trip time was 28.177 milliseconds in repetition 95

 ... received 0 bytes instead of 384 (lost count = 1); re-trying ...
 ... re-trying ...
Round trip time was 90.876 milliseconds in repetition 96
Round trip time was 26.913 milliseconds in repetition 97
Round trip time was 26.631 milliseconds in repetition 98
Round trip time was 59.109 milliseconds in repetition 99
Round trip time was 27.155 milliseconds in repetition 100
Round trip time was 32.153 milliseconds in repetition 101
Round trip time was 28.898 milliseconds in repetition 102
Round trip time was 26.887 milliseconds in repetition 103
Round trip time was 26.860 milliseconds in repetition 104
Round trip time was 30.668 milliseconds in repetition 105
Round trip time was 27.900 milliseconds in repetition 106
Round trip time was 26.822 milliseconds in repetition 107
Round trip time was 26.319 milliseconds in repetition 108
Round trip time was 26.790 milliseconds in repetition 109
Round trip time was 27.492 milliseconds in repetition 110
Round trip time was 26.850 milliseconds in repetition 111
Round trip time was 28.754 milliseconds in repetition 112
Round trip time was 28.354 milliseconds in repetition 113
Round trip time was 41.803 milliseconds in repetition 114
Round trip time was 28.220 milliseconds in repetition 115
Round trip time was 26.519 milliseconds in repetition 116
Round trip time was 26.846 milliseconds in repetition 117
Round trip time was 27.950 milliseconds in repetition 118
Round trip time was 42.399 milliseconds in repetition 119
Round trip time was 28.965 milliseconds in repetition 120
Round trip time was 26.716 milliseconds in repetition 121
Round trip time was 26.637 milliseconds in repetition 122
Round trip time was 28.456 milliseconds in repetition 123
Round trip time was 27.100 milliseconds in repetition 124
Round trip time was 30.311 milliseconds in repetition 125
Round trip time was 29.179 milliseconds in repetition 126
Round trip time was 29.388 milliseconds in repetition 127
Round trip time was 26.838 milliseconds in repetition 128
Round trip time was 27.717 milliseconds in repetition 129
Round trip time was 26.499 milliseconds in repetition 130
Round trip time was 27.865 milliseconds in repetition 131
Round trip time was 26.471 milliseconds in repetition 132
Round trip time was 30.055 milliseconds in repetition 133
Round trip time was 31.509 milliseconds in repetition 134
Round trip time was 26.479 milliseconds in repetition 135
Round trip time was 41.609 milliseconds in repetition 136
Round trip time was 42.523 milliseconds in repetition 137
Round trip time was 27.258 milliseconds in repetition 138
Round trip time was 26.750 milliseconds in repetition 139
Round trip time was 31.956 milliseconds in repetition 140
Round trip time was 26.565 milliseconds in repetition 141
Round trip time was 56.493 milliseconds in repetition 142
Round trip time was 57.205 milliseconds in repetition 143
Round trip time was 32.054 milliseconds in repetition 144
Round trip time was 63.105 milliseconds in repetition 145
Round trip time was 39.155 milliseconds in repetition 146
Round trip time was 26.407 milliseconds in repetition 147
Round trip time was 28.379 milliseconds in repetition 148
Round trip time was 40.167 milliseconds in repetition 149
Round trip time was 29.311 milliseconds in repetition 150
Round trip time was 26.981 milliseconds in repetition 151
Round trip time was 27.264 milliseconds in repetition 152
Round trip time was 28.218 milliseconds in repetition 153
Round trip time was 27.803 milliseconds in repetition 154
Round trip time was 41.022 milliseconds in repetition 155
Round trip time was 27.434 milliseconds in repetition 156
Round trip time was 29.218 milliseconds in repetition 157
Round trip time was 28.352 milliseconds in repetition 158
Round trip time was 27.409 milliseconds in repetition 159
Round trip time was 41.833 milliseconds in repetition 160
Round trip time was 27.740 milliseconds in repetition 161
Round trip time was 58.646 milliseconds in repetition 162
Round trip time was 27.966 milliseconds in repetition 163
Round trip time was 27.016 milliseconds in repetition 164
Round trip time was 30.750 milliseconds in repetition 165
Round trip time was 27.016 milliseconds in repetition 166
Round trip time was 26.635 milliseconds in repetition 167
Round trip time was 26.402 milliseconds in repetition 168
Round trip time was 29.299 milliseconds in repetition 169
Round trip time was 28.419 milliseconds in repetition 170
Round trip time was 26.720 milliseconds in repetition 171
Round trip time was 26.529 milliseconds in repetition 172
Round trip time was 28.229 milliseconds in repetition 173
Round trip time was 29.163 milliseconds in repetition 174

 ... received 0 bytes instead of 384 (lost count = 1); re-trying ...
 ... re-trying ...
Round trip time was 46.217 milliseconds in repetition 175
Round trip time was 27.988 milliseconds in repetition 176
Round trip time was 27.421 milliseconds in repetition 177
Round trip time was 29.603 milliseconds in repetition 178
Round trip time was 29.584 milliseconds in repetition 179
Round trip time was 31.294 milliseconds in repetition 180
Round trip time was 29.209 milliseconds in repetition 181
Round trip time was 29.678 milliseconds in repetition 182
Round trip time was 49.584 milliseconds in repetition 183
Round trip time was 27.454 milliseconds in repetition 184
Round trip time was 26.982 milliseconds in repetition 185
Round trip time was 33.646 milliseconds in repetition 186
Round trip time was 30.395 milliseconds in repetition 187
Round trip time was 32.498 milliseconds in repetition 188
Round trip time was 28.720 milliseconds in repetition 189
Round trip time was 29.642 milliseconds in repetition 190
Round trip time was 28.906 milliseconds in repetition 191
Round trip time was 28.813 milliseconds in repetition 192
Round trip time was 28.337 milliseconds in repetition 193
Round trip time was 28.026 milliseconds in repetition 194
Round trip time was 26.418 milliseconds in repetition 195
Round trip time was 29.046 milliseconds in repetition 196
Round trip time was 29.377 milliseconds in repetition 197
Round trip time was 30.505 milliseconds in repetition 198
Round trip time was 33.199 milliseconds in repetition 199
Round trip time was 26.485 milliseconds in repetition 200
Round trip time was 28.247 milliseconds in repetition 201
Round trip time was 26.559 milliseconds in repetition 202
Round trip time was 27.815 milliseconds in repetition 203
Round trip time was 31.745 milliseconds in repetition 204
Round trip time was 41.434 milliseconds in repetition 205
Round trip time was 26.685 milliseconds in repetition 206
Round trip time was 29.089 milliseconds in repetition 207
Round trip time was 27.415 milliseconds in repetition 208
Round trip time was 26.468 milliseconds in repetition 209
Round trip time was 30.203 milliseconds in repetition 210
Round trip time was 28.926 milliseconds in repetition 211
Round trip time was 37.117 milliseconds in repetition 212
Round trip time was 39.231 milliseconds in repetition 213
Round trip time was 27.934 milliseconds in repetition 214
Round trip time was 27.402 milliseconds in repetition 215
Round trip time was 26.967 milliseconds in repetition 216
Round trip time was 26.539 milliseconds in repetition 217
Round trip time was 38.237 milliseconds in repetition 218
Round trip time was 44.999 milliseconds in repetition 219
Round trip time was 27.071 milliseconds in repetition 220
Round trip time was 32.433 milliseconds in repetition 221
Round trip time was 29.859 milliseconds in repetition 222
Round trip time was 26.388 milliseconds in repetition 223
Round trip time was 34.111 milliseconds in repetition 224
Round trip time was 32.361 milliseconds in repetition 225
Round trip time was 26.794 milliseconds in repetition 226
Round trip time was 29.584 milliseconds in repetition 227
Round trip time was 30.533 milliseconds in repetition 228
Round trip time was 29.097 milliseconds in repetition 229
Round trip time was 27.056 milliseconds in repetition 230
Round trip time was 28.411 milliseconds in repetition 231
Round trip time was 26.509 milliseconds in repetition 232
Round trip time was 26.545 milliseconds in repetition 233
Round trip time was 28.293 milliseconds in repetition 234
Round trip time was 32.854 milliseconds in repetition 235
Round trip time was 27.178 milliseconds in repetition 236
Round trip time was 32.001 milliseconds in repetition 237
Round trip time was 29.596 milliseconds in repetition 238
Round trip time was 26.776 milliseconds in repetition 239
Round trip time was 27.302 milliseconds in repetition 240
Round trip time was 28.902 milliseconds in repetition 241
Round trip time was 31.834 milliseconds in repetition 242
Round trip time was 26.943 milliseconds in repetition 243
Round trip time was 30.229 milliseconds in repetition 244
Round trip time was 28.381 milliseconds in repetition 245
Round trip time was 31.025 milliseconds in repetition 246
Round trip time was 28.958 milliseconds in repetition 247
Round trip time was 27.772 milliseconds in repetition 248
Round trip time was 32.453 milliseconds in repetition 249
Round trip time was 28.544 milliseconds in repetition 250
Round trip time was 27.201 milliseconds in repetition 251
Round trip time was 29.240 milliseconds in repetition 252
Round trip time was 29.802 milliseconds in repetition 253
Round trip time was 27.161 milliseconds in repetition 254
Round trip time was 29.948 milliseconds in repetition 255
Round trip time was 28.399 milliseconds in repetition 256
Round trip time was 26.285 milliseconds in repetition 257
Round trip time was 26.556 milliseconds in repetition 258
Round trip time was 30.098 milliseconds in repetition 259
Round trip time was 28.160 milliseconds in repetition 260
Round trip time was 27.534 milliseconds in repetition 261
Round trip time was 28.635 milliseconds in repetition 262
Round trip time was 28.634 milliseconds in repetition 263
Round trip time was 28.940 milliseconds in repetition 264
Round trip time was 26.895 milliseconds in repetition 265
Round trip time was 35.757 milliseconds in repetition 266
Round trip time was 28.936 milliseconds in repetition 267
Round trip time was 26.920 milliseconds in repetition 268
Round trip time was 40.916 milliseconds in repetition 269
Round trip time was 30.001 milliseconds in repetition 270
Round trip time was 26.734 milliseconds in repetition 271
Round trip time was 26.559 milliseconds in repetition 272
Round trip time was 27.816 milliseconds in repetition 273
Round trip time was 29.642 milliseconds in repetition 274
Round trip time was 29.671 milliseconds in repetition 275
Round trip time was 30.455 milliseconds in repetition 276
Round trip time was 32.853 milliseconds in repetition 277
Round trip time was 27.185 milliseconds in repetition 278
Round trip time was 28.924 milliseconds in repetition 279
Round trip time was 28.137 milliseconds in repetition 280
Round trip time was 36.322 milliseconds in repetition 281
Round trip time was 29.292 milliseconds in repetition 282
Round trip time was 29.764 milliseconds in repetition 283
Round trip time was 26.404 milliseconds in repetition 284
Round trip time was 29.120 milliseconds in repetition 285
Round trip time was 27.041 milliseconds in repetition 286
Round trip time was 27.100 milliseconds in repetition 287
Round trip time was 27.817 milliseconds in repetition 288
Round trip time was 27.018 milliseconds in repetition 289
Round trip time was 28.088 milliseconds in repetition 290
Round trip time was 27.087 milliseconds in repetition 291
Round trip time was 27.139 milliseconds in repetition 292
Round trip time was 26.341 milliseconds in repetition 293
Round trip time was 27.776 milliseconds in repetition 294
Round trip time was 28.981 milliseconds in repetition 295
Round trip time was 29.730 milliseconds in repetition 296
Round trip time was 26.601 milliseconds in repetition 297
Round trip time was 27.139 milliseconds in repetition 298
Round trip time was 26.622 milliseconds in repetition 299
Round trip time was 41.917 milliseconds in repetition 300
Round trip time was 30.643 milliseconds in repetition 301
Round trip time was 28.102 milliseconds in repetition 302
Round trip time was 29.386 milliseconds in repetition 303
Round trip time was 30.190 milliseconds in repetition 304
Round trip time was 26.689 milliseconds in repetition 305
Round trip time was 31.046 milliseconds in repetition 306
Round trip time was 26.575 milliseconds in repetition 307
Round trip time was 68.211 milliseconds in repetition 308
Round trip time was 28.408 milliseconds in repetition 309
Round trip time was 40.713 milliseconds in repetition 310
Round trip time was 59.776 milliseconds in repetition 311
Round trip time was 32.995 milliseconds in repetition 312
Round trip time was 30.627 milliseconds in repetition 313
Round trip time was 28.903 milliseconds in repetition 314
Round trip time was 37.092 milliseconds in repetition 315
Round trip time was 29.152 milliseconds in repetition 316
Round trip time was 28.361 milliseconds in repetition 317
Round trip time was 26.357 milliseconds in repetition 318
Round trip time was 30.498 milliseconds in repetition 319
Round trip time was 26.615 milliseconds in repetition 320
Round trip time was 30.554 milliseconds in repetition 321
Round trip time was 33.414 milliseconds in repetition 322
Round trip time was 28.302 milliseconds in repetition 323
Round trip time was 27.870 milliseconds in repetition 324
Round trip time was 26.147 milliseconds in repetition 325
Round trip time was 31.758 milliseconds in repetition 326
Round trip time was 26.877 milliseconds in repetition 327
Round trip time was 28.419 milliseconds in repetition 328
Round trip time was 41.949 milliseconds in repetition 329
Round trip time was 29.164 milliseconds in repetition 330
Round trip time was 30.756 milliseconds in repetition 331
Round trip time was 26.537 milliseconds in repetition 332
Round trip time was 26.490 milliseconds in repetition 333
Round trip time was 32.603 milliseconds in repetition 334
Round trip time was 31.105 milliseconds in repetition 335
Round trip time was 26.821 milliseconds in repetition 336
Round trip time was 30.237 milliseconds in repetition 337
Round trip time was 26.326 milliseconds in repetition 338
Round trip time was 34.726 milliseconds in repetition 339
Round trip time was 35.728 milliseconds in repetition 340
Round trip time was 31.897 milliseconds in repetition 341
Round trip time was 28.760 milliseconds in repetition 342
Round trip time was 34.156 milliseconds in repetition 343
Round trip time was 59.972 milliseconds in repetition 344
Round trip time was 31.811 milliseconds in repetition 345
Round trip time was 27.140 milliseconds in repetition 346
Round trip time was 26.485 milliseconds in repetition 347
Round trip time was 32.743 milliseconds in repetition 348
Round trip time was 30.387 milliseconds in repetition 349
Round trip time was 27.194 milliseconds in repetition 350
Round trip time was 26.597 milliseconds in repetition 351
Round trip time was 28.093 milliseconds in repetition 352
Round trip time was 32.251 milliseconds in repetition 353
Round trip time was 26.580 milliseconds in repetition 354
Round trip time was 26.838 milliseconds in repetition 355
Round trip time was 26.803 milliseconds in repetition 356
Round trip time was 26.410 milliseconds in repetition 357
Round trip time was 29.484 milliseconds in repetition 358
Round trip time was 26.604 milliseconds in repetition 359
Round trip time was 32.320 milliseconds in repetition 360
Round trip time was 35.950 milliseconds in repetition 361
Round trip time was 30.460 milliseconds in repetition 362
Round trip time was 28.105 milliseconds in repetition 363
Round trip time was 28.718 milliseconds in repetition 364
Round trip time was 37.321 milliseconds in repetition 365
Round trip time was 28.583 milliseconds in repetition 366
Round trip time was 27.428 milliseconds in repetition 367
Round trip time was 31.785 milliseconds in repetition 368
Round trip time was 27.084 milliseconds in repetition 369
Round trip time was 32.828 milliseconds in repetition 370
Round trip time was 29.068 milliseconds in repetition 371
Round trip time was 27.740 milliseconds in repetition 372
Round trip time was 28.996 milliseconds in repetition 373
Round trip time was 26.612 milliseconds in repetition 374
Round trip time was 26.780 milliseconds in repetition 375
Round trip time was 26.651 milliseconds in repetition 376
Round trip time was 27.068 milliseconds in repetition 377
Round trip time was 28.475 milliseconds in repetition 378
Round trip time was 27.046 milliseconds in repetition 379
Round trip time was 26.358 milliseconds in repetition 380
Round trip time was 27.292 milliseconds in repetition 381
Round trip time was 28.131 milliseconds in repetition 382
Round trip time was 26.903 milliseconds in repetition 383
Round trip time was 26.175 milliseconds in repetition 384
Round trip time was 26.746 milliseconds in repetition 385
Round trip time was 34.259 milliseconds in repetition 386
Round trip time was 28.112 milliseconds in repetition 387
Round trip time was 39.210 milliseconds in repetition 388
Round trip time was 32.321 milliseconds in repetition 389
Round trip time was 28.490 milliseconds in repetition 390
Round trip time was 31.899 milliseconds in repetition 391
Round trip time was 26.909 milliseconds in repetition 392
Round trip time was 29.011 milliseconds in repetition 393
Round trip time was 29.041 milliseconds in repetition 394
Round trip time was 26.576 milliseconds in repetition 395
Round trip time was 27.100 milliseconds in repetition 396
Round trip time was 26.856 milliseconds in repetition 397
Round trip time was 26.377 milliseconds in repetition 398
Round trip time was 28.709 milliseconds in repetition 399
Round trip time was 28.946 milliseconds in repetition 400
Round trip time was 27.203 milliseconds in repetition 401
Round trip time was 26.752 milliseconds in repetition 402
Round trip time was 33.711 milliseconds in repetition 403
Round trip time was 27.993 milliseconds in repetition 404
Round trip time was 26.820 milliseconds in repetition 405
Round trip time was 27.910 milliseconds in repetition 406
Round trip time was 30.962 milliseconds in repetition 407
Round trip time was 29.463 milliseconds in repetition 408
Round trip time was 30.483 milliseconds in repetition 409
Round trip time was 27.812 milliseconds in repetition 410
Round trip time was 27.891 milliseconds in repetition 411
Round trip time was 30.292 milliseconds in repetition 412
Round trip time was 26.779 milliseconds in repetition 413
Round trip time was 27.321 milliseconds in repetition 414
Round trip time was 50.669 milliseconds in repetition 415
Round trip time was 28.048 milliseconds in repetition 416
Round trip time was 40.377 milliseconds in repetition 417
Round trip time was 31.413 milliseconds in repetition 418
Round trip time was 27.111 milliseconds in repetition 419
Round trip time was 29.278 milliseconds in repetition 420
Round trip time was 30.014 milliseconds in repetition 421
Round trip time was 27.498 milliseconds in repetition 422
Round trip time was 26.672 milliseconds in repetition 423
Round trip time was 30.862 milliseconds in repetition 424
Round trip time was 27.837 milliseconds in repetition 425
Round trip time was 27.353 milliseconds in repetition 426
Round trip time was 28.294 milliseconds in repetition 427
Round trip time was 29.612 milliseconds in repetition 428
Round trip time was 45.028 milliseconds in repetition 429
Round trip time was 28.071 milliseconds in repetition 430
Round trip time was 26.256 milliseconds in repetition 431
Round trip time was 26.423 milliseconds in repetition 432
Round trip time was 26.623 milliseconds in repetition 433
Round trip time was 34.609 milliseconds in repetition 434
Round trip time was 26.138 milliseconds in repetition 435
Round trip time was 26.827 milliseconds in repetition 436
Round trip time was 27.325 milliseconds in repetition 437
Round trip time was 44.993 milliseconds in repetition 438
Round trip time was 40.758 milliseconds in repetition 439
Round trip time was 60.157 milliseconds in repetition 440
Round trip time was 41.208 milliseconds in repetition 441
Round trip time was 26.942 milliseconds in repetition 442
Round trip time was 27.455 milliseconds in repetition 443
Round trip time was 64.356 milliseconds in repetition 444
Round trip time was 30.535 milliseconds in repetition 445
Round trip time was 27.477 milliseconds in repetition 446
Round trip time was 27.534 milliseconds in repetition 447
Round trip time was 30.951 milliseconds in repetition 448
Round trip time was 26.724 milliseconds in repetition 449
Round trip time was 26.728 milliseconds in repetition 450
Round trip time was 30.202 milliseconds in repetition 451
Round trip time was 27.586 milliseconds in repetition 452
Round trip time was 26.597 milliseconds in repetition 453
Round trip time was 27.434 milliseconds in repetition 454
Round trip time was 30.557 milliseconds in repetition 455
Round trip time was 26.777 milliseconds in repetition 456
Round trip time was 29.860 milliseconds in repetition 457
Round trip time was 27.588 milliseconds in repetition 458
Round trip time was 42.182 milliseconds in repetition 459
Round trip time was 27.239 milliseconds in repetition 460
Round trip time was 28.405 milliseconds in repetition 461
Round trip time was 26.571 milliseconds in repetition 462
Round trip time was 29.139 milliseconds in repetition 463
Round trip time was 27.173 milliseconds in repetition 464
Round trip time was 32.754 milliseconds in repetition 465
Round trip time was 30.767 milliseconds in repetition 466
Round trip time was 38.791 milliseconds in repetition 467
Round trip time was 31.104 milliseconds in repetition 468
Round trip time was 28.873 milliseconds in repetition 469
Round trip time was 26.984 milliseconds in repetition 470
Round trip time was 26.878 milliseconds in repetition 471
Round trip time was 33.682 milliseconds in repetition 472
Round trip time was 30.923 milliseconds in repetition 473
Round trip time was 27.262 milliseconds in repetition 474
Round trip time was 28.295 milliseconds in repetition 475
Round trip time was 27.810 milliseconds in repetition 476
Round trip time was 28.256 milliseconds in repetition 477
Round trip time was 27.112 milliseconds in repetition 478
Round trip time was 27.491 milliseconds in repetition 479
Round trip time was 29.740 milliseconds in repetition 480
Round trip time was 26.562 milliseconds in repetition 481
Round trip time was 32.561 milliseconds in repetition 482
Round trip time was 27.755 milliseconds in repetition 483
Round trip time was 26.650 milliseconds in repetition 484
Round trip time was 27.950 milliseconds in repetition 485
Round trip time was 29.139 milliseconds in repetition 486
Round trip time was 26.961 milliseconds in repetition 487
Round trip time was 27.463 milliseconds in repetition 488
Round trip time was 28.131 milliseconds in repetition 489

 ... received 0 bytes instead of 384 (lost count = 1); re-trying ...
 ... re-trying ...
Round trip time was 29.989 milliseconds in repetition 490
Round trip time was 27.264 milliseconds in repetition 491
Round trip time was 26.667 milliseconds in repetition 492
Round trip time was 29.268 milliseconds in repetition 493
Round trip time was 31.563 milliseconds in repetition 494
Round trip time was 47.362 milliseconds in repetition 495
Round trip time was 27.245 milliseconds in repetition 496
Round trip time was 32.603 milliseconds in repetition 497
Round trip time was 26.614 milliseconds in repetition 498
Round trip time was 26.546 milliseconds in repetition 499
Round trip time was 27.813 milliseconds in repetition 500
Round trip time was 44.887 milliseconds in repetition 501

 ... clock resolution was 0.0001
UDP Ping:  Statistics over 501 repetitions of 384 byte messages

RTT : percentile 10: 26.6042, median: 28.354, percentile 90: 38.237, average: 30.6278, variance: 47.2559

RTT histogram:
26.0652 191
29.3058 193
32.5463 50
35.7869 14
39.0274 13
42.268 17
45.5085 6
48.749 2
51.9896 2
55.2301 3
58.4707 5
61.7112 2
64.9517 1
68.1923 1
71.4328 0
74.6734 0
77.9139 0
81.1544 0
84.395 0
87.6355 0
90.876 1

   median Throughput : 27.0861 KB/s   overall Throughput : 25.0752 KB/s

