UDP Ping trying to connect to server seti.dibris.unige.it (130.251.61.30) on TCP port 1491
 ... connected to Pong server: asking for 501 repetitions of 12288 _bytes UDP messages
 ... Pong server agreed to ping-pong using port 49834 :-)
Round trip time was 298.431 milliseconds in repetition 1
Round trip time was 36.123 milliseconds in repetition 2
Round trip time was 33.685 milliseconds in repetition 3
Round trip time was 34.132 milliseconds in repetition 4
Round trip time was 39.884 milliseconds in repetition 5
Round trip time was 35.753 milliseconds in repetition 6
Round trip time was 37.283 milliseconds in repetition 7
Round trip time was 45.783 milliseconds in repetition 8
Round trip time was 35.975 milliseconds in repetition 9
Round trip time was 41.695 milliseconds in repetition 10
Round trip time was 52.661 milliseconds in repetition 11
Round trip time was 36.264 milliseconds in repetition 12
Round trip time was 33.816 milliseconds in repetition 13
Round trip time was 37.230 milliseconds in repetition 14
Round trip time was 33.312 milliseconds in repetition 15
Round trip time was 39.089 milliseconds in repetition 16
Round trip time was 41.052 milliseconds in repetition 17
Round trip time was 33.785 milliseconds in repetition 18
Round trip time was 36.781 milliseconds in repetition 19
Round trip time was 36.990 milliseconds in repetition 20
Round trip time was 33.235 milliseconds in repetition 21
Round trip time was 31.721 milliseconds in repetition 22
Round trip time was 48.669 milliseconds in repetition 23
Round trip time was 75.598 milliseconds in repetition 24
Round trip time was 44.909 milliseconds in repetition 25
Round trip time was 50.170 milliseconds in repetition 26
Round trip time was 32.923 milliseconds in repetition 27
Round trip time was 50.604 milliseconds in repetition 28
Round trip time was 40.152 milliseconds in repetition 29
Round trip time was 38.602 milliseconds in repetition 30
Round trip time was 36.365 milliseconds in repetition 31
Round trip time was 35.797 milliseconds in repetition 32
Round trip time was 36.436 milliseconds in repetition 33
Round trip time was 39.183 milliseconds in repetition 34
Round trip time was 36.226 milliseconds in repetition 35
Round trip time was 42.234 milliseconds in repetition 36
Round trip time was 44.402 milliseconds in repetition 37
Round trip time was 33.214 milliseconds in repetition 38
Round trip time was 32.906 milliseconds in repetition 39
Round trip time was 33.897 milliseconds in repetition 40
Round trip time was 32.046 milliseconds in repetition 41
Round trip time was 34.704 milliseconds in repetition 42
Round trip time was 33.740 milliseconds in repetition 43
Round trip time was 32.891 milliseconds in repetition 44
Round trip time was 33.001 milliseconds in repetition 45
Round trip time was 36.514 milliseconds in repetition 46
Round trip time was 36.297 milliseconds in repetition 47
Round trip time was 40.272 milliseconds in repetition 48
Round trip time was 44.572 milliseconds in repetition 49
Round trip time was 32.897 milliseconds in repetition 50
Round trip time was 37.531 milliseconds in repetition 51
Round trip time was 40.909 milliseconds in repetition 52
Round trip time was 32.696 milliseconds in repetition 53
Round trip time was 32.427 milliseconds in repetition 54
Round trip time was 40.085 milliseconds in repetition 55
Round trip time was 32.478 milliseconds in repetition 56
Round trip time was 38.066 milliseconds in repetition 57
Round trip time was 33.250 milliseconds in repetition 58
Round trip time was 34.522 milliseconds in repetition 59
Round trip time was 36.523 milliseconds in repetition 60
Round trip time was 34.897 milliseconds in repetition 61
Round trip time was 36.488 milliseconds in repetition 62
Round trip time was 42.657 milliseconds in repetition 63
Round trip time was 32.473 milliseconds in repetition 64
Round trip time was 34.503 milliseconds in repetition 65
Round trip time was 52.435 milliseconds in repetition 66
Round trip time was 45.268 milliseconds in repetition 67
Round trip time was 44.568 milliseconds in repetition 68
Round trip time was 32.749 milliseconds in repetition 69
Round trip time was 35.134 milliseconds in repetition 70
Round trip time was 36.341 milliseconds in repetition 71
Round trip time was 33.371 milliseconds in repetition 72
Round trip time was 36.836 milliseconds in repetition 73
Round trip time was 33.146 milliseconds in repetition 74
Round trip time was 32.340 milliseconds in repetition 75
Round trip time was 31.962 milliseconds in repetition 76
Round trip time was 38.273 milliseconds in repetition 77
Round trip time was 34.946 milliseconds in repetition 78
Round trip time was 34.499 milliseconds in repetition 79
Round trip time was 33.205 milliseconds in repetition 80
Round trip time was 47.901 milliseconds in repetition 81
Round trip time was 34.272 milliseconds in repetition 82
Round trip time was 33.841 milliseconds in repetition 83
Round trip time was 33.154 milliseconds in repetition 84
Round trip time was 49.718 milliseconds in repetition 85
Round trip time was 39.151 milliseconds in repetition 86
Round trip time was 35.471 milliseconds in repetition 87
Round trip time was 32.752 milliseconds in repetition 88
Round trip time was 32.849 milliseconds in repetition 89
Round trip time was 33.994 milliseconds in repetition 90
Round trip time was 38.015 milliseconds in repetition 91
Round trip time was 36.919 milliseconds in repetition 92
Round trip time was 32.289 milliseconds in repetition 93
Round trip time was 37.171 milliseconds in repetition 94
Round trip time was 34.147 milliseconds in repetition 95
Round trip time was 33.320 milliseconds in repetition 96
Round trip time was 36.195 milliseconds in repetition 97
Round trip time was 32.842 milliseconds in repetition 98
Round trip time was 32.517 milliseconds in repetition 99
Round trip time was 39.109 milliseconds in repetition 100
Round trip time was 33.147 milliseconds in repetition 101
Round trip time was 38.974 milliseconds in repetition 102
Round trip time was 32.471 milliseconds in repetition 103
Round trip time was 35.736 milliseconds in repetition 104
Round trip time was 35.030 milliseconds in repetition 105
Round trip time was 32.097 milliseconds in repetition 106
Round trip time was 48.407 milliseconds in repetition 107
Round trip time was 37.416 milliseconds in repetition 108
Round trip time was 31.968 milliseconds in repetition 109
Round trip time was 34.679 milliseconds in repetition 110
Round trip time was 35.868 milliseconds in repetition 111
Round trip time was 32.259 milliseconds in repetition 112
Round trip time was 67.616 milliseconds in repetition 113
Round trip time was 292.922 milliseconds in repetition 114
Round trip time was 34.597 milliseconds in repetition 115
Round trip time was 50.314 milliseconds in repetition 116
Round trip time was 57.845 milliseconds in repetition 117
Round trip time was 38.709 milliseconds in repetition 118
Round trip time was 34.089 milliseconds in repetition 119
Round trip time was 33.435 milliseconds in repetition 120
Round trip time was 39.663 milliseconds in repetition 121
Round trip time was 47.770 milliseconds in repetition 122
Round trip time was 32.125 milliseconds in repetition 123
Round trip time was 33.037 milliseconds in repetition 124
Round trip time was 36.125 milliseconds in repetition 125
Round trip time was 78.631 milliseconds in repetition 126
Round trip time was 57.682 milliseconds in repetition 127
Round trip time was 52.432 milliseconds in repetition 128
Round trip time was 49.028 milliseconds in repetition 129
Round trip time was 65.172 milliseconds in repetition 130
Round trip time was 41.035 milliseconds in repetition 131
Round trip time was 37.738 milliseconds in repetition 132
Round trip time was 35.769 milliseconds in repetition 133
Round trip time was 33.147 milliseconds in repetition 134
Round trip time was 37.219 milliseconds in repetition 135
Round trip time was 39.445 milliseconds in repetition 136
Round trip time was 34.330 milliseconds in repetition 137
Round trip time was 39.180 milliseconds in repetition 138
Round trip time was 36.542 milliseconds in repetition 139
Round trip time was 52.067 milliseconds in repetition 140
Round trip time was 34.222 milliseconds in repetition 141
Round trip time was 36.038 milliseconds in repetition 142
Round trip time was 36.928 milliseconds in repetition 143
Round trip time was 35.442 milliseconds in repetition 144
Round trip time was 36.337 milliseconds in repetition 145
Round trip time was 35.038 milliseconds in repetition 146
Round trip time was 38.508 milliseconds in repetition 147
Round trip time was 34.970 milliseconds in repetition 148
Round trip time was 66.924 milliseconds in repetition 149
Round trip time was 40.946 milliseconds in repetition 150
Round trip time was 31.180 milliseconds in repetition 151
Round trip time was 31.491 milliseconds in repetition 152
Round trip time was 34.405 milliseconds in repetition 153
Round trip time was 34.128 milliseconds in repetition 154
Round trip time was 32.489 milliseconds in repetition 155
Round trip time was 34.752 milliseconds in repetition 156
Round trip time was 31.557 milliseconds in repetition 157
Round trip time was 31.740 milliseconds in repetition 158
Round trip time was 38.726 milliseconds in repetition 159
Round trip time was 32.908 milliseconds in repetition 160
Round trip time was 46.791 milliseconds in repetition 161
Round trip time was 32.988 milliseconds in repetition 162
Round trip time was 37.467 milliseconds in repetition 163
Round trip time was 36.535 milliseconds in repetition 164
Round trip time was 35.241 milliseconds in repetition 165
Round trip time was 33.651 milliseconds in repetition 166
Round trip time was 32.307 milliseconds in repetition 167
Round trip time was 36.868 milliseconds in repetition 168
Round trip time was 37.131 milliseconds in repetition 169
Round trip time was 31.765 milliseconds in repetition 170
Round trip time was 35.628 milliseconds in repetition 171
Round trip time was 34.240 milliseconds in repetition 172
Round trip time was 34.941 milliseconds in repetition 173
Round trip time was 33.547 milliseconds in repetition 174
Round trip time was 36.741 milliseconds in repetition 175
Round trip time was 33.288 milliseconds in repetition 176
Round trip time was 41.153 milliseconds in repetition 177
Round trip time was 32.660 milliseconds in repetition 178
Round trip time was 36.564 milliseconds in repetition 179
Round trip time was 33.932 milliseconds in repetition 180
Round trip time was 31.622 milliseconds in repetition 181
Round trip time was 36.537 milliseconds in repetition 182
Round trip time was 35.844 milliseconds in repetition 183
Round trip time was 33.806 milliseconds in repetition 184
Round trip time was 32.439 milliseconds in repetition 185
Round trip time was 37.023 milliseconds in repetition 186
Round trip time was 34.693 milliseconds in repetition 187
Round trip time was 33.810 milliseconds in repetition 188
Round trip time was 40.829 milliseconds in repetition 189
Round trip time was 33.972 milliseconds in repetition 190
Round trip time was 39.076 milliseconds in repetition 191
Round trip time was 40.132 milliseconds in repetition 192
Round trip time was 37.615 milliseconds in repetition 193
Round trip time was 34.144 milliseconds in repetition 194
Round trip time was 33.077 milliseconds in repetition 195
Round trip time was 31.571 milliseconds in repetition 196
Round trip time was 36.339 milliseconds in repetition 197
Round trip time was 34.502 milliseconds in repetition 198
Round trip time was 34.501 milliseconds in repetition 199
Round trip time was 40.808 milliseconds in repetition 200
Round trip time was 34.124 milliseconds in repetition 201
Round trip time was 32.255 milliseconds in repetition 202
Round trip time was 45.260 milliseconds in repetition 203
Round trip time was 34.606 milliseconds in repetition 204
Round trip time was 34.430 milliseconds in repetition 205
Round trip time was 34.223 milliseconds in repetition 206
Round trip time was 34.111 milliseconds in repetition 207
Round trip time was 56.270 milliseconds in repetition 208
Round trip time was 38.623 milliseconds in repetition 209
Round trip time was 34.580 milliseconds in repetition 210
Round trip time was 34.768 milliseconds in repetition 211
Round trip time was 37.143 milliseconds in repetition 212
Round trip time was 31.816 milliseconds in repetition 213
Round trip time was 34.547 milliseconds in repetition 214
Round trip time was 33.700 milliseconds in repetition 215
Round trip time was 33.751 milliseconds in repetition 216
Round trip time was 34.190 milliseconds in repetition 217
Round trip time was 32.789 milliseconds in repetition 218
Round trip time was 35.119 milliseconds in repetition 219
Round trip time was 35.033 milliseconds in repetition 220
Round trip time was 32.321 milliseconds in repetition 221
Round trip time was 34.693 milliseconds in repetition 222
Round trip time was 35.211 milliseconds in repetition 223
Round trip time was 32.136 milliseconds in repetition 224
Round trip time was 34.893 milliseconds in repetition 225
Round trip time was 35.426 milliseconds in repetition 226
Round trip time was 41.480 milliseconds in repetition 227
Round trip time was 36.797 milliseconds in repetition 228
Round trip time was 32.817 milliseconds in repetition 229
Round trip time was 33.176 milliseconds in repetition 230
Round trip time was 32.927 milliseconds in repetition 231
Round trip time was 33.275 milliseconds in repetition 232
Round trip time was 34.776 milliseconds in repetition 233
Round trip time was 33.364 milliseconds in repetition 234
Round trip time was 34.046 milliseconds in repetition 235
Round trip time was 31.779 milliseconds in repetition 236
Round trip time was 34.444 milliseconds in repetition 237
Round trip time was 43.426 milliseconds in repetition 238
Round trip time was 36.051 milliseconds in repetition 239
Round trip time was 32.565 milliseconds in repetition 240
Round trip time was 38.749 milliseconds in repetition 241
Round trip time was 37.502 milliseconds in repetition 242
Round trip time was 36.818 milliseconds in repetition 243
Round trip time was 35.660 milliseconds in repetition 244
Round trip time was 33.699 milliseconds in repetition 245
Round trip time was 45.113 milliseconds in repetition 246
Round trip time was 58.347 milliseconds in repetition 247
Round trip time was 41.782 milliseconds in repetition 248
Round trip time was 31.630 milliseconds in repetition 249
Round trip time was 35.517 milliseconds in repetition 250
Round trip time was 35.408 milliseconds in repetition 251
Round trip time was 33.625 milliseconds in repetition 252
Round trip time was 33.969 milliseconds in repetition 253
Round trip time was 35.731 milliseconds in repetition 254
Round trip time was 33.192 milliseconds in repetition 255
Round trip time was 34.528 milliseconds in repetition 256
Round trip time was 34.494 milliseconds in repetition 257
Round trip time was 39.265 milliseconds in repetition 258
Round trip time was 35.331 milliseconds in repetition 259
Round trip time was 34.271 milliseconds in repetition 260
Round trip time was 32.467 milliseconds in repetition 261
Round trip time was 34.528 milliseconds in repetition 262
Round trip time was 34.519 milliseconds in repetition 263
Round trip time was 52.199 milliseconds in repetition 264
Round trip time was 35.621 milliseconds in repetition 265
Round trip time was 48.817 milliseconds in repetition 266
Round trip time was 40.055 milliseconds in repetition 267
Round trip time was 37.306 milliseconds in repetition 268
Round trip time was 34.503 milliseconds in repetition 269
Round trip time was 44.119 milliseconds in repetition 270
Round trip time was 36.006 milliseconds in repetition 271
Round trip time was 39.885 milliseconds in repetition 272
Round trip time was 35.805 milliseconds in repetition 273
Round trip time was 36.000 milliseconds in repetition 274
Round trip time was 34.742 milliseconds in repetition 275
Round trip time was 50.206 milliseconds in repetition 276
Round trip time was 33.862 milliseconds in repetition 277
Round trip time was 39.934 milliseconds in repetition 278
Round trip time was 39.502 milliseconds in repetition 279
Round trip time was 36.836 milliseconds in repetition 280
Round trip time was 39.667 milliseconds in repetition 281
Round trip time was 31.499 milliseconds in repetition 282
Round trip time was 37.598 milliseconds in repetition 283
Round trip time was 53.384 milliseconds in repetition 284
Round trip time was 39.942 milliseconds in repetition 285
Round trip time was 35.748 milliseconds in repetition 286
Round trip time was 33.135 milliseconds in repetition 287
Round trip time was 35.171 milliseconds in repetition 288
Round trip time was 36.079 milliseconds in repetition 289
Round trip time was 38.860 milliseconds in repetition 290
Round trip time was 35.049 milliseconds in repetition 291
Round trip time was 45.057 milliseconds in repetition 292
Round trip time was 54.800 milliseconds in repetition 293
Round trip time was 53.951 milliseconds in repetition 294
Round trip time was 35.559 milliseconds in repetition 295
Round trip time was 35.366 milliseconds in repetition 296
Round trip time was 34.684 milliseconds in repetition 297
Round trip time was 39.921 milliseconds in repetition 298
Round trip time was 34.582 milliseconds in repetition 299
Round trip time was 33.574 milliseconds in repetition 300
Round trip time was 35.541 milliseconds in repetition 301
Round trip time was 74.440 milliseconds in repetition 302
Round trip time was 33.279 milliseconds in repetition 303
Round trip time was 42.282 milliseconds in repetition 304
Round trip time was 36.666 milliseconds in repetition 305
Round trip time was 39.183 milliseconds in repetition 306
Round trip time was 36.878 milliseconds in repetition 307
Round trip time was 41.706 milliseconds in repetition 308
Round trip time was 43.107 milliseconds in repetition 309
Round trip time was 38.820 milliseconds in repetition 310
Round trip time was 32.905 milliseconds in repetition 311
Round trip time was 33.780 milliseconds in repetition 312
Round trip time was 39.605 milliseconds in repetition 313
Round trip time was 38.963 milliseconds in repetition 314
Round trip time was 39.086 milliseconds in repetition 315
Round trip time was 41.437 milliseconds in repetition 316
Round trip time was 36.163 milliseconds in repetition 317
Round trip time was 32.741 milliseconds in repetition 318
Round trip time was 34.064 milliseconds in repetition 319
Round trip time was 36.105 milliseconds in repetition 320
Round trip time was 35.958 milliseconds in repetition 321
Round trip time was 44.664 milliseconds in repetition 322
Round trip time was 37.113 milliseconds in repetition 323
Round trip time was 33.532 milliseconds in repetition 324
Round trip time was 33.425 milliseconds in repetition 325
Round trip time was 34.761 milliseconds in repetition 326
Round trip time was 36.417 milliseconds in repetition 327
Round trip time was 37.066 milliseconds in repetition 328
Round trip time was 33.457 milliseconds in repetition 329
Round trip time was 35.530 milliseconds in repetition 330
Round trip time was 36.089 milliseconds in repetition 331
Round trip time was 35.598 milliseconds in repetition 332
Round trip time was 41.459 milliseconds in repetition 333
Round trip time was 34.388 milliseconds in repetition 334
Round trip time was 34.841 milliseconds in repetition 335
Round trip time was 34.093 milliseconds in repetition 336
Round trip time was 39.403 milliseconds in repetition 337
Round trip time was 33.497 milliseconds in repetition 338
Round trip time was 39.831 milliseconds in repetition 339
Round trip time was 33.153 milliseconds in repetition 340
Round trip time was 36.706 milliseconds in repetition 341
Round trip time was 35.134 milliseconds in repetition 342
Round trip time was 38.896 milliseconds in repetition 343
Round trip time was 75.261 milliseconds in repetition 344
Round trip time was 37.182 milliseconds in repetition 345
Round trip time was 39.657 milliseconds in repetition 346
Round trip time was 34.941 milliseconds in repetition 347
Round trip time was 35.026 milliseconds in repetition 348
Round trip time was 36.875 milliseconds in repetition 349
Round trip time was 35.826 milliseconds in repetition 350
Round trip time was 34.593 milliseconds in repetition 351
Round trip time was 42.541 milliseconds in repetition 352
Round trip time was 40.340 milliseconds in repetition 353
Round trip time was 34.931 milliseconds in repetition 354
Round trip time was 47.105 milliseconds in repetition 355
Round trip time was 35.016 milliseconds in repetition 356
Round trip time was 37.730 milliseconds in repetition 357
Round trip time was 36.408 milliseconds in repetition 358
Round trip time was 33.566 milliseconds in repetition 359
Round trip time was 41.559 milliseconds in repetition 360
Round trip time was 40.638 milliseconds in repetition 361
Round trip time was 33.753 milliseconds in repetition 362
Round trip time was 40.456 milliseconds in repetition 363
Round trip time was 36.661 milliseconds in repetition 364
Round trip time was 55.243 milliseconds in repetition 365
Round trip time was 35.735 milliseconds in repetition 366
Round trip time was 35.275 milliseconds in repetition 367
Round trip time was 36.899 milliseconds in repetition 368
Round trip time was 41.133 milliseconds in repetition 369
Round trip time was 37.746 milliseconds in repetition 370
Round trip time was 34.750 milliseconds in repetition 371
Round trip time was 36.086 milliseconds in repetition 372
Round trip time was 39.834 milliseconds in repetition 373
Round trip time was 35.511 milliseconds in repetition 374
Round trip time was 64.246 milliseconds in repetition 375
Round trip time was 54.621 milliseconds in repetition 376
Round trip time was 34.577 milliseconds in repetition 377
Round trip time was 49.132 milliseconds in repetition 378
Round trip time was 34.498 milliseconds in repetition 379
Round trip time was 49.079 milliseconds in repetition 380
Round trip time was 35.848 milliseconds in repetition 381
Round trip time was 45.122 milliseconds in repetition 382
Round trip time was 34.993 milliseconds in repetition 383
Round trip time was 40.773 milliseconds in repetition 384
Round trip time was 33.174 milliseconds in repetition 385
Round trip time was 44.234 milliseconds in repetition 386
Round trip time was 52.281 milliseconds in repetition 387
Round trip time was 36.727 milliseconds in repetition 388
Round trip time was 33.763 milliseconds in repetition 389
Round trip time was 35.741 milliseconds in repetition 390
Round trip time was 56.409 milliseconds in repetition 391
Round trip time was 35.428 milliseconds in repetition 392
Round trip time was 39.093 milliseconds in repetition 393
Round trip time was 32.306 milliseconds in repetition 394
Round trip time was 35.876 milliseconds in repetition 395
Round trip time was 42.086 milliseconds in repetition 396
Round trip time was 42.037 milliseconds in repetition 397
Round trip time was 38.678 milliseconds in repetition 398
Round trip time was 35.531 milliseconds in repetition 399
Round trip time was 40.478 milliseconds in repetition 400
Round trip time was 42.393 milliseconds in repetition 401
Round trip time was 34.698 milliseconds in repetition 402
Round trip time was 36.974 milliseconds in repetition 403
Round trip time was 38.981 milliseconds in repetition 404
Round trip time was 41.864 milliseconds in repetition 405
Round trip time was 32.221 milliseconds in repetition 406
Round trip time was 38.823 milliseconds in repetition 407
Round trip time was 32.576 milliseconds in repetition 408
Round trip time was 56.706 milliseconds in repetition 409
Round trip time was 34.463 milliseconds in repetition 410
Round trip time was 33.824 milliseconds in repetition 411
Round trip time was 41.575 milliseconds in repetition 412
Round trip time was 32.831 milliseconds in repetition 413
Round trip time was 34.821 milliseconds in repetition 414
Round trip time was 51.679 milliseconds in repetition 415
Round trip time was 37.146 milliseconds in repetition 416
Round trip time was 35.280 milliseconds in repetition 417
Round trip time was 32.388 milliseconds in repetition 418
Round trip time was 33.700 milliseconds in repetition 419
Round trip time was 37.706 milliseconds in repetition 420
Round trip time was 33.932 milliseconds in repetition 421
Round trip time was 35.801 milliseconds in repetition 422
Round trip time was 37.231 milliseconds in repetition 423
Round trip time was 32.619 milliseconds in repetition 424
Round trip time was 34.922 milliseconds in repetition 425
Round trip time was 35.114 milliseconds in repetition 426
Round trip time was 37.291 milliseconds in repetition 427
Round trip time was 51.432 milliseconds in repetition 428
Round trip time was 37.705 milliseconds in repetition 429
Round trip time was 41.907 milliseconds in repetition 430
Round trip time was 41.064 milliseconds in repetition 431
Round trip time was 33.513 milliseconds in repetition 432
Round trip time was 32.388 milliseconds in repetition 433
Round trip time was 33.161 milliseconds in repetition 434
Round trip time was 40.718 milliseconds in repetition 435
Round trip time was 33.877 milliseconds in repetition 436
Round trip time was 39.198 milliseconds in repetition 437
Round trip time was 40.017 milliseconds in repetition 438
Round trip time was 37.917 milliseconds in repetition 439
Round trip time was 34.956 milliseconds in repetition 440
Round trip time was 37.995 milliseconds in repetition 441
Round trip time was 35.623 milliseconds in repetition 442
Round trip time was 33.693 milliseconds in repetition 443
Round trip time was 45.775 milliseconds in repetition 444
Round trip time was 39.402 milliseconds in repetition 445
Round trip time was 33.844 milliseconds in repetition 446
Round trip time was 37.914 milliseconds in repetition 447
Round trip time was 35.426 milliseconds in repetition 448
Round trip time was 49.770 milliseconds in repetition 449
Round trip time was 33.712 milliseconds in repetition 450
Round trip time was 38.845 milliseconds in repetition 451
Round trip time was 37.983 milliseconds in repetition 452
Round trip time was 42.465 milliseconds in repetition 453
Round trip time was 34.641 milliseconds in repetition 454
Round trip time was 35.618 milliseconds in repetition 455
Round trip time was 32.931 milliseconds in repetition 456
Round trip time was 32.655 milliseconds in repetition 457
Round trip time was 34.559 milliseconds in repetition 458
Round trip time was 33.534 milliseconds in repetition 459
Round trip time was 32.437 milliseconds in repetition 460
Round trip time was 41.517 milliseconds in repetition 461
Round trip time was 46.382 milliseconds in repetition 462
Round trip time was 34.903 milliseconds in repetition 463
Round trip time was 35.323 milliseconds in repetition 464
Round trip time was 59.544 milliseconds in repetition 465
Round trip time was 37.742 milliseconds in repetition 466
Round trip time was 34.130 milliseconds in repetition 467
Round trip time was 45.555 milliseconds in repetition 468
Round trip time was 44.489 milliseconds in repetition 469
Round trip time was 35.629 milliseconds in repetition 470
Round trip time was 35.775 milliseconds in repetition 471
Round trip time was 48.621 milliseconds in repetition 472
Round trip time was 35.197 milliseconds in repetition 473
Round trip time was 36.508 milliseconds in repetition 474
Round trip time was 42.793 milliseconds in repetition 475
Round trip time was 36.784 milliseconds in repetition 476
Round trip time was 52.342 milliseconds in repetition 477
Round trip time was 39.074 milliseconds in repetition 478
Round trip time was 41.334 milliseconds in repetition 479
Round trip time was 35.289 milliseconds in repetition 480
Round trip time was 37.185 milliseconds in repetition 481
Round trip time was 53.709 milliseconds in repetition 482
Round trip time was 33.238 milliseconds in repetition 483
Round trip time was 36.245 milliseconds in repetition 484
Round trip time was 39.786 milliseconds in repetition 485
Round trip time was 33.748 milliseconds in repetition 486
Round trip time was 40.477 milliseconds in repetition 487
Round trip time was 34.564 milliseconds in repetition 488
Round trip time was 34.771 milliseconds in repetition 489
Round trip time was 34.961 milliseconds in repetition 490
Round trip time was 32.096 milliseconds in repetition 491
Round trip time was 40.126 milliseconds in repetition 492
Round trip time was 40.687 milliseconds in repetition 493
Round trip time was 33.523 milliseconds in repetition 494
Round trip time was 35.147 milliseconds in repetition 495
Round trip time was 33.865 milliseconds in repetition 496
Round trip time was 33.646 milliseconds in repetition 497

 ... received 0 bytes instead of 12288 (lost count = 1); re-trying ...
 ... re-trying ...
Round trip time was 35.109 milliseconds in repetition 498
Round trip time was 35.924 milliseconds in repetition 499
Round trip time was 34.106 milliseconds in repetition 500
Round trip time was 38.107 milliseconds in repetition 501

 ... clock resolution was 0.0001
UDP Ping:  Statistics over 501 repetitions of 12288 byte messages

RTT : percentile 10: 32.8421, median: 35.8006, percentile 90: 45.7831, average: 39.0367, variance: 310.97

RTT histogram:
31.1801 337
44.5426 132
57.9051 23
71.2677 6
84.6302 1
97.9928 0
111.355 0
124.718 0
138.08 0
151.443 0
164.806 0
178.168 0
191.531 0
204.893 0
218.256 0
231.618 0
244.981 0
258.343 0
271.706 0
285.068 0
298.431 2

   median Throughput : 686.469 KB/s   overall Throughput : 629.561 KB/s

