UDP Ping trying to connect to server seti.dibris.unige.it (130.251.61.30) on TCP port 1491
 ... connected to Pong server: asking for 501 repetitions of 1536 _bytes UDP messages
 ... Pong server agreed to ping-pong using port 49834 :-)
Round trip time was 51.472 milliseconds in repetition 1
Round trip time was 30.978 milliseconds in repetition 2
Round trip time was 50.675 milliseconds in repetition 3
Round trip time was 29.882 milliseconds in repetition 4
Round trip time was 32.831 milliseconds in repetition 5
Round trip time was 31.897 milliseconds in repetition 6
Round trip time was 31.331 milliseconds in repetition 7
Round trip time was 28.682 milliseconds in repetition 8
Round trip time was 50.469 milliseconds in repetition 9
Round trip time was 29.648 milliseconds in repetition 10
Round trip time was 27.091 milliseconds in repetition 11
Round trip time was 27.998 milliseconds in repetition 12
Round trip time was 32.406 milliseconds in repetition 13
Round trip time was 29.658 milliseconds in repetition 14
Round trip time was 36.691 milliseconds in repetition 15
Round trip time was 33.202 milliseconds in repetition 16
Round trip time was 29.394 milliseconds in repetition 17
Round trip time was 27.518 milliseconds in repetition 18
Round trip time was 55.186 milliseconds in repetition 19
Round trip time was 27.657 milliseconds in repetition 20
Round trip time was 26.906 milliseconds in repetition 21
Round trip time was 27.075 milliseconds in repetition 22
Round trip time was 26.812 milliseconds in repetition 23
Round trip time was 50.160 milliseconds in repetition 24
Round trip time was 37.266 milliseconds in repetition 25
Round trip time was 30.959 milliseconds in repetition 26
Round trip time was 31.252 milliseconds in repetition 27
Round trip time was 38.507 milliseconds in repetition 28
Round trip time was 27.325 milliseconds in repetition 29
Round trip time was 44.170 milliseconds in repetition 30
Round trip time was 31.189 milliseconds in repetition 31
Round trip time was 33.298 milliseconds in repetition 32
Round trip time was 34.275 milliseconds in repetition 33
Round trip time was 41.291 milliseconds in repetition 34
Round trip time was 30.501 milliseconds in repetition 35
Round trip time was 66.903 milliseconds in repetition 36
Round trip time was 36.587 milliseconds in repetition 37
Round trip time was 27.008 milliseconds in repetition 38
Round trip time was 27.713 milliseconds in repetition 39
Round trip time was 30.219 milliseconds in repetition 40
Round trip time was 26.898 milliseconds in repetition 41
Round trip time was 29.081 milliseconds in repetition 42
Round trip time was 29.041 milliseconds in repetition 43
Round trip time was 33.633 milliseconds in repetition 44
Round trip time was 27.174 milliseconds in repetition 45
Round trip time was 28.291 milliseconds in repetition 46
Round trip time was 27.856 milliseconds in repetition 47
Round trip time was 27.254 milliseconds in repetition 48
Round trip time was 30.489 milliseconds in repetition 49
Round trip time was 26.596 milliseconds in repetition 50
Round trip time was 33.167 milliseconds in repetition 51
Round trip time was 29.164 milliseconds in repetition 52
Round trip time was 65.997 milliseconds in repetition 53
Round trip time was 27.168 milliseconds in repetition 54
Round trip time was 29.037 milliseconds in repetition 55
Round trip time was 29.333 milliseconds in repetition 56
Round trip time was 27.782 milliseconds in repetition 57
Round trip time was 29.847 milliseconds in repetition 58
Round trip time was 27.286 milliseconds in repetition 59
Round trip time was 30.841 milliseconds in repetition 60
Round trip time was 26.507 milliseconds in repetition 61
Round trip time was 27.504 milliseconds in repetition 62
Round trip time was 28.146 milliseconds in repetition 63
Round trip time was 29.651 milliseconds in repetition 64
Round trip time was 29.311 milliseconds in repetition 65
Round trip time was 27.500 milliseconds in repetition 66
Round trip time was 27.758 milliseconds in repetition 67
Round trip time was 26.795 milliseconds in repetition 68
Round trip time was 64.254 milliseconds in repetition 69
Round trip time was 28.948 milliseconds in repetition 70
Round trip time was 29.897 milliseconds in repetition 71
Round trip time was 30.160 milliseconds in repetition 72
Round trip time was 46.610 milliseconds in repetition 73
Round trip time was 28.416 milliseconds in repetition 74
Round trip time was 27.842 milliseconds in repetition 75
Round trip time was 27.863 milliseconds in repetition 76
Round trip time was 26.838 milliseconds in repetition 77
Round trip time was 31.210 milliseconds in repetition 78
Round trip time was 30.728 milliseconds in repetition 79
Round trip time was 31.943 milliseconds in repetition 80
Round trip time was 27.803 milliseconds in repetition 81
Round trip time was 28.753 milliseconds in repetition 82
Round trip time was 31.890 milliseconds in repetition 83
Round trip time was 32.025 milliseconds in repetition 84
Round trip time was 34.428 milliseconds in repetition 85
Round trip time was 32.144 milliseconds in repetition 86
Round trip time was 28.268 milliseconds in repetition 87
Round trip time was 28.860 milliseconds in repetition 88
Round trip time was 28.326 milliseconds in repetition 89
Round trip time was 39.329 milliseconds in repetition 90
Round trip time was 27.108 milliseconds in repetition 91
Round trip time was 28.808 milliseconds in repetition 92
Round trip time was 27.343 milliseconds in repetition 93
Round trip time was 29.574 milliseconds in repetition 94
Round trip time was 28.710 milliseconds in repetition 95
Round trip time was 40.044 milliseconds in repetition 96
Round trip time was 40.033 milliseconds in repetition 97
Round trip time was 34.798 milliseconds in repetition 98
Round trip time was 35.359 milliseconds in repetition 99
Round trip time was 37.586 milliseconds in repetition 100
Round trip time was 29.034 milliseconds in repetition 101
Round trip time was 26.528 milliseconds in repetition 102
Round trip time was 26.948 milliseconds in repetition 103
Round trip time was 27.015 milliseconds in repetition 104
Round trip time was 29.610 milliseconds in repetition 105
Round trip time was 28.605 milliseconds in repetition 106
Round trip time was 26.658 milliseconds in repetition 107
Round trip time was 27.063 milliseconds in repetition 108
Round trip time was 30.051 milliseconds in repetition 109
Round trip time was 27.830 milliseconds in repetition 110
Round trip time was 27.172 milliseconds in repetition 111
Round trip time was 28.730 milliseconds in repetition 112
Round trip time was 27.117 milliseconds in repetition 113
Round trip time was 27.025 milliseconds in repetition 114
Round trip time was 28.771 milliseconds in repetition 115
Round trip time was 29.388 milliseconds in repetition 116
Round trip time was 26.655 milliseconds in repetition 117
Round trip time was 26.897 milliseconds in repetition 118
Round trip time was 56.286 milliseconds in repetition 119
Round trip time was 28.874 milliseconds in repetition 120
Round trip time was 29.793 milliseconds in repetition 121
Round trip time was 36.490 milliseconds in repetition 122
Round trip time was 31.073 milliseconds in repetition 123
Round trip time was 33.257 milliseconds in repetition 124
Round trip time was 27.846 milliseconds in repetition 125
Round trip time was 28.367 milliseconds in repetition 126
Round trip time was 28.100 milliseconds in repetition 127
Round trip time was 35.134 milliseconds in repetition 128
Round trip time was 29.728 milliseconds in repetition 129
Round trip time was 27.008 milliseconds in repetition 130
Round trip time was 27.289 milliseconds in repetition 131
Round trip time was 29.108 milliseconds in repetition 132
Round trip time was 26.631 milliseconds in repetition 133
Round trip time was 55.659 milliseconds in repetition 134
Round trip time was 32.143 milliseconds in repetition 135
Round trip time was 29.779 milliseconds in repetition 136
Round trip time was 50.192 milliseconds in repetition 137
Round trip time was 29.581 milliseconds in repetition 138
Round trip time was 27.412 milliseconds in repetition 139
Round trip time was 57.627 milliseconds in repetition 140
Round trip time was 30.984 milliseconds in repetition 141
Round trip time was 28.484 milliseconds in repetition 142
Round trip time was 28.862 milliseconds in repetition 143
Round trip time was 32.471 milliseconds in repetition 144
Round trip time was 28.298 milliseconds in repetition 145
Round trip time was 29.875 milliseconds in repetition 146
Round trip time was 32.000 milliseconds in repetition 147
Round trip time was 27.396 milliseconds in repetition 148
Round trip time was 27.435 milliseconds in repetition 149
Round trip time was 27.267 milliseconds in repetition 150
Round trip time was 31.252 milliseconds in repetition 151
Round trip time was 27.483 milliseconds in repetition 152
Round trip time was 27.898 milliseconds in repetition 153
Round trip time was 28.710 milliseconds in repetition 154
Round trip time was 35.385 milliseconds in repetition 155
Round trip time was 31.823 milliseconds in repetition 156
Round trip time was 29.911 milliseconds in repetition 157
Round trip time was 27.676 milliseconds in repetition 158
Round trip time was 26.950 milliseconds in repetition 159
Round trip time was 26.883 milliseconds in repetition 160
Round trip time was 30.925 milliseconds in repetition 161
Round trip time was 27.206 milliseconds in repetition 162
Round trip time was 49.117 milliseconds in repetition 163
Round trip time was 29.565 milliseconds in repetition 164
Round trip time was 31.437 milliseconds in repetition 165
Round trip time was 28.221 milliseconds in repetition 166
Round trip time was 48.653 milliseconds in repetition 167
Round trip time was 30.684 milliseconds in repetition 168
Round trip time was 34.237 milliseconds in repetition 169
Round trip time was 29.335 milliseconds in repetition 170
Round trip time was 29.630 milliseconds in repetition 171
Round trip time was 27.726 milliseconds in repetition 172
Round trip time was 35.826 milliseconds in repetition 173
Round trip time was 27.089 milliseconds in repetition 174
Round trip time was 30.628 milliseconds in repetition 175
Round trip time was 33.432 milliseconds in repetition 176
Round trip time was 31.031 milliseconds in repetition 177
Round trip time was 28.652 milliseconds in repetition 178
Round trip time was 27.712 milliseconds in repetition 179
Round trip time was 30.030 milliseconds in repetition 180
Round trip time was 29.665 milliseconds in repetition 181
Round trip time was 26.726 milliseconds in repetition 182
Round trip time was 27.921 milliseconds in repetition 183
Round trip time was 27.448 milliseconds in repetition 184
Round trip time was 51.767 milliseconds in repetition 185
Round trip time was 27.107 milliseconds in repetition 186
Round trip time was 32.212 milliseconds in repetition 187
Round trip time was 27.580 milliseconds in repetition 188
Round trip time was 27.424 milliseconds in repetition 189
Round trip time was 28.708 milliseconds in repetition 190
Round trip time was 60.524 milliseconds in repetition 191
Round trip time was 27.172 milliseconds in repetition 192
Round trip time was 28.080 milliseconds in repetition 193
Round trip time was 30.078 milliseconds in repetition 194
Round trip time was 26.909 milliseconds in repetition 195
Round trip time was 37.603 milliseconds in repetition 196
Round trip time was 29.285 milliseconds in repetition 197
Round trip time was 27.107 milliseconds in repetition 198
Round trip time was 27.153 milliseconds in repetition 199
Round trip time was 30.208 milliseconds in repetition 200
Round trip time was 28.629 milliseconds in repetition 201
Round trip time was 26.818 milliseconds in repetition 202
Round trip time was 29.079 milliseconds in repetition 203
Round trip time was 26.962 milliseconds in repetition 204
Round trip time was 27.125 milliseconds in repetition 205
Round trip time was 30.892 milliseconds in repetition 206
Round trip time was 31.171 milliseconds in repetition 207
Round trip time was 41.449 milliseconds in repetition 208
Round trip time was 42.486 milliseconds in repetition 209
Round trip time was 27.924 milliseconds in repetition 210
Round trip time was 26.998 milliseconds in repetition 211
Round trip time was 27.226 milliseconds in repetition 212
Round trip time was 44.040 milliseconds in repetition 213
Round trip time was 41.787 milliseconds in repetition 214
Round trip time was 40.907 milliseconds in repetition 215
Round trip time was 29.785 milliseconds in repetition 216
Round trip time was 27.056 milliseconds in repetition 217
Round trip time was 30.626 milliseconds in repetition 218
Round trip time was 31.376 milliseconds in repetition 219
Round trip time was 27.992 milliseconds in repetition 220
Round trip time was 26.723 milliseconds in repetition 221
Round trip time was 44.172 milliseconds in repetition 222
Round trip time was 29.942 milliseconds in repetition 223
Round trip time was 32.325 milliseconds in repetition 224
Round trip time was 56.157 milliseconds in repetition 225
Round trip time was 34.633 milliseconds in repetition 226
Round trip time was 70.251 milliseconds in repetition 227
Round trip time was 51.057 milliseconds in repetition 228
Round trip time was 27.804 milliseconds in repetition 229
Round trip time was 27.587 milliseconds in repetition 230
Round trip time was 26.435 milliseconds in repetition 231
Round trip time was 26.775 milliseconds in repetition 232
Round trip time was 77.546 milliseconds in repetition 233
Round trip time was 34.191 milliseconds in repetition 234
Round trip time was 30.575 milliseconds in repetition 235
Round trip time was 28.082 milliseconds in repetition 236
Round trip time was 30.436 milliseconds in repetition 237
Round trip time was 30.471 milliseconds in repetition 238
Round trip time was 31.630 milliseconds in repetition 239
Round trip time was 26.784 milliseconds in repetition 240
Round trip time was 28.178 milliseconds in repetition 241
Round trip time was 27.769 milliseconds in repetition 242
Round trip time was 27.990 milliseconds in repetition 243
Round trip time was 26.986 milliseconds in repetition 244
Round trip time was 38.787 milliseconds in repetition 245
Round trip time was 27.285 milliseconds in repetition 246
Round trip time was 26.911 milliseconds in repetition 247
Round trip time was 52.016 milliseconds in repetition 248
Round trip time was 28.959 milliseconds in repetition 249
Round trip time was 31.184 milliseconds in repetition 250
Round trip time was 28.499 milliseconds in repetition 251
Round trip time was 28.931 milliseconds in repetition 252
Round trip time was 27.335 milliseconds in repetition 253
Round trip time was 28.859 milliseconds in repetition 254
Round trip time was 37.634 milliseconds in repetition 255
Round trip time was 28.630 milliseconds in repetition 256
Round trip time was 32.900 milliseconds in repetition 257
Round trip time was 38.428 milliseconds in repetition 258
Round trip time was 30.459 milliseconds in repetition 259
Round trip time was 31.929 milliseconds in repetition 260
Round trip time was 32.526 milliseconds in repetition 261
Round trip time was 27.298 milliseconds in repetition 262
Round trip time was 27.068 milliseconds in repetition 263
Round trip time was 30.448 milliseconds in repetition 264
Round trip time was 27.697 milliseconds in repetition 265
Round trip time was 27.446 milliseconds in repetition 266
Round trip time was 29.917 milliseconds in repetition 267
Round trip time was 27.677 milliseconds in repetition 268
Round trip time was 33.809 milliseconds in repetition 269
Round trip time was 28.145 milliseconds in repetition 270
Round trip time was 62.914 milliseconds in repetition 271
Round trip time was 58.958 milliseconds in repetition 272
Round trip time was 29.409 milliseconds in repetition 273
Round trip time was 44.396 milliseconds in repetition 274
Round trip time was 28.032 milliseconds in repetition 275
Round trip time was 31.637 milliseconds in repetition 276
Round trip time was 48.488 milliseconds in repetition 277
Round trip time was 31.188 milliseconds in repetition 278
Round trip time was 26.886 milliseconds in repetition 279
Round trip time was 29.026 milliseconds in repetition 280
Round trip time was 27.709 milliseconds in repetition 281
Round trip time was 28.434 milliseconds in repetition 282
Round trip time was 28.423 milliseconds in repetition 283
Round trip time was 27.116 milliseconds in repetition 284
Round trip time was 35.905 milliseconds in repetition 285
Round trip time was 29.504 milliseconds in repetition 286
Round trip time was 28.137 milliseconds in repetition 287
Round trip time was 30.737 milliseconds in repetition 288
Round trip time was 27.311 milliseconds in repetition 289
Round trip time was 26.865 milliseconds in repetition 290
Round trip time was 45.223 milliseconds in repetition 291
Round trip time was 30.208 milliseconds in repetition 292
Round trip time was 32.438 milliseconds in repetition 293
Round trip time was 27.174 milliseconds in repetition 294
Round trip time was 32.123 milliseconds in repetition 295
Round trip time was 27.129 milliseconds in repetition 296
Round trip time was 27.522 milliseconds in repetition 297
Round trip time was 27.424 milliseconds in repetition 298
Round trip time was 31.462 milliseconds in repetition 299
Round trip time was 70.702 milliseconds in repetition 300
Round trip time was 29.115 milliseconds in repetition 301
Round trip time was 28.349 milliseconds in repetition 302
Round trip time was 27.703 milliseconds in repetition 303
Round trip time was 27.521 milliseconds in repetition 304
Round trip time was 33.383 milliseconds in repetition 305
Round trip time was 31.398 milliseconds in repetition 306
Round trip time was 27.929 milliseconds in repetition 307
Round trip time was 29.992 milliseconds in repetition 308
Round trip time was 36.244 milliseconds in repetition 309
Round trip time was 28.388 milliseconds in repetition 310
Round trip time was 28.364 milliseconds in repetition 311
Round trip time was 31.886 milliseconds in repetition 312
Round trip time was 34.792 milliseconds in repetition 313
Round trip time was 31.376 milliseconds in repetition 314
Round trip time was 29.123 milliseconds in repetition 315
Round trip time was 27.305 milliseconds in repetition 316
Round trip time was 37.312 milliseconds in repetition 317
Round trip time was 29.925 milliseconds in repetition 318
Round trip time was 28.946 milliseconds in repetition 319
Round trip time was 27.753 milliseconds in repetition 320
Round trip time was 27.836 milliseconds in repetition 321
Round trip time was 25.952 milliseconds in repetition 322
Round trip time was 27.615 milliseconds in repetition 323
Round trip time was 29.235 milliseconds in repetition 324
Round trip time was 30.107 milliseconds in repetition 325
Round trip time was 32.600 milliseconds in repetition 326
Round trip time was 27.021 milliseconds in repetition 327
Round trip time was 41.813 milliseconds in repetition 328
Round trip time was 27.972 milliseconds in repetition 329
Round trip time was 30.646 milliseconds in repetition 330
Round trip time was 35.308 milliseconds in repetition 331
Round trip time was 34.389 milliseconds in repetition 332
Round trip time was 26.786 milliseconds in repetition 333
Round trip time was 27.351 milliseconds in repetition 334
Round trip time was 32.221 milliseconds in repetition 335
Round trip time was 30.682 milliseconds in repetition 336
Round trip time was 26.012 milliseconds in repetition 337
Round trip time was 32.925 milliseconds in repetition 338
Round trip time was 54.921 milliseconds in repetition 339
Round trip time was 30.819 milliseconds in repetition 340
Round trip time was 28.422 milliseconds in repetition 341
Round trip time was 31.723 milliseconds in repetition 342
Round trip time was 26.991 milliseconds in repetition 343
Round trip time was 31.721 milliseconds in repetition 344
Round trip time was 33.605 milliseconds in repetition 345
Round trip time was 31.095 milliseconds in repetition 346
Round trip time was 29.598 milliseconds in repetition 347
Round trip time was 28.377 milliseconds in repetition 348
Round trip time was 26.873 milliseconds in repetition 349
Round trip time was 27.934 milliseconds in repetition 350
Round trip time was 30.587 milliseconds in repetition 351
Round trip time was 49.129 milliseconds in repetition 352
Round trip time was 30.726 milliseconds in repetition 353
Round trip time was 29.330 milliseconds in repetition 354
Round trip time was 35.664 milliseconds in repetition 355
Round trip time was 33.269 milliseconds in repetition 356
Round trip time was 48.645 milliseconds in repetition 357
Round trip time was 28.681 milliseconds in repetition 358
Round trip time was 26.812 milliseconds in repetition 359
Round trip time was 28.088 milliseconds in repetition 360
Round trip time was 28.832 milliseconds in repetition 361
Round trip time was 30.342 milliseconds in repetition 362
Round trip time was 27.432 milliseconds in repetition 363
Round trip time was 31.143 milliseconds in repetition 364
Round trip time was 26.928 milliseconds in repetition 365
Round trip time was 47.486 milliseconds in repetition 366
Round trip time was 53.052 milliseconds in repetition 367
Round trip time was 32.626 milliseconds in repetition 368
Round trip time was 28.290 milliseconds in repetition 369
Round trip time was 30.888 milliseconds in repetition 370
Round trip time was 26.967 milliseconds in repetition 371
Round trip time was 27.954 milliseconds in repetition 372
Round trip time was 26.759 milliseconds in repetition 373
Round trip time was 27.641 milliseconds in repetition 374
Round trip time was 26.244 milliseconds in repetition 375
Round trip time was 26.610 milliseconds in repetition 376
Round trip time was 35.597 milliseconds in repetition 377
Round trip time was 32.947 milliseconds in repetition 378
Round trip time was 52.943 milliseconds in repetition 379
Round trip time was 30.966 milliseconds in repetition 380
Round trip time was 28.029 milliseconds in repetition 381
Round trip time was 38.219 milliseconds in repetition 382
Round trip time was 29.030 milliseconds in repetition 383
Round trip time was 26.967 milliseconds in repetition 384
Round trip time was 31.730 milliseconds in repetition 385
Round trip time was 28.580 milliseconds in repetition 386
Round trip time was 26.051 milliseconds in repetition 387
Round trip time was 32.149 milliseconds in repetition 388
Round trip time was 27.121 milliseconds in repetition 389
Round trip time was 30.562 milliseconds in repetition 390
Round trip time was 27.711 milliseconds in repetition 391
Round trip time was 28.469 milliseconds in repetition 392
Round trip time was 29.891 milliseconds in repetition 393
Round trip time was 26.607 milliseconds in repetition 394
Round trip time was 26.640 milliseconds in repetition 395
Round trip time was 31.148 milliseconds in repetition 396
Round trip time was 27.646 milliseconds in repetition 397
Round trip time was 27.185 milliseconds in repetition 398
Round trip time was 29.786 milliseconds in repetition 399
Round trip time was 28.358 milliseconds in repetition 400
Round trip time was 27.168 milliseconds in repetition 401
Round trip time was 26.634 milliseconds in repetition 402
Round trip time was 37.039 milliseconds in repetition 403
Round trip time was 28.464 milliseconds in repetition 404
Round trip time was 26.190 milliseconds in repetition 405
Round trip time was 27.138 milliseconds in repetition 406
Round trip time was 35.313 milliseconds in repetition 407
Round trip time was 27.440 milliseconds in repetition 408
Round trip time was 27.012 milliseconds in repetition 409
Round trip time was 32.629 milliseconds in repetition 410
Round trip time was 26.404 milliseconds in repetition 411
Round trip time was 27.452 milliseconds in repetition 412
Round trip time was 27.799 milliseconds in repetition 413
Round trip time was 27.602 milliseconds in repetition 414
Round trip time was 29.700 milliseconds in repetition 415
Round trip time was 27.752 milliseconds in repetition 416
Round trip time was 28.387 milliseconds in repetition 417
Round trip time was 26.707 milliseconds in repetition 418
Round trip time was 26.554 milliseconds in repetition 419
Round trip time was 26.995 milliseconds in repetition 420
Round trip time was 32.806 milliseconds in repetition 421
Round trip time was 28.884 milliseconds in repetition 422
Round trip time was 29.236 milliseconds in repetition 423
Round trip time was 29.052 milliseconds in repetition 424
Round trip time was 28.866 milliseconds in repetition 425
Round trip time was 27.141 milliseconds in repetition 426
Round trip time was 39.725 milliseconds in repetition 427
Round trip time was 27.179 milliseconds in repetition 428
Round trip time was 29.759 milliseconds in repetition 429
Round trip time was 28.029 milliseconds in repetition 430
Round trip time was 28.637 milliseconds in repetition 431
Round trip time was 29.360 milliseconds in repetition 432
Round trip time was 31.391 milliseconds in repetition 433
Round trip time was 28.122 milliseconds in repetition 434
Round trip time was 27.683 milliseconds in repetition 435
Round trip time was 32.558 milliseconds in repetition 436
Round trip time was 67.788 milliseconds in repetition 437
Round trip time was 37.464 milliseconds in repetition 438
Round trip time was 29.041 milliseconds in repetition 439
Round trip time was 28.145 milliseconds in repetition 440
Round trip time was 43.471 milliseconds in repetition 441
Round trip time was 30.787 milliseconds in repetition 442
Round trip time was 34.955 milliseconds in repetition 443
Round trip time was 26.802 milliseconds in repetition 444
Round trip time was 26.837 milliseconds in repetition 445
Round trip time was 40.400 milliseconds in repetition 446
Round trip time was 35.515 milliseconds in repetition 447
Round trip time was 32.962 milliseconds in repetition 448
Round trip time was 26.808 milliseconds in repetition 449
Round trip time was 28.204 milliseconds in repetition 450
Round trip time was 29.694 milliseconds in repetition 451
Round trip time was 27.773 milliseconds in repetition 452
Round trip time was 31.252 milliseconds in repetition 453
Round trip time was 27.833 milliseconds in repetition 454
Round trip time was 30.304 milliseconds in repetition 455
Round trip time was 26.624 milliseconds in repetition 456
Round trip time was 28.104 milliseconds in repetition 457
Round trip time was 27.693 milliseconds in repetition 458
Round trip time was 31.122 milliseconds in repetition 459
Round trip time was 36.320 milliseconds in repetition 460
Round trip time was 39.894 milliseconds in repetition 461
Round trip time was 27.297 milliseconds in repetition 462
Round trip time was 31.266 milliseconds in repetition 463
Round trip time was 27.132 milliseconds in repetition 464
Round trip time was 27.278 milliseconds in repetition 465
Round trip time was 28.817 milliseconds in repetition 466
Round trip time was 30.415 milliseconds in repetition 467
Round trip time was 28.386 milliseconds in repetition 468
Round trip time was 28.728 milliseconds in repetition 469
Round trip time was 28.043 milliseconds in repetition 470
Round trip time was 40.640 milliseconds in repetition 471
Round trip time was 26.873 milliseconds in repetition 472
Round trip time was 26.707 milliseconds in repetition 473
Round trip time was 31.037 milliseconds in repetition 474
Round trip time was 26.074 milliseconds in repetition 475
Round trip time was 46.121 milliseconds in repetition 476
Round trip time was 27.054 milliseconds in repetition 477
Round trip time was 26.002 milliseconds in repetition 478
Round trip time was 28.547 milliseconds in repetition 479
Round trip time was 27.883 milliseconds in repetition 480
Round trip time was 34.785 milliseconds in repetition 481
Round trip time was 28.825 milliseconds in repetition 482
Round trip time was 27.237 milliseconds in repetition 483
Round trip time was 28.772 milliseconds in repetition 484
Round trip time was 26.896 milliseconds in repetition 485
Round trip time was 26.959 milliseconds in repetition 486
Round trip time was 30.600 milliseconds in repetition 487
Round trip time was 29.360 milliseconds in repetition 488
Round trip time was 49.306 milliseconds in repetition 489
Round trip time was 32.089 milliseconds in repetition 490
Round trip time was 27.312 milliseconds in repetition 491
Round trip time was 32.525 milliseconds in repetition 492
Round trip time was 29.067 milliseconds in repetition 493
Round trip time was 65.945 milliseconds in repetition 494
Round trip time was 36.808 milliseconds in repetition 495
Round trip time was 28.484 milliseconds in repetition 496
Round trip time was 29.000 milliseconds in repetition 497
Round trip time was 27.527 milliseconds in repetition 498
Round trip time was 28.515 milliseconds in repetition 499
Round trip time was 28.499 milliseconds in repetition 500
Round trip time was 32.108 milliseconds in repetition 501

 ... clock resolution was 0.0001
UDP Ping:  Statistics over 501 repetitions of 1536 byte messages

RTT : percentile 10: 26.9502, median: 29.0413, percentile 90: 40.0442, average: 31.8639, variance: 61.8561

RTT histogram:
25.9518 95
28.5315 195
31.1112 94
33.6909 35
36.2707 20
38.8504 12
41.4301 8
44.0098 6
46.5895 3
49.1693 8
51.749 7
54.3287 3
56.9084 4
59.4882 2
62.0679 1
64.6476 1
67.2273 4
69.8071 2
72.3868 0
74.9665 0
77.5462 1

   median Throughput : 105.78 KB/s   overall Throughput : 96.41 KB/s

