UDP Ping trying to connect to server seti.dibris.unige.it (130.251.61.30) on TCP port 1491
 ... connected to Pong server: asking for 501 repetitions of 1024 _bytes UDP messages
 ... Pong server agreed to ping-pong using port 49834 :-)
Round trip time was 46.951 milliseconds in repetition 1
Round trip time was 26.798 milliseconds in repetition 2
Round trip time was 27.980 milliseconds in repetition 3
Round trip time was 26.872 milliseconds in repetition 4
Round trip time was 26.417 milliseconds in repetition 5
Round trip time was 31.507 milliseconds in repetition 6
Round trip time was 29.028 milliseconds in repetition 7
Round trip time was 46.387 milliseconds in repetition 8
Round trip time was 25.186 milliseconds in repetition 9
Round trip time was 30.433 milliseconds in repetition 10
Round trip time was 25.887 milliseconds in repetition 11
Round trip time was 25.896 milliseconds in repetition 12
Round trip time was 26.530 milliseconds in repetition 13
Round trip time was 24.918 milliseconds in repetition 14
Round trip time was 25.067 milliseconds in repetition 15
Round trip time was 28.584 milliseconds in repetition 16
Round trip time was 26.086 milliseconds in repetition 17
Round trip time was 26.731 milliseconds in repetition 18
Round trip time was 28.296 milliseconds in repetition 19
Round trip time was 26.712 milliseconds in repetition 20
Round trip time was 29.998 milliseconds in repetition 21
Round trip time was 25.018 milliseconds in repetition 22
Round trip time was 24.153 milliseconds in repetition 23
Round trip time was 23.987 milliseconds in repetition 24
Round trip time was 25.593 milliseconds in repetition 25
Round trip time was 28.070 milliseconds in repetition 26
Round trip time was 25.106 milliseconds in repetition 27
Round trip time was 27.081 milliseconds in repetition 28
Round trip time was 27.618 milliseconds in repetition 29
Round trip time was 26.008 milliseconds in repetition 30
Round trip time was 25.419 milliseconds in repetition 31
Round trip time was 25.458 milliseconds in repetition 32
Round trip time was 25.443 milliseconds in repetition 33
Round trip time was 40.448 milliseconds in repetition 34
Round trip time was 25.345 milliseconds in repetition 35
Round trip time was 24.923 milliseconds in repetition 36
Round trip time was 26.265 milliseconds in repetition 37
Round trip time was 25.256 milliseconds in repetition 38
Round trip time was 27.140 milliseconds in repetition 39
Round trip time was 36.148 milliseconds in repetition 40
Round trip time was 28.117 milliseconds in repetition 41
Round trip time was 36.368 milliseconds in repetition 42
Round trip time was 24.966 milliseconds in repetition 43
Round trip time was 26.546 milliseconds in repetition 44
Round trip time was 49.096 milliseconds in repetition 45
Round trip time was 43.772 milliseconds in repetition 46
Round trip time was 40.912 milliseconds in repetition 47
Round trip time was 24.386 milliseconds in repetition 48
Round trip time was 24.399 milliseconds in repetition 49
Round trip time was 29.610 milliseconds in repetition 50
Round trip time was 29.473 milliseconds in repetition 51
Round trip time was 24.636 milliseconds in repetition 52
Round trip time was 25.092 milliseconds in repetition 53
Round trip time was 25.821 milliseconds in repetition 54
Round trip time was 26.852 milliseconds in repetition 55
Round trip time was 24.136 milliseconds in repetition 56
Round trip time was 49.098 milliseconds in repetition 57
Round trip time was 24.962 milliseconds in repetition 58
Round trip time was 29.632 milliseconds in repetition 59
Round trip time was 24.939 milliseconds in repetition 60
Round trip time was 25.216 milliseconds in repetition 61
Round trip time was 44.668 milliseconds in repetition 62
Round trip time was 30.941 milliseconds in repetition 63
Round trip time was 24.440 milliseconds in repetition 64
Round trip time was 24.428 milliseconds in repetition 65
Round trip time was 28.951 milliseconds in repetition 66
Round trip time was 37.417 milliseconds in repetition 67
Round trip time was 27.905 milliseconds in repetition 68
Round trip time was 25.068 milliseconds in repetition 69
Round trip time was 24.643 milliseconds in repetition 70
Round trip time was 38.199 milliseconds in repetition 71
Round trip time was 47.456 milliseconds in repetition 72
Round trip time was 53.773 milliseconds in repetition 73
Round trip time was 41.516 milliseconds in repetition 74
Round trip time was 27.263 milliseconds in repetition 75
Round trip time was 24.864 milliseconds in repetition 76
Round trip time was 26.987 milliseconds in repetition 77
Round trip time was 25.502 milliseconds in repetition 78
Round trip time was 42.634 milliseconds in repetition 79
Round trip time was 26.761 milliseconds in repetition 80
Round trip time was 25.337 milliseconds in repetition 81
Round trip time was 25.020 milliseconds in repetition 82
Round trip time was 25.730 milliseconds in repetition 83
Round trip time was 32.535 milliseconds in repetition 84
Round trip time was 28.719 milliseconds in repetition 85
Round trip time was 27.752 milliseconds in repetition 86
Round trip time was 27.364 milliseconds in repetition 87
Round trip time was 24.735 milliseconds in repetition 88
Round trip time was 42.940 milliseconds in repetition 89
Round trip time was 24.923 milliseconds in repetition 90
Round trip time was 34.411 milliseconds in repetition 91
Round trip time was 26.532 milliseconds in repetition 92
Round trip time was 27.895 milliseconds in repetition 93
Round trip time was 24.406 milliseconds in repetition 94
Round trip time was 27.922 milliseconds in repetition 95
Round trip time was 25.850 milliseconds in repetition 96
Round trip time was 24.041 milliseconds in repetition 97
Round trip time was 24.478 milliseconds in repetition 98
Round trip time was 28.880 milliseconds in repetition 99
Round trip time was 25.179 milliseconds in repetition 100
Round trip time was 24.637 milliseconds in repetition 101
Round trip time was 32.883 milliseconds in repetition 102
Round trip time was 29.177 milliseconds in repetition 103
Round trip time was 28.233 milliseconds in repetition 104
Round trip time was 35.285 milliseconds in repetition 105
Round trip time was 25.556 milliseconds in repetition 106
Round trip time was 27.561 milliseconds in repetition 107
Round trip time was 24.991 milliseconds in repetition 108
Round trip time was 25.845 milliseconds in repetition 109
Round trip time was 26.792 milliseconds in repetition 110
Round trip time was 24.895 milliseconds in repetition 111
Round trip time was 25.344 milliseconds in repetition 112
Round trip time was 26.362 milliseconds in repetition 113
Round trip time was 25.731 milliseconds in repetition 114
Round trip time was 24.337 milliseconds in repetition 115
Round trip time was 26.220 milliseconds in repetition 116
Round trip time was 25.263 milliseconds in repetition 117
Round trip time was 27.357 milliseconds in repetition 118
Round trip time was 24.969 milliseconds in repetition 119
Round trip time was 25.580 milliseconds in repetition 120
Round trip time was 24.991 milliseconds in repetition 121
Round trip time was 28.422 milliseconds in repetition 122
Round trip time was 30.950 milliseconds in repetition 123
Round trip time was 27.813 milliseconds in repetition 124
Round trip time was 26.915 milliseconds in repetition 125
Round trip time was 24.805 milliseconds in repetition 126
Round trip time was 24.499 milliseconds in repetition 127
Round trip time was 30.450 milliseconds in repetition 128
Round trip time was 33.348 milliseconds in repetition 129
Round trip time was 53.177 milliseconds in repetition 130
Round trip time was 26.375 milliseconds in repetition 131
Round trip time was 28.832 milliseconds in repetition 132
Round trip time was 27.297 milliseconds in repetition 133
Round trip time was 46.036 milliseconds in repetition 134
Round trip time was 46.911 milliseconds in repetition 135
Round trip time was 29.084 milliseconds in repetition 136
Round trip time was 27.067 milliseconds in repetition 137
Round trip time was 25.710 milliseconds in repetition 138
Round trip time was 27.372 milliseconds in repetition 139
Round trip time was 25.057 milliseconds in repetition 140
Round trip time was 27.755 milliseconds in repetition 141
Round trip time was 28.087 milliseconds in repetition 142
Round trip time was 26.217 milliseconds in repetition 143
Round trip time was 25.786 milliseconds in repetition 144
Round trip time was 26.261 milliseconds in repetition 145
Round trip time was 26.423 milliseconds in repetition 146
Round trip time was 26.582 milliseconds in repetition 147
Round trip time was 25.404 milliseconds in repetition 148
Round trip time was 26.591 milliseconds in repetition 149
Round trip time was 24.848 milliseconds in repetition 150
Round trip time was 36.776 milliseconds in repetition 151
Round trip time was 60.529 milliseconds in repetition 152
Round trip time was 34.278 milliseconds in repetition 153
Round trip time was 35.084 milliseconds in repetition 154
Round trip time was 24.695 milliseconds in repetition 155
Round trip time was 24.485 milliseconds in repetition 156
Round trip time was 32.436 milliseconds in repetition 157
Round trip time was 37.895 milliseconds in repetition 158
Round trip time was 28.739 milliseconds in repetition 159
Round trip time was 24.878 milliseconds in repetition 160
Round trip time was 25.520 milliseconds in repetition 161
Round trip time was 29.035 milliseconds in repetition 162
Round trip time was 27.253 milliseconds in repetition 163
Round trip time was 24.887 milliseconds in repetition 164
Round trip time was 29.072 milliseconds in repetition 165
Round trip time was 27.195 milliseconds in repetition 166
Round trip time was 24.015 milliseconds in repetition 167
Round trip time was 26.014 milliseconds in repetition 168
Round trip time was 25.328 milliseconds in repetition 169
Round trip time was 26.979 milliseconds in repetition 170
Round trip time was 32.012 milliseconds in repetition 171
Round trip time was 24.708 milliseconds in repetition 172
Round trip time was 30.234 milliseconds in repetition 173
Round trip time was 24.453 milliseconds in repetition 174
Round trip time was 24.864 milliseconds in repetition 175
Round trip time was 27.696 milliseconds in repetition 176
Round trip time was 29.355 milliseconds in repetition 177
Round trip time was 36.503 milliseconds in repetition 178
Round trip time was 26.701 milliseconds in repetition 179
Round trip time was 28.431 milliseconds in repetition 180
Round trip time was 28.620 milliseconds in repetition 181
Round trip time was 28.012 milliseconds in repetition 182
Round trip time was 24.113 milliseconds in repetition 183
Round trip time was 27.285 milliseconds in repetition 184
Round trip time was 24.382 milliseconds in repetition 185
Round trip time was 24.631 milliseconds in repetition 186
Round trip time was 24.424 milliseconds in repetition 187
Round trip time was 27.983 milliseconds in repetition 188
Round trip time was 27.355 milliseconds in repetition 189
Round trip time was 32.753 milliseconds in repetition 190
Round trip time was 34.420 milliseconds in repetition 191
Round trip time was 25.532 milliseconds in repetition 192
Round trip time was 25.513 milliseconds in repetition 193
Round trip time was 26.582 milliseconds in repetition 194
Round trip time was 24.492 milliseconds in repetition 195
Round trip time was 30.602 milliseconds in repetition 196
Round trip time was 24.365 milliseconds in repetition 197
Round trip time was 40.852 milliseconds in repetition 198
Round trip time was 26.068 milliseconds in repetition 199
Round trip time was 24.742 milliseconds in repetition 200
Round trip time was 24.543 milliseconds in repetition 201
Round trip time was 46.955 milliseconds in repetition 202
Round trip time was 28.211 milliseconds in repetition 203
Round trip time was 24.611 milliseconds in repetition 204
Round trip time was 26.899 milliseconds in repetition 205
Round trip time was 34.215 milliseconds in repetition 206
Round trip time was 25.208 milliseconds in repetition 207
Round trip time was 24.757 milliseconds in repetition 208
Round trip time was 28.029 milliseconds in repetition 209
Round trip time was 30.898 milliseconds in repetition 210
Round trip time was 25.923 milliseconds in repetition 211
Round trip time was 24.474 milliseconds in repetition 212
Round trip time was 27.866 milliseconds in repetition 213
Round trip time was 27.311 milliseconds in repetition 214
Round trip time was 24.349 milliseconds in repetition 215
Round trip time was 24.757 milliseconds in repetition 216
Round trip time was 28.296 milliseconds in repetition 217
Round trip time was 24.716 milliseconds in repetition 218
Round trip time was 27.057 milliseconds in repetition 219
Round trip time was 25.207 milliseconds in repetition 220
Round trip time was 24.716 milliseconds in repetition 221
Round trip time was 25.835 milliseconds in repetition 222
Round trip time was 24.907 milliseconds in repetition 223
Round trip time was 27.300 milliseconds in repetition 224
Round trip time was 27.383 milliseconds in repetition 225
Round trip time was 80.199 milliseconds in repetition 226
Round trip time was 41.523 milliseconds in repetition 227
Round trip time was 24.817 milliseconds in repetition 228
Round trip time was 26.413 milliseconds in repetition 229
Round trip time was 28.696 milliseconds in repetition 230
Round trip time was 25.336 milliseconds in repetition 231
Round trip time was 24.394 milliseconds in repetition 232
Round trip time was 25.675 milliseconds in repetition 233
Round trip time was 25.261 milliseconds in repetition 234
Round trip time was 26.513 milliseconds in repetition 235
Round trip time was 27.471 milliseconds in repetition 236
Round trip time was 25.552 milliseconds in repetition 237
Round trip time was 36.293 milliseconds in repetition 238
Round trip time was 26.520 milliseconds in repetition 239
Round trip time was 35.069 milliseconds in repetition 240
Round trip time was 30.917 milliseconds in repetition 241
Round trip time was 29.477 milliseconds in repetition 242
Round trip time was 27.729 milliseconds in repetition 243
Round trip time was 30.100 milliseconds in repetition 244
Round trip time was 24.759 milliseconds in repetition 245
Round trip time was 25.912 milliseconds in repetition 246
Round trip time was 24.504 milliseconds in repetition 247
Round trip time was 27.413 milliseconds in repetition 248
Round trip time was 28.946 milliseconds in repetition 249
Round trip time was 45.988 milliseconds in repetition 250
Round trip time was 31.758 milliseconds in repetition 251
Round trip time was 32.746 milliseconds in repetition 252
Round trip time was 26.785 milliseconds in repetition 253
Round trip time was 26.574 milliseconds in repetition 254
Round trip time was 24.849 milliseconds in repetition 255
Round trip time was 24.714 milliseconds in repetition 256
Round trip time was 25.401 milliseconds in repetition 257
Round trip time was 27.549 milliseconds in repetition 258
Round trip time was 25.275 milliseconds in repetition 259
Round trip time was 24.787 milliseconds in repetition 260
Round trip time was 24.712 milliseconds in repetition 261
Round trip time was 28.195 milliseconds in repetition 262
Round trip time was 26.256 milliseconds in repetition 263
Round trip time was 24.797 milliseconds in repetition 264
Round trip time was 25.818 milliseconds in repetition 265
Round trip time was 25.218 milliseconds in repetition 266
Round trip time was 26.271 milliseconds in repetition 267
Round trip time was 25.086 milliseconds in repetition 268
Round trip time was 27.855 milliseconds in repetition 269
Round trip time was 27.325 milliseconds in repetition 270
Round trip time was 25.892 milliseconds in repetition 271
Round trip time was 25.461 milliseconds in repetition 272
Round trip time was 24.499 milliseconds in repetition 273
Round trip time was 27.411 milliseconds in repetition 274
Round trip time was 30.218 milliseconds in repetition 275
Round trip time was 56.198 milliseconds in repetition 276
Round trip time was 35.528 milliseconds in repetition 277
Round trip time was 24.141 milliseconds in repetition 278
Round trip time was 24.480 milliseconds in repetition 279
Round trip time was 26.802 milliseconds in repetition 280
Round trip time was 38.161 milliseconds in repetition 281
Round trip time was 24.954 milliseconds in repetition 282
Round trip time was 29.521 milliseconds in repetition 283
Round trip time was 25.274 milliseconds in repetition 284
Round trip time was 27.352 milliseconds in repetition 285
Round trip time was 24.660 milliseconds in repetition 286
Round trip time was 24.809 milliseconds in repetition 287
Round trip time was 25.056 milliseconds in repetition 288
Round trip time was 26.937 milliseconds in repetition 289
Round trip time was 34.979 milliseconds in repetition 290
Round trip time was 32.055 milliseconds in repetition 291
Round trip time was 24.806 milliseconds in repetition 292
Round trip time was 26.610 milliseconds in repetition 293
Round trip time was 33.747 milliseconds in repetition 294
Round trip time was 42.978 milliseconds in repetition 295
Round trip time was 28.974 milliseconds in repetition 296
Round trip time was 31.968 milliseconds in repetition 297
Round trip time was 25.606 milliseconds in repetition 298
Round trip time was 31.183 milliseconds in repetition 299
Round trip time was 25.290 milliseconds in repetition 300
Round trip time was 44.051 milliseconds in repetition 301
Round trip time was 27.186 milliseconds in repetition 302
Round trip time was 24.593 milliseconds in repetition 303
Round trip time was 25.776 milliseconds in repetition 304
Round trip time was 26.600 milliseconds in repetition 305
Round trip time was 25.616 milliseconds in repetition 306
Round trip time was 31.262 milliseconds in repetition 307
Round trip time was 26.990 milliseconds in repetition 308
Round trip time was 35.824 milliseconds in repetition 309
Round trip time was 24.582 milliseconds in repetition 310
Round trip time was 24.361 milliseconds in repetition 311
Round trip time was 25.479 milliseconds in repetition 312
Round trip time was 24.598 milliseconds in repetition 313
Round trip time was 26.236 milliseconds in repetition 314
Round trip time was 24.072 milliseconds in repetition 315
Round trip time was 34.702 milliseconds in repetition 316
Round trip time was 24.483 milliseconds in repetition 317
Round trip time was 25.045 milliseconds in repetition 318
Round trip time was 24.565 milliseconds in repetition 319
Round trip time was 31.982 milliseconds in repetition 320
Round trip time was 25.268 milliseconds in repetition 321
Round trip time was 24.672 milliseconds in repetition 322
Round trip time was 25.401 milliseconds in repetition 323
Round trip time was 44.508 milliseconds in repetition 324
Round trip time was 25.123 milliseconds in repetition 325
Round trip time was 24.238 milliseconds in repetition 326
Round trip time was 24.891 milliseconds in repetition 327
Round trip time was 27.667 milliseconds in repetition 328
Round trip time was 24.489 milliseconds in repetition 329
Round trip time was 26.281 milliseconds in repetition 330
Round trip time was 34.022 milliseconds in repetition 331
Round trip time was 31.503 milliseconds in repetition 332
Round trip time was 24.751 milliseconds in repetition 333
Round trip time was 24.998 milliseconds in repetition 334
Round trip time was 30.381 milliseconds in repetition 335
Round trip time was 27.104 milliseconds in repetition 336
Round trip time was 24.559 milliseconds in repetition 337
Round trip time was 28.597 milliseconds in repetition 338
Round trip time was 47.023 milliseconds in repetition 339
Round trip time was 25.213 milliseconds in repetition 340
Round trip time was 28.483 milliseconds in repetition 341
Round trip time was 25.414 milliseconds in repetition 342
Round trip time was 34.487 milliseconds in repetition 343
Round trip time was 32.113 milliseconds in repetition 344
Round trip time was 24.263 milliseconds in repetition 345
Round trip time was 25.987 milliseconds in repetition 346
Round trip time was 24.648 milliseconds in repetition 347
Round trip time was 53.062 milliseconds in repetition 348
Round trip time was 26.488 milliseconds in repetition 349
Round trip time was 24.551 milliseconds in repetition 350
Round trip time was 24.396 milliseconds in repetition 351
Round trip time was 24.905 milliseconds in repetition 352
Round trip time was 24.873 milliseconds in repetition 353
Round trip time was 27.184 milliseconds in repetition 354
Round trip time was 24.575 milliseconds in repetition 355
Round trip time was 30.500 milliseconds in repetition 356
Round trip time was 27.099 milliseconds in repetition 357
Round trip time was 40.438 milliseconds in repetition 358
Round trip time was 33.335 milliseconds in repetition 359
Round trip time was 28.832 milliseconds in repetition 360
Round trip time was 26.432 milliseconds in repetition 361
Round trip time was 25.897 milliseconds in repetition 362
Round trip time was 27.792 milliseconds in repetition 363
Round trip time was 31.172 milliseconds in repetition 364
Round trip time was 31.202 milliseconds in repetition 365
Round trip time was 30.353 milliseconds in repetition 366
Round trip time was 26.684 milliseconds in repetition 367
Round trip time was 26.179 milliseconds in repetition 368
Round trip time was 25.187 milliseconds in repetition 369
Round trip time was 24.778 milliseconds in repetition 370
Round trip time was 36.467 milliseconds in repetition 371
Round trip time was 51.490 milliseconds in repetition 372
Round trip time was 28.802 milliseconds in repetition 373
Round trip time was 40.641 milliseconds in repetition 374
Round trip time was 37.015 milliseconds in repetition 375
Round trip time was 24.683 milliseconds in repetition 376
Round trip time was 25.832 milliseconds in repetition 377
Round trip time was 27.344 milliseconds in repetition 378
Round trip time was 25.092 milliseconds in repetition 379
Round trip time was 24.927 milliseconds in repetition 380
Round trip time was 25.165 milliseconds in repetition 381
Round trip time was 26.773 milliseconds in repetition 382
Round trip time was 25.425 milliseconds in repetition 383
Round trip time was 25.061 milliseconds in repetition 384
Round trip time was 25.437 milliseconds in repetition 385
Round trip time was 24.434 milliseconds in repetition 386
Round trip time was 27.410 milliseconds in repetition 387
Round trip time was 24.826 milliseconds in repetition 388
Round trip time was 26.497 milliseconds in repetition 389
Round trip time was 24.832 milliseconds in repetition 390
Round trip time was 32.715 milliseconds in repetition 391
Round trip time was 25.208 milliseconds in repetition 392
Round trip time was 24.591 milliseconds in repetition 393
Round trip time was 36.349 milliseconds in repetition 394
Round trip time was 28.004 milliseconds in repetition 395
Round trip time was 25.970 milliseconds in repetition 396
Round trip time was 32.049 milliseconds in repetition 397
Round trip time was 35.261 milliseconds in repetition 398
Round trip time was 26.428 milliseconds in repetition 399
Round trip time was 26.062 milliseconds in repetition 400
Round trip time was 24.973 milliseconds in repetition 401
Round trip time was 31.365 milliseconds in repetition 402
Round trip time was 34.214 milliseconds in repetition 403
Round trip time was 24.715 milliseconds in repetition 404
Round trip time was 26.725 milliseconds in repetition 405
Round trip time was 24.463 milliseconds in repetition 406
Round trip time was 26.346 milliseconds in repetition 407
Round trip time was 59.522 milliseconds in repetition 408
Round trip time was 35.665 milliseconds in repetition 409
Round trip time was 51.466 milliseconds in repetition 410
Round trip time was 30.434 milliseconds in repetition 411
Round trip time was 33.184 milliseconds in repetition 412
Round trip time was 29.886 milliseconds in repetition 413
Round trip time was 25.605 milliseconds in repetition 414
Round trip time was 27.063 milliseconds in repetition 415
Round trip time was 26.170 milliseconds in repetition 416
Round trip time was 29.408 milliseconds in repetition 417
Round trip time was 27.947 milliseconds in repetition 418
Round trip time was 45.216 milliseconds in repetition 419
Round trip time was 26.055 milliseconds in repetition 420
Round trip time was 25.263 milliseconds in repetition 421
Round trip time was 24.511 milliseconds in repetition 422
Round trip time was 24.671 milliseconds in repetition 423
Round trip time was 25.530 milliseconds in repetition 424
Round trip time was 24.798 milliseconds in repetition 425
Round trip time was 24.694 milliseconds in repetition 426
Round trip time was 33.193 milliseconds in repetition 427
Round trip time was 87.908 milliseconds in repetition 428
Round trip time was 24.712 milliseconds in repetition 429
Round trip time was 26.151 milliseconds in repetition 430
Round trip time was 25.885 milliseconds in repetition 431
Round trip time was 26.014 milliseconds in repetition 432
Round trip time was 24.270 milliseconds in repetition 433
Round trip time was 25.176 milliseconds in repetition 434
Round trip time was 25.331 milliseconds in repetition 435
Round trip time was 27.416 milliseconds in repetition 436
Round trip time was 24.341 milliseconds in repetition 437
Round trip time was 39.819 milliseconds in repetition 438
Round trip time was 31.885 milliseconds in repetition 439
Round trip time was 26.844 milliseconds in repetition 440
Round trip time was 29.306 milliseconds in repetition 441
Round trip time was 50.538 milliseconds in repetition 442
Round trip time was 26.834 milliseconds in repetition 443
Round trip time was 34.049 milliseconds in repetition 444
Round trip time was 26.969 milliseconds in repetition 445
Round trip time was 24.567 milliseconds in repetition 446
Round trip time was 26.630 milliseconds in repetition 447
Round trip time was 24.913 milliseconds in repetition 448
Round trip time was 27.522 milliseconds in repetition 449
Round trip time was 28.759 milliseconds in repetition 450
Round trip time was 25.388 milliseconds in repetition 451
Round trip time was 24.946 milliseconds in repetition 452
Round trip time was 27.412 milliseconds in repetition 453
Round trip time was 24.510 milliseconds in repetition 454
Round trip time was 25.428 milliseconds in repetition 455
Round trip time was 28.317 milliseconds in repetition 456
Round trip time was 28.388 milliseconds in repetition 457
Round trip time was 26.507 milliseconds in repetition 458
Round trip time was 26.116 milliseconds in repetition 459
Round trip time was 34.760 milliseconds in repetition 460
Round trip time was 24.517 milliseconds in repetition 461
Round trip time was 32.156 milliseconds in repetition 462
Round trip time was 24.837 milliseconds in repetition 463
Round trip time was 26.583 milliseconds in repetition 464
Round trip time was 24.783 milliseconds in repetition 465
Round trip time was 26.117 milliseconds in repetition 466
Round trip time was 42.995 milliseconds in repetition 467
Round trip time was 25.083 milliseconds in repetition 468
Round trip time was 25.792 milliseconds in repetition 469
Round trip time was 30.678 milliseconds in repetition 470
Round trip time was 25.546 milliseconds in repetition 471
Round trip time was 26.773 milliseconds in repetition 472
Round trip time was 27.454 milliseconds in repetition 473
Round trip time was 25.995 milliseconds in repetition 474
Round trip time was 30.428 milliseconds in repetition 475
Round trip time was 24.737 milliseconds in repetition 476
Round trip time was 30.018 milliseconds in repetition 477
Round trip time was 38.136 milliseconds in repetition 478
Round trip time was 27.564 milliseconds in repetition 479
Round trip time was 26.944 milliseconds in repetition 480
Round trip time was 25.348 milliseconds in repetition 481
Round trip time was 27.593 milliseconds in repetition 482
Round trip time was 28.853 milliseconds in repetition 483
Round trip time was 33.051 milliseconds in repetition 484
Round trip time was 28.064 milliseconds in repetition 485
Round trip time was 27.843 milliseconds in repetition 486
Round trip time was 25.469 milliseconds in repetition 487
Round trip time was 31.978 milliseconds in repetition 488
Round trip time was 24.972 milliseconds in repetition 489
Round trip time was 24.354 milliseconds in repetition 490
Round trip time was 24.727 milliseconds in repetition 491
Round trip time was 34.679 milliseconds in repetition 492
Round trip time was 24.428 milliseconds in repetition 493
Round trip time was 35.142 milliseconds in repetition 494
Round trip time was 30.324 milliseconds in repetition 495
Round trip time was 29.385 milliseconds in repetition 496
Round trip time was 25.813 milliseconds in repetition 497
Round trip time was 25.111 milliseconds in repetition 498
Round trip time was 27.939 milliseconds in repetition 499
Round trip time was 25.326 milliseconds in repetition 500
Round trip time was 26.552 milliseconds in repetition 501

 ... clock resolution was 0.0001
UDP Ping:  Statistics over 501 repetitions of 1024 byte messages

RTT : percentile 10: 24.5915, median: 26.5817, percentile 90: 36.1476, average: 28.9515, variance: 48.6659

RTT histogram:
23.9866 184
27.1826 175
30.3787 52
33.5748 34
36.7709 18
39.9669 8
43.163 8
46.3591 9
49.5552 3
52.7512 5
55.9473 1
59.1434 2
62.3395 0
65.5355 0
68.7316 0
71.9277 0
75.1237 0
78.3198 0
81.5159 1
84.712 0
87.908 1

   median Throughput : 77.0455 KB/s   overall Throughput : 70.7391 KB/s

