UDP Ping trying to connect to server seti.dibris.unige.it (130.251.61.30) on TCP port 1491
 ... connected to Pong server: asking for 501 repetitions of 6144 _bytes UDP messages
 ... Pong server agreed to ping-pong using port 49834 :-)
Round trip time was 116.073 milliseconds in repetition 1
Round trip time was 40.261 milliseconds in repetition 2
Round trip time was 34.561 milliseconds in repetition 3
Round trip time was 45.160 milliseconds in repetition 4
Round trip time was 37.285 milliseconds in repetition 5
Round trip time was 31.267 milliseconds in repetition 6
Round trip time was 30.776 milliseconds in repetition 7
Round trip time was 38.874 milliseconds in repetition 8
Round trip time was 34.925 milliseconds in repetition 9
Round trip time was 33.177 milliseconds in repetition 10
Round trip time was 33.529 milliseconds in repetition 11
Round trip time was 34.331 milliseconds in repetition 12
Round trip time was 31.759 milliseconds in repetition 13
Round trip time was 48.443 milliseconds in repetition 14
Round trip time was 32.521 milliseconds in repetition 15
Round trip time was 34.369 milliseconds in repetition 16
Round trip time was 35.490 milliseconds in repetition 17
Round trip time was 31.920 milliseconds in repetition 18
Round trip time was 34.490 milliseconds in repetition 19
Round trip time was 37.756 milliseconds in repetition 20
Round trip time was 30.837 milliseconds in repetition 21
Round trip time was 33.865 milliseconds in repetition 22
Round trip time was 36.538 milliseconds in repetition 23
Round trip time was 37.865 milliseconds in repetition 24
Round trip time was 34.951 milliseconds in repetition 25
Round trip time was 33.113 milliseconds in repetition 26
Round trip time was 32.710 milliseconds in repetition 27
Round trip time was 30.257 milliseconds in repetition 28
Round trip time was 39.115 milliseconds in repetition 29
Round trip time was 33.426 milliseconds in repetition 30
Round trip time was 33.133 milliseconds in repetition 31
Round trip time was 35.222 milliseconds in repetition 32
Round trip time was 33.114 milliseconds in repetition 33
Round trip time was 35.338 milliseconds in repetition 34
Round trip time was 30.024 milliseconds in repetition 35
Round trip time was 29.629 milliseconds in repetition 36
Round trip time was 36.032 milliseconds in repetition 37
Round trip time was 29.622 milliseconds in repetition 38
Round trip time was 41.590 milliseconds in repetition 39
Round trip time was 31.396 milliseconds in repetition 40
Round trip time was 30.478 milliseconds in repetition 41
Round trip time was 37.678 milliseconds in repetition 42
Round trip time was 33.644 milliseconds in repetition 43
Round trip time was 59.989 milliseconds in repetition 44
Round trip time was 37.441 milliseconds in repetition 45
Round trip time was 34.381 milliseconds in repetition 46
Round trip time was 37.894 milliseconds in repetition 47
Round trip time was 34.806 milliseconds in repetition 48
Round trip time was 71.030 milliseconds in repetition 49
Round trip time was 32.068 milliseconds in repetition 50
Round trip time was 34.873 milliseconds in repetition 51
Round trip time was 34.180 milliseconds in repetition 52
Round trip time was 35.550 milliseconds in repetition 53
Round trip time was 34.950 milliseconds in repetition 54
Round trip time was 29.570 milliseconds in repetition 55
Round trip time was 35.645 milliseconds in repetition 56
Round trip time was 29.672 milliseconds in repetition 57
Round trip time was 32.543 milliseconds in repetition 58
Round trip time was 46.432 milliseconds in repetition 59
Round trip time was 37.475 milliseconds in repetition 60
Round trip time was 33.639 milliseconds in repetition 61
Round trip time was 31.616 milliseconds in repetition 62
Round trip time was 34.307 milliseconds in repetition 63
Round trip time was 34.137 milliseconds in repetition 64
Round trip time was 43.921 milliseconds in repetition 65
Round trip time was 37.540 milliseconds in repetition 66
Round trip time was 29.331 milliseconds in repetition 67
Round trip time was 30.908 milliseconds in repetition 68
Round trip time was 45.563 milliseconds in repetition 69
Round trip time was 29.045 milliseconds in repetition 70
Round trip time was 31.205 milliseconds in repetition 71
Round trip time was 28.973 milliseconds in repetition 72
Round trip time was 29.980 milliseconds in repetition 73
Round trip time was 31.284 milliseconds in repetition 74
Round trip time was 32.986 milliseconds in repetition 75
Round trip time was 33.356 milliseconds in repetition 76
Round trip time was 32.714 milliseconds in repetition 77
Round trip time was 36.207 milliseconds in repetition 78
Round trip time was 30.511 milliseconds in repetition 79
Round trip time was 34.452 milliseconds in repetition 80
Round trip time was 66.797 milliseconds in repetition 81
Round trip time was 64.433 milliseconds in repetition 82
Round trip time was 35.196 milliseconds in repetition 83
Round trip time was 29.637 milliseconds in repetition 84
Round trip time was 64.470 milliseconds in repetition 85
Round trip time was 37.058 milliseconds in repetition 86
Round trip time was 36.527 milliseconds in repetition 87
Round trip time was 31.945 milliseconds in repetition 88
Round trip time was 29.886 milliseconds in repetition 89
Round trip time was 29.980 milliseconds in repetition 90
Round trip time was 29.588 milliseconds in repetition 91
Round trip time was 30.387 milliseconds in repetition 92
Round trip time was 32.605 milliseconds in repetition 93
Round trip time was 42.721 milliseconds in repetition 94
Round trip time was 32.842 milliseconds in repetition 95
Round trip time was 46.936 milliseconds in repetition 96
Round trip time was 33.553 milliseconds in repetition 97
Round trip time was 42.362 milliseconds in repetition 98
Round trip time was 36.438 milliseconds in repetition 99
Round trip time was 29.802 milliseconds in repetition 100
Round trip time was 48.169 milliseconds in repetition 101
Round trip time was 32.311 milliseconds in repetition 102
Round trip time was 31.576 milliseconds in repetition 103
Round trip time was 30.720 milliseconds in repetition 104
Round trip time was 42.018 milliseconds in repetition 105
Round trip time was 34.452 milliseconds in repetition 106
Round trip time was 33.137 milliseconds in repetition 107
Round trip time was 42.099 milliseconds in repetition 108
Round trip time was 30.795 milliseconds in repetition 109
Round trip time was 59.182 milliseconds in repetition 110
Round trip time was 29.627 milliseconds in repetition 111
Round trip time was 31.499 milliseconds in repetition 112
Round trip time was 31.496 milliseconds in repetition 113
Round trip time was 31.489 milliseconds in repetition 114
Round trip time was 33.575 milliseconds in repetition 115
Round trip time was 32.807 milliseconds in repetition 116
Round trip time was 39.353 milliseconds in repetition 117
Round trip time was 32.039 milliseconds in repetition 118
Round trip time was 32.475 milliseconds in repetition 119
Round trip time was 43.276 milliseconds in repetition 120
Round trip time was 33.675 milliseconds in repetition 121
Round trip time was 33.265 milliseconds in repetition 122
Round trip time was 33.837 milliseconds in repetition 123
Round trip time was 44.160 milliseconds in repetition 124
Round trip time was 33.235 milliseconds in repetition 125
Round trip time was 31.981 milliseconds in repetition 126
Round trip time was 30.005 milliseconds in repetition 127
Round trip time was 30.632 milliseconds in repetition 128
Round trip time was 36.863 milliseconds in repetition 129
Round trip time was 30.892 milliseconds in repetition 130
Round trip time was 33.098 milliseconds in repetition 131
Round trip time was 31.742 milliseconds in repetition 132
Round trip time was 35.320 milliseconds in repetition 133
Round trip time was 41.254 milliseconds in repetition 134
Round trip time was 31.738 milliseconds in repetition 135
Round trip time was 34.391 milliseconds in repetition 136
Round trip time was 31.825 milliseconds in repetition 137
Round trip time was 34.903 milliseconds in repetition 138
Round trip time was 31.633 milliseconds in repetition 139
Round trip time was 34.736 milliseconds in repetition 140
Round trip time was 41.968 milliseconds in repetition 141
Round trip time was 29.700 milliseconds in repetition 142
Round trip time was 33.081 milliseconds in repetition 143
Round trip time was 31.573 milliseconds in repetition 144
Round trip time was 29.566 milliseconds in repetition 145

 ... received 0 bytes instead of 6144 (lost count = 1); re-trying ...
 ... re-trying ...
Round trip time was 35.367 milliseconds in repetition 146
Round trip time was 40.024 milliseconds in repetition 147
Round trip time was 30.412 milliseconds in repetition 148
Round trip time was 36.291 milliseconds in repetition 149
Round trip time was 36.519 milliseconds in repetition 150
Round trip time was 36.315 milliseconds in repetition 151
Round trip time was 32.237 milliseconds in repetition 152
Round trip time was 32.294 milliseconds in repetition 153
Round trip time was 32.999 milliseconds in repetition 154
Round trip time was 31.236 milliseconds in repetition 155
Round trip time was 31.899 milliseconds in repetition 156
Round trip time was 29.727 milliseconds in repetition 157
Round trip time was 31.103 milliseconds in repetition 158
Round trip time was 42.623 milliseconds in repetition 159
Round trip time was 40.306 milliseconds in repetition 160
Round trip time was 32.080 milliseconds in repetition 161
Round trip time was 45.989 milliseconds in repetition 162
Round trip time was 36.130 milliseconds in repetition 163
Round trip time was 32.511 milliseconds in repetition 164
Round trip time was 32.904 milliseconds in repetition 165
Round trip time was 30.375 milliseconds in repetition 166
Round trip time was 30.506 milliseconds in repetition 167
Round trip time was 33.040 milliseconds in repetition 168
Round trip time was 32.086 milliseconds in repetition 169
Round trip time was 42.807 milliseconds in repetition 170
Round trip time was 44.467 milliseconds in repetition 171
Round trip time was 30.801 milliseconds in repetition 172
Round trip time was 30.293 milliseconds in repetition 173
Round trip time was 31.230 milliseconds in repetition 174
Round trip time was 31.968 milliseconds in repetition 175
Round trip time was 33.163 milliseconds in repetition 176
Round trip time was 33.523 milliseconds in repetition 177
Round trip time was 31.815 milliseconds in repetition 178
Round trip time was 43.526 milliseconds in repetition 179
Round trip time was 31.441 milliseconds in repetition 180
Round trip time was 35.612 milliseconds in repetition 181
Round trip time was 35.146 milliseconds in repetition 182
Round trip time was 41.738 milliseconds in repetition 183
Round trip time was 32.970 milliseconds in repetition 184
Round trip time was 31.341 milliseconds in repetition 185
Round trip time was 38.338 milliseconds in repetition 186
Round trip time was 29.897 milliseconds in repetition 187
Round trip time was 33.750 milliseconds in repetition 188
Round trip time was 38.892 milliseconds in repetition 189
Round trip time was 29.612 milliseconds in repetition 190
Round trip time was 45.672 milliseconds in repetition 191
Round trip time was 29.814 milliseconds in repetition 192
Round trip time was 29.663 milliseconds in repetition 193
Round trip time was 31.011 milliseconds in repetition 194
Round trip time was 40.376 milliseconds in repetition 195
Round trip time was 45.515 milliseconds in repetition 196
Round trip time was 35.660 milliseconds in repetition 197
Round trip time was 29.513 milliseconds in repetition 198
Round trip time was 30.498 milliseconds in repetition 199
Round trip time was 32.353 milliseconds in repetition 200
Round trip time was 33.529 milliseconds in repetition 201
Round trip time was 31.009 milliseconds in repetition 202
Round trip time was 29.965 milliseconds in repetition 203
Round trip time was 37.087 milliseconds in repetition 204
Round trip time was 31.584 milliseconds in repetition 205
Round trip time was 32.243 milliseconds in repetition 206
Round trip time was 45.160 milliseconds in repetition 207
Round trip time was 34.611 milliseconds in repetition 208
Round trip time was 43.272 milliseconds in repetition 209
Round trip time was 29.569 milliseconds in repetition 210
Round trip time was 36.090 milliseconds in repetition 211
Round trip time was 34.476 milliseconds in repetition 212
Round trip time was 31.282 milliseconds in repetition 213
Round trip time was 31.907 milliseconds in repetition 214
Round trip time was 31.852 milliseconds in repetition 215
Round trip time was 29.720 milliseconds in repetition 216
Round trip time was 29.524 milliseconds in repetition 217
Round trip time was 28.786 milliseconds in repetition 218
Round trip time was 30.701 milliseconds in repetition 219
Round trip time was 34.725 milliseconds in repetition 220
Round trip time was 36.364 milliseconds in repetition 221
Round trip time was 30.478 milliseconds in repetition 222
Round trip time was 29.575 milliseconds in repetition 223
Round trip time was 31.056 milliseconds in repetition 224
Round trip time was 34.823 milliseconds in repetition 225
Round trip time was 30.348 milliseconds in repetition 226
Round trip time was 29.253 milliseconds in repetition 227
Round trip time was 31.223 milliseconds in repetition 228
Round trip time was 30.181 milliseconds in repetition 229
Round trip time was 29.795 milliseconds in repetition 230
Round trip time was 42.280 milliseconds in repetition 231
Round trip time was 32.768 milliseconds in repetition 232
Round trip time was 29.451 milliseconds in repetition 233
Round trip time was 32.716 milliseconds in repetition 234
Round trip time was 44.103 milliseconds in repetition 235
Round trip time was 35.476 milliseconds in repetition 236
Round trip time was 41.927 milliseconds in repetition 237
Round trip time was 35.920 milliseconds in repetition 238
Round trip time was 32.234 milliseconds in repetition 239
Round trip time was 33.275 milliseconds in repetition 240
Round trip time was 53.190 milliseconds in repetition 241
Round trip time was 30.741 milliseconds in repetition 242
Round trip time was 38.078 milliseconds in repetition 243
Round trip time was 31.898 milliseconds in repetition 244
Round trip time was 39.728 milliseconds in repetition 245
Round trip time was 29.244 milliseconds in repetition 246
Round trip time was 34.285 milliseconds in repetition 247
Round trip time was 43.116 milliseconds in repetition 248
Round trip time was 34.571 milliseconds in repetition 249
Round trip time was 29.817 milliseconds in repetition 250
Round trip time was 33.395 milliseconds in repetition 251
Round trip time was 40.299 milliseconds in repetition 252
Round trip time was 34.220 milliseconds in repetition 253
Round trip time was 33.135 milliseconds in repetition 254
Round trip time was 31.707 milliseconds in repetition 255
Round trip time was 29.059 milliseconds in repetition 256
Round trip time was 45.609 milliseconds in repetition 257
Round trip time was 32.299 milliseconds in repetition 258
Round trip time was 29.253 milliseconds in repetition 259
Round trip time was 34.026 milliseconds in repetition 260
Round trip time was 30.715 milliseconds in repetition 261
Round trip time was 31.029 milliseconds in repetition 262
Round trip time was 30.605 milliseconds in repetition 263
Round trip time was 37.223 milliseconds in repetition 264
Round trip time was 31.113 milliseconds in repetition 265
Round trip time was 29.944 milliseconds in repetition 266
Round trip time was 29.085 milliseconds in repetition 267
Round trip time was 30.973 milliseconds in repetition 268
Round trip time was 32.143 milliseconds in repetition 269
Round trip time was 34.583 milliseconds in repetition 270
Round trip time was 41.572 milliseconds in repetition 271
Round trip time was 32.205 milliseconds in repetition 272
Round trip time was 35.159 milliseconds in repetition 273
Round trip time was 29.255 milliseconds in repetition 274
Round trip time was 31.024 milliseconds in repetition 275
Round trip time was 33.537 milliseconds in repetition 276
Round trip time was 31.774 milliseconds in repetition 277
Round trip time was 44.084 milliseconds in repetition 278
Round trip time was 31.044 milliseconds in repetition 279
Round trip time was 54.348 milliseconds in repetition 280
Round trip time was 79.702 milliseconds in repetition 281
Round trip time was 34.866 milliseconds in repetition 282
Round trip time was 33.341 milliseconds in repetition 283
Round trip time was 29.849 milliseconds in repetition 284
Round trip time was 35.132 milliseconds in repetition 285
Round trip time was 30.502 milliseconds in repetition 286
Round trip time was 40.997 milliseconds in repetition 287
Round trip time was 45.152 milliseconds in repetition 288
Round trip time was 31.439 milliseconds in repetition 289
Round trip time was 30.614 milliseconds in repetition 290
Round trip time was 29.515 milliseconds in repetition 291
Round trip time was 35.290 milliseconds in repetition 292
Round trip time was 33.479 milliseconds in repetition 293
Round trip time was 31.516 milliseconds in repetition 294
Round trip time was 35.286 milliseconds in repetition 295
Round trip time was 31.474 milliseconds in repetition 296
Round trip time was 28.678 milliseconds in repetition 297
Round trip time was 34.337 milliseconds in repetition 298
Round trip time was 35.352 milliseconds in repetition 299
Round trip time was 53.015 milliseconds in repetition 300
Round trip time was 37.982 milliseconds in repetition 301
Round trip time was 33.531 milliseconds in repetition 302
Round trip time was 31.563 milliseconds in repetition 303
Round trip time was 29.812 milliseconds in repetition 304
Round trip time was 32.529 milliseconds in repetition 305
Round trip time was 33.551 milliseconds in repetition 306
Round trip time was 31.691 milliseconds in repetition 307
Round trip time was 30.750 milliseconds in repetition 308
Round trip time was 32.341 milliseconds in repetition 309
Round trip time was 33.195 milliseconds in repetition 310
Round trip time was 32.288 milliseconds in repetition 311
Round trip time was 29.436 milliseconds in repetition 312
Round trip time was 29.911 milliseconds in repetition 313
Round trip time was 29.508 milliseconds in repetition 314
Round trip time was 38.863 milliseconds in repetition 315
Round trip time was 34.041 milliseconds in repetition 316
Round trip time was 63.310 milliseconds in repetition 317
Round trip time was 55.358 milliseconds in repetition 318
Round trip time was 30.340 milliseconds in repetition 319
Round trip time was 32.688 milliseconds in repetition 320
Round trip time was 29.045 milliseconds in repetition 321
Round trip time was 35.313 milliseconds in repetition 322
Round trip time was 29.573 milliseconds in repetition 323
Round trip time was 33.330 milliseconds in repetition 324
Round trip time was 30.483 milliseconds in repetition 325
Round trip time was 29.305 milliseconds in repetition 326
Round trip time was 32.518 milliseconds in repetition 327
Round trip time was 29.449 milliseconds in repetition 328
Round trip time was 29.952 milliseconds in repetition 329
Round trip time was 29.521 milliseconds in repetition 330
Round trip time was 39.078 milliseconds in repetition 331
Round trip time was 32.489 milliseconds in repetition 332
Round trip time was 30.714 milliseconds in repetition 333
Round trip time was 33.899 milliseconds in repetition 334
Round trip time was 29.714 milliseconds in repetition 335
Round trip time was 30.923 milliseconds in repetition 336
Round trip time was 29.038 milliseconds in repetition 337
Round trip time was 29.937 milliseconds in repetition 338
Round trip time was 34.089 milliseconds in repetition 339
Round trip time was 38.645 milliseconds in repetition 340
Round trip time was 29.822 milliseconds in repetition 341
Round trip time was 32.423 milliseconds in repetition 342
Round trip time was 34.175 milliseconds in repetition 343
Round trip time was 35.748 milliseconds in repetition 344
Round trip time was 30.560 milliseconds in repetition 345
Round trip time was 30.617 milliseconds in repetition 346
Round trip time was 33.523 milliseconds in repetition 347
Round trip time was 33.334 milliseconds in repetition 348
Round trip time was 32.016 milliseconds in repetition 349
Round trip time was 30.648 milliseconds in repetition 350
Round trip time was 31.654 milliseconds in repetition 351
Round trip time was 36.776 milliseconds in repetition 352
Round trip time was 33.410 milliseconds in repetition 353
Round trip time was 31.904 milliseconds in repetition 354
Round trip time was 33.912 milliseconds in repetition 355
Round trip time was 33.201 milliseconds in repetition 356
Round trip time was 30.490 milliseconds in repetition 357
Round trip time was 31.959 milliseconds in repetition 358
Round trip time was 32.586 milliseconds in repetition 359
Round trip time was 32.309 milliseconds in repetition 360
Round trip time was 32.905 milliseconds in repetition 361
Round trip time was 31.393 milliseconds in repetition 362
Round trip time was 39.710 milliseconds in repetition 363
Round trip time was 31.605 milliseconds in repetition 364
Round trip time was 32.379 milliseconds in repetition 365
Round trip time was 30.744 milliseconds in repetition 366
Round trip time was 29.099 milliseconds in repetition 367
Round trip time was 35.421 milliseconds in repetition 368
Round trip time was 35.682 milliseconds in repetition 369
Round trip time was 32.385 milliseconds in repetition 370
Round trip time was 33.893 milliseconds in repetition 371
Round trip time was 41.394 milliseconds in repetition 372
Round trip time was 30.285 milliseconds in repetition 373
Round trip time was 37.216 milliseconds in repetition 374
Round trip time was 30.199 milliseconds in repetition 375
Round trip time was 32.500 milliseconds in repetition 376
Round trip time was 40.593 milliseconds in repetition 377
Round trip time was 50.146 milliseconds in repetition 378
Round trip time was 29.351 milliseconds in repetition 379
Round trip time was 33.277 milliseconds in repetition 380
Round trip time was 32.189 milliseconds in repetition 381
Round trip time was 88.923 milliseconds in repetition 382
Round trip time was 32.437 milliseconds in repetition 383
Round trip time was 30.506 milliseconds in repetition 384
Round trip time was 30.218 milliseconds in repetition 385
Round trip time was 30.503 milliseconds in repetition 386
Round trip time was 29.072 milliseconds in repetition 387
Round trip time was 35.517 milliseconds in repetition 388
Round trip time was 30.455 milliseconds in repetition 389
Round trip time was 30.765 milliseconds in repetition 390
Round trip time was 32.812 milliseconds in repetition 391
Round trip time was 29.299 milliseconds in repetition 392
Round trip time was 32.642 milliseconds in repetition 393
Round trip time was 34.921 milliseconds in repetition 394
Round trip time was 30.812 milliseconds in repetition 395
Round trip time was 30.009 milliseconds in repetition 396
Round trip time was 32.131 milliseconds in repetition 397
Round trip time was 31.818 milliseconds in repetition 398
Round trip time was 30.105 milliseconds in repetition 399
Round trip time was 33.092 milliseconds in repetition 400
Round trip time was 32.394 milliseconds in repetition 401
Round trip time was 29.304 milliseconds in repetition 402
Round trip time was 33.732 milliseconds in repetition 403
Round trip time was 31.474 milliseconds in repetition 404
Round trip time was 30.476 milliseconds in repetition 405
Round trip time was 29.786 milliseconds in repetition 406
Round trip time was 29.402 milliseconds in repetition 407
Round trip time was 47.656 milliseconds in repetition 408
Round trip time was 31.471 milliseconds in repetition 409
Round trip time was 40.168 milliseconds in repetition 410
Round trip time was 30.509 milliseconds in repetition 411
Round trip time was 30.323 milliseconds in repetition 412
Round trip time was 34.884 milliseconds in repetition 413
Round trip time was 31.073 milliseconds in repetition 414
Round trip time was 30.510 milliseconds in repetition 415
Round trip time was 35.399 milliseconds in repetition 416
Round trip time was 34.450 milliseconds in repetition 417
Round trip time was 30.594 milliseconds in repetition 418
Round trip time was 32.006 milliseconds in repetition 419
Round trip time was 76.301 milliseconds in repetition 420
Round trip time was 31.279 milliseconds in repetition 421
Round trip time was 32.291 milliseconds in repetition 422
Round trip time was 31.192 milliseconds in repetition 423
Round trip time was 32.695 milliseconds in repetition 424
Round trip time was 35.887 milliseconds in repetition 425
Round trip time was 32.240 milliseconds in repetition 426
Round trip time was 34.048 milliseconds in repetition 427
Round trip time was 39.416 milliseconds in repetition 428
Round trip time was 31.788 milliseconds in repetition 429
Round trip time was 32.812 milliseconds in repetition 430
Round trip time was 38.837 milliseconds in repetition 431
Round trip time was 30.264 milliseconds in repetition 432
Round trip time was 31.262 milliseconds in repetition 433
Round trip time was 36.791 milliseconds in repetition 434
Round trip time was 29.862 milliseconds in repetition 435
Round trip time was 35.653 milliseconds in repetition 436
Round trip time was 40.455 milliseconds in repetition 437
Round trip time was 31.608 milliseconds in repetition 438
Round trip time was 36.679 milliseconds in repetition 439
Round trip time was 30.411 milliseconds in repetition 440
Round trip time was 36.131 milliseconds in repetition 441
Round trip time was 29.502 milliseconds in repetition 442
Round trip time was 40.943 milliseconds in repetition 443
Round trip time was 40.157 milliseconds in repetition 444
Round trip time was 34.549 milliseconds in repetition 445
Round trip time was 30.141 milliseconds in repetition 446
Round trip time was 30.290 milliseconds in repetition 447
Round trip time was 37.808 milliseconds in repetition 448
Round trip time was 30.533 milliseconds in repetition 449
Round trip time was 29.675 milliseconds in repetition 450
Round trip time was 39.777 milliseconds in repetition 451
Round trip time was 32.845 milliseconds in repetition 452
Round trip time was 31.433 milliseconds in repetition 453
Round trip time was 46.376 milliseconds in repetition 454
Round trip time was 30.366 milliseconds in repetition 455
Round trip time was 31.684 milliseconds in repetition 456
Round trip time was 32.046 milliseconds in repetition 457
Round trip time was 32.245 milliseconds in repetition 458
Round trip time was 34.060 milliseconds in repetition 459
Round trip time was 29.838 milliseconds in repetition 460
Round trip time was 34.594 milliseconds in repetition 461
Round trip time was 29.602 milliseconds in repetition 462
Round trip time was 46.284 milliseconds in repetition 463
Round trip time was 32.631 milliseconds in repetition 464
Round trip time was 29.605 milliseconds in repetition 465
Round trip time was 41.196 milliseconds in repetition 466
Round trip time was 31.013 milliseconds in repetition 467
Round trip time was 32.724 milliseconds in repetition 468
Round trip time was 47.027 milliseconds in repetition 469
Round trip time was 31.632 milliseconds in repetition 470
Round trip time was 29.811 milliseconds in repetition 471
Round trip time was 32.883 milliseconds in repetition 472
Round trip time was 37.952 milliseconds in repetition 473
Round trip time was 29.404 milliseconds in repetition 474
Round trip time was 31.733 milliseconds in repetition 475
Round trip time was 28.637 milliseconds in repetition 476
Round trip time was 31.649 milliseconds in repetition 477
Round trip time was 34.581 milliseconds in repetition 478
Round trip time was 29.900 milliseconds in repetition 479
Round trip time was 30.498 milliseconds in repetition 480
Round trip time was 29.277 milliseconds in repetition 481
Round trip time was 36.071 milliseconds in repetition 482
Round trip time was 31.248 milliseconds in repetition 483
Round trip time was 32.697 milliseconds in repetition 484
Round trip time was 34.083 milliseconds in repetition 485
Round trip time was 30.924 milliseconds in repetition 486
Round trip time was 36.496 milliseconds in repetition 487
Round trip time was 34.493 milliseconds in repetition 488
Round trip time was 32.444 milliseconds in repetition 489
Round trip time was 35.114 milliseconds in repetition 490
Round trip time was 35.744 milliseconds in repetition 491
Round trip time was 29.434 milliseconds in repetition 492
Round trip time was 29.421 milliseconds in repetition 493
Round trip time was 37.285 milliseconds in repetition 494
Round trip time was 52.160 milliseconds in repetition 495
Round trip time was 35.611 milliseconds in repetition 496
Round trip time was 29.674 milliseconds in repetition 497
Round trip time was 30.062 milliseconds in repetition 498
Round trip time was 29.802 milliseconds in repetition 499
Round trip time was 39.985 milliseconds in repetition 500
Round trip time was 29.997 milliseconds in repetition 501

 ... clock resolution was 0.0001
UDP Ping:  Statistics over 501 repetitions of 6144 byte messages

RTT : percentile 10: 29.6751, median: 32.6881, percentile 90: 41.9266, average: 34.8218, variance: 60.7348

RTT histogram:
28.6369 135
33.0088 224
37.3806 70
41.7524 35
46.1242 19
50.496 3
54.8678 4
59.2396 2
63.6114 3
67.9832 1
72.3551 1
76.7269 1
81.0987 1
85.4705 0
89.8423 1
94.2141 0
98.5859 0
102.958 0
107.33 0
111.701 0
116.073 1

   median Throughput : 375.917 KB/s   overall Throughput : 352.883 KB/s

