UDP Ping trying to connect to server seti.dibris.unige.it (130.251.61.30) on TCP port 1491
 ... connected to Pong server: asking for 501 repetitions of 8192 _bytes UDP messages
 ... Pong server agreed to ping-pong using port 49834 :-)
Round trip time was 246.599 milliseconds in repetition 1
Round trip time was 33.653 milliseconds in repetition 2
Round trip time was 32.114 milliseconds in repetition 3
Round trip time was 33.259 milliseconds in repetition 4
Round trip time was 34.656 milliseconds in repetition 5
Round trip time was 32.367 milliseconds in repetition 6
Round trip time was 36.746 milliseconds in repetition 7
Round trip time was 32.359 milliseconds in repetition 8
Round trip time was 32.024 milliseconds in repetition 9
Round trip time was 30.918 milliseconds in repetition 10
Round trip time was 36.537 milliseconds in repetition 11
Round trip time was 32.887 milliseconds in repetition 12
Round trip time was 32.206 milliseconds in repetition 13
Round trip time was 31.537 milliseconds in repetition 14
Round trip time was 50.112 milliseconds in repetition 15
Round trip time was 41.398 milliseconds in repetition 16
Round trip time was 33.797 milliseconds in repetition 17
Round trip time was 33.044 milliseconds in repetition 18
Round trip time was 34.320 milliseconds in repetition 19
Round trip time was 32.729 milliseconds in repetition 20
Round trip time was 33.645 milliseconds in repetition 21
Round trip time was 36.932 milliseconds in repetition 22
Round trip time was 30.616 milliseconds in repetition 23
Round trip time was 31.099 milliseconds in repetition 24
Round trip time was 33.142 milliseconds in repetition 25
Round trip time was 32.817 milliseconds in repetition 26
Round trip time was 32.764 milliseconds in repetition 27
Round trip time was 30.610 milliseconds in repetition 28
Round trip time was 30.560 milliseconds in repetition 29
Round trip time was 32.390 milliseconds in repetition 30
Round trip time was 31.296 milliseconds in repetition 31
Round trip time was 38.564 milliseconds in repetition 32
Round trip time was 31.610 milliseconds in repetition 33
Round trip time was 35.787 milliseconds in repetition 34
Round trip time was 46.262 milliseconds in repetition 35
Round trip time was 51.542 milliseconds in repetition 36
Round trip time was 31.323 milliseconds in repetition 37
Round trip time was 33.622 milliseconds in repetition 38
Round trip time was 32.668 milliseconds in repetition 39
Round trip time was 35.148 milliseconds in repetition 40
Round trip time was 31.718 milliseconds in repetition 41
Round trip time was 34.231 milliseconds in repetition 42
Round trip time was 34.881 milliseconds in repetition 43
Round trip time was 30.483 milliseconds in repetition 44
Round trip time was 32.560 milliseconds in repetition 45
Round trip time was 38.464 milliseconds in repetition 46
Round trip time was 30.680 milliseconds in repetition 47
Round trip time was 36.635 milliseconds in repetition 48
Round trip time was 34.696 milliseconds in repetition 49
Round trip time was 30.725 milliseconds in repetition 50
Round trip time was 31.740 milliseconds in repetition 51
Round trip time was 33.337 milliseconds in repetition 52
Round trip time was 33.372 milliseconds in repetition 53
Round trip time was 29.739 milliseconds in repetition 54
Round trip time was 41.126 milliseconds in repetition 55
Round trip time was 61.758 milliseconds in repetition 56
Round trip time was 33.535 milliseconds in repetition 57
Round trip time was 48.845 milliseconds in repetition 58
Round trip time was 32.600 milliseconds in repetition 59
Round trip time was 33.984 milliseconds in repetition 60
Round trip time was 29.893 milliseconds in repetition 61
Round trip time was 30.682 milliseconds in repetition 62
Round trip time was 35.691 milliseconds in repetition 63
Round trip time was 30.735 milliseconds in repetition 64
Round trip time was 30.294 milliseconds in repetition 65
Round trip time was 33.498 milliseconds in repetition 66
Round trip time was 31.895 milliseconds in repetition 67
Round trip time was 37.433 milliseconds in repetition 68
Round trip time was 33.541 milliseconds in repetition 69
Round trip time was 32.052 milliseconds in repetition 70
Round trip time was 33.785 milliseconds in repetition 71
Round trip time was 44.613 milliseconds in repetition 72
Round trip time was 31.458 milliseconds in repetition 73
Round trip time was 34.854 milliseconds in repetition 74
Round trip time was 51.695 milliseconds in repetition 75
Round trip time was 33.129 milliseconds in repetition 76
Round trip time was 40.885 milliseconds in repetition 77
Round trip time was 39.729 milliseconds in repetition 78
Round trip time was 30.848 milliseconds in repetition 79
Round trip time was 41.325 milliseconds in repetition 80
Round trip time was 36.025 milliseconds in repetition 81
Round trip time was 34.303 milliseconds in repetition 82
Round trip time was 34.011 milliseconds in repetition 83
Round trip time was 35.024 milliseconds in repetition 84
Round trip time was 33.101 milliseconds in repetition 85
Round trip time was 33.439 milliseconds in repetition 86
Round trip time was 31.817 milliseconds in repetition 87
Round trip time was 31.501 milliseconds in repetition 88
Round trip time was 39.466 milliseconds in repetition 89
Round trip time was 31.493 milliseconds in repetition 90
Round trip time was 35.131 milliseconds in repetition 91
Round trip time was 36.442 milliseconds in repetition 92
Round trip time was 31.203 milliseconds in repetition 93
Round trip time was 30.603 milliseconds in repetition 94
Round trip time was 36.912 milliseconds in repetition 95
Round trip time was 31.602 milliseconds in repetition 96
Round trip time was 32.003 milliseconds in repetition 97
Round trip time was 39.961 milliseconds in repetition 98
Round trip time was 32.044 milliseconds in repetition 99
Round trip time was 31.582 milliseconds in repetition 100
Round trip time was 39.761 milliseconds in repetition 101
Round trip time was 33.611 milliseconds in repetition 102
Round trip time was 35.032 milliseconds in repetition 103
Round trip time was 38.769 milliseconds in repetition 104
Round trip time was 32.737 milliseconds in repetition 105
Round trip time was 34.771 milliseconds in repetition 106
Round trip time was 39.177 milliseconds in repetition 107
Round trip time was 30.742 milliseconds in repetition 108
Round trip time was 34.101 milliseconds in repetition 109
Round trip time was 34.469 milliseconds in repetition 110
Round trip time was 32.248 milliseconds in repetition 111
Round trip time was 30.242 milliseconds in repetition 112
Round trip time was 34.218 milliseconds in repetition 113
Round trip time was 32.542 milliseconds in repetition 114
Round trip time was 34.607 milliseconds in repetition 115
Round trip time was 47.486 milliseconds in repetition 116
Round trip time was 34.549 milliseconds in repetition 117
Round trip time was 32.738 milliseconds in repetition 118
Round trip time was 42.230 milliseconds in repetition 119
Round trip time was 38.306 milliseconds in repetition 120
Round trip time was 46.067 milliseconds in repetition 121
Round trip time was 30.788 milliseconds in repetition 122
Round trip time was 33.255 milliseconds in repetition 123
Round trip time was 33.800 milliseconds in repetition 124
Round trip time was 35.207 milliseconds in repetition 125
Round trip time was 34.613 milliseconds in repetition 126
Round trip time was 35.434 milliseconds in repetition 127
Round trip time was 31.223 milliseconds in repetition 128
Round trip time was 34.028 milliseconds in repetition 129
Round trip time was 35.492 milliseconds in repetition 130
Round trip time was 31.012 milliseconds in repetition 131
Round trip time was 38.093 milliseconds in repetition 132
Round trip time was 35.384 milliseconds in repetition 133
Round trip time was 30.728 milliseconds in repetition 134
Round trip time was 34.312 milliseconds in repetition 135
Round trip time was 37.721 milliseconds in repetition 136
Round trip time was 56.827 milliseconds in repetition 137
Round trip time was 32.799 milliseconds in repetition 138
Round trip time was 68.563 milliseconds in repetition 139
Round trip time was 34.077 milliseconds in repetition 140
Round trip time was 30.655 milliseconds in repetition 141
Round trip time was 33.999 milliseconds in repetition 142
Round trip time was 35.808 milliseconds in repetition 143
Round trip time was 30.929 milliseconds in repetition 144
Round trip time was 30.799 milliseconds in repetition 145
Round trip time was 32.122 milliseconds in repetition 146
Round trip time was 30.539 milliseconds in repetition 147
Round trip time was 32.431 milliseconds in repetition 148
Round trip time was 37.197 milliseconds in repetition 149
Round trip time was 31.607 milliseconds in repetition 150
Round trip time was 31.887 milliseconds in repetition 151
Round trip time was 31.549 milliseconds in repetition 152
Round trip time was 31.969 milliseconds in repetition 153
Round trip time was 30.557 milliseconds in repetition 154
Round trip time was 51.211 milliseconds in repetition 155
Round trip time was 44.665 milliseconds in repetition 156
Round trip time was 31.483 milliseconds in repetition 157
Round trip time was 39.583 milliseconds in repetition 158
Round trip time was 30.908 milliseconds in repetition 159
Round trip time was 41.369 milliseconds in repetition 160
Round trip time was 36.574 milliseconds in repetition 161
Round trip time was 50.446 milliseconds in repetition 162
Round trip time was 32.402 milliseconds in repetition 163
Round trip time was 39.953 milliseconds in repetition 164
Round trip time was 30.306 milliseconds in repetition 165
Round trip time was 38.234 milliseconds in repetition 166
Round trip time was 32.683 milliseconds in repetition 167
Round trip time was 30.633 milliseconds in repetition 168
Round trip time was 32.666 milliseconds in repetition 169
Round trip time was 38.880 milliseconds in repetition 170
Round trip time was 30.517 milliseconds in repetition 171
Round trip time was 40.206 milliseconds in repetition 172
Round trip time was 30.839 milliseconds in repetition 173
Round trip time was 52.604 milliseconds in repetition 174
Round trip time was 31.698 milliseconds in repetition 175
Round trip time was 30.989 milliseconds in repetition 176
Round trip time was 34.122 milliseconds in repetition 177
Round trip time was 36.650 milliseconds in repetition 178
Round trip time was 30.927 milliseconds in repetition 179
Round trip time was 34.604 milliseconds in repetition 180
Round trip time was 35.811 milliseconds in repetition 181
Round trip time was 30.732 milliseconds in repetition 182
Round trip time was 30.913 milliseconds in repetition 183
Round trip time was 33.255 milliseconds in repetition 184
Round trip time was 32.394 milliseconds in repetition 185
Round trip time was 43.258 milliseconds in repetition 186
Round trip time was 37.448 milliseconds in repetition 187
Round trip time was 30.863 milliseconds in repetition 188
Round trip time was 33.592 milliseconds in repetition 189
Round trip time was 34.837 milliseconds in repetition 190
Round trip time was 30.656 milliseconds in repetition 191
Round trip time was 30.904 milliseconds in repetition 192
Round trip time was 33.091 milliseconds in repetition 193
Round trip time was 56.075 milliseconds in repetition 194
Round trip time was 34.283 milliseconds in repetition 195
Round trip time was 46.916 milliseconds in repetition 196
Round trip time was 32.209 milliseconds in repetition 197
Round trip time was 31.622 milliseconds in repetition 198
Round trip time was 36.782 milliseconds in repetition 199
Round trip time was 31.982 milliseconds in repetition 200
Round trip time was 32.330 milliseconds in repetition 201
Round trip time was 32.664 milliseconds in repetition 202
Round trip time was 30.444 milliseconds in repetition 203
Round trip time was 64.572 milliseconds in repetition 204
Round trip time was 42.061 milliseconds in repetition 205
Round trip time was 36.635 milliseconds in repetition 206
Round trip time was 31.174 milliseconds in repetition 207
Round trip time was 31.639 milliseconds in repetition 208
Round trip time was 32.308 milliseconds in repetition 209
Round trip time was 35.562 milliseconds in repetition 210
Round trip time was 31.789 milliseconds in repetition 211
Round trip time was 31.229 milliseconds in repetition 212
Round trip time was 53.508 milliseconds in repetition 213
Round trip time was 42.527 milliseconds in repetition 214
Round trip time was 33.272 milliseconds in repetition 215
Round trip time was 38.922 milliseconds in repetition 216
Round trip time was 34.738 milliseconds in repetition 217
Round trip time was 32.267 milliseconds in repetition 218
Round trip time was 35.739 milliseconds in repetition 219
Round trip time was 35.791 milliseconds in repetition 220
Round trip time was 41.259 milliseconds in repetition 221
Round trip time was 31.081 milliseconds in repetition 222
Round trip time was 38.495 milliseconds in repetition 223
Round trip time was 34.194 milliseconds in repetition 224
Round trip time was 30.619 milliseconds in repetition 225
Round trip time was 38.477 milliseconds in repetition 226
Round trip time was 30.098 milliseconds in repetition 227
Round trip time was 31.852 milliseconds in repetition 228
Round trip time was 30.710 milliseconds in repetition 229
Round trip time was 38.310 milliseconds in repetition 230
Round trip time was 41.710 milliseconds in repetition 231
Round trip time was 32.533 milliseconds in repetition 232
Round trip time was 56.710 milliseconds in repetition 233
Round trip time was 66.109 milliseconds in repetition 234
Round trip time was 33.491 milliseconds in repetition 235
Round trip time was 62.307 milliseconds in repetition 236
Round trip time was 30.119 milliseconds in repetition 237
Round trip time was 67.443 milliseconds in repetition 238
Round trip time was 30.863 milliseconds in repetition 239
Round trip time was 68.659 milliseconds in repetition 240
Round trip time was 32.128 milliseconds in repetition 241
Round trip time was 31.651 milliseconds in repetition 242
Round trip time was 32.826 milliseconds in repetition 243
Round trip time was 32.708 milliseconds in repetition 244
Round trip time was 31.739 milliseconds in repetition 245
Round trip time was 37.105 milliseconds in repetition 246
Round trip time was 36.292 milliseconds in repetition 247
Round trip time was 33.057 milliseconds in repetition 248
Round trip time was 34.357 milliseconds in repetition 249
Round trip time was 31.442 milliseconds in repetition 250
Round trip time was 30.421 milliseconds in repetition 251
Round trip time was 32.111 milliseconds in repetition 252
Round trip time was 42.198 milliseconds in repetition 253
Round trip time was 39.594 milliseconds in repetition 254
Round trip time was 39.396 milliseconds in repetition 255
Round trip time was 30.103 milliseconds in repetition 256
Round trip time was 90.613 milliseconds in repetition 257
Round trip time was 40.063 milliseconds in repetition 258
Round trip time was 37.546 milliseconds in repetition 259
Round trip time was 34.085 milliseconds in repetition 260
Round trip time was 32.033 milliseconds in repetition 261
Round trip time was 31.368 milliseconds in repetition 262
Round trip time was 33.745 milliseconds in repetition 263
Round trip time was 30.936 milliseconds in repetition 264
Round trip time was 36.743 milliseconds in repetition 265
Round trip time was 41.907 milliseconds in repetition 266
Round trip time was 172.460 milliseconds in repetition 267
Round trip time was 33.270 milliseconds in repetition 268
Round trip time was 30.652 milliseconds in repetition 269
Round trip time was 35.080 milliseconds in repetition 270
Round trip time was 30.473 milliseconds in repetition 271
Round trip time was 29.997 milliseconds in repetition 272
Round trip time was 30.304 milliseconds in repetition 273
Round trip time was 35.790 milliseconds in repetition 274
Round trip time was 33.330 milliseconds in repetition 275
Round trip time was 31.901 milliseconds in repetition 276
Round trip time was 44.623 milliseconds in repetition 277
Round trip time was 33.568 milliseconds in repetition 278
Round trip time was 31.723 milliseconds in repetition 279
Round trip time was 31.235 milliseconds in repetition 280
Round trip time was 36.572 milliseconds in repetition 281
Round trip time was 34.645 milliseconds in repetition 282
Round trip time was 32.084 milliseconds in repetition 283
Round trip time was 45.277 milliseconds in repetition 284
Round trip time was 43.053 milliseconds in repetition 285
Round trip time was 32.056 milliseconds in repetition 286
Round trip time was 31.577 milliseconds in repetition 287
Round trip time was 36.423 milliseconds in repetition 288
Round trip time was 33.811 milliseconds in repetition 289
Round trip time was 31.395 milliseconds in repetition 290
Round trip time was 37.140 milliseconds in repetition 291
Round trip time was 30.588 milliseconds in repetition 292
Round trip time was 36.061 milliseconds in repetition 293
Round trip time was 36.753 milliseconds in repetition 294
Round trip time was 34.794 milliseconds in repetition 295
Round trip time was 34.264 milliseconds in repetition 296
Round trip time was 33.270 milliseconds in repetition 297
Round trip time was 30.175 milliseconds in repetition 298
Round trip time was 32.797 milliseconds in repetition 299
Round trip time was 33.454 milliseconds in repetition 300
Round trip time was 32.195 milliseconds in repetition 301
Round trip time was 36.863 milliseconds in repetition 302
Round trip time was 38.351 milliseconds in repetition 303
Round trip time was 48.382 milliseconds in repetition 304
Round trip time was 40.159 milliseconds in repetition 305
Round trip time was 36.517 milliseconds in repetition 306
Round trip time was 31.119 milliseconds in repetition 307
Round trip time was 31.326 milliseconds in repetition 308
Round trip time was 31.022 milliseconds in repetition 309
Round trip time was 31.444 milliseconds in repetition 310
Round trip time was 30.766 milliseconds in repetition 311
Round trip time was 30.611 milliseconds in repetition 312
Round trip time was 32.523 milliseconds in repetition 313
Round trip time was 37.085 milliseconds in repetition 314
Round trip time was 33.924 milliseconds in repetition 315
Round trip time was 32.542 milliseconds in repetition 316
Round trip time was 32.883 milliseconds in repetition 317
Round trip time was 36.726 milliseconds in repetition 318
Round trip time was 31.618 milliseconds in repetition 319
Round trip time was 53.979 milliseconds in repetition 320
Round trip time was 42.565 milliseconds in repetition 321
Round trip time was 32.319 milliseconds in repetition 322
Round trip time was 36.069 milliseconds in repetition 323
Round trip time was 31.431 milliseconds in repetition 324
Round trip time was 34.900 milliseconds in repetition 325
Round trip time was 34.976 milliseconds in repetition 326
Round trip time was 40.557 milliseconds in repetition 327
Round trip time was 30.421 milliseconds in repetition 328
Round trip time was 31.886 milliseconds in repetition 329
Round trip time was 33.256 milliseconds in repetition 330
Round trip time was 33.777 milliseconds in repetition 331
Round trip time was 35.099 milliseconds in repetition 332
Round trip time was 33.258 milliseconds in repetition 333
Round trip time was 33.429 milliseconds in repetition 334
Round trip time was 37.505 milliseconds in repetition 335
Round trip time was 32.233 milliseconds in repetition 336
Round trip time was 43.831 milliseconds in repetition 337
Round trip time was 32.632 milliseconds in repetition 338
Round trip time was 31.236 milliseconds in repetition 339
Round trip time was 30.428 milliseconds in repetition 340
Round trip time was 31.163 milliseconds in repetition 341
Round trip time was 46.278 milliseconds in repetition 342
Round trip time was 32.922 milliseconds in repetition 343
Round trip time was 39.476 milliseconds in repetition 344
Round trip time was 33.062 milliseconds in repetition 345
Round trip time was 46.774 milliseconds in repetition 346
Round trip time was 32.851 milliseconds in repetition 347
Round trip time was 32.699 milliseconds in repetition 348
Round trip time was 35.676 milliseconds in repetition 349
Round trip time was 31.989 milliseconds in repetition 350
Round trip time was 34.594 milliseconds in repetition 351
Round trip time was 31.660 milliseconds in repetition 352
Round trip time was 31.475 milliseconds in repetition 353
Round trip time was 31.575 milliseconds in repetition 354
Round trip time was 31.111 milliseconds in repetition 355
Round trip time was 37.104 milliseconds in repetition 356
Round trip time was 30.051 milliseconds in repetition 357
Round trip time was 30.166 milliseconds in repetition 358
Round trip time was 42.298 milliseconds in repetition 359
Round trip time was 31.092 milliseconds in repetition 360
Round trip time was 29.978 milliseconds in repetition 361
Round trip time was 30.466 milliseconds in repetition 362
Round trip time was 29.965 milliseconds in repetition 363
Round trip time was 33.948 milliseconds in repetition 364
Round trip time was 33.076 milliseconds in repetition 365
Round trip time was 30.702 milliseconds in repetition 366
Round trip time was 31.034 milliseconds in repetition 367
Round trip time was 39.031 milliseconds in repetition 368
Round trip time was 46.839 milliseconds in repetition 369
Round trip time was 37.145 milliseconds in repetition 370
Round trip time was 38.113 milliseconds in repetition 371
Round trip time was 31.569 milliseconds in repetition 372
Round trip time was 31.449 milliseconds in repetition 373
Round trip time was 38.471 milliseconds in repetition 374
Round trip time was 31.001 milliseconds in repetition 375
Round trip time was 32.984 milliseconds in repetition 376
Round trip time was 36.322 milliseconds in repetition 377
Round trip time was 30.454 milliseconds in repetition 378
Round trip time was 31.694 milliseconds in repetition 379
Round trip time was 32.335 milliseconds in repetition 380
Round trip time was 31.433 milliseconds in repetition 381
Round trip time was 35.111 milliseconds in repetition 382
Round trip time was 33.363 milliseconds in repetition 383
Round trip time was 31.792 milliseconds in repetition 384
Round trip time was 55.259 milliseconds in repetition 385
Round trip time was 30.603 milliseconds in repetition 386
Round trip time was 30.839 milliseconds in repetition 387
Round trip time was 36.881 milliseconds in repetition 388
Round trip time was 46.557 milliseconds in repetition 389
Round trip time was 33.498 milliseconds in repetition 390
Round trip time was 34.187 milliseconds in repetition 391
Round trip time was 31.330 milliseconds in repetition 392
Round trip time was 30.904 milliseconds in repetition 393
Round trip time was 37.825 milliseconds in repetition 394
Round trip time was 31.905 milliseconds in repetition 395
Round trip time was 31.154 milliseconds in repetition 396
Round trip time was 31.485 milliseconds in repetition 397
Round trip time was 33.027 milliseconds in repetition 398
Round trip time was 32.514 milliseconds in repetition 399
Round trip time was 39.824 milliseconds in repetition 400
Round trip time was 35.143 milliseconds in repetition 401
Round trip time was 32.180 milliseconds in repetition 402
Round trip time was 40.512 milliseconds in repetition 403
Round trip time was 32.676 milliseconds in repetition 404
Round trip time was 37.359 milliseconds in repetition 405
Round trip time was 37.946 milliseconds in repetition 406
Round trip time was 32.953 milliseconds in repetition 407
Round trip time was 42.937 milliseconds in repetition 408
Round trip time was 33.417 milliseconds in repetition 409
Round trip time was 32.698 milliseconds in repetition 410
Round trip time was 31.346 milliseconds in repetition 411
Round trip time was 33.994 milliseconds in repetition 412
Round trip time was 36.396 milliseconds in repetition 413
Round trip time was 36.657 milliseconds in repetition 414
Round trip time was 35.679 milliseconds in repetition 415
Round trip time was 33.698 milliseconds in repetition 416
Round trip time was 31.688 milliseconds in repetition 417
Round trip time was 32.400 milliseconds in repetition 418
Round trip time was 33.995 milliseconds in repetition 419
Round trip time was 39.252 milliseconds in repetition 420
Round trip time was 30.530 milliseconds in repetition 421
Round trip time was 32.426 milliseconds in repetition 422
Round trip time was 32.957 milliseconds in repetition 423
Round trip time was 32.920 milliseconds in repetition 424
Round trip time was 45.382 milliseconds in repetition 425
Round trip time was 32.092 milliseconds in repetition 426
Round trip time was 37.454 milliseconds in repetition 427
Round trip time was 31.107 milliseconds in repetition 428
Round trip time was 35.934 milliseconds in repetition 429
Round trip time was 37.681 milliseconds in repetition 430
Round trip time was 34.399 milliseconds in repetition 431
Round trip time was 35.781 milliseconds in repetition 432
Round trip time was 33.723 milliseconds in repetition 433
Round trip time was 32.578 milliseconds in repetition 434
Round trip time was 37.670 milliseconds in repetition 435
Round trip time was 38.925 milliseconds in repetition 436
Round trip time was 34.776 milliseconds in repetition 437
Round trip time was 41.677 milliseconds in repetition 438
Round trip time was 32.425 milliseconds in repetition 439
Round trip time was 32.949 milliseconds in repetition 440
Round trip time was 34.247 milliseconds in repetition 441
Round trip time was 31.151 milliseconds in repetition 442
Round trip time was 31.053 milliseconds in repetition 443
Round trip time was 34.201 milliseconds in repetition 444
Round trip time was 42.344 milliseconds in repetition 445
Round trip time was 36.599 milliseconds in repetition 446
Round trip time was 34.359 milliseconds in repetition 447
Round trip time was 37.021 milliseconds in repetition 448
Round trip time was 48.140 milliseconds in repetition 449
Round trip time was 33.644 milliseconds in repetition 450
Round trip time was 33.330 milliseconds in repetition 451
Round trip time was 35.250 milliseconds in repetition 452
Round trip time was 32.363 milliseconds in repetition 453
Round trip time was 30.319 milliseconds in repetition 454
Round trip time was 30.531 milliseconds in repetition 455
Round trip time was 39.478 milliseconds in repetition 456
Round trip time was 30.262 milliseconds in repetition 457
Round trip time was 46.748 milliseconds in repetition 458
Round trip time was 32.833 milliseconds in repetition 459
Round trip time was 36.539 milliseconds in repetition 460
Round trip time was 32.867 milliseconds in repetition 461
Round trip time was 32.134 milliseconds in repetition 462
Round trip time was 50.498 milliseconds in repetition 463
Round trip time was 51.727 milliseconds in repetition 464
Round trip time was 30.448 milliseconds in repetition 465
Round trip time was 35.249 milliseconds in repetition 466
Round trip time was 36.686 milliseconds in repetition 467
Round trip time was 35.125 milliseconds in repetition 468
Round trip time was 48.325 milliseconds in repetition 469
Round trip time was 31.550 milliseconds in repetition 470
Round trip time was 34.604 milliseconds in repetition 471
Round trip time was 33.308 milliseconds in repetition 472
Round trip time was 30.238 milliseconds in repetition 473
Round trip time was 33.036 milliseconds in repetition 474
Round trip time was 36.682 milliseconds in repetition 475
Round trip time was 32.915 milliseconds in repetition 476
Round trip time was 32.595 milliseconds in repetition 477
Round trip time was 40.734 milliseconds in repetition 478
Round trip time was 40.006 milliseconds in repetition 479
Round trip time was 34.365 milliseconds in repetition 480
Round trip time was 31.756 milliseconds in repetition 481
Round trip time was 29.963 milliseconds in repetition 482
Round trip time was 33.915 milliseconds in repetition 483
Round trip time was 34.242 milliseconds in repetition 484
Round trip time was 30.122 milliseconds in repetition 485
Round trip time was 34.092 milliseconds in repetition 486
Round trip time was 34.366 milliseconds in repetition 487
Round trip time was 30.676 milliseconds in repetition 488
Round trip time was 30.597 milliseconds in repetition 489
Round trip time was 34.517 milliseconds in repetition 490
Round trip time was 32.943 milliseconds in repetition 491
Round trip time was 39.717 milliseconds in repetition 492
Round trip time was 35.496 milliseconds in repetition 493
Round trip time was 33.173 milliseconds in repetition 494
Round trip time was 29.808 milliseconds in repetition 495
Round trip time was 34.053 milliseconds in repetition 496
Round trip time was 30.036 milliseconds in repetition 497
Round trip time was 30.395 milliseconds in repetition 498
Round trip time was 42.415 milliseconds in repetition 499
Round trip time was 35.349 milliseconds in repetition 500
Round trip time was 29.903 milliseconds in repetition 501

 ... clock resolution was 0.0001
UDP Ping:  Statistics over 501 repetitions of 8192 byte messages

RTT : percentile 10: 30.6557, median: 33.4286, percentile 90: 42.2982, average: 36.1743, variance: 169.61

RTT histogram:
29.7389 334
40.5819 130
51.4249 27
62.2679 5
73.1109 2
83.9539 0
94.7969 1
105.64 0
116.483 0
127.326 0
138.169 0
149.012 0
159.855 0
170.698 1
181.541 0
192.384 0
203.227 0
214.07 0
224.913 0
235.756 0
246.599 1

   median Throughput : 490.119 KB/s   overall Throughput : 452.919 KB/s

