UDP Ping trying to connect to server seti.dibris.unige.it (130.251.61.30) on TCP port 1491
 ... connected to Pong server: asking for 501 repetitions of 192 _bytes UDP messages
 ... Pong server agreed to ping-pong using port 49834 :-)
Round trip time was 32.642 milliseconds in repetition 1
Round trip time was 27.137 milliseconds in repetition 2
Round trip time was 25.342 milliseconds in repetition 3
Round trip time was 29.733 milliseconds in repetition 4
Round trip time was 27.598 milliseconds in repetition 5
Round trip time was 51.339 milliseconds in repetition 6
Round trip time was 28.313 milliseconds in repetition 7
Round trip time was 27.430 milliseconds in repetition 8
Round trip time was 25.872 milliseconds in repetition 9
Round trip time was 33.615 milliseconds in repetition 10
Round trip time was 25.329 milliseconds in repetition 11
Round trip time was 42.996 milliseconds in repetition 12
Round trip time was 31.965 milliseconds in repetition 13
Round trip time was 26.760 milliseconds in repetition 14
Round trip time was 29.868 milliseconds in repetition 15
Round trip time was 28.510 milliseconds in repetition 16
Round trip time was 24.742 milliseconds in repetition 17
Round trip time was 25.080 milliseconds in repetition 18
Round trip time was 52.569 milliseconds in repetition 19
Round trip time was 33.071 milliseconds in repetition 20
Round trip time was 24.421 milliseconds in repetition 21
Round trip time was 27.223 milliseconds in repetition 22
Round trip time was 27.362 milliseconds in repetition 23
Round trip time was 54.085 milliseconds in repetition 24
Round trip time was 27.475 milliseconds in repetition 25
Round trip time was 26.341 milliseconds in repetition 26
Round trip time was 24.232 milliseconds in repetition 27
Round trip time was 50.931 milliseconds in repetition 28
Round trip time was 30.310 milliseconds in repetition 29
Round trip time was 25.742 milliseconds in repetition 30
Round trip time was 34.574 milliseconds in repetition 31
Round trip time was 25.277 milliseconds in repetition 32
Round trip time was 26.380 milliseconds in repetition 33
Round trip time was 24.508 milliseconds in repetition 34
Round trip time was 25.321 milliseconds in repetition 35
Round trip time was 25.498 milliseconds in repetition 36
Round trip time was 23.880 milliseconds in repetition 37
Round trip time was 25.000 milliseconds in repetition 38
Round trip time was 30.337 milliseconds in repetition 39
Round trip time was 28.807 milliseconds in repetition 40
Round trip time was 26.786 milliseconds in repetition 41
Round trip time was 28.239 milliseconds in repetition 42
Round trip time was 26.098 milliseconds in repetition 43
Round trip time was 24.734 milliseconds in repetition 44
Round trip time was 24.906 milliseconds in repetition 45
Round trip time was 31.393 milliseconds in repetition 46
Round trip time was 28.015 milliseconds in repetition 47
Round trip time was 25.963 milliseconds in repetition 48
Round trip time was 24.150 milliseconds in repetition 49
Round trip time was 24.460 milliseconds in repetition 50
Round trip time was 32.580 milliseconds in repetition 51
Round trip time was 27.571 milliseconds in repetition 52
Round trip time was 50.255 milliseconds in repetition 53
Round trip time was 30.305 milliseconds in repetition 54
Round trip time was 35.595 milliseconds in repetition 55
Round trip time was 28.685 milliseconds in repetition 56
Round trip time was 28.483 milliseconds in repetition 57
Round trip time was 30.181 milliseconds in repetition 58
Round trip time was 27.205 milliseconds in repetition 59
Round trip time was 25.333 milliseconds in repetition 60
Round trip time was 26.208 milliseconds in repetition 61
Round trip time was 24.580 milliseconds in repetition 62
Round trip time was 26.242 milliseconds in repetition 63
Round trip time was 24.550 milliseconds in repetition 64
Round trip time was 30.954 milliseconds in repetition 65
Round trip time was 24.585 milliseconds in repetition 66
Round trip time was 26.305 milliseconds in repetition 67
Round trip time was 30.040 milliseconds in repetition 68
Round trip time was 30.764 milliseconds in repetition 69
Round trip time was 29.432 milliseconds in repetition 70
Round trip time was 32.148 milliseconds in repetition 71
Round trip time was 27.930 milliseconds in repetition 72
Round trip time was 26.144 milliseconds in repetition 73
Round trip time was 26.851 milliseconds in repetition 74
Round trip time was 26.481 milliseconds in repetition 75
Round trip time was 31.960 milliseconds in repetition 76
Round trip time was 42.693 milliseconds in repetition 77
Round trip time was 24.809 milliseconds in repetition 78
Round trip time was 35.321 milliseconds in repetition 79
Round trip time was 25.388 milliseconds in repetition 80
Round trip time was 26.674 milliseconds in repetition 81
Round trip time was 24.454 milliseconds in repetition 82
Round trip time was 25.480 milliseconds in repetition 83
Round trip time was 24.494 milliseconds in repetition 84
Round trip time was 25.391 milliseconds in repetition 85
Round trip time was 29.663 milliseconds in repetition 86
Round trip time was 26.274 milliseconds in repetition 87
Round trip time was 24.718 milliseconds in repetition 88
Round trip time was 24.538 milliseconds in repetition 89
Round trip time was 25.446 milliseconds in repetition 90
Round trip time was 26.030 milliseconds in repetition 91
Round trip time was 25.065 milliseconds in repetition 92
Round trip time was 24.905 milliseconds in repetition 93
Round trip time was 24.597 milliseconds in repetition 94
Round trip time was 25.991 milliseconds in repetition 95
Round trip time was 26.497 milliseconds in repetition 96
Round trip time was 25.077 milliseconds in repetition 97
Round trip time was 25.229 milliseconds in repetition 98
Round trip time was 26.719 milliseconds in repetition 99
Round trip time was 25.809 milliseconds in repetition 100
Round trip time was 23.907 milliseconds in repetition 101
Round trip time was 25.546 milliseconds in repetition 102
Round trip time was 25.819 milliseconds in repetition 103
Round trip time was 27.975 milliseconds in repetition 104
Round trip time was 24.410 milliseconds in repetition 105
Round trip time was 24.533 milliseconds in repetition 106
Round trip time was 26.343 milliseconds in repetition 107
Round trip time was 24.832 milliseconds in repetition 108
Round trip time was 25.939 milliseconds in repetition 109
Round trip time was 33.664 milliseconds in repetition 110
Round trip time was 24.400 milliseconds in repetition 111
Round trip time was 25.190 milliseconds in repetition 112
Round trip time was 28.626 milliseconds in repetition 113
Round trip time was 32.771 milliseconds in repetition 114
Round trip time was 24.483 milliseconds in repetition 115
Round trip time was 25.597 milliseconds in repetition 116
Round trip time was 25.479 milliseconds in repetition 117
Round trip time was 25.837 milliseconds in repetition 118
Round trip time was 26.123 milliseconds in repetition 119
Round trip time was 29.147 milliseconds in repetition 120
Round trip time was 26.395 milliseconds in repetition 121
Round trip time was 30.764 milliseconds in repetition 122
Round trip time was 25.983 milliseconds in repetition 123
Round trip time was 25.545 milliseconds in repetition 124
Round trip time was 35.744 milliseconds in repetition 125
Round trip time was 24.425 milliseconds in repetition 126
Round trip time was 31.122 milliseconds in repetition 127
Round trip time was 26.935 milliseconds in repetition 128
Round trip time was 45.227 milliseconds in repetition 129
Round trip time was 28.780 milliseconds in repetition 130
Round trip time was 24.843 milliseconds in repetition 131
Round trip time was 24.436 milliseconds in repetition 132
Round trip time was 28.012 milliseconds in repetition 133
Round trip time was 25.967 milliseconds in repetition 134
Round trip time was 24.901 milliseconds in repetition 135
Round trip time was 24.168 milliseconds in repetition 136
Round trip time was 28.680 milliseconds in repetition 137
Round trip time was 24.182 milliseconds in repetition 138
Round trip time was 24.737 milliseconds in repetition 139
Round trip time was 24.491 milliseconds in repetition 140
Round trip time was 30.788 milliseconds in repetition 141
Round trip time was 24.515 milliseconds in repetition 142
Round trip time was 30.019 milliseconds in repetition 143
Round trip time was 25.428 milliseconds in repetition 144
Round trip time was 30.532 milliseconds in repetition 145
Round trip time was 34.693 milliseconds in repetition 146
Round trip time was 26.917 milliseconds in repetition 147
Round trip time was 24.372 milliseconds in repetition 148
Round trip time was 26.930 milliseconds in repetition 149
Round trip time was 57.801 milliseconds in repetition 150
Round trip time was 26.446 milliseconds in repetition 151
Round trip time was 75.847 milliseconds in repetition 152
Round trip time was 24.165 milliseconds in repetition 153
Round trip time was 24.927 milliseconds in repetition 154
Round trip time was 24.593 milliseconds in repetition 155
Round trip time was 26.972 milliseconds in repetition 156
Round trip time was 24.480 milliseconds in repetition 157
Round trip time was 46.079 milliseconds in repetition 158
Round trip time was 28.273 milliseconds in repetition 159
Round trip time was 34.937 milliseconds in repetition 160
Round trip time was 30.097 milliseconds in repetition 161
Round trip time was 29.971 milliseconds in repetition 162
Round trip time was 24.334 milliseconds in repetition 163
Round trip time was 29.618 milliseconds in repetition 164
Round trip time was 27.301 milliseconds in repetition 165
Round trip time was 26.084 milliseconds in repetition 166
Round trip time was 24.145 milliseconds in repetition 167
Round trip time was 24.864 milliseconds in repetition 168
Round trip time was 35.394 milliseconds in repetition 169
Round trip time was 24.704 milliseconds in repetition 170
Round trip time was 24.454 milliseconds in repetition 171
Round trip time was 24.573 milliseconds in repetition 172
Round trip time was 25.444 milliseconds in repetition 173
Round trip time was 26.708 milliseconds in repetition 174
Round trip time was 24.823 milliseconds in repetition 175
Round trip time was 24.638 milliseconds in repetition 176
Round trip time was 40.253 milliseconds in repetition 177
Round trip time was 25.420 milliseconds in repetition 178
Round trip time was 26.730 milliseconds in repetition 179
Round trip time was 27.221 milliseconds in repetition 180
Round trip time was 25.031 milliseconds in repetition 181
Round trip time was 24.501 milliseconds in repetition 182
Round trip time was 25.323 milliseconds in repetition 183
Round trip time was 26.817 milliseconds in repetition 184
Round trip time was 24.704 milliseconds in repetition 185
Round trip time was 25.873 milliseconds in repetition 186
Round trip time was 25.021 milliseconds in repetition 187
Round trip time was 26.786 milliseconds in repetition 188
Round trip time was 24.310 milliseconds in repetition 189
Round trip time was 24.255 milliseconds in repetition 190
Round trip time was 26.272 milliseconds in repetition 191
Round trip time was 28.092 milliseconds in repetition 192
Round trip time was 24.828 milliseconds in repetition 193
Round trip time was 25.566 milliseconds in repetition 194
Round trip time was 24.311 milliseconds in repetition 195
Round trip time was 28.262 milliseconds in repetition 196
Round trip time was 29.480 milliseconds in repetition 197
Round trip time was 24.261 milliseconds in repetition 198
Round trip time was 24.517 milliseconds in repetition 199
Round trip time was 23.996 milliseconds in repetition 200
Round trip time was 26.495 milliseconds in repetition 201
Round trip time was 25.148 milliseconds in repetition 202
Round trip time was 25.144 milliseconds in repetition 203
Round trip time was 35.585 milliseconds in repetition 204
Round trip time was 26.558 milliseconds in repetition 205
Round trip time was 25.333 milliseconds in repetition 206
Round trip time was 24.036 milliseconds in repetition 207
Round trip time was 28.390 milliseconds in repetition 208
Round trip time was 25.131 milliseconds in repetition 209
Round trip time was 24.642 milliseconds in repetition 210
Round trip time was 24.808 milliseconds in repetition 211
Round trip time was 24.994 milliseconds in repetition 212
Round trip time was 26.569 milliseconds in repetition 213
Round trip time was 25.330 milliseconds in repetition 214
Round trip time was 23.970 milliseconds in repetition 215
Round trip time was 25.251 milliseconds in repetition 216
Round trip time was 24.415 milliseconds in repetition 217
Round trip time was 48.932 milliseconds in repetition 218
Round trip time was 36.484 milliseconds in repetition 219
Round trip time was 39.771 milliseconds in repetition 220
Round trip time was 25.161 milliseconds in repetition 221
Round trip time was 35.069 milliseconds in repetition 222
Round trip time was 27.726 milliseconds in repetition 223
Round trip time was 24.591 milliseconds in repetition 224
Round trip time was 25.505 milliseconds in repetition 225
Round trip time was 25.046 milliseconds in repetition 226
Round trip time was 26.305 milliseconds in repetition 227
Round trip time was 25.233 milliseconds in repetition 228
Round trip time was 25.198 milliseconds in repetition 229
Round trip time was 24.837 milliseconds in repetition 230
Round trip time was 27.500 milliseconds in repetition 231
Round trip time was 24.816 milliseconds in repetition 232
Round trip time was 25.038 milliseconds in repetition 233
Round trip time was 25.375 milliseconds in repetition 234
Round trip time was 26.821 milliseconds in repetition 235
Round trip time was 25.497 milliseconds in repetition 236
Round trip time was 24.388 milliseconds in repetition 237
Round trip time was 34.614 milliseconds in repetition 238
Round trip time was 23.933 milliseconds in repetition 239
Round trip time was 27.693 milliseconds in repetition 240
Round trip time was 28.410 milliseconds in repetition 241
Round trip time was 24.326 milliseconds in repetition 242
Round trip time was 24.982 milliseconds in repetition 243
Round trip time was 25.631 milliseconds in repetition 244
Round trip time was 26.954 milliseconds in repetition 245
Round trip time was 24.612 milliseconds in repetition 246
Round trip time was 25.173 milliseconds in repetition 247
Round trip time was 24.153 milliseconds in repetition 248
Round trip time was 26.034 milliseconds in repetition 249
Round trip time was 24.561 milliseconds in repetition 250
Round trip time was 24.103 milliseconds in repetition 251
Round trip time was 25.527 milliseconds in repetition 252
Round trip time was 42.370 milliseconds in repetition 253
Round trip time was 28.179 milliseconds in repetition 254
Round trip time was 48.040 milliseconds in repetition 255
Round trip time was 40.602 milliseconds in repetition 256
Round trip time was 29.459 milliseconds in repetition 257
Round trip time was 24.532 milliseconds in repetition 258
Round trip time was 33.338 milliseconds in repetition 259
Round trip time was 25.155 milliseconds in repetition 260
Round trip time was 24.260 milliseconds in repetition 261
Round trip time was 24.916 milliseconds in repetition 262
Round trip time was 26.019 milliseconds in repetition 263
Round trip time was 26.607 milliseconds in repetition 264
Round trip time was 41.642 milliseconds in repetition 265
Round trip time was 28.643 milliseconds in repetition 266
Round trip time was 26.848 milliseconds in repetition 267
Round trip time was 24.118 milliseconds in repetition 268
Round trip time was 24.482 milliseconds in repetition 269
Round trip time was 27.029 milliseconds in repetition 270
Round trip time was 31.765 milliseconds in repetition 271
Round trip time was 26.170 milliseconds in repetition 272
Round trip time was 24.985 milliseconds in repetition 273
Round trip time was 24.664 milliseconds in repetition 274
Round trip time was 26.734 milliseconds in repetition 275

 ... received 0 bytes instead of 192 (lost count = 1); re-trying ...
 ... re-trying ...
Round trip time was 59.437 milliseconds in repetition 276
Round trip time was 33.707 milliseconds in repetition 277
Round trip time was 30.483 milliseconds in repetition 278
Round trip time was 24.573 milliseconds in repetition 279
Round trip time was 26.080 milliseconds in repetition 280
Round trip time was 26.106 milliseconds in repetition 281
Round trip time was 25.099 milliseconds in repetition 282
Round trip time was 24.635 milliseconds in repetition 283
Round trip time was 28.153 milliseconds in repetition 284
Round trip time was 28.858 milliseconds in repetition 285
Round trip time was 27.630 milliseconds in repetition 286
Round trip time was 25.816 milliseconds in repetition 287
Round trip time was 25.266 milliseconds in repetition 288
Round trip time was 30.970 milliseconds in repetition 289
Round trip time was 24.480 milliseconds in repetition 290
Round trip time was 29.559 milliseconds in repetition 291
Round trip time was 24.547 milliseconds in repetition 292
Round trip time was 24.290 milliseconds in repetition 293
Round trip time was 27.541 milliseconds in repetition 294
Round trip time was 31.345 milliseconds in repetition 295
Round trip time was 35.990 milliseconds in repetition 296
Round trip time was 47.209 milliseconds in repetition 297
Round trip time was 29.330 milliseconds in repetition 298
Round trip time was 34.448 milliseconds in repetition 299
Round trip time was 41.039 milliseconds in repetition 300
Round trip time was 25.128 milliseconds in repetition 301
Round trip time was 26.250 milliseconds in repetition 302
Round trip time was 25.044 milliseconds in repetition 303
Round trip time was 25.493 milliseconds in repetition 304
Round trip time was 31.261 milliseconds in repetition 305
Round trip time was 31.223 milliseconds in repetition 306
Round trip time was 26.501 milliseconds in repetition 307
Round trip time was 25.569 milliseconds in repetition 308
Round trip time was 25.295 milliseconds in repetition 309
Round trip time was 26.544 milliseconds in repetition 310
Round trip time was 25.706 milliseconds in repetition 311
Round trip time was 24.287 milliseconds in repetition 312
Round trip time was 26.072 milliseconds in repetition 313
Round trip time was 24.440 milliseconds in repetition 314
Round trip time was 35.373 milliseconds in repetition 315
Round trip time was 24.183 milliseconds in repetition 316
Round trip time was 23.815 milliseconds in repetition 317
Round trip time was 26.786 milliseconds in repetition 318
Round trip time was 29.405 milliseconds in repetition 319
Round trip time was 46.402 milliseconds in repetition 320
Round trip time was 27.148 milliseconds in repetition 321
Round trip time was 28.807 milliseconds in repetition 322
Round trip time was 46.036 milliseconds in repetition 323
Round trip time was 26.937 milliseconds in repetition 324
Round trip time was 23.940 milliseconds in repetition 325
Round trip time was 28.714 milliseconds in repetition 326
Round trip time was 27.417 milliseconds in repetition 327
Round trip time was 24.842 milliseconds in repetition 328
Round trip time was 26.359 milliseconds in repetition 329
Round trip time was 24.278 milliseconds in repetition 330
Round trip time was 35.649 milliseconds in repetition 331
Round trip time was 25.666 milliseconds in repetition 332
Round trip time was 24.977 milliseconds in repetition 333
Round trip time was 31.003 milliseconds in repetition 334
Round trip time was 25.039 milliseconds in repetition 335
Round trip time was 38.256 milliseconds in repetition 336
Round trip time was 24.140 milliseconds in repetition 337
Round trip time was 26.302 milliseconds in repetition 338
Round trip time was 26.817 milliseconds in repetition 339
Round trip time was 24.475 milliseconds in repetition 340
Round trip time was 24.698 milliseconds in repetition 341
Round trip time was 26.747 milliseconds in repetition 342
Round trip time was 28.484 milliseconds in repetition 343
Round trip time was 24.892 milliseconds in repetition 344
Round trip time was 24.473 milliseconds in repetition 345
Round trip time was 27.127 milliseconds in repetition 346
Round trip time was 25.498 milliseconds in repetition 347
Round trip time was 25.349 milliseconds in repetition 348
Round trip time was 26.391 milliseconds in repetition 349
Round trip time was 27.552 milliseconds in repetition 350
Round trip time was 27.207 milliseconds in repetition 351
Round trip time was 24.373 milliseconds in repetition 352
Round trip time was 24.254 milliseconds in repetition 353
Round trip time was 25.621 milliseconds in repetition 354
Round trip time was 25.705 milliseconds in repetition 355
Round trip time was 24.836 milliseconds in repetition 356
Round trip time was 24.370 milliseconds in repetition 357
Round trip time was 28.278 milliseconds in repetition 358
Round trip time was 28.666 milliseconds in repetition 359
Round trip time was 24.679 milliseconds in repetition 360
Round trip time was 24.093 milliseconds in repetition 361
Round trip time was 25.620 milliseconds in repetition 362
Round trip time was 26.693 milliseconds in repetition 363
Round trip time was 25.290 milliseconds in repetition 364
Round trip time was 24.168 milliseconds in repetition 365
Round trip time was 25.266 milliseconds in repetition 366
Round trip time was 24.400 milliseconds in repetition 367
Round trip time was 27.595 milliseconds in repetition 368
Round trip time was 23.953 milliseconds in repetition 369
Round trip time was 25.877 milliseconds in repetition 370
Round trip time was 24.213 milliseconds in repetition 371
Round trip time was 24.825 milliseconds in repetition 372
Round trip time was 24.590 milliseconds in repetition 373
Round trip time was 29.046 milliseconds in repetition 374
Round trip time was 24.062 milliseconds in repetition 375
Round trip time was 38.815 milliseconds in repetition 376
Round trip time was 24.078 milliseconds in repetition 377
Round trip time was 29.012 milliseconds in repetition 378
Round trip time was 26.602 milliseconds in repetition 379
Round trip time was 25.375 milliseconds in repetition 380
Round trip time was 27.285 milliseconds in repetition 381
Round trip time was 46.107 milliseconds in repetition 382
Round trip time was 36.244 milliseconds in repetition 383
Round trip time was 41.256 milliseconds in repetition 384
Round trip time was 25.289 milliseconds in repetition 385
Round trip time was 25.214 milliseconds in repetition 386
Round trip time was 24.443 milliseconds in repetition 387
Round trip time was 24.516 milliseconds in repetition 388
Round trip time was 27.318 milliseconds in repetition 389
Round trip time was 29.379 milliseconds in repetition 390
Round trip time was 28.106 milliseconds in repetition 391
Round trip time was 28.344 milliseconds in repetition 392
Round trip time was 26.219 milliseconds in repetition 393
Round trip time was 24.491 milliseconds in repetition 394
Round trip time was 27.189 milliseconds in repetition 395
Round trip time was 25.325 milliseconds in repetition 396
Round trip time was 25.405 milliseconds in repetition 397
Round trip time was 24.107 milliseconds in repetition 398
Round trip time was 26.701 milliseconds in repetition 399
Round trip time was 51.550 milliseconds in repetition 400
Round trip time was 28.185 milliseconds in repetition 401
Round trip time was 27.903 milliseconds in repetition 402
Round trip time was 26.002 milliseconds in repetition 403
Round trip time was 27.265 milliseconds in repetition 404

 ... received 0 bytes instead of 192 (lost count = 1); re-trying ...
 ... re-trying ...
Round trip time was 29.820 milliseconds in repetition 405
Round trip time was 24.016 milliseconds in repetition 406
Round trip time was 27.260 milliseconds in repetition 407
Round trip time was 26.657 milliseconds in repetition 408
Round trip time was 24.115 milliseconds in repetition 409
Round trip time was 26.910 milliseconds in repetition 410
Round trip time was 24.915 milliseconds in repetition 411
Round trip time was 25.859 milliseconds in repetition 412
Round trip time was 24.169 milliseconds in repetition 413
Round trip time was 25.734 milliseconds in repetition 414
Round trip time was 25.864 milliseconds in repetition 415
Round trip time was 26.091 milliseconds in repetition 416
Round trip time was 24.531 milliseconds in repetition 417
Round trip time was 24.640 milliseconds in repetition 418
Round trip time was 27.142 milliseconds in repetition 419
Round trip time was 28.859 milliseconds in repetition 420
Round trip time was 25.567 milliseconds in repetition 421
Round trip time was 45.524 milliseconds in repetition 422
Round trip time was 27.618 milliseconds in repetition 423
Round trip time was 25.933 milliseconds in repetition 424
Round trip time was 27.039 milliseconds in repetition 425
Round trip time was 32.534 milliseconds in repetition 426
Round trip time was 26.812 milliseconds in repetition 427
Round trip time was 25.029 milliseconds in repetition 428
Round trip time was 25.141 milliseconds in repetition 429
Round trip time was 28.440 milliseconds in repetition 430
Round trip time was 24.095 milliseconds in repetition 431
Round trip time was 33.513 milliseconds in repetition 432
Round trip time was 30.858 milliseconds in repetition 433
Round trip time was 25.333 milliseconds in repetition 434
Round trip time was 26.125 milliseconds in repetition 435
Round trip time was 27.031 milliseconds in repetition 436
Round trip time was 25.672 milliseconds in repetition 437
Round trip time was 25.088 milliseconds in repetition 438
Round trip time was 30.880 milliseconds in repetition 439
Round trip time was 25.426 milliseconds in repetition 440
Round trip time was 25.030 milliseconds in repetition 441
Round trip time was 24.876 milliseconds in repetition 442
Round trip time was 24.906 milliseconds in repetition 443
Round trip time was 26.430 milliseconds in repetition 444
Round trip time was 24.527 milliseconds in repetition 445
Round trip time was 28.089 milliseconds in repetition 446
Round trip time was 25.272 milliseconds in repetition 447
Round trip time was 71.120 milliseconds in repetition 448
Round trip time was 24.994 milliseconds in repetition 449
Round trip time was 23.921 milliseconds in repetition 450
Round trip time was 28.783 milliseconds in repetition 451
Round trip time was 24.480 milliseconds in repetition 452
Round trip time was 25.896 milliseconds in repetition 453
Round trip time was 40.146 milliseconds in repetition 454
Round trip time was 24.116 milliseconds in repetition 455
Round trip time was 50.028 milliseconds in repetition 456
Round trip time was 28.441 milliseconds in repetition 457
Round trip time was 25.214 milliseconds in repetition 458
Round trip time was 24.642 milliseconds in repetition 459
Round trip time was 27.025 milliseconds in repetition 460
Round trip time was 25.471 milliseconds in repetition 461
Round trip time was 24.746 milliseconds in repetition 462
Round trip time was 27.700 milliseconds in repetition 463
Round trip time was 24.754 milliseconds in repetition 464
Round trip time was 25.371 milliseconds in repetition 465
Round trip time was 24.105 milliseconds in repetition 466
Round trip time was 34.082 milliseconds in repetition 467
Round trip time was 26.384 milliseconds in repetition 468
Round trip time was 28.355 milliseconds in repetition 469
Round trip time was 25.538 milliseconds in repetition 470
Round trip time was 49.539 milliseconds in repetition 471
Round trip time was 31.221 milliseconds in repetition 472
Round trip time was 31.808 milliseconds in repetition 473
Round trip time was 30.202 milliseconds in repetition 474
Round trip time was 25.431 milliseconds in repetition 475
Round trip time was 24.797 milliseconds in repetition 476
Round trip time was 24.710 milliseconds in repetition 477
Round trip time was 26.797 milliseconds in repetition 478
Round trip time was 25.929 milliseconds in repetition 479
Round trip time was 26.991 milliseconds in repetition 480
Round trip time was 25.967 milliseconds in repetition 481
Round trip time was 25.130 milliseconds in repetition 482
Round trip time was 24.324 milliseconds in repetition 483
Round trip time was 27.090 milliseconds in repetition 484
Round trip time was 56.803 milliseconds in repetition 485
Round trip time was 27.621 milliseconds in repetition 486
Round trip time was 27.507 milliseconds in repetition 487
Round trip time was 26.947 milliseconds in repetition 488
Round trip time was 25.940 milliseconds in repetition 489
Round trip time was 25.832 milliseconds in repetition 490
Round trip time was 27.104 milliseconds in repetition 491
Round trip time was 27.136 milliseconds in repetition 492

 ... received 0 bytes instead of 192 (lost count = 1); re-trying ...
 ... re-trying ...
Round trip time was 30.737 milliseconds in repetition 493
Round trip time was 25.545 milliseconds in repetition 494
Round trip time was 26.404 milliseconds in repetition 495
Round trip time was 25.784 milliseconds in repetition 496
Round trip time was 25.590 milliseconds in repetition 497
Round trip time was 28.163 milliseconds in repetition 498
Round trip time was 24.538 milliseconds in repetition 499
Round trip time was 24.351 milliseconds in repetition 500
Round trip time was 25.578 milliseconds in repetition 501

 ... clock resolution was 0.0001
UDP Ping:  Statistics over 501 repetitions of 192 byte messages

RTT : percentile 10: 24.4001, median: 26.0336, percentile 90: 34.0818, average: 28.1876, variance: 40.8737

RTT histogram:
23.8146 153
26.4162 202
29.0178 62
31.6195 27
34.2211 16
36.8227 7
39.4244 6
42.026 6
44.6276 2
47.2293 6
49.8309 5
52.4325 3
55.0342 1
57.6358 2
60.2374 1
62.8391 0
65.4407 0
68.0423 0
70.644 1
73.2456 0
75.8473 1

   median Throughput : 14.7502 KB/s   overall Throughput : 13.623 KB/s

