UDP Ping trying to connect to server seti.dibris.unige.it (130.251.61.30) on TCP port 1491
 ... connected to Pong server: asking for 501 repetitions of 96 _bytes UDP messages
 ... Pong server agreed to ping-pong using port 49834 :-)
Round trip time was 34.671 milliseconds in repetition 1
Round trip time was 32.609 milliseconds in repetition 2
Round trip time was 30.013 milliseconds in repetition 3
Round trip time was 34.059 milliseconds in repetition 4
Round trip time was 28.177 milliseconds in repetition 5
Round trip time was 27.582 milliseconds in repetition 6
Round trip time was 27.750 milliseconds in repetition 7
Round trip time was 28.935 milliseconds in repetition 8
Round trip time was 30.628 milliseconds in repetition 9
Round trip time was 27.755 milliseconds in repetition 10
Round trip time was 27.674 milliseconds in repetition 11
Round trip time was 29.401 milliseconds in repetition 12
Round trip time was 28.648 milliseconds in repetition 13
Round trip time was 28.376 milliseconds in repetition 14
Round trip time was 27.997 milliseconds in repetition 15
Round trip time was 29.639 milliseconds in repetition 16
Round trip time was 40.200 milliseconds in repetition 17
Round trip time was 35.725 milliseconds in repetition 18
Round trip time was 27.662 milliseconds in repetition 19
Round trip time was 36.244 milliseconds in repetition 20
Round trip time was 28.378 milliseconds in repetition 21
Round trip time was 46.383 milliseconds in repetition 22
Round trip time was 30.654 milliseconds in repetition 23
Round trip time was 30.517 milliseconds in repetition 24
Round trip time was 27.412 milliseconds in repetition 25
Round trip time was 27.075 milliseconds in repetition 26
Round trip time was 28.217 milliseconds in repetition 27
Round trip time was 49.816 milliseconds in repetition 28
Round trip time was 27.331 milliseconds in repetition 29
Round trip time was 28.171 milliseconds in repetition 30
Round trip time was 27.586 milliseconds in repetition 31
Round trip time was 39.467 milliseconds in repetition 32
Round trip time was 28.069 milliseconds in repetition 33
Round trip time was 76.187 milliseconds in repetition 34
Round trip time was 26.971 milliseconds in repetition 35
Round trip time was 27.670 milliseconds in repetition 36
Round trip time was 32.053 milliseconds in repetition 37
Round trip time was 27.829 milliseconds in repetition 38
Round trip time was 27.404 milliseconds in repetition 39
Round trip time was 32.288 milliseconds in repetition 40
Round trip time was 28.970 milliseconds in repetition 41
Round trip time was 27.323 milliseconds in repetition 42
Round trip time was 50.672 milliseconds in repetition 43
Round trip time was 27.624 milliseconds in repetition 44
Round trip time was 31.954 milliseconds in repetition 45
Round trip time was 27.206 milliseconds in repetition 46
Round trip time was 27.325 milliseconds in repetition 47
Round trip time was 27.668 milliseconds in repetition 48
Round trip time was 27.798 milliseconds in repetition 49
Round trip time was 27.190 milliseconds in repetition 50
Round trip time was 28.743 milliseconds in repetition 51
Round trip time was 26.862 milliseconds in repetition 52
Round trip time was 27.229 milliseconds in repetition 53
Round trip time was 26.757 milliseconds in repetition 54
Round trip time was 27.770 milliseconds in repetition 55
Round trip time was 28.254 milliseconds in repetition 56
Round trip time was 31.062 milliseconds in repetition 57
Round trip time was 27.616 milliseconds in repetition 58
Round trip time was 27.129 milliseconds in repetition 59
Round trip time was 29.194 milliseconds in repetition 60
Round trip time was 30.953 milliseconds in repetition 61
Round trip time was 27.470 milliseconds in repetition 62
Round trip time was 27.102 milliseconds in repetition 63
Round trip time was 37.459 milliseconds in repetition 64
Round trip time was 28.242 milliseconds in repetition 65
Round trip time was 28.126 milliseconds in repetition 66
Round trip time was 44.093 milliseconds in repetition 67
Round trip time was 29.410 milliseconds in repetition 68
Round trip time was 36.957 milliseconds in repetition 69
Round trip time was 32.669 milliseconds in repetition 70
Round trip time was 29.529 milliseconds in repetition 71
Round trip time was 31.051 milliseconds in repetition 72
Round trip time was 29.809 milliseconds in repetition 73
Round trip time was 27.166 milliseconds in repetition 74
Round trip time was 31.457 milliseconds in repetition 75
Round trip time was 28.276 milliseconds in repetition 76
Round trip time was 29.999 milliseconds in repetition 77
Round trip time was 36.377 milliseconds in repetition 78
Round trip time was 28.836 milliseconds in repetition 79
Round trip time was 27.954 milliseconds in repetition 80
Round trip time was 32.005 milliseconds in repetition 81
Round trip time was 27.204 milliseconds in repetition 82
Round trip time was 27.062 milliseconds in repetition 83
Round trip time was 34.538 milliseconds in repetition 84
Round trip time was 34.462 milliseconds in repetition 85
Round trip time was 32.683 milliseconds in repetition 86
Round trip time was 30.025 milliseconds in repetition 87
Round trip time was 33.385 milliseconds in repetition 88
Round trip time was 47.750 milliseconds in repetition 89
Round trip time was 37.433 milliseconds in repetition 90
Round trip time was 45.379 milliseconds in repetition 91
Round trip time was 36.102 milliseconds in repetition 92
Round trip time was 27.704 milliseconds in repetition 93
Round trip time was 28.015 milliseconds in repetition 94
Round trip time was 29.293 milliseconds in repetition 95
Round trip time was 30.430 milliseconds in repetition 96
Round trip time was 27.876 milliseconds in repetition 97
Round trip time was 28.192 milliseconds in repetition 98
Round trip time was 28.315 milliseconds in repetition 99
Round trip time was 30.011 milliseconds in repetition 100
Round trip time was 28.001 milliseconds in repetition 101
Round trip time was 39.458 milliseconds in repetition 102
Round trip time was 32.627 milliseconds in repetition 103
Round trip time was 27.008 milliseconds in repetition 104
Round trip time was 27.588 milliseconds in repetition 105
Round trip time was 27.064 milliseconds in repetition 106
Round trip time was 28.567 milliseconds in repetition 107
Round trip time was 27.265 milliseconds in repetition 108
Round trip time was 30.289 milliseconds in repetition 109
Round trip time was 27.681 milliseconds in repetition 110
Round trip time was 29.325 milliseconds in repetition 111
Round trip time was 27.331 milliseconds in repetition 112
Round trip time was 33.000 milliseconds in repetition 113
Round trip time was 28.820 milliseconds in repetition 114
Round trip time was 31.442 milliseconds in repetition 115
Round trip time was 32.847 milliseconds in repetition 116
Round trip time was 35.779 milliseconds in repetition 117
Round trip time was 59.279 milliseconds in repetition 118
Round trip time was 28.690 milliseconds in repetition 119
Round trip time was 28.023 milliseconds in repetition 120
Round trip time was 27.453 milliseconds in repetition 121
Round trip time was 39.054 milliseconds in repetition 122
Round trip time was 30.226 milliseconds in repetition 123
Round trip time was 27.840 milliseconds in repetition 124
Round trip time was 31.124 milliseconds in repetition 125
Round trip time was 34.621 milliseconds in repetition 126
Round trip time was 28.326 milliseconds in repetition 127
Round trip time was 29.636 milliseconds in repetition 128
Round trip time was 33.689 milliseconds in repetition 129
Round trip time was 38.996 milliseconds in repetition 130
Round trip time was 38.627 milliseconds in repetition 131
Round trip time was 27.210 milliseconds in repetition 132
Round trip time was 31.423 milliseconds in repetition 133
Round trip time was 27.288 milliseconds in repetition 134
Round trip time was 32.525 milliseconds in repetition 135
Round trip time was 37.988 milliseconds in repetition 136
Round trip time was 32.102 milliseconds in repetition 137
Round trip time was 37.145 milliseconds in repetition 138
Round trip time was 28.592 milliseconds in repetition 139
Round trip time was 44.531 milliseconds in repetition 140
Round trip time was 29.305 milliseconds in repetition 141
Round trip time was 28.484 milliseconds in repetition 142
Round trip time was 26.959 milliseconds in repetition 143
Round trip time was 29.143 milliseconds in repetition 144
Round trip time was 49.217 milliseconds in repetition 145
Round trip time was 32.288 milliseconds in repetition 146
Round trip time was 30.940 milliseconds in repetition 147
Round trip time was 32.856 milliseconds in repetition 148
Round trip time was 30.253 milliseconds in repetition 149
Round trip time was 29.496 milliseconds in repetition 150
Round trip time was 34.422 milliseconds in repetition 151
Round trip time was 29.466 milliseconds in repetition 152
Round trip time was 33.877 milliseconds in repetition 153
Round trip time was 50.461 milliseconds in repetition 154
Round trip time was 28.024 milliseconds in repetition 155
Round trip time was 28.592 milliseconds in repetition 156
Round trip time was 32.551 milliseconds in repetition 157
Round trip time was 28.854 milliseconds in repetition 158
Round trip time was 31.763 milliseconds in repetition 159
Round trip time was 40.702 milliseconds in repetition 160
Round trip time was 27.195 milliseconds in repetition 161
Round trip time was 29.751 milliseconds in repetition 162
Round trip time was 27.637 milliseconds in repetition 163
Round trip time was 28.534 milliseconds in repetition 164
Round trip time was 29.247 milliseconds in repetition 165
Round trip time was 30.834 milliseconds in repetition 166
Round trip time was 31.858 milliseconds in repetition 167
Round trip time was 27.080 milliseconds in repetition 168
Round trip time was 27.488 milliseconds in repetition 169
Round trip time was 30.625 milliseconds in repetition 170
Round trip time was 30.616 milliseconds in repetition 171
Round trip time was 32.492 milliseconds in repetition 172
Round trip time was 56.754 milliseconds in repetition 173
Round trip time was 30.062 milliseconds in repetition 174
Round trip time was 27.143 milliseconds in repetition 175
Round trip time was 41.840 milliseconds in repetition 176
Round trip time was 29.939 milliseconds in repetition 177
Round trip time was 27.503 milliseconds in repetition 178
Round trip time was 38.763 milliseconds in repetition 179
Round trip time was 28.619 milliseconds in repetition 180
Round trip time was 29.517 milliseconds in repetition 181
Round trip time was 27.314 milliseconds in repetition 182
Round trip time was 27.309 milliseconds in repetition 183
Round trip time was 33.784 milliseconds in repetition 184
Round trip time was 31.398 milliseconds in repetition 185
Round trip time was 37.188 milliseconds in repetition 186
Round trip time was 27.504 milliseconds in repetition 187
Round trip time was 28.276 milliseconds in repetition 188
Round trip time was 27.223 milliseconds in repetition 189
Round trip time was 28.876 milliseconds in repetition 190
Round trip time was 28.603 milliseconds in repetition 191
Round trip time was 31.082 milliseconds in repetition 192
Round trip time was 30.143 milliseconds in repetition 193
Round trip time was 27.629 milliseconds in repetition 194
Round trip time was 38.023 milliseconds in repetition 195
Round trip time was 26.817 milliseconds in repetition 196
Round trip time was 27.587 milliseconds in repetition 197
Round trip time was 27.406 milliseconds in repetition 198
Round trip time was 35.010 milliseconds in repetition 199
Round trip time was 29.611 milliseconds in repetition 200
Round trip time was 27.438 milliseconds in repetition 201
Round trip time was 29.639 milliseconds in repetition 202
Round trip time was 39.407 milliseconds in repetition 203
Round trip time was 28.057 milliseconds in repetition 204
Round trip time was 27.396 milliseconds in repetition 205
Round trip time was 28.464 milliseconds in repetition 206
Round trip time was 28.897 milliseconds in repetition 207
Round trip time was 27.816 milliseconds in repetition 208
Round trip time was 42.121 milliseconds in repetition 209
Round trip time was 28.721 milliseconds in repetition 210
Round trip time was 29.586 milliseconds in repetition 211
Round trip time was 28.711 milliseconds in repetition 212
Round trip time was 29.144 milliseconds in repetition 213
Round trip time was 28.484 milliseconds in repetition 214
Round trip time was 39.283 milliseconds in repetition 215
Round trip time was 30.280 milliseconds in repetition 216
Round trip time was 28.421 milliseconds in repetition 217
Round trip time was 34.370 milliseconds in repetition 218
Round trip time was 32.377 milliseconds in repetition 219
Round trip time was 30.352 milliseconds in repetition 220
Round trip time was 49.412 milliseconds in repetition 221
Round trip time was 27.885 milliseconds in repetition 222
Round trip time was 28.130 milliseconds in repetition 223
Round trip time was 27.796 milliseconds in repetition 224
Round trip time was 28.849 milliseconds in repetition 225
Round trip time was 33.166 milliseconds in repetition 226
Round trip time was 28.872 milliseconds in repetition 227
Round trip time was 29.343 milliseconds in repetition 228
Round trip time was 27.454 milliseconds in repetition 229
Round trip time was 27.507 milliseconds in repetition 230
Round trip time was 27.171 milliseconds in repetition 231
Round trip time was 27.813 milliseconds in repetition 232
Round trip time was 29.936 milliseconds in repetition 233
Round trip time was 27.739 milliseconds in repetition 234
Round trip time was 28.241 milliseconds in repetition 235
Round trip time was 29.470 milliseconds in repetition 236
Round trip time was 29.422 milliseconds in repetition 237
Round trip time was 27.550 milliseconds in repetition 238
Round trip time was 27.307 milliseconds in repetition 239
Round trip time was 31.611 milliseconds in repetition 240
Round trip time was 27.259 milliseconds in repetition 241
Round trip time was 27.582 milliseconds in repetition 242
Round trip time was 31.160 milliseconds in repetition 243
Round trip time was 29.161 milliseconds in repetition 244
Round trip time was 44.832 milliseconds in repetition 245
Round trip time was 31.140 milliseconds in repetition 246
Round trip time was 27.993 milliseconds in repetition 247
Round trip time was 28.192 milliseconds in repetition 248
Round trip time was 32.708 milliseconds in repetition 249
Round trip time was 30.894 milliseconds in repetition 250
Round trip time was 26.938 milliseconds in repetition 251
Round trip time was 27.326 milliseconds in repetition 252
Round trip time was 30.250 milliseconds in repetition 253
Round trip time was 27.691 milliseconds in repetition 254
Round trip time was 27.542 milliseconds in repetition 255
Round trip time was 29.140 milliseconds in repetition 256
Round trip time was 27.530 milliseconds in repetition 257
Round trip time was 27.289 milliseconds in repetition 258
Round trip time was 27.262 milliseconds in repetition 259
Round trip time was 28.978 milliseconds in repetition 260
Round trip time was 31.748 milliseconds in repetition 261
Round trip time was 28.190 milliseconds in repetition 262
Round trip time was 28.698 milliseconds in repetition 263
Round trip time was 28.639 milliseconds in repetition 264
Round trip time was 27.627 milliseconds in repetition 265
Round trip time was 38.683 milliseconds in repetition 266
Round trip time was 27.197 milliseconds in repetition 267
Round trip time was 51.475 milliseconds in repetition 268
Round trip time was 27.168 milliseconds in repetition 269
Round trip time was 47.951 milliseconds in repetition 270
Round trip time was 27.867 milliseconds in repetition 271
Round trip time was 28.275 milliseconds in repetition 272
Round trip time was 29.613 milliseconds in repetition 273
Round trip time was 29.026 milliseconds in repetition 274
Round trip time was 29.059 milliseconds in repetition 275
Round trip time was 27.321 milliseconds in repetition 276
Round trip time was 30.037 milliseconds in repetition 277
Round trip time was 28.662 milliseconds in repetition 278
Round trip time was 27.816 milliseconds in repetition 279
Round trip time was 28.998 milliseconds in repetition 280
Round trip time was 27.858 milliseconds in repetition 281
Round trip time was 27.331 milliseconds in repetition 282
Round trip time was 42.078 milliseconds in repetition 283
Round trip time was 33.521 milliseconds in repetition 284
Round trip time was 27.279 milliseconds in repetition 285
Round trip time was 27.631 milliseconds in repetition 286
Round trip time was 27.682 milliseconds in repetition 287
Round trip time was 27.405 milliseconds in repetition 288
Round trip time was 27.267 milliseconds in repetition 289
Round trip time was 31.851 milliseconds in repetition 290
Round trip time was 39.033 milliseconds in repetition 291
Round trip time was 28.267 milliseconds in repetition 292
Round trip time was 29.315 milliseconds in repetition 293
Round trip time was 29.438 milliseconds in repetition 294
Round trip time was 31.781 milliseconds in repetition 295
Round trip time was 27.643 milliseconds in repetition 296
Round trip time was 28.976 milliseconds in repetition 297
Round trip time was 31.795 milliseconds in repetition 298
Round trip time was 28.273 milliseconds in repetition 299
Round trip time was 29.512 milliseconds in repetition 300
Round trip time was 26.990 milliseconds in repetition 301
Round trip time was 27.649 milliseconds in repetition 302
Round trip time was 29.600 milliseconds in repetition 303
Round trip time was 28.273 milliseconds in repetition 304
Round trip time was 31.784 milliseconds in repetition 305
Round trip time was 42.360 milliseconds in repetition 306
Round trip time was 28.020 milliseconds in repetition 307
Round trip time was 40.687 milliseconds in repetition 308
Round trip time was 32.959 milliseconds in repetition 309
Round trip time was 27.983 milliseconds in repetition 310
Round trip time was 27.527 milliseconds in repetition 311
Round trip time was 27.419 milliseconds in repetition 312
Round trip time was 28.882 milliseconds in repetition 313
Round trip time was 34.283 milliseconds in repetition 314
Round trip time was 27.811 milliseconds in repetition 315
Round trip time was 28.871 milliseconds in repetition 316
Round trip time was 34.120 milliseconds in repetition 317
Round trip time was 32.653 milliseconds in repetition 318
Round trip time was 27.964 milliseconds in repetition 319
Round trip time was 37.197 milliseconds in repetition 320
Round trip time was 30.099 milliseconds in repetition 321
Round trip time was 27.975 milliseconds in repetition 322
Round trip time was 30.549 milliseconds in repetition 323
Round trip time was 28.119 milliseconds in repetition 324
Round trip time was 27.290 milliseconds in repetition 325
Round trip time was 27.428 milliseconds in repetition 326
Round trip time was 29.893 milliseconds in repetition 327
Round trip time was 29.587 milliseconds in repetition 328
Round trip time was 27.316 milliseconds in repetition 329
Round trip time was 27.414 milliseconds in repetition 330
Round trip time was 27.655 milliseconds in repetition 331
Round trip time was 30.806 milliseconds in repetition 332
Round trip time was 26.714 milliseconds in repetition 333
Round trip time was 34.385 milliseconds in repetition 334
Round trip time was 41.459 milliseconds in repetition 335
Round trip time was 29.547 milliseconds in repetition 336
Round trip time was 55.378 milliseconds in repetition 337
Round trip time was 35.562 milliseconds in repetition 338
Round trip time was 28.914 milliseconds in repetition 339
Round trip time was 27.151 milliseconds in repetition 340
Round trip time was 42.439 milliseconds in repetition 341
Round trip time was 27.667 milliseconds in repetition 342
Round trip time was 28.382 milliseconds in repetition 343
Round trip time was 28.800 milliseconds in repetition 344
Round trip time was 28.242 milliseconds in repetition 345
Round trip time was 27.818 milliseconds in repetition 346
Round trip time was 29.642 milliseconds in repetition 347
Round trip time was 29.220 milliseconds in repetition 348
Round trip time was 27.213 milliseconds in repetition 349
Round trip time was 32.344 milliseconds in repetition 350
Round trip time was 28.103 milliseconds in repetition 351
Round trip time was 28.227 milliseconds in repetition 352
Round trip time was 35.939 milliseconds in repetition 353
Round trip time was 27.964 milliseconds in repetition 354
Round trip time was 28.151 milliseconds in repetition 355
Round trip time was 27.229 milliseconds in repetition 356
Round trip time was 29.974 milliseconds in repetition 357
Round trip time was 46.096 milliseconds in repetition 358
Round trip time was 27.951 milliseconds in repetition 359
Round trip time was 29.473 milliseconds in repetition 360
Round trip time was 29.532 milliseconds in repetition 361
Round trip time was 27.736 milliseconds in repetition 362
Round trip time was 39.789 milliseconds in repetition 363
Round trip time was 27.137 milliseconds in repetition 364
Round trip time was 27.110 milliseconds in repetition 365
Round trip time was 29.692 milliseconds in repetition 366
Round trip time was 27.160 milliseconds in repetition 367
Round trip time was 29.213 milliseconds in repetition 368
Round trip time was 26.781 milliseconds in repetition 369
Round trip time was 28.549 milliseconds in repetition 370
Round trip time was 31.465 milliseconds in repetition 371
Round trip time was 27.256 milliseconds in repetition 372
Round trip time was 28.106 milliseconds in repetition 373
Round trip time was 28.304 milliseconds in repetition 374
Round trip time was 28.954 milliseconds in repetition 375
Round trip time was 35.646 milliseconds in repetition 376
Round trip time was 36.893 milliseconds in repetition 377
Round trip time was 33.517 milliseconds in repetition 378
Round trip time was 26.987 milliseconds in repetition 379
Round trip time was 29.349 milliseconds in repetition 380
Round trip time was 32.523 milliseconds in repetition 381
Round trip time was 43.594 milliseconds in repetition 382
Round trip time was 31.157 milliseconds in repetition 383
Round trip time was 31.826 milliseconds in repetition 384
Round trip time was 30.397 milliseconds in repetition 385
Round trip time was 43.330 milliseconds in repetition 386
Round trip time was 27.379 milliseconds in repetition 387
Round trip time was 27.440 milliseconds in repetition 388
Round trip time was 30.561 milliseconds in repetition 389
Round trip time was 28.829 milliseconds in repetition 390
Round trip time was 26.920 milliseconds in repetition 391
Round trip time was 27.677 milliseconds in repetition 392
Round trip time was 30.641 milliseconds in repetition 393
Round trip time was 29.934 milliseconds in repetition 394
Round trip time was 28.598 milliseconds in repetition 395
Round trip time was 31.871 milliseconds in repetition 396
Round trip time was 27.404 milliseconds in repetition 397
Round trip time was 27.965 milliseconds in repetition 398
Round trip time was 27.516 milliseconds in repetition 399
Round trip time was 28.901 milliseconds in repetition 400
Round trip time was 37.847 milliseconds in repetition 401
Round trip time was 27.715 milliseconds in repetition 402
Round trip time was 27.359 milliseconds in repetition 403
Round trip time was 28.484 milliseconds in repetition 404
Round trip time was 40.042 milliseconds in repetition 405
Round trip time was 28.122 milliseconds in repetition 406
Round trip time was 28.547 milliseconds in repetition 407
Round trip time was 32.477 milliseconds in repetition 408
Round trip time was 27.871 milliseconds in repetition 409
Round trip time was 28.258 milliseconds in repetition 410
Round trip time was 32.492 milliseconds in repetition 411
Round trip time was 28.164 milliseconds in repetition 412
Round trip time was 27.365 milliseconds in repetition 413
Round trip time was 28.262 milliseconds in repetition 414
Round trip time was 36.642 milliseconds in repetition 415
Round trip time was 31.018 milliseconds in repetition 416
Round trip time was 27.744 milliseconds in repetition 417
Round trip time was 26.901 milliseconds in repetition 418
Round trip time was 27.793 milliseconds in repetition 419
Round trip time was 27.925 milliseconds in repetition 420
Round trip time was 30.856 milliseconds in repetition 421
Round trip time was 28.820 milliseconds in repetition 422
Round trip time was 26.774 milliseconds in repetition 423
Round trip time was 28.396 milliseconds in repetition 424
Round trip time was 32.035 milliseconds in repetition 425
Round trip time was 31.300 milliseconds in repetition 426
Round trip time was 29.120 milliseconds in repetition 427
Round trip time was 27.125 milliseconds in repetition 428
Round trip time was 27.228 milliseconds in repetition 429
Round trip time was 27.585 milliseconds in repetition 430
Round trip time was 27.146 milliseconds in repetition 431
Round trip time was 30.774 milliseconds in repetition 432
Round trip time was 26.936 milliseconds in repetition 433
Round trip time was 33.136 milliseconds in repetition 434
Round trip time was 29.630 milliseconds in repetition 435
Round trip time was 31.509 milliseconds in repetition 436
Round trip time was 29.051 milliseconds in repetition 437
Round trip time was 30.804 milliseconds in repetition 438
Round trip time was 29.011 milliseconds in repetition 439
Round trip time was 31.215 milliseconds in repetition 440
Round trip time was 29.235 milliseconds in repetition 441
Round trip time was 33.247 milliseconds in repetition 442
Round trip time was 27.299 milliseconds in repetition 443
Round trip time was 29.759 milliseconds in repetition 444
Round trip time was 30.909 milliseconds in repetition 445
Round trip time was 41.785 milliseconds in repetition 446
Round trip time was 40.289 milliseconds in repetition 447
Round trip time was 27.712 milliseconds in repetition 448
Round trip time was 28.174 milliseconds in repetition 449
Round trip time was 27.491 milliseconds in repetition 450
Round trip time was 29.352 milliseconds in repetition 451
Round trip time was 69.972 milliseconds in repetition 452
Round trip time was 32.094 milliseconds in repetition 453
Round trip time was 32.786 milliseconds in repetition 454
Round trip time was 27.087 milliseconds in repetition 455
Round trip time was 27.513 milliseconds in repetition 456
Round trip time was 29.049 milliseconds in repetition 457
Round trip time was 28.582 milliseconds in repetition 458
Round trip time was 28.534 milliseconds in repetition 459
Round trip time was 37.124 milliseconds in repetition 460
Round trip time was 40.730 milliseconds in repetition 461
Round trip time was 27.637 milliseconds in repetition 462
Round trip time was 33.889 milliseconds in repetition 463
Round trip time was 27.557 milliseconds in repetition 464
Round trip time was 27.265 milliseconds in repetition 465
Round trip time was 29.408 milliseconds in repetition 466
Round trip time was 27.997 milliseconds in repetition 467
Round trip time was 26.837 milliseconds in repetition 468
Round trip time was 30.164 milliseconds in repetition 469
Round trip time was 33.218 milliseconds in repetition 470
Round trip time was 28.843 milliseconds in repetition 471
Round trip time was 27.375 milliseconds in repetition 472
Round trip time was 59.866 milliseconds in repetition 473
Round trip time was 27.866 milliseconds in repetition 474
Round trip time was 27.757 milliseconds in repetition 475
Round trip time was 36.102 milliseconds in repetition 476
Round trip time was 27.938 milliseconds in repetition 477
Round trip time was 37.566 milliseconds in repetition 478
Round trip time was 44.042 milliseconds in repetition 479
Round trip time was 32.533 milliseconds in repetition 480
Round trip time was 27.153 milliseconds in repetition 481
Round trip time was 29.347 milliseconds in repetition 482
Round trip time was 31.268 milliseconds in repetition 483
Round trip time was 27.661 milliseconds in repetition 484
Round trip time was 33.929 milliseconds in repetition 485
Round trip time was 27.689 milliseconds in repetition 486
Round trip time was 28.522 milliseconds in repetition 487
Round trip time was 27.571 milliseconds in repetition 488
Round trip time was 30.502 milliseconds in repetition 489
Round trip time was 34.870 milliseconds in repetition 490
Round trip time was 29.529 milliseconds in repetition 491
Round trip time was 32.351 milliseconds in repetition 492
Round trip time was 30.072 milliseconds in repetition 493
Round trip time was 27.116 milliseconds in repetition 494
Round trip time was 40.352 milliseconds in repetition 495
Round trip time was 27.464 milliseconds in repetition 496
Round trip time was 26.793 milliseconds in repetition 497
Round trip time was 27.844 milliseconds in repetition 498
Round trip time was 32.926 milliseconds in repetition 499
Round trip time was 32.704 milliseconds in repetition 500
Round trip time was 27.041 milliseconds in repetition 501

 ... clock resolution was 0.0001
UDP Ping:  Statistics over 501 repetitions of 96 byte messages

RTT : percentile 10: 27.2623, median: 28.9354, percentile 90: 37.847, average: 31.0515, variance: 34.0906

RTT histogram:
26.7139 159
29.1875 171
31.6611 74
34.1348 27
36.6084 19
39.0821 17
41.5557 11
44.0293 6
46.503 3
48.9766 5
51.4503 3
53.9239 0
56.3975 2
58.8712 2
61.3448 0
63.8185 0
66.2921 0
68.7657 1
71.2394 0
73.713 0
76.1867 1

   median Throughput : 6.63547 KB/s   overall Throughput : 6.18327 KB/s

