UDP Ping trying to connect to server seti.dibris.unige.it (130.251.61.30) on TCP port 1491
 ... connected to Pong server: asking for 501 repetitions of 32 _bytes UDP messages
 ... Pong server agreed to ping-pong using port 49834 :-)
Round trip time was 31.647 milliseconds in repetition 1
Round trip time was 34.108 milliseconds in repetition 2
Round trip time was 30.383 milliseconds in repetition 3
Round trip time was 49.555 milliseconds in repetition 4
Round trip time was 28.886 milliseconds in repetition 5
Round trip time was 28.439 milliseconds in repetition 6
Round trip time was 28.904 milliseconds in repetition 7
Round trip time was 33.844 milliseconds in repetition 8
Round trip time was 29.946 milliseconds in repetition 9
Round trip time was 64.213 milliseconds in repetition 10
Round trip time was 28.760 milliseconds in repetition 11
Round trip time was 32.986 milliseconds in repetition 12
Round trip time was 29.119 milliseconds in repetition 13
Round trip time was 31.659 milliseconds in repetition 14
Round trip time was 37.525 milliseconds in repetition 15
Round trip time was 30.193 milliseconds in repetition 16
Round trip time was 28.006 milliseconds in repetition 17
Round trip time was 29.532 milliseconds in repetition 18
Round trip time was 31.282 milliseconds in repetition 19
Round trip time was 46.927 milliseconds in repetition 20
Round trip time was 28.326 milliseconds in repetition 21
Round trip time was 29.161 milliseconds in repetition 22
Round trip time was 38.489 milliseconds in repetition 23
Round trip time was 29.578 milliseconds in repetition 24
Round trip time was 60.292 milliseconds in repetition 25
Round trip time was 34.698 milliseconds in repetition 26
Round trip time was 29.501 milliseconds in repetition 27
Round trip time was 28.800 milliseconds in repetition 28
Round trip time was 29.416 milliseconds in repetition 29
Round trip time was 30.209 milliseconds in repetition 30
Round trip time was 28.444 milliseconds in repetition 31
Round trip time was 33.808 milliseconds in repetition 32
Round trip time was 28.937 milliseconds in repetition 33
Round trip time was 35.558 milliseconds in repetition 34
Round trip time was 46.700 milliseconds in repetition 35
Round trip time was 28.402 milliseconds in repetition 36
Round trip time was 28.498 milliseconds in repetition 37
Round trip time was 29.689 milliseconds in repetition 38
Round trip time was 45.180 milliseconds in repetition 39
Round trip time was 48.941 milliseconds in repetition 40
Round trip time was 28.715 milliseconds in repetition 41
Round trip time was 27.714 milliseconds in repetition 42
Round trip time was 32.000 milliseconds in repetition 43
Round trip time was 30.732 milliseconds in repetition 44
Round trip time was 31.414 milliseconds in repetition 45
Round trip time was 31.324 milliseconds in repetition 46
Round trip time was 27.978 milliseconds in repetition 47
Round trip time was 32.893 milliseconds in repetition 48
Round trip time was 32.802 milliseconds in repetition 49
Round trip time was 35.520 milliseconds in repetition 50
Round trip time was 30.375 milliseconds in repetition 51
Round trip time was 29.837 milliseconds in repetition 52
Round trip time was 27.894 milliseconds in repetition 53
Round trip time was 27.766 milliseconds in repetition 54
Round trip time was 34.949 milliseconds in repetition 55
Round trip time was 41.085 milliseconds in repetition 56
Round trip time was 32.453 milliseconds in repetition 57
Round trip time was 28.249 milliseconds in repetition 58
Round trip time was 37.627 milliseconds in repetition 59
Round trip time was 33.393 milliseconds in repetition 60
Round trip time was 31.570 milliseconds in repetition 61
Round trip time was 32.275 milliseconds in repetition 62
Round trip time was 32.587 milliseconds in repetition 63
Round trip time was 30.635 milliseconds in repetition 64
Round trip time was 29.009 milliseconds in repetition 65
Round trip time was 28.663 milliseconds in repetition 66
Round trip time was 32.228 milliseconds in repetition 67
Round trip time was 27.863 milliseconds in repetition 68
Round trip time was 29.832 milliseconds in repetition 69
Round trip time was 29.399 milliseconds in repetition 70
Round trip time was 29.174 milliseconds in repetition 71
Round trip time was 33.460 milliseconds in repetition 72
Round trip time was 27.664 milliseconds in repetition 73
Round trip time was 30.939 milliseconds in repetition 74
Round trip time was 36.638 milliseconds in repetition 75
Round trip time was 29.205 milliseconds in repetition 76
Round trip time was 29.191 milliseconds in repetition 77
Round trip time was 30.415 milliseconds in repetition 78
Round trip time was 32.783 milliseconds in repetition 79
Round trip time was 27.890 milliseconds in repetition 80
Round trip time was 29.136 milliseconds in repetition 81
Round trip time was 27.636 milliseconds in repetition 82
Round trip time was 55.365 milliseconds in repetition 83
Round trip time was 47.036 milliseconds in repetition 84
Round trip time was 46.862 milliseconds in repetition 85
Round trip time was 31.181 milliseconds in repetition 86
Round trip time was 29.573 milliseconds in repetition 87
Round trip time was 37.681 milliseconds in repetition 88
Round trip time was 30.696 milliseconds in repetition 89
Round trip time was 34.380 milliseconds in repetition 90
Round trip time was 30.108 milliseconds in repetition 91
Round trip time was 32.285 milliseconds in repetition 92
Round trip time was 32.001 milliseconds in repetition 93
Round trip time was 29.204 milliseconds in repetition 94
Round trip time was 29.274 milliseconds in repetition 95
Round trip time was 27.800 milliseconds in repetition 96
Round trip time was 29.724 milliseconds in repetition 97
Round trip time was 27.913 milliseconds in repetition 98
Round trip time was 28.434 milliseconds in repetition 99
Round trip time was 28.147 milliseconds in repetition 100
Round trip time was 28.793 milliseconds in repetition 101
Round trip time was 28.843 milliseconds in repetition 102
Round trip time was 29.978 milliseconds in repetition 103
Round trip time was 28.541 milliseconds in repetition 104
Round trip time was 27.617 milliseconds in repetition 105
Round trip time was 48.912 milliseconds in repetition 106
Round trip time was 29.431 milliseconds in repetition 107
Round trip time was 30.110 milliseconds in repetition 108
Round trip time was 29.370 milliseconds in repetition 109
Round trip time was 35.976 milliseconds in repetition 110
Round trip time was 27.945 milliseconds in repetition 111
Round trip time was 31.990 milliseconds in repetition 112
Round trip time was 28.826 milliseconds in repetition 113
Round trip time was 43.580 milliseconds in repetition 114
Round trip time was 40.001 milliseconds in repetition 115
Round trip time was 31.780 milliseconds in repetition 116
Round trip time was 28.953 milliseconds in repetition 117
Round trip time was 32.532 milliseconds in repetition 118
Round trip time was 28.594 milliseconds in repetition 119
Round trip time was 27.366 milliseconds in repetition 120
Round trip time was 27.787 milliseconds in repetition 121
Round trip time was 31.677 milliseconds in repetition 122
Round trip time was 29.145 milliseconds in repetition 123
Round trip time was 27.974 milliseconds in repetition 124
Round trip time was 30.782 milliseconds in repetition 125
Round trip time was 29.529 milliseconds in repetition 126
Round trip time was 27.922 milliseconds in repetition 127
Round trip time was 28.163 milliseconds in repetition 128
Round trip time was 27.751 milliseconds in repetition 129
Round trip time was 32.294 milliseconds in repetition 130
Round trip time was 43.482 milliseconds in repetition 131
Round trip time was 30.391 milliseconds in repetition 132
Round trip time was 27.993 milliseconds in repetition 133
Round trip time was 28.366 milliseconds in repetition 134
Round trip time was 44.324 milliseconds in repetition 135
Round trip time was 29.629 milliseconds in repetition 136
Round trip time was 27.227 milliseconds in repetition 137
Round trip time was 29.035 milliseconds in repetition 138
Round trip time was 39.256 milliseconds in repetition 139
Round trip time was 44.038 milliseconds in repetition 140
Round trip time was 28.825 milliseconds in repetition 141
Round trip time was 41.112 milliseconds in repetition 142
Round trip time was 31.439 milliseconds in repetition 143
Round trip time was 29.887 milliseconds in repetition 144
Round trip time was 28.867 milliseconds in repetition 145
Round trip time was 38.487 milliseconds in repetition 146
Round trip time was 30.831 milliseconds in repetition 147
Round trip time was 28.111 milliseconds in repetition 148
Round trip time was 28.164 milliseconds in repetition 149
Round trip time was 35.302 milliseconds in repetition 150
Round trip time was 27.714 milliseconds in repetition 151
Round trip time was 27.895 milliseconds in repetition 152
Round trip time was 31.827 milliseconds in repetition 153
Round trip time was 33.994 milliseconds in repetition 154
Round trip time was 28.235 milliseconds in repetition 155
Round trip time was 30.632 milliseconds in repetition 156
Round trip time was 29.783 milliseconds in repetition 157
Round trip time was 28.073 milliseconds in repetition 158
Round trip time was 27.464 milliseconds in repetition 159
Round trip time was 29.342 milliseconds in repetition 160
Round trip time was 31.873 milliseconds in repetition 161
Round trip time was 27.531 milliseconds in repetition 162
Round trip time was 31.660 milliseconds in repetition 163
Round trip time was 28.345 milliseconds in repetition 164
Round trip time was 32.039 milliseconds in repetition 165
Round trip time was 27.645 milliseconds in repetition 166
Round trip time was 27.657 milliseconds in repetition 167
Round trip time was 29.775 milliseconds in repetition 168
Round trip time was 29.478 milliseconds in repetition 169
Round trip time was 30.031 milliseconds in repetition 170
Round trip time was 28.074 milliseconds in repetition 171
Round trip time was 32.181 milliseconds in repetition 172
Round trip time was 38.025 milliseconds in repetition 173
Round trip time was 28.095 milliseconds in repetition 174
Round trip time was 28.685 milliseconds in repetition 175
Round trip time was 28.014 milliseconds in repetition 176
Round trip time was 28.811 milliseconds in repetition 177
Round trip time was 27.892 milliseconds in repetition 178
Round trip time was 40.138 milliseconds in repetition 179
Round trip time was 28.211 milliseconds in repetition 180
Round trip time was 37.224 milliseconds in repetition 181
Round trip time was 51.485 milliseconds in repetition 182
Round trip time was 31.370 milliseconds in repetition 183
Round trip time was 28.149 milliseconds in repetition 184
Round trip time was 27.659 milliseconds in repetition 185
Round trip time was 27.850 milliseconds in repetition 186
Round trip time was 46.394 milliseconds in repetition 187
Round trip time was 28.060 milliseconds in repetition 188
Round trip time was 27.328 milliseconds in repetition 189
Round trip time was 41.722 milliseconds in repetition 190
Round trip time was 33.665 milliseconds in repetition 191
Round trip time was 28.820 milliseconds in repetition 192
Round trip time was 31.329 milliseconds in repetition 193
Round trip time was 48.029 milliseconds in repetition 194
Round trip time was 28.710 milliseconds in repetition 195
Round trip time was 27.735 milliseconds in repetition 196
Round trip time was 69.349 milliseconds in repetition 197
Round trip time was 44.021 milliseconds in repetition 198
Round trip time was 30.683 milliseconds in repetition 199
Round trip time was 28.827 milliseconds in repetition 200
Round trip time was 30.466 milliseconds in repetition 201
Round trip time was 32.752 milliseconds in repetition 202
Round trip time was 29.165 milliseconds in repetition 203
Round trip time was 29.778 milliseconds in repetition 204
Round trip time was 29.418 milliseconds in repetition 205
Round trip time was 39.127 milliseconds in repetition 206
Round trip time was 31.307 milliseconds in repetition 207
Round trip time was 49.200 milliseconds in repetition 208
Round trip time was 34.794 milliseconds in repetition 209
Round trip time was 72.583 milliseconds in repetition 210
Round trip time was 28.265 milliseconds in repetition 211
Round trip time was 29.490 milliseconds in repetition 212
Round trip time was 39.265 milliseconds in repetition 213
Round trip time was 40.633 milliseconds in repetition 214
Round trip time was 30.024 milliseconds in repetition 215
Round trip time was 27.992 milliseconds in repetition 216
Round trip time was 27.582 milliseconds in repetition 217
Round trip time was 27.971 milliseconds in repetition 218
Round trip time was 27.799 milliseconds in repetition 219
Round trip time was 27.943 milliseconds in repetition 220
Round trip time was 27.581 milliseconds in repetition 221
Round trip time was 31.475 milliseconds in repetition 222
Round trip time was 29.386 milliseconds in repetition 223
Round trip time was 27.523 milliseconds in repetition 224
Round trip time was 34.392 milliseconds in repetition 225
Round trip time was 28.915 milliseconds in repetition 226
Round trip time was 28.674 milliseconds in repetition 227
Round trip time was 31.646 milliseconds in repetition 228
Round trip time was 43.582 milliseconds in repetition 229
Round trip time was 27.783 milliseconds in repetition 230
Round trip time was 30.788 milliseconds in repetition 231
Round trip time was 27.548 milliseconds in repetition 232
Round trip time was 34.900 milliseconds in repetition 233
Round trip time was 27.817 milliseconds in repetition 234
Round trip time was 56.115 milliseconds in repetition 235
Round trip time was 27.808 milliseconds in repetition 236
Round trip time was 31.272 milliseconds in repetition 237
Round trip time was 27.647 milliseconds in repetition 238
Round trip time was 29.534 milliseconds in repetition 239
Round trip time was 27.936 milliseconds in repetition 240
Round trip time was 27.451 milliseconds in repetition 241
Round trip time was 28.595 milliseconds in repetition 242
Round trip time was 34.558 milliseconds in repetition 243
Round trip time was 51.572 milliseconds in repetition 244
Round trip time was 30.361 milliseconds in repetition 245
Round trip time was 27.971 milliseconds in repetition 246
Round trip time was 28.064 milliseconds in repetition 247
Round trip time was 28.895 milliseconds in repetition 248
Round trip time was 29.642 milliseconds in repetition 249
Round trip time was 30.618 milliseconds in repetition 250
Round trip time was 36.637 milliseconds in repetition 251
Round trip time was 36.495 milliseconds in repetition 252
Round trip time was 27.458 milliseconds in repetition 253
Round trip time was 33.771 milliseconds in repetition 254
Round trip time was 28.111 milliseconds in repetition 255
Round trip time was 37.164 milliseconds in repetition 256
Round trip time was 37.560 milliseconds in repetition 257
Round trip time was 28.468 milliseconds in repetition 258
Round trip time was 29.625 milliseconds in repetition 259
Round trip time was 31.106 milliseconds in repetition 260
Round trip time was 27.514 milliseconds in repetition 261
Round trip time was 27.888 milliseconds in repetition 262
Round trip time was 27.707 milliseconds in repetition 263
Round trip time was 29.680 milliseconds in repetition 264
Round trip time was 29.363 milliseconds in repetition 265
Round trip time was 27.782 milliseconds in repetition 266
Round trip time was 32.785 milliseconds in repetition 267
Round trip time was 28.800 milliseconds in repetition 268
Round trip time was 29.544 milliseconds in repetition 269
Round trip time was 33.245 milliseconds in repetition 270
Round trip time was 39.476 milliseconds in repetition 271
Round trip time was 92.555 milliseconds in repetition 272
Round trip time was 45.372 milliseconds in repetition 273
Round trip time was 27.484 milliseconds in repetition 274
Round trip time was 29.852 milliseconds in repetition 275
Round trip time was 29.407 milliseconds in repetition 276
Round trip time was 51.299 milliseconds in repetition 277
Round trip time was 30.521 milliseconds in repetition 278
Round trip time was 28.389 milliseconds in repetition 279
Round trip time was 39.121 milliseconds in repetition 280
Round trip time was 29.854 milliseconds in repetition 281
Round trip time was 31.081 milliseconds in repetition 282
Round trip time was 32.183 milliseconds in repetition 283
Round trip time was 39.128 milliseconds in repetition 284
Round trip time was 32.654 milliseconds in repetition 285
Round trip time was 46.329 milliseconds in repetition 286
Round trip time was 28.005 milliseconds in repetition 287
Round trip time was 42.777 milliseconds in repetition 288
Round trip time was 32.294 milliseconds in repetition 289
Round trip time was 28.710 milliseconds in repetition 290
Round trip time was 28.727 milliseconds in repetition 291
Round trip time was 27.949 milliseconds in repetition 292
Round trip time was 28.716 milliseconds in repetition 293
Round trip time was 29.254 milliseconds in repetition 294
Round trip time was 29.854 milliseconds in repetition 295
Round trip time was 31.677 milliseconds in repetition 296
Round trip time was 29.154 milliseconds in repetition 297
Round trip time was 27.675 milliseconds in repetition 298
Round trip time was 27.478 milliseconds in repetition 299
Round trip time was 30.522 milliseconds in repetition 300
Round trip time was 28.967 milliseconds in repetition 301
Round trip time was 32.105 milliseconds in repetition 302
Round trip time was 31.446 milliseconds in repetition 303
Round trip time was 27.659 milliseconds in repetition 304
Round trip time was 28.851 milliseconds in repetition 305
Round trip time was 31.323 milliseconds in repetition 306
Round trip time was 42.001 milliseconds in repetition 307
Round trip time was 34.282 milliseconds in repetition 308
Round trip time was 56.745 milliseconds in repetition 309
Round trip time was 30.250 milliseconds in repetition 310
Round trip time was 27.960 milliseconds in repetition 311
Round trip time was 30.322 milliseconds in repetition 312
Round trip time was 30.270 milliseconds in repetition 313
Round trip time was 27.640 milliseconds in repetition 314
Round trip time was 28.531 milliseconds in repetition 315
Round trip time was 32.528 milliseconds in repetition 316
Round trip time was 29.169 milliseconds in repetition 317
Round trip time was 27.441 milliseconds in repetition 318
Round trip time was 29.252 milliseconds in repetition 319
Round trip time was 36.523 milliseconds in repetition 320
Round trip time was 31.148 milliseconds in repetition 321
Round trip time was 29.583 milliseconds in repetition 322
Round trip time was 40.750 milliseconds in repetition 323
Round trip time was 30.295 milliseconds in repetition 324
Round trip time was 28.577 milliseconds in repetition 325
Round trip time was 27.929 milliseconds in repetition 326
Round trip time was 38.422 milliseconds in repetition 327
Round trip time was 28.598 milliseconds in repetition 328
Round trip time was 28.637 milliseconds in repetition 329
Round trip time was 27.993 milliseconds in repetition 330
Round trip time was 28.632 milliseconds in repetition 331
Round trip time was 35.738 milliseconds in repetition 332
Round trip time was 27.485 milliseconds in repetition 333
Round trip time was 29.067 milliseconds in repetition 334
Round trip time was 27.891 milliseconds in repetition 335
Round trip time was 27.774 milliseconds in repetition 336
Round trip time was 28.618 milliseconds in repetition 337
Round trip time was 29.885 milliseconds in repetition 338
Round trip time was 34.094 milliseconds in repetition 339
Round trip time was 32.024 milliseconds in repetition 340
Round trip time was 27.624 milliseconds in repetition 341
Round trip time was 28.010 milliseconds in repetition 342
Round trip time was 29.370 milliseconds in repetition 343
Round trip time was 31.735 milliseconds in repetition 344
Round trip time was 27.712 milliseconds in repetition 345
Round trip time was 34.725 milliseconds in repetition 346
Round trip time was 30.606 milliseconds in repetition 347
Round trip time was 29.773 milliseconds in repetition 348
Round trip time was 32.060 milliseconds in repetition 349
Round trip time was 35.713 milliseconds in repetition 350
Round trip time was 29.874 milliseconds in repetition 351
Round trip time was 29.344 milliseconds in repetition 352
Round trip time was 35.622 milliseconds in repetition 353
Round trip time was 27.947 milliseconds in repetition 354
Round trip time was 28.107 milliseconds in repetition 355
Round trip time was 28.693 milliseconds in repetition 356
Round trip time was 30.171 milliseconds in repetition 357
Round trip time was 27.695 milliseconds in repetition 358
Round trip time was 28.925 milliseconds in repetition 359
Round trip time was 30.699 milliseconds in repetition 360
Round trip time was 29.207 milliseconds in repetition 361
Round trip time was 30.065 milliseconds in repetition 362
Round trip time was 29.327 milliseconds in repetition 363
Round trip time was 28.561 milliseconds in repetition 364
Round trip time was 89.884 milliseconds in repetition 365
Round trip time was 27.559 milliseconds in repetition 366
Round trip time was 37.685 milliseconds in repetition 367
Round trip time was 29.339 milliseconds in repetition 368
Round trip time was 28.441 milliseconds in repetition 369
Round trip time was 30.009 milliseconds in repetition 370
Round trip time was 30.721 milliseconds in repetition 371
Round trip time was 30.977 milliseconds in repetition 372
Round trip time was 28.056 milliseconds in repetition 373
Round trip time was 49.784 milliseconds in repetition 374
Round trip time was 34.645 milliseconds in repetition 375
Round trip time was 28.217 milliseconds in repetition 376
Round trip time was 29.229 milliseconds in repetition 377
Round trip time was 28.213 milliseconds in repetition 378
Round trip time was 33.809 milliseconds in repetition 379
Round trip time was 27.794 milliseconds in repetition 380
Round trip time was 30.124 milliseconds in repetition 381
Round trip time was 27.657 milliseconds in repetition 382
Round trip time was 27.953 milliseconds in repetition 383
Round trip time was 29.053 milliseconds in repetition 384
Round trip time was 32.069 milliseconds in repetition 385
Round trip time was 29.876 milliseconds in repetition 386
Round trip time was 47.583 milliseconds in repetition 387
Round trip time was 27.718 milliseconds in repetition 388
Round trip time was 33.145 milliseconds in repetition 389
Round trip time was 28.733 milliseconds in repetition 390
Round trip time was 30.327 milliseconds in repetition 391
Round trip time was 28.622 milliseconds in repetition 392
Round trip time was 28.694 milliseconds in repetition 393
Round trip time was 27.530 milliseconds in repetition 394
Round trip time was 34.659 milliseconds in repetition 395
Round trip time was 40.396 milliseconds in repetition 396
Round trip time was 28.040 milliseconds in repetition 397
Round trip time was 30.349 milliseconds in repetition 398
Round trip time was 28.869 milliseconds in repetition 399
Round trip time was 29.128 milliseconds in repetition 400
Round trip time was 29.997 milliseconds in repetition 401
Round trip time was 28.176 milliseconds in repetition 402
Round trip time was 30.946 milliseconds in repetition 403
Round trip time was 28.320 milliseconds in repetition 404
Round trip time was 30.261 milliseconds in repetition 405
Round trip time was 28.000 milliseconds in repetition 406
Round trip time was 31.594 milliseconds in repetition 407
Round trip time was 27.899 milliseconds in repetition 408
Round trip time was 27.897 milliseconds in repetition 409
Round trip time was 40.382 milliseconds in repetition 410
Round trip time was 28.522 milliseconds in repetition 411
Round trip time was 29.396 milliseconds in repetition 412
Round trip time was 27.804 milliseconds in repetition 413
Round trip time was 29.468 milliseconds in repetition 414
Round trip time was 61.089 milliseconds in repetition 415
Round trip time was 28.163 milliseconds in repetition 416
Round trip time was 29.373 milliseconds in repetition 417
Round trip time was 29.331 milliseconds in repetition 418
Round trip time was 27.954 milliseconds in repetition 419
Round trip time was 41.838 milliseconds in repetition 420
Round trip time was 28.187 milliseconds in repetition 421
Round trip time was 28.684 milliseconds in repetition 422
Round trip time was 29.596 milliseconds in repetition 423
Round trip time was 34.634 milliseconds in repetition 424
Round trip time was 27.943 milliseconds in repetition 425
Round trip time was 27.812 milliseconds in repetition 426
Round trip time was 39.391 milliseconds in repetition 427
Round trip time was 33.759 milliseconds in repetition 428
Round trip time was 31.890 milliseconds in repetition 429
Round trip time was 29.088 milliseconds in repetition 430
Round trip time was 28.278 milliseconds in repetition 431
Round trip time was 46.744 milliseconds in repetition 432
Round trip time was 29.996 milliseconds in repetition 433
Round trip time was 28.046 milliseconds in repetition 434
Round trip time was 30.479 milliseconds in repetition 435
Round trip time was 31.919 milliseconds in repetition 436
Round trip time was 27.574 milliseconds in repetition 437
Round trip time was 31.254 milliseconds in repetition 438
Round trip time was 32.875 milliseconds in repetition 439
Round trip time was 33.170 milliseconds in repetition 440
Round trip time was 27.356 milliseconds in repetition 441
Round trip time was 34.863 milliseconds in repetition 442
Round trip time was 28.655 milliseconds in repetition 443
Round trip time was 28.093 milliseconds in repetition 444
Round trip time was 31.168 milliseconds in repetition 445
Round trip time was 28.524 milliseconds in repetition 446
Round trip time was 28.356 milliseconds in repetition 447
Round trip time was 34.817 milliseconds in repetition 448
Round trip time was 27.693 milliseconds in repetition 449
Round trip time was 30.651 milliseconds in repetition 450
Round trip time was 37.845 milliseconds in repetition 451
Round trip time was 29.543 milliseconds in repetition 452
Round trip time was 27.317 milliseconds in repetition 453
Round trip time was 39.783 milliseconds in repetition 454
Round trip time was 28.238 milliseconds in repetition 455
Round trip time was 35.060 milliseconds in repetition 456
Round trip time was 48.556 milliseconds in repetition 457
Round trip time was 29.367 milliseconds in repetition 458
Round trip time was 38.205 milliseconds in repetition 459
Round trip time was 27.572 milliseconds in repetition 460
Round trip time was 27.699 milliseconds in repetition 461
Round trip time was 27.626 milliseconds in repetition 462
Round trip time was 28.021 milliseconds in repetition 463
Round trip time was 28.447 milliseconds in repetition 464
Round trip time was 28.475 milliseconds in repetition 465
Round trip time was 29.709 milliseconds in repetition 466
Round trip time was 35.217 milliseconds in repetition 467
Round trip time was 27.566 milliseconds in repetition 468
Round trip time was 31.107 milliseconds in repetition 469
Round trip time was 27.910 milliseconds in repetition 470
Round trip time was 27.909 milliseconds in repetition 471
Round trip time was 29.043 milliseconds in repetition 472
Round trip time was 32.411 milliseconds in repetition 473
Round trip time was 27.626 milliseconds in repetition 474
Round trip time was 33.493 milliseconds in repetition 475
Round trip time was 53.344 milliseconds in repetition 476
Round trip time was 27.942 milliseconds in repetition 477
Round trip time was 32.778 milliseconds in repetition 478
Round trip time was 29.646 milliseconds in repetition 479
Round trip time was 32.105 milliseconds in repetition 480
Round trip time was 28.097 milliseconds in repetition 481
Round trip time was 27.858 milliseconds in repetition 482
Round trip time was 27.494 milliseconds in repetition 483
Round trip time was 27.938 milliseconds in repetition 484
Round trip time was 28.267 milliseconds in repetition 485
Round trip time was 32.970 milliseconds in repetition 486
Round trip time was 27.621 milliseconds in repetition 487
Round trip time was 28.989 milliseconds in repetition 488
Round trip time was 30.752 milliseconds in repetition 489
Round trip time was 28.176 milliseconds in repetition 490
Round trip time was 27.610 milliseconds in repetition 491
Round trip time was 31.904 milliseconds in repetition 492
Round trip time was 35.379 milliseconds in repetition 493
Round trip time was 32.038 milliseconds in repetition 494
Round trip time was 27.488 milliseconds in repetition 495
Round trip time was 29.640 milliseconds in repetition 496
Round trip time was 29.323 milliseconds in repetition 497
Round trip time was 28.407 milliseconds in repetition 498
Round trip time was 42.629 milliseconds in repetition 499
Round trip time was 27.850 milliseconds in repetition 500
Round trip time was 30.008 milliseconds in repetition 501

 ... clock resolution was 0.0001
UDP Ping:  Statistics over 501 repetitions of 32 byte messages

RTT : percentile 10: 27.7506, median: 29.5826, percentile 90: 39.7826, average: 32.1919, variance: 54.1193

RTT histogram:
27.2275 187
30.4938 178
33.7602 55
37.0266 23
40.293 18
43.5594 10
46.8258 10
50.0922 9
53.3586 1
56.625 3
59.8914 2
63.1578 1
66.4242 0
69.6906 1
72.957 1
76.2234 0
79.4898 0
82.7562 0
86.0226 0
89.289 1
92.5554 1

   median Throughput : 2.16343 KB/s   overall Throughput : 1.98808 KB/s

