UDP Ping trying to connect to server seti.dibris.unige.it (130.251.61.30) on TCP port 1491
 ... connected to Pong server: asking for 501 repetitions of 48 _bytes UDP messages
 ... Pong server agreed to ping-pong using port 49834 :-)
Round trip time was 55.571 milliseconds in repetition 1
Round trip time was 30.422 milliseconds in repetition 2
Round trip time was 34.814 milliseconds in repetition 3
Round trip time was 35.797 milliseconds in repetition 4
Round trip time was 28.735 milliseconds in repetition 5
Round trip time was 31.291 milliseconds in repetition 6
Round trip time was 28.535 milliseconds in repetition 7
Round trip time was 28.896 milliseconds in repetition 8
Round trip time was 28.244 milliseconds in repetition 9
Round trip time was 29.194 milliseconds in repetition 10
Round trip time was 30.914 milliseconds in repetition 11
Round trip time was 28.689 milliseconds in repetition 12
Round trip time was 30.143 milliseconds in repetition 13
Round trip time was 29.226 milliseconds in repetition 14
Round trip time was 28.628 milliseconds in repetition 15
Round trip time was 50.922 milliseconds in repetition 16
Round trip time was 31.079 milliseconds in repetition 17
Round trip time was 35.226 milliseconds in repetition 18
Round trip time was 29.367 milliseconds in repetition 19
Round trip time was 30.009 milliseconds in repetition 20
Round trip time was 28.452 milliseconds in repetition 21
Round trip time was 28.164 milliseconds in repetition 22
Round trip time was 32.670 milliseconds in repetition 23
Round trip time was 29.314 milliseconds in repetition 24
Round trip time was 28.692 milliseconds in repetition 25
Round trip time was 30.517 milliseconds in repetition 26
Round trip time was 27.956 milliseconds in repetition 27
Round trip time was 28.619 milliseconds in repetition 28
Round trip time was 30.346 milliseconds in repetition 29
Round trip time was 28.191 milliseconds in repetition 30
Round trip time was 28.719 milliseconds in repetition 31
Round trip time was 39.459 milliseconds in repetition 32
Round trip time was 47.312 milliseconds in repetition 33
Round trip time was 28.321 milliseconds in repetition 34
Round trip time was 38.669 milliseconds in repetition 35
Round trip time was 42.124 milliseconds in repetition 36
Round trip time was 54.607 milliseconds in repetition 37
Round trip time was 28.094 milliseconds in repetition 38
Round trip time was 31.881 milliseconds in repetition 39
Round trip time was 54.633 milliseconds in repetition 40
Round trip time was 42.642 milliseconds in repetition 41
Round trip time was 30.379 milliseconds in repetition 42
Round trip time was 28.925 milliseconds in repetition 43
Round trip time was 29.250 milliseconds in repetition 44
Round trip time was 37.481 milliseconds in repetition 45
Round trip time was 35.502 milliseconds in repetition 46
Round trip time was 29.475 milliseconds in repetition 47
Round trip time was 28.698 milliseconds in repetition 48
Round trip time was 31.742 milliseconds in repetition 49
Round trip time was 28.254 milliseconds in repetition 50
Round trip time was 28.397 milliseconds in repetition 51
Round trip time was 42.119 milliseconds in repetition 52
Round trip time was 30.543 milliseconds in repetition 53
Round trip time was 28.545 milliseconds in repetition 54
Round trip time was 28.452 milliseconds in repetition 55
Round trip time was 31.604 milliseconds in repetition 56
Round trip time was 30.106 milliseconds in repetition 57
Round trip time was 40.832 milliseconds in repetition 58
Round trip time was 28.166 milliseconds in repetition 59
Round trip time was 31.790 milliseconds in repetition 60
Round trip time was 28.984 milliseconds in repetition 61
Round trip time was 32.587 milliseconds in repetition 62
Round trip time was 31.869 milliseconds in repetition 63
Round trip time was 28.738 milliseconds in repetition 64
Round trip time was 29.440 milliseconds in repetition 65
Round trip time was 30.498 milliseconds in repetition 66
Round trip time was 28.527 milliseconds in repetition 67
Round trip time was 27.790 milliseconds in repetition 68
Round trip time was 29.904 milliseconds in repetition 69
Round trip time was 28.255 milliseconds in repetition 70
Round trip time was 29.628 milliseconds in repetition 71
Round trip time was 29.795 milliseconds in repetition 72
Round trip time was 27.984 milliseconds in repetition 73
Round trip time was 31.393 milliseconds in repetition 74
Round trip time was 28.779 milliseconds in repetition 75
Round trip time was 31.507 milliseconds in repetition 76
Round trip time was 30.582 milliseconds in repetition 77
Round trip time was 28.146 milliseconds in repetition 78
Round trip time was 33.374 milliseconds in repetition 79
Round trip time was 27.739 milliseconds in repetition 80
Round trip time was 43.932 milliseconds in repetition 81
Round trip time was 28.545 milliseconds in repetition 82
Round trip time was 33.584 milliseconds in repetition 83
Round trip time was 27.582 milliseconds in repetition 84
Round trip time was 28.576 milliseconds in repetition 85
Round trip time was 31.409 milliseconds in repetition 86
Round trip time was 29.961 milliseconds in repetition 87
Round trip time was 28.220 milliseconds in repetition 88
Round trip time was 28.529 milliseconds in repetition 89
Round trip time was 31.774 milliseconds in repetition 90
Round trip time was 28.081 milliseconds in repetition 91
Round trip time was 29.797 milliseconds in repetition 92
Round trip time was 31.234 milliseconds in repetition 93
Round trip time was 28.776 milliseconds in repetition 94
Round trip time was 27.794 milliseconds in repetition 95
Round trip time was 30.400 milliseconds in repetition 96
Round trip time was 27.855 milliseconds in repetition 97
Round trip time was 28.503 milliseconds in repetition 98
Round trip time was 30.044 milliseconds in repetition 99
Round trip time was 29.367 milliseconds in repetition 100
Round trip time was 63.973 milliseconds in repetition 101
Round trip time was 30.471 milliseconds in repetition 102
Round trip time was 50.314 milliseconds in repetition 103
Round trip time was 28.316 milliseconds in repetition 104
Round trip time was 27.902 milliseconds in repetition 105
Round trip time was 32.618 milliseconds in repetition 106
Round trip time was 28.657 milliseconds in repetition 107
Round trip time was 31.421 milliseconds in repetition 108
Round trip time was 27.930 milliseconds in repetition 109
Round trip time was 27.901 milliseconds in repetition 110
Round trip time was 27.842 milliseconds in repetition 111
Round trip time was 34.405 milliseconds in repetition 112
Round trip time was 30.004 milliseconds in repetition 113
Round trip time was 28.503 milliseconds in repetition 114
Round trip time was 28.692 milliseconds in repetition 115
Round trip time was 28.565 milliseconds in repetition 116
Round trip time was 28.229 milliseconds in repetition 117
Round trip time was 30.014 milliseconds in repetition 118
Round trip time was 31.744 milliseconds in repetition 119
Round trip time was 28.744 milliseconds in repetition 120
Round trip time was 28.925 milliseconds in repetition 121
Round trip time was 29.218 milliseconds in repetition 122
Round trip time was 53.990 milliseconds in repetition 123
Round trip time was 28.014 milliseconds in repetition 124
Round trip time was 28.363 milliseconds in repetition 125
Round trip time was 52.773 milliseconds in repetition 126
Round trip time was 36.139 milliseconds in repetition 127
Round trip time was 32.436 milliseconds in repetition 128
Round trip time was 27.986 milliseconds in repetition 129
Round trip time was 28.370 milliseconds in repetition 130
Round trip time was 37.034 milliseconds in repetition 131
Round trip time was 31.121 milliseconds in repetition 132
Round trip time was 28.717 milliseconds in repetition 133
Round trip time was 28.994 milliseconds in repetition 134
Round trip time was 35.685 milliseconds in repetition 135
Round trip time was 34.430 milliseconds in repetition 136
Round trip time was 32.717 milliseconds in repetition 137
Round trip time was 49.058 milliseconds in repetition 138
Round trip time was 47.964 milliseconds in repetition 139
Round trip time was 28.520 milliseconds in repetition 140
Round trip time was 44.063 milliseconds in repetition 141
Round trip time was 45.682 milliseconds in repetition 142
Round trip time was 30.206 milliseconds in repetition 143
Round trip time was 28.127 milliseconds in repetition 144
Round trip time was 48.212 milliseconds in repetition 145
Round trip time was 33.032 milliseconds in repetition 146
Round trip time was 30.504 milliseconds in repetition 147
Round trip time was 45.998 milliseconds in repetition 148
Round trip time was 28.563 milliseconds in repetition 149
Round trip time was 33.142 milliseconds in repetition 150
Round trip time was 29.217 milliseconds in repetition 151
Round trip time was 29.128 milliseconds in repetition 152
Round trip time was 27.846 milliseconds in repetition 153
Round trip time was 29.346 milliseconds in repetition 154
Round trip time was 32.511 milliseconds in repetition 155
Round trip time was 66.485 milliseconds in repetition 156
Round trip time was 30.680 milliseconds in repetition 157
Round trip time was 28.795 milliseconds in repetition 158
Round trip time was 64.813 milliseconds in repetition 159
Round trip time was 37.039 milliseconds in repetition 160
Round trip time was 74.281 milliseconds in repetition 161
Round trip time was 32.184 milliseconds in repetition 162
Round trip time was 46.170 milliseconds in repetition 163
Round trip time was 41.808 milliseconds in repetition 164
Round trip time was 28.410 milliseconds in repetition 165
Round trip time was 28.723 milliseconds in repetition 166
Round trip time was 28.651 milliseconds in repetition 167
Round trip time was 28.262 milliseconds in repetition 168
Round trip time was 34.368 milliseconds in repetition 169
Round trip time was 43.933 milliseconds in repetition 170
Round trip time was 31.996 milliseconds in repetition 171
Round trip time was 55.436 milliseconds in repetition 172
Round trip time was 35.935 milliseconds in repetition 173
Round trip time was 31.413 milliseconds in repetition 174
Round trip time was 31.088 milliseconds in repetition 175
Round trip time was 30.771 milliseconds in repetition 176
Round trip time was 29.047 milliseconds in repetition 177
Round trip time was 47.172 milliseconds in repetition 178
Round trip time was 33.916 milliseconds in repetition 179
Round trip time was 29.395 milliseconds in repetition 180
Round trip time was 31.638 milliseconds in repetition 181
Round trip time was 28.883 milliseconds in repetition 182
Round trip time was 51.102 milliseconds in repetition 183
Round trip time was 37.110 milliseconds in repetition 184
Round trip time was 29.250 milliseconds in repetition 185
Round trip time was 27.792 milliseconds in repetition 186
Round trip time was 32.743 milliseconds in repetition 187
Round trip time was 76.061 milliseconds in repetition 188
Round trip time was 27.997 milliseconds in repetition 189
Round trip time was 39.062 milliseconds in repetition 190
Round trip time was 28.792 milliseconds in repetition 191
Round trip time was 30.815 milliseconds in repetition 192
Round trip time was 29.404 milliseconds in repetition 193
Round trip time was 27.747 milliseconds in repetition 194
Round trip time was 28.147 milliseconds in repetition 195
Round trip time was 34.347 milliseconds in repetition 196
Round trip time was 28.633 milliseconds in repetition 197
Round trip time was 31.830 milliseconds in repetition 198
Round trip time was 27.817 milliseconds in repetition 199
Round trip time was 29.400 milliseconds in repetition 200
Round trip time was 28.305 milliseconds in repetition 201
Round trip time was 28.853 milliseconds in repetition 202
Round trip time was 27.939 milliseconds in repetition 203
Round trip time was 42.684 milliseconds in repetition 204
Round trip time was 27.898 milliseconds in repetition 205
Round trip time was 29.990 milliseconds in repetition 206
Round trip time was 40.428 milliseconds in repetition 207
Round trip time was 28.205 milliseconds in repetition 208
Round trip time was 31.843 milliseconds in repetition 209
Round trip time was 29.060 milliseconds in repetition 210
Round trip time was 28.994 milliseconds in repetition 211
Round trip time was 32.343 milliseconds in repetition 212
Round trip time was 29.463 milliseconds in repetition 213
Round trip time was 29.458 milliseconds in repetition 214
Round trip time was 30.922 milliseconds in repetition 215
Round trip time was 28.147 milliseconds in repetition 216
Round trip time was 28.192 milliseconds in repetition 217
Round trip time was 33.994 milliseconds in repetition 218
Round trip time was 29.360 milliseconds in repetition 219
Round trip time was 29.746 milliseconds in repetition 220
Round trip time was 32.115 milliseconds in repetition 221
Round trip time was 46.414 milliseconds in repetition 222
Round trip time was 31.259 milliseconds in repetition 223
Round trip time was 28.702 milliseconds in repetition 224
Round trip time was 28.704 milliseconds in repetition 225
Round trip time was 44.254 milliseconds in repetition 226
Round trip time was 27.737 milliseconds in repetition 227
Round trip time was 47.195 milliseconds in repetition 228
Round trip time was 29.488 milliseconds in repetition 229
Round trip time was 27.904 milliseconds in repetition 230
Round trip time was 42.194 milliseconds in repetition 231
Round trip time was 29.690 milliseconds in repetition 232
Round trip time was 28.521 milliseconds in repetition 233
Round trip time was 30.338 milliseconds in repetition 234
Round trip time was 31.932 milliseconds in repetition 235
Round trip time was 34.482 milliseconds in repetition 236
Round trip time was 31.178 milliseconds in repetition 237
Round trip time was 28.695 milliseconds in repetition 238
Round trip time was 31.737 milliseconds in repetition 239
Round trip time was 30.627 milliseconds in repetition 240
Round trip time was 30.470 milliseconds in repetition 241
Round trip time was 31.152 milliseconds in repetition 242
Round trip time was 28.082 milliseconds in repetition 243
Round trip time was 28.425 milliseconds in repetition 244
Round trip time was 32.015 milliseconds in repetition 245
Round trip time was 28.841 milliseconds in repetition 246
Round trip time was 29.804 milliseconds in repetition 247
Round trip time was 39.953 milliseconds in repetition 248
Round trip time was 30.678 milliseconds in repetition 249
Round trip time was 33.923 milliseconds in repetition 250
Round trip time was 27.982 milliseconds in repetition 251
Round trip time was 28.085 milliseconds in repetition 252
Round trip time was 27.854 milliseconds in repetition 253
Round trip time was 36.462 milliseconds in repetition 254
Round trip time was 28.557 milliseconds in repetition 255
Round trip time was 28.248 milliseconds in repetition 256
Round trip time was 30.320 milliseconds in repetition 257
Round trip time was 29.143 milliseconds in repetition 258
Round trip time was 28.312 milliseconds in repetition 259
Round trip time was 31.247 milliseconds in repetition 260
Round trip time was 32.429 milliseconds in repetition 261
Round trip time was 29.972 milliseconds in repetition 262
Round trip time was 30.286 milliseconds in repetition 263
Round trip time was 32.453 milliseconds in repetition 264
Round trip time was 28.701 milliseconds in repetition 265
Round trip time was 27.980 milliseconds in repetition 266
Round trip time was 30.967 milliseconds in repetition 267
Round trip time was 28.558 milliseconds in repetition 268
Round trip time was 34.776 milliseconds in repetition 269
Round trip time was 30.174 milliseconds in repetition 270
Round trip time was 35.809 milliseconds in repetition 271
Round trip time was 30.095 milliseconds in repetition 272
Round trip time was 28.917 milliseconds in repetition 273
Round trip time was 28.444 milliseconds in repetition 274
Round trip time was 31.152 milliseconds in repetition 275
Round trip time was 27.548 milliseconds in repetition 276
Round trip time was 28.521 milliseconds in repetition 277
Round trip time was 32.730 milliseconds in repetition 278
Round trip time was 27.899 milliseconds in repetition 279
Round trip time was 29.830 milliseconds in repetition 280
Round trip time was 32.451 milliseconds in repetition 281
Round trip time was 28.126 milliseconds in repetition 282
Round trip time was 27.683 milliseconds in repetition 283
Round trip time was 31.799 milliseconds in repetition 284
Round trip time was 31.582 milliseconds in repetition 285
Round trip time was 29.163 milliseconds in repetition 286
Round trip time was 33.619 milliseconds in repetition 287
Round trip time was 34.932 milliseconds in repetition 288
Round trip time was 28.196 milliseconds in repetition 289
Round trip time was 34.942 milliseconds in repetition 290
Round trip time was 29.127 milliseconds in repetition 291
Round trip time was 39.275 milliseconds in repetition 292
Round trip time was 60.549 milliseconds in repetition 293
Round trip time was 31.011 milliseconds in repetition 294
Round trip time was 60.563 milliseconds in repetition 295
Round trip time was 38.810 milliseconds in repetition 296
Round trip time was 28.556 milliseconds in repetition 297
Round trip time was 48.421 milliseconds in repetition 298
Round trip time was 31.266 milliseconds in repetition 299
Round trip time was 272.203 milliseconds in repetition 300
Round trip time was 29.804 milliseconds in repetition 301
Round trip time was 30.284 milliseconds in repetition 302
Round trip time was 28.418 milliseconds in repetition 303
Round trip time was 27.811 milliseconds in repetition 304
Round trip time was 27.995 milliseconds in repetition 305
Round trip time was 52.433 milliseconds in repetition 306
Round trip time was 31.937 milliseconds in repetition 307
Round trip time was 31.955 milliseconds in repetition 308
Round trip time was 32.744 milliseconds in repetition 309
Round trip time was 28.903 milliseconds in repetition 310
Round trip time was 29.619 milliseconds in repetition 311
Round trip time was 44.163 milliseconds in repetition 312
Round trip time was 30.794 milliseconds in repetition 313
Round trip time was 27.576 milliseconds in repetition 314
Round trip time was 32.822 milliseconds in repetition 315
Round trip time was 58.999 milliseconds in repetition 316
Round trip time was 28.844 milliseconds in repetition 317
Round trip time was 32.173 milliseconds in repetition 318
Round trip time was 72.088 milliseconds in repetition 319
Round trip time was 28.334 milliseconds in repetition 320
Round trip time was 38.787 milliseconds in repetition 321
Round trip time was 30.475 milliseconds in repetition 322
Round trip time was 28.808 milliseconds in repetition 323
Round trip time was 44.571 milliseconds in repetition 324
Round trip time was 29.103 milliseconds in repetition 325
Round trip time was 28.306 milliseconds in repetition 326
Round trip time was 28.594 milliseconds in repetition 327
Round trip time was 29.583 milliseconds in repetition 328
Round trip time was 29.120 milliseconds in repetition 329
Round trip time was 31.096 milliseconds in repetition 330
Round trip time was 27.681 milliseconds in repetition 331
Round trip time was 28.486 milliseconds in repetition 332
Round trip time was 31.027 milliseconds in repetition 333
Round trip time was 28.499 milliseconds in repetition 334
Round trip time was 36.336 milliseconds in repetition 335
Round trip time was 36.254 milliseconds in repetition 336
Round trip time was 28.279 milliseconds in repetition 337
Round trip time was 35.717 milliseconds in repetition 338
Round trip time was 28.328 milliseconds in repetition 339
Round trip time was 29.754 milliseconds in repetition 340
Round trip time was 30.225 milliseconds in repetition 341
Round trip time was 33.794 milliseconds in repetition 342
Round trip time was 38.621 milliseconds in repetition 343
Round trip time was 29.521 milliseconds in repetition 344
Round trip time was 27.896 milliseconds in repetition 345
Round trip time was 31.425 milliseconds in repetition 346
Round trip time was 52.200 milliseconds in repetition 347
Round trip time was 27.935 milliseconds in repetition 348
Round trip time was 30.193 milliseconds in repetition 349
Round trip time was 28.099 milliseconds in repetition 350
Round trip time was 27.778 milliseconds in repetition 351
Round trip time was 29.310 milliseconds in repetition 352
Round trip time was 31.337 milliseconds in repetition 353
Round trip time was 28.832 milliseconds in repetition 354
Round trip time was 28.145 milliseconds in repetition 355
Round trip time was 36.363 milliseconds in repetition 356
Round trip time was 34.068 milliseconds in repetition 357
Round trip time was 27.684 milliseconds in repetition 358
Round trip time was 30.980 milliseconds in repetition 359
Round trip time was 32.702 milliseconds in repetition 360
Round trip time was 29.876 milliseconds in repetition 361
Round trip time was 28.575 milliseconds in repetition 362
Round trip time was 32.647 milliseconds in repetition 363
Round trip time was 29.651 milliseconds in repetition 364
Round trip time was 34.435 milliseconds in repetition 365
Round trip time was 32.699 milliseconds in repetition 366
Round trip time was 29.899 milliseconds in repetition 367
Round trip time was 28.489 milliseconds in repetition 368
Round trip time was 27.968 milliseconds in repetition 369
Round trip time was 31.640 milliseconds in repetition 370
Round trip time was 34.156 milliseconds in repetition 371
Round trip time was 28.190 milliseconds in repetition 372
Round trip time was 30.024 milliseconds in repetition 373
Round trip time was 31.262 milliseconds in repetition 374
Round trip time was 28.915 milliseconds in repetition 375
Round trip time was 29.319 milliseconds in repetition 376
Round trip time was 36.711 milliseconds in repetition 377
Round trip time was 28.475 milliseconds in repetition 378
Round trip time was 28.001 milliseconds in repetition 379
Round trip time was 32.383 milliseconds in repetition 380
Round trip time was 28.217 milliseconds in repetition 381
Round trip time was 32.810 milliseconds in repetition 382
Round trip time was 28.404 milliseconds in repetition 383
Round trip time was 29.207 milliseconds in repetition 384
Round trip time was 29.034 milliseconds in repetition 385
Round trip time was 32.088 milliseconds in repetition 386
Round trip time was 37.676 milliseconds in repetition 387
Round trip time was 28.077 milliseconds in repetition 388
Round trip time was 32.261 milliseconds in repetition 389
Round trip time was 28.989 milliseconds in repetition 390
Round trip time was 27.623 milliseconds in repetition 391
Round trip time was 28.422 milliseconds in repetition 392
Round trip time was 31.138 milliseconds in repetition 393
Round trip time was 29.216 milliseconds in repetition 394
Round trip time was 28.269 milliseconds in repetition 395
Round trip time was 41.534 milliseconds in repetition 396
Round trip time was 41.958 milliseconds in repetition 397
Round trip time was 30.012 milliseconds in repetition 398
Round trip time was 33.469 milliseconds in repetition 399
Round trip time was 42.139 milliseconds in repetition 400
Round trip time was 29.410 milliseconds in repetition 401
Round trip time was 29.440 milliseconds in repetition 402
Round trip time was 31.395 milliseconds in repetition 403
Round trip time was 29.851 milliseconds in repetition 404
Round trip time was 32.304 milliseconds in repetition 405
Round trip time was 27.724 milliseconds in repetition 406
Round trip time was 28.074 milliseconds in repetition 407
Round trip time was 52.629 milliseconds in repetition 408
Round trip time was 44.105 milliseconds in repetition 409
Round trip time was 63.069 milliseconds in repetition 410
Round trip time was 28.050 milliseconds in repetition 411
Round trip time was 27.814 milliseconds in repetition 412
Round trip time was 61.140 milliseconds in repetition 413
Round trip time was 28.181 milliseconds in repetition 414
Round trip time was 61.502 milliseconds in repetition 415
Round trip time was 29.646 milliseconds in repetition 416
Round trip time was 69.189 milliseconds in repetition 417
Round trip time was 28.148 milliseconds in repetition 418
Round trip time was 58.420 milliseconds in repetition 419
Round trip time was 31.480 milliseconds in repetition 420
Round trip time was 30.663 milliseconds in repetition 421
Round trip time was 30.623 milliseconds in repetition 422
Round trip time was 28.125 milliseconds in repetition 423
Round trip time was 27.709 milliseconds in repetition 424
Round trip time was 28.313 milliseconds in repetition 425
Round trip time was 39.996 milliseconds in repetition 426
Round trip time was 29.369 milliseconds in repetition 427
Round trip time was 28.693 milliseconds in repetition 428
Round trip time was 28.901 milliseconds in repetition 429
Round trip time was 35.093 milliseconds in repetition 430
Round trip time was 59.791 milliseconds in repetition 431
Round trip time was 34.353 milliseconds in repetition 432
Round trip time was 29.564 milliseconds in repetition 433
Round trip time was 27.979 milliseconds in repetition 434
Round trip time was 27.647 milliseconds in repetition 435
Round trip time was 29.983 milliseconds in repetition 436
Round trip time was 27.720 milliseconds in repetition 437
Round trip time was 28.406 milliseconds in repetition 438
Round trip time was 28.793 milliseconds in repetition 439
Round trip time was 28.323 milliseconds in repetition 440
Round trip time was 28.732 milliseconds in repetition 441
Round trip time was 29.020 milliseconds in repetition 442
Round trip time was 30.057 milliseconds in repetition 443
Round trip time was 28.112 milliseconds in repetition 444
Round trip time was 28.544 milliseconds in repetition 445
Round trip time was 28.767 milliseconds in repetition 446
Round trip time was 29.449 milliseconds in repetition 447
Round trip time was 29.393 milliseconds in repetition 448
Round trip time was 30.208 milliseconds in repetition 449
Round trip time was 29.267 milliseconds in repetition 450
Round trip time was 31.423 milliseconds in repetition 451
Round trip time was 32.647 milliseconds in repetition 452
Round trip time was 29.754 milliseconds in repetition 453
Round trip time was 39.870 milliseconds in repetition 454
Round trip time was 30.885 milliseconds in repetition 455
Round trip time was 28.169 milliseconds in repetition 456
Round trip time was 29.283 milliseconds in repetition 457
Round trip time was 31.805 milliseconds in repetition 458
Round trip time was 30.775 milliseconds in repetition 459
Round trip time was 30.108 milliseconds in repetition 460
Round trip time was 33.761 milliseconds in repetition 461
Round trip time was 33.153 milliseconds in repetition 462
Round trip time was 41.355 milliseconds in repetition 463
Round trip time was 29.817 milliseconds in repetition 464
Round trip time was 29.817 milliseconds in repetition 465
Round trip time was 29.036 milliseconds in repetition 466
Round trip time was 27.892 milliseconds in repetition 467
Round trip time was 28.242 milliseconds in repetition 468
Round trip time was 29.482 milliseconds in repetition 469
Round trip time was 33.334 milliseconds in repetition 470
Round trip time was 28.006 milliseconds in repetition 471
Round trip time was 30.654 milliseconds in repetition 472
Round trip time was 28.237 milliseconds in repetition 473
Round trip time was 28.476 milliseconds in repetition 474
Round trip time was 31.512 milliseconds in repetition 475
Round trip time was 28.407 milliseconds in repetition 476
Round trip time was 56.079 milliseconds in repetition 477
Round trip time was 37.576 milliseconds in repetition 478
Round trip time was 27.681 milliseconds in repetition 479
Round trip time was 28.339 milliseconds in repetition 480
Round trip time was 27.673 milliseconds in repetition 481
Round trip time was 28.725 milliseconds in repetition 482
Round trip time was 30.924 milliseconds in repetition 483
Round trip time was 30.375 milliseconds in repetition 484
Round trip time was 38.425 milliseconds in repetition 485
Round trip time was 28.476 milliseconds in repetition 486
Round trip time was 28.779 milliseconds in repetition 487
Round trip time was 30.587 milliseconds in repetition 488
Round trip time was 28.957 milliseconds in repetition 489
Round trip time was 28.090 milliseconds in repetition 490
Round trip time was 27.998 milliseconds in repetition 491
Round trip time was 30.923 milliseconds in repetition 492
Round trip time was 28.741 milliseconds in repetition 493
Round trip time was 27.883 milliseconds in repetition 494
Round trip time was 28.925 milliseconds in repetition 495
Round trip time was 31.663 milliseconds in repetition 496
Round trip time was 27.881 milliseconds in repetition 497
Round trip time was 29.494 milliseconds in repetition 498
Round trip time was 45.245 milliseconds in repetition 499
Round trip time was 32.861 milliseconds in repetition 500
Round trip time was 28.703 milliseconds in repetition 501

 ... clock resolution was 0.0001
UDP Ping:  Statistics over 501 repetitions of 48 byte messages

RTT : percentile 10: 28.0063, median: 29.8506, percentile 90: 42.1935, average: 33.2975, variance: 177.023

RTT histogram:
27.5479 392
39.7806 70
52.0134 23
64.2462 12
76.479 3
88.7118 0
100.945 0
113.177 0
125.41 0
137.643 0
149.876 0
162.108 0
174.341 0
186.574 0
198.807 0
211.04 0
223.272 0
235.505 0
247.738 0
259.971 0
272.204 1

   median Throughput : 3.21602 KB/s   overall Throughput : 2.8831 KB/s

